Log file open, 11/21/21 23:35:01
LogWindows: Failed to load 'aqProf.dll' (GetLastError=126)
LogWindows: File 'aqProf.dll' does not exist
LogWindows: Failed to load 'VtuneApi.dll' (GetLastError=126)
LogWindows: File 'VtuneApi.dll' does not exist
LogWindows: Failed to load 'VtuneApi32e.dll' (GetLastError=126)
LogWindows: File 'VtuneApi32e.dll' does not exist
LogConsoleResponse: Display: Failed to find resolution value strings in scalability ini. Falling back to default.
LogConsoleResponse: Display: Failed to find resolution value strings in scalability ini. Falling back to default.
LogInit: Display: Running engine for game: IHW
LogPlatformFile: Not using cached read wrapper
LogTaskGraph: Started task graph with 5 named threads and 47 total threads with 3 sets of task threads.
LogStats: Stats thread started at 0.173618
LogICUInternationalization: ICU TimeZone Detection - Raw Offset: +3:00, Platform Override: ''
LogInit: Display: Loading text-based GConfig....
LogPluginManager: Mounting plugin MeshPainting
LogPluginManager: Mounting plugin XGEController
LogPluginManager: Mounting plugin Paper2D
LogPluginManager: Mounting plugin LiveLink
LogPluginManager: Mounting plugin AISupport
LogPluginManager: Mounting plugin EnvironmentQueryEditor
LogPluginManager: Mounting plugin LightPropagationVolume
LogPluginManager: Mounting plugin CurveEditorTools
LogPluginManager: Mounting plugin OodleNetwork
LogPluginManager: Mounting plugin AssetManagerEditor
LogPluginManager: Mounting plugin DataValidation
LogPluginManager: Mounting plugin CryptoKeys
LogPluginManager: Mounting plugin FacialAnimation
LogPluginManager: Mounting plugin GameplayTagsEditor
LogPluginManager: Mounting plugin GeometryMode
LogPluginManager: Mounting plugin MacGraphicsSwitching
LogPluginManager: Mounting plugin MobileLauncherProfileWizard
LogPluginManager: Mounting plugin MaterialAnalyzer
LogPluginManager: Mounting plugin PluginBrowser
LogPluginManager: Mounting plugin SpeedTreeImporter
LogPluginManager: Mounting plugin DatasmithContent
LogPluginManager: Mounting plugin VariantManagerContent
LogPluginManager: Mounting plugin OodleData
LogPluginManager: Mounting plugin AlembicImporter
LogPluginManager: Mounting plugin AutomationUtils
LogPluginManager: Mounting plugin BackChannel
LogPluginManager: Mounting plugin ChaosCloth
LogPluginManager: Mounting plugin ChaosClothEditor
LogPluginManager: Mounting plugin ChaosNiagara
LogPluginManager: Mounting plugin ChaosSolverPlugin
LogPluginManager: Mounting plugin ChaosEditor
LogPluginManager: Mounting plugin CharacterAI
LogPluginManager: Mounting plugin Niagara
LogPluginManager: Mounting plugin GeometryCache
LogPluginManager: Mounting plugin LuminPlatformFeatures
LogPluginManager: Mounting plugin AnimationSharing
LogPluginManager: Mounting plugin GeometryCollectionPlugin
LogPluginManager: Mounting plugin MagicLeap
LogPluginManager: Mounting plugin AndroidMedia
LogPluginManager: Mounting plugin CLionSourceCodeAccess
LogPluginManager: Mounting plugin ActorSequence
LogPluginManager: Mounting plugin AvfMedia
LogPluginManager: Mounting plugin MagicLeapLightEstimation
LogPluginManager: Mounting plugin MagicLeapMedia
LogPluginManager: Mounting plugin TcpMessaging
LogPluginManager: Mounting plugin UdpMessaging
LogPluginManager: Mounting plugin MagicLeapPassableWorld
LogPluginManager: Mounting plugin CodeLiteSourceCodeAccess
LogPluginManager: Mounting plugin ImgMedia
LogPluginManager: Mounting plugin KDevelopSourceCodeAccess
LogPluginManager: Mounting plugin MediaCompositing
LogPluginManager: Mounting plugin NullSourceCodeAccess
LogPluginManager: Mounting plugin GitSourceControl
LogPluginManager: Mounting plugin MediaPlayerEditor
LogPluginManager: Mounting plugin PerforceSourceControl
LogPluginManager: Mounting plugin ActorLayerUtilities
LogPluginManager: Mounting plugin PlasticSourceControl
LogPluginManager: Mounting plugin PixWinPlugin
LogPluginManager: Mounting plugin PluginUtils
LogPluginManager: Mounting plugin PropertyAccessNode
LogPluginManager: Mounting plugin RiderSourceCodeAccess
LogPluginManager: Mounting plugin MatineeToLevelSequence
LogPluginManager: Mounting plugin SubversionSourceControl
LogPluginManager: Mounting plugin TextureFormatOodle
LogPluginManager: Mounting plugin WebMMedia
LogPluginManager: Mounting plugin UObjectPlugin
LogPluginManager: Mounting plugin WmfMedia
LogPluginManager: Mounting plugin TemplateSequence
LogPluginManager: Mounting plugin VisualStudioSourceCodeAccess
LogPluginManager: Mounting plugin XCodeSourceCodeAccess
LogPluginManager: Mounting plugin GeometryProcessing
LogPluginManager: Mounting plugin VisualStudioCodeSourceCodeAccess
LogPluginManager: Mounting plugin OpenImageDenoise
LogPluginManager: Mounting plugin MotoSynth
LogPluginManager: Mounting plugin PlanarCut
LogPluginManager: Mounting plugin PlatformCrypto
LogPluginManager: Mounting plugin ProxyLODPlugin
LogPluginManager: Mounting plugin PythonScriptPlugin
LogPluginManager: Mounting plugin SkeletalReduction
LogPluginManager: Mounting plugin CameraShakePreviewer
LogPluginManager: Mounting plugin GameplayCameras
LogPluginManager: Mounting plugin LauncherChunkInstaller
LogPluginManager: Mounting plugin LevelSequenceEditor
LogPluginManager: Mounting plugin OnlineSubsystem
LogPluginManager: Mounting plugin OnlineSubsystemNull
LogPluginManager: Mounting plugin OnlineSubsystemUtils
LogPluginManager: Mounting plugin AndroidDeviceProfileSelector
LogPluginManager: Mounting plugin ScreenshotTools
LogPluginManager: Mounting plugin AndroidPermission
LogPluginManager: Mounting plugin AndroidMoviePlayer
LogPluginManager: Mounting plugin AppleImageUtils
LogPluginManager: Mounting plugin AppleMoviePlayer
LogPluginManager: Mounting plugin ArchVisCharacter
LogPluginManager: Mounting plugin AudioCapture
LogPluginManager: Mounting plugin AssetTags
LogPluginManager: Mounting plugin AudioSynesthesia
LogPluginManager: Mounting plugin CableComponent
LogPluginManager: Mounting plugin ChunkDownloader
LogPluginManager: Mounting plugin CustomMeshComponent
LogPluginManager: Mounting plugin MLSDK
LogPluginManager: Mounting plugin EditableMesh
LogPluginManager: Mounting plugin ExampleDeviceProfileSelector
LogPluginManager: Mounting plugin GoogleCloudMessaging
LogPluginManager: Mounting plugin GooglePAD
LogPluginManager: Mounting plugin IOSDeviceProfileSelector
LogPluginManager: Mounting plugin LinuxDeviceProfileSelector
LogPluginManager: Mounting plugin LocationServicesBPLibrary
LogPluginManager: Mounting plugin MobilePatchingUtils
LogPluginManager: Mounting plugin OpenXREyeTracker
LogPluginManager: Mounting plugin OpenXRHandTracking
LogPluginManager: Mounting plugin OpenXR
LogPluginManager: Mounting plugin PhysXVehicles
LogPluginManager: Mounting plugin Takes
LogPluginManager: Mounting plugin PostSplashScreen
LogPluginManager: Mounting plugin ProceduralMeshComponent
LogPluginManager: Mounting plugin RuntimePhysXCooking
LogPluginManager: Mounting plugin PropertyAccessEditor
LogPluginManager: Mounting plugin SignificanceManager
LogPluginManager: Mounting plugin SoundFields
LogPluginManager: Mounting plugin Synthesis
LogPluginManager: Mounting plugin WebMMoviePlayer
LogPluginManager: Mounting plugin WindowsMoviePlayer
LogPluginManager: Mounting plugin ContentBrowserAssetDataSource
LogPluginManager: Mounting plugin ContentBrowserFileDataSource
LogPluginManager: Mounting plugin ContentBrowserClassDataSource
LogPluginManager: Mounting plugin OnlineSubsystemGooglePlay
LogPluginManager: Mounting plugin OculusVR
LogPluginManager: Mounting plugin SteamVR
LogPluginManager: Mounting plugin OnlineSubsystemIOS
PixWinPlugin: PIX capture plugin failed to initialize! Check that the process is launched from PIX.
LogInit: Using libcurl 7.55.1-DEV
LogInit:  - built for x86_64-pc-win32
LogInit:  - supports SSL with OpenSSL/1.1.1
LogInit:  - supports HTTP deflate (compression) using libz 1.2.8
LogInit:  - other features:
LogInit:      CURL_VERSION_SSL
LogInit:      CURL_VERSION_LIBZ
LogInit:      CURL_VERSION_IPV6
LogInit:      CURL_VERSION_ASYNCHDNS
LogInit:      CURL_VERSION_LARGEFILE
LogInit:      CURL_VERSION_IDN
LogInit:  CurlRequestOptions (configurable via config and command line):
LogInit:  - bVerifyPeer = true  - Libcurl will verify peer certificate
LogInit:  - bUseHttpProxy = false  - Libcurl will NOT use HTTP proxy
LogInit:  - bDontReuseConnections = false  - Libcurl will reuse connections
LogInit:  - MaxHostConnections = 16  - Libcurl will limit the number of connections to a host
LogInit:  - LocalHostAddr = Default
LogInit:  - BufferSize = 65536
LogOnline: OSS: Creating online subsystem instance for: NULL
LogInit: WinSock: version 1.1 (2.2), MaxSocks=32767, MaxUdp=65467
LogOnline: OSS: TryLoadSubsystemAndSetDefault: Loaded subsystem for module [NULL]
LogOculusPluginWrapper: OculusPlugin initialized successfully
LogHMD: Failed initializing OVRPlugin 1.59.0
LogInit: Build: ++UE4+Release-4.27-CL-17735300
LogInit: Engine Version: 4.27.1-17735300+++UE4+Release-4.27
LogInit: Compatible Engine Version: 4.27.0-17155196+++UE4+Release-4.27
LogInit: Net CL: 17155196
LogInit: OS: Windows 10 (Release 2009) (), CPU: AMD Ryzen 7 5800X 8-Core Processor             , GPU: NVIDIA GeForce GTX 1050 Ti
LogInit: Compiled (64-bit): Oct  6 2021 14:42:51
LogInit: Compiled with Visual C++: 19.24.28315.00
LogInit: Build Configuration: Development
LogInit: Branch Name: ++UE4+Release-4.27
LogInit: Command Line:  /Game/Procedural/ProceduralLevel -game -PIEVIACONSOLE -Multiprocess "GameUserSettingsINI=C:/Users/NV/Documents/Unreal Projects/IHW/Saved/Config/Windows/PIEGameUserSettings0.ini" -MultiprocessSaveConfig -forcepassthrough -messaging -SessionName="Play in Standalone Game" -windowed -ResX=1280 -ResY=720
LogInit: Base Directory: E:/EpicGames/UE_4.27/Engine/Binaries/Win64/
LogInit: Allocator: TBB
LogInit: Installed Engine Build: 1
LogDevObjectVersion: Number of dev versions registered: 29
LogDevObjectVersion:   Dev-Blueprints (B0D832E4-1F89-4F0D-ACCF-7EB736FD4AA2): 10
LogDevObjectVersion:   Dev-Build (E1C64328-A22C-4D53-A36C-8E866417BD8C): 0
LogDevObjectVersion:   Dev-Core (375EC13C-06E4-48FB-B500-84F0262A717E): 4
LogDevObjectVersion:   Dev-Editor (E4B068ED-F494-42E9-A231-DA0B2E46BB41): 40
LogDevObjectVersion:   Dev-Framework (CFFC743F-43B0-4480-9391-14DF171D2073): 37
LogDevObjectVersion:   Dev-Mobile (B02B49B5-BB20-44E9-A304-32B752E40360): 3
LogDevObjectVersion:   Dev-Networking (A4E4105C-59A1-49B5-A7C5-40C4547EDFEE): 0
LogDevObjectVersion:   Dev-Online (39C831C9-5AE6-47DC-9A44-9C173E1C8E7C): 0
LogDevObjectVersion:   Dev-Physics (78F01B33-EBEA-4F98-B9B4-84EACCB95AA2): 14
LogDevObjectVersion:   Dev-Platform (6631380F-2D4D-43E0-8009-CF276956A95A): 0
LogDevObjectVersion:   Dev-Rendering (12F88B9F-8875-4AFC-A67C-D90C383ABD29): 45
LogDevObjectVersion:   Dev-Sequencer (7B5AE74C-D270-4C10-A958-57980B212A5A): 13
LogDevObjectVersion:   Dev-VR (D7296918-1DD6-4BDD-9DE2-64A83CC13884): 3
LogDevObjectVersion:   Dev-LoadTimes (C2A15278-BFE7-4AFE-6C17-90FF531DF755): 1
LogDevObjectVersion:   Private-Geometry (6EACA3D4-40EC-4CC1-B786-8BED09428FC5): 3
LogDevObjectVersion:   Dev-AnimPhys (29E575DD-E0A3-4627-9D10-D276232CDCEA): 17
LogDevObjectVersion:   Dev-Anim (AF43A65D-7FD3-4947-9873-3E8ED9C1BB05): 15
LogDevObjectVersion:   Dev-ReflectionCapture (6B266CEC-1EC7-4B8F-A30B-E4D90942FC07): 1
LogDevObjectVersion:   Dev-Automation (0DF73D61-A23F-47EA-B727-89E90C41499A): 1
LogDevObjectVersion:   FortniteMain (601D1886-AC64-4F84-AA16-D3DE0DEAC7D6): 47
LogDevObjectVersion:   FortniteRelease (E7086368-6B23-4C58-8439-1B7016265E91): 1
LogDevObjectVersion:   Dev-Enterprise (9DFFBCD6-494F-0158-E221-12823C92A888): 10
LogDevObjectVersion:   Dev-Niagara (F2AED0AC-9AFE-416F-8664-AA7FFA26D6FC): 1
LogDevObjectVersion:   Dev-Destruction (174F1F0B-B4C6-45A5-B13F-2EE8D0FB917D): 10
LogDevObjectVersion:   Dev-Physics-Ext (35F94A83-E258-406C-A318-09F59610247C): 41
LogDevObjectVersion:   Dev-PhysicsMaterial-Chaos (B68FC16E-8B1B-42E2-B453-215C058844FE): 1
LogDevObjectVersion:   Dev-CineCamera (B2E18506-4273-CFC2-A54E-F4BB758BBA07): 1
LogDevObjectVersion:   Dev-VirtualProduction (64F58936-FD1B-42BA-BA96-7289D5D0FA4E): 1
LogDevObjectVersion:   Dev-MediaFramework (6F0ED827-A609-4895-9C91-998D90180EA4): 2
LogInit: Presizing for max 25165824 objects, including 0 objects not considered by GC, pre-allocating 0 bytes for permanent pool.
LogConfig: Applying CVar settings from Section [/Script/Engine.StreamingSettings] File [C:/Users/NV/Documents/Unreal Projects/IHW/Saved/Config/Windows/Engine.ini]
LogConfig: Setting CVar [[s.MinBulkDataSizeForAsyncLoading:131072]]
LogConfig: Setting CVar [[s.AsyncLoadingThreadEnabled:0]]
LogConfig: Setting CVar [[s.EventDrivenLoaderEnabled:1]]
LogConfig: Setting CVar [[s.WarnIfTimeLimitExceeded:0]]
LogConfig: Setting CVar [[s.TimeLimitExceededMultiplier:1.5]]
LogConfig: Setting CVar [[s.TimeLimitExceededMinTime:0.005]]
LogConfig: Setting CVar [[s.UseBackgroundLevelStreaming:1]]
LogConfig: Setting CVar [[s.PriorityAsyncLoadingExtraTime:15.0]]
LogConfig: Setting CVar [[s.LevelStreamingActorsUpdateTimeLimit:5.0]]
LogConfig: Setting CVar [[s.PriorityLevelStreamingActorsUpdateExtraTime:5.0]]
LogConfig: Setting CVar [[s.LevelStreamingComponentsRegistrationGranularity:10]]
LogConfig: Setting CVar [[s.UnregisterComponentsTimeLimit:1.0]]
LogConfig: Setting CVar [[s.LevelStreamingComponentsUnregistrationGranularity:5]]
LogConfig: Setting CVar [[s.FlushStreamingOnExit:1]]
LogInit: Object subsystem initialized
LogConfig: Setting CVar [[con.DebugEarlyDefault:1]]
LogConfig: Setting CVar [[r.setres:1280x720]]
[2021.11.21-20.35.02:215][  0]LogConfig: Setting CVar [[con.DebugEarlyDefault:1]]
[2021.11.21-20.35.02:215][  0]LogConfig: Setting CVar [[r.setres:1280x720]]
[2021.11.21-20.35.02:215][  0]LogConfig: Applying CVar settings from Section [/Script/Engine.RendererSettings] File [C:/Users/NV/Documents/Unreal Projects/IHW/Saved/Config/Windows/Engine.ini]
[2021.11.21-20.35.02:215][  0]LogConfig: Setting CVar [[r.GPUCrashDebugging:0]]
[2021.11.21-20.35.02:215][  0]LogConfig: Setting CVar [[r.Mobile.DisableVertexFog:1]]
[2021.11.21-20.35.02:215][  0]LogConfig: Setting CVar [[r.Shadow.CSM.MaxMobileCascades:2]]
[2021.11.21-20.35.02:215][  0]LogConfig: Setting CVar [[r.MobileMSAA:1]]
[2021.11.21-20.35.02:215][  0]LogConfig: Setting CVar [[r.Mobile.AllowDitheredLODTransition:0]]
[2021.11.21-20.35.02:215][  0]LogConfig: Setting CVar [[r.Mobile.AllowSoftwareOcclusion:0]]
[2021.11.21-20.35.02:215][  0]LogConfig: Setting CVar [[r.Mobile.VirtualTextures:0]]
[2021.11.21-20.35.02:215][  0]LogConfig: Setting CVar [[r.DiscardUnusedQuality:0]]
[2021.11.21-20.35.02:215][  0]LogConfig: Setting CVar [[r.AllowOcclusionQueries:1]]
[2021.11.21-20.35.02:215][  0]LogConfig: Setting CVar [[r.MinScreenRadiusForLights:0.030000]]
[2021.11.21-20.35.02:215][  0]LogConfig: Setting CVar [[r.MinScreenRadiusForDepthPrepass:0.030000]]
[2021.11.21-20.35.02:215][  0]LogConfig: Setting CVar [[r.MinScreenRadiusForCSMDepth:0.010000]]
[2021.11.21-20.35.02:215][  0]LogConfig: Setting CVar [[r.PrecomputedVisibilityWarning:0]]
[2021.11.21-20.35.02:215][  0]LogConfig: Setting CVar [[r.TextureStreaming:1]]
[2021.11.21-20.35.02:215][  0]LogConfig: Setting CVar [[Compat.UseDXT5NormalMaps:0]]
[2021.11.21-20.35.02:215][  0]LogConfig: Setting CVar [[r.VirtualTextures:0]]
[2021.11.21-20.35.02:215][  0]LogConfig: Setting CVar [[r.VT.EnableAutoImport:1]]
[2021.11.21-20.35.02:215][  0]LogConfig: Setting CVar [[r.VirtualTexturedLightmaps:0]]
[2021.11.21-20.35.02:215][  0]LogConfig: Setting CVar [[r.VT.TileSize:128]]
[2021.11.21-20.35.02:215][  0]LogConfig: Setting CVar [[r.VT.TileBorderSize:4]]
[2021.11.21-20.35.02:215][  0]LogConfig: Setting CVar [[r.vt.FeedbackFactor:16]]
[2021.11.21-20.35.02:215][  0]LogConfig: Setting CVar [[r.VT.EnableCompressZlib:1]]
[2021.11.21-20.35.02:215][  0]LogConfig: Setting CVar [[r.VT.EnableCompressCrunch:0]]
[2021.11.21-20.35.02:215][  0]LogConfig: Setting CVar [[r.ClearCoatNormal:0]]
[2021.11.21-20.35.02:215][  0]LogConfig: Setting CVar [[r.ReflectionCaptureResolution:128]]
[2021.11.21-20.35.02:215][  0]LogConfig: Setting CVar [[r.Mobile.ReflectionCaptureCompression:0]]
[2021.11.21-20.35.02:215][  0]LogConfig: Setting CVar [[r.ReflectionEnvironmentLightmapMixBasedOnRoughness:1]]
[2021.11.21-20.35.02:215][  0]LogConfig: Setting CVar [[r.ForwardShading:0]]
[2021.11.21-20.35.02:215][  0]LogConfig: Setting CVar [[r.VertexFoggingForOpaque:1]]
[2021.11.21-20.35.02:215][  0]LogConfig: Setting CVar [[r.AllowStaticLighting:1]]
[2021.11.21-20.35.02:215][  0]LogConfig: Setting CVar [[r.NormalMapsForStaticLighting:0]]
[2021.11.21-20.35.02:215][  0]LogConfig: Setting CVar [[r.GenerateMeshDistanceFields:0]]
[2021.11.21-20.35.02:215][  0]LogConfig: Setting CVar [[r.DistanceFieldBuild.EightBit:0]]
[2021.11.21-20.35.02:215][  0]LogConfig: Setting CVar [[r.GenerateLandscapeGIData:0]]
[2021.11.21-20.35.02:215][  0]LogConfig: Setting CVar [[r.DistanceFieldBuild.Compress:0]]
[2021.11.21-20.35.02:215][  0]LogConfig: Setting CVar [[r.TessellationAdaptivePixelsPerTriangle:48.000000]]
[2021.11.21-20.35.02:215][  0]LogConfig: Setting CVar [[r.SeparateTranslucency:1]]
[2021.11.21-20.35.02:215][  0]LogConfig: Setting CVar [[r.TranslucentSortPolicy:0]]
[2021.11.21-20.35.02:215][  0]LogConfig: Setting CVar [[vr.VRS.HMDFixedFoveationLevel:0]]
[2021.11.21-20.35.02:215][  0]LogConfig: Setting CVar [[r.CustomDepth:1]]
[2021.11.21-20.35.02:215][  0]LogConfig: Setting CVar [[r.CustomDepthTemporalAAJitter:1]]
[2021.11.21-20.35.02:215][  0]LogConfig: Setting CVar [[r.PostProcessing.PropagateAlpha:0]]
[2021.11.21-20.35.02:215][  0]LogConfig: Setting CVar [[r.DefaultFeature.Bloom:1]]
[2021.11.21-20.35.02:215][  0]LogConfig: Setting CVar [[r.DefaultFeature.AmbientOcclusion:1]]
[2021.11.21-20.35.02:215][  0]LogConfig: Setting CVar [[r.DefaultFeature.AmbientOcclusionStaticFraction:1]]
[2021.11.21-20.35.02:215][  0]LogConfig: Setting CVar [[r.DefaultFeature.AutoExposure:0]]
[2021.11.21-20.35.02:215][  0]LogConfig: Setting CVar [[r.DefaultFeature.AutoExposure.Method:0]]
[2021.11.21-20.35.02:215][  0]LogConfig: Setting CVar [[r.DefaultFeature.AutoExposure.Bias:1.000000]]
[2021.11.21-20.35.02:215][  0]LogConfig: Setting CVar [[r.DefaultFeature.AutoExposure.ExtendDefaultLuminanceRange:0]]
[2021.11.21-20.35.02:215][  0]LogConfig: Setting CVar [[r.UsePreExposure:1]]
[2021.11.21-20.35.02:215][  0]LogConfig: Setting CVar [[r.EyeAdaptation.EditorOnly:0]]
[2021.11.21-20.35.02:215][  0]LogConfig: Setting CVar [[r.DefaultFeature.MotionBlur:0]]
[2021.11.21-20.35.02:215][  0]LogConfig: Setting CVar [[r.DefaultFeature.LensFlare:0]]
[2021.11.21-20.35.02:215][  0]LogConfig: Setting CVar [[r.TemporalAA.Upsampling:0]]
[2021.11.21-20.35.02:215][  0]LogConfig: Setting CVar [[r.SSGI.Enable:0]]
[2021.11.21-20.35.02:215][  0]LogConfig: Setting CVar [[r.DefaultFeature.AntiAliasing:0]]
[2021.11.21-20.35.02:215][  0]LogConfig: Setting CVar [[r.DefaultFeature.LightUnits:1]]
[2021.11.21-20.35.02:215][  0]LogConfig: Setting CVar [[r.DefaultBackBufferPixelFormat:4]]
[2021.11.21-20.35.02:215][  0]LogConfig: Setting CVar [[r.Shadow.UnbuiltPreviewInGame:1]]
[2021.11.21-20.35.02:215][  0]LogConfig: Setting CVar [[r.StencilForLODDither:0]]
[2021.11.21-20.35.02:215][  0]LogConfig: Setting CVar [[r.EarlyZPass:3]]
[2021.11.21-20.35.02:215][  0]LogConfig: Setting CVar [[r.EarlyZPassOnlyMaterialMasking:0]]
[2021.11.21-20.35.02:215][  0]LogConfig: Setting CVar [[r.DBuffer:1]]
[2021.11.21-20.35.02:215][  0]LogConfig: Setting CVar [[r.ClearSceneMethod:1]]
[2021.11.21-20.35.02:215][  0]LogConfig: Setting CVar [[r.BasePassOutputsVelocity:0]]
[2021.11.21-20.35.02:215][  0]LogConfig: Setting CVar [[r.VertexDeformationOutputsVelocity:0]]
[2021.11.21-20.35.02:215][  0]LogConfig: Setting CVar [[r.SelectiveBasePassOutputs:0]]
[2021.11.21-20.35.02:215][  0]LogConfig: Setting CVar [[fx.GPUSimulationTextureSizeX:1024]]
[2021.11.21-20.35.02:215][  0]LogConfig: Setting CVar [[fx.GPUSimulationTextureSizeY:1024]]
[2021.11.21-20.35.02:215][  0]LogConfig: Setting CVar [[r.AllowGlobalClipPlane:0]]
[2021.11.21-20.35.02:215][  0]LogConfig: Setting CVar [[r.GBufferFormat:1]]
[2021.11.21-20.35.02:215][  0]LogConfig: Setting CVar [[r.MorphTarget.Mode:1]]
[2021.11.21-20.35.02:215][  0]LogConfig: Setting CVar [[vr.InstancedStereo:0]]
[2021.11.21-20.35.02:215][  0]LogConfig: Setting CVar [[r.MobileHDR:1]]
[2021.11.21-20.35.02:215][  0]LogConfig: Setting CVar [[vr.MobileMultiView:0]]
[2021.11.21-20.35.02:215][  0]LogConfig: Setting CVar [[r.Mobile.UseHWsRGBEncoding:0]]
[2021.11.21-20.35.02:215][  0]LogConfig: Setting CVar [[vr.RoundRobinOcclusion:0]]
[2021.11.21-20.35.02:215][  0]LogConfig: Setting CVar [[vr.ODSCapture:0]]
[2021.11.21-20.35.02:215][  0]LogConfig: Setting CVar [[r.MeshStreaming:0]]
[2021.11.21-20.35.02:215][  0]LogConfig: Setting CVar [[r.WireframeCullThreshold:5.000000]]
[2021.11.21-20.35.02:215][  0]LogConfig: Setting CVar [[r.RayTracing:0]]
[2021.11.21-20.35.02:215][  0]LogConfig: Setting CVar [[r.RayTracing.UseTextureLod:0]]
[2021.11.21-20.35.02:215][  0]LogConfig: Setting CVar [[r.SupportStationarySkylight:1]]
[2021.11.21-20.35.02:215][  0]LogConfig: Setting CVar [[r.SupportLowQualityLightmaps:1]]
[2021.11.21-20.35.02:215][  0]LogConfig: Setting CVar [[r.SupportPointLightWholeSceneShadows:1]]
[2021.11.21-20.35.02:215][  0]LogConfig: Setting CVar [[r.SupportAtmosphericFog:1]]
[2021.11.21-20.35.02:215][  0]LogConfig: Setting CVar [[r.SupportSkyAtmosphere:1]]
[2021.11.21-20.35.02:215][  0]LogConfig: Setting CVar [[r.SupportSkyAtmosphereAffectsHeightFog:0]]
[2021.11.21-20.35.02:215][  0]LogConfig: Setting CVar [[r.SkinCache.CompileShaders:0]]
[2021.11.21-20.35.02:215][  0]LogConfig: Setting CVar [[r.SkinCache.DefaultBehavior:1]]
[2021.11.21-20.35.02:215][  0]LogConfig: Setting CVar [[r.SkinCache.SceneMemoryLimitInMB:128.000000]]
[2021.11.21-20.35.02:215][  0]LogConfig: Setting CVar [[r.Mobile.EnableStaticAndCSMShadowReceivers:1]]
[2021.11.21-20.35.02:215][  0]LogConfig: Setting CVar [[r.Mobile.EnableMovableLightCSMShaderCulling:1]]
[2021.11.21-20.35.02:215][  0]LogConfig: Setting CVar [[r.Mobile.AllowDistanceFieldShadows:1]]
[2021.11.21-20.35.02:216][  0]LogConfig: Setting CVar [[r.Mobile.AllowMovableDirectionalLights:1]]
[2021.11.21-20.35.02:216][  0]LogConfig: Setting CVar [[r.MobileNumDynamicPointLights:4]]
[2021.11.21-20.35.02:216][  0]LogConfig: Setting CVar [[r.MobileDynamicPointLightsUseStaticBranch:1]]
[2021.11.21-20.35.02:216][  0]LogConfig: Setting CVar [[r.Mobile.EnableMovableSpotlights:0]]
[2021.11.21-20.35.02:216][  0]LogConfig: Setting CVar [[r.Mobile.EnableMovableSpotlightsShadow:0]]
[2021.11.21-20.35.02:216][  0]LogConfig: Setting CVar [[r.GPUSkin.Support16BitBoneIndex:0]]
[2021.11.21-20.35.02:216][  0]LogConfig: Setting CVar [[r.GPUSkin.Limit2BoneInfluences:0]]
[2021.11.21-20.35.02:216][  0]LogConfig: Setting CVar [[r.SupportDepthOnlyIndexBuffers:1]]
[2021.11.21-20.35.02:216][  0]LogConfig: Setting CVar [[r.SupportReversedIndexBuffers:1]]
[2021.11.21-20.35.02:216][  0]LogConfig: Setting CVar [[r.LightPropagationVolume:0]]
[2021.11.21-20.35.02:216][  0]LogConfig: Setting CVar [[r.Mobile.AmbientOcclusion:0]]
[2021.11.21-20.35.02:216][  0]LogConfig: Setting CVar [[r.GPUSkin.UnlimitedBoneInfluences:0]]
[2021.11.21-20.35.02:216][  0]LogConfig: Setting CVar [[r.GPUSkin.UnlimitedBoneInfluencesThreshold:8]]
[2021.11.21-20.35.02:216][  0]LogConfig: Setting CVar [[r.Mobile.PlanarReflectionMode:0]]
[2021.11.21-20.35.02:216][  0]LogConfig: Setting CVar [[r.Mobile.SupportsGen4TAA:0]]
[2021.11.21-20.35.02:216][  0]LogConfig: Applying CVar settings from Section [/Script/Engine.RendererOverrideSettings] File [C:/Users/NV/Documents/Unreal Projects/IHW/Saved/Config/Windows/Engine.ini]
[2021.11.21-20.35.02:216][  0]LogConfig: Applying CVar settings from Section [/Script/Engine.StreamingSettings] File [C:/Users/NV/Documents/Unreal Projects/IHW/Saved/Config/Windows/Engine.ini]
[2021.11.21-20.35.02:216][  0]LogConfig: Setting CVar [[s.MinBulkDataSizeForAsyncLoading:131072]]
[2021.11.21-20.35.02:216][  0]LogConfig: Setting CVar [[s.AsyncLoadingThreadEnabled:0]]
[2021.11.21-20.35.02:216][  0]LogConfig: Setting CVar [[s.EventDrivenLoaderEnabled:1]]
[2021.11.21-20.35.02:216][  0]LogConfig: Setting CVar [[s.WarnIfTimeLimitExceeded:0]]
[2021.11.21-20.35.02:216][  0]LogConfig: Setting CVar [[s.TimeLimitExceededMultiplier:1.5]]
[2021.11.21-20.35.02:216][  0]LogConfig: Setting CVar [[s.TimeLimitExceededMinTime:0.005]]
[2021.11.21-20.35.02:216][  0]LogConfig: Setting CVar [[s.UseBackgroundLevelStreaming:1]]
[2021.11.21-20.35.02:216][  0]LogConfig: Setting CVar [[s.PriorityAsyncLoadingExtraTime:15.0]]
[2021.11.21-20.35.02:216][  0]LogConfig: Setting CVar [[s.LevelStreamingActorsUpdateTimeLimit:5.0]]
[2021.11.21-20.35.02:216][  0]LogConfig: Setting CVar [[s.PriorityLevelStreamingActorsUpdateExtraTime:5.0]]
[2021.11.21-20.35.02:216][  0]LogConfig: Setting CVar [[s.LevelStreamingComponentsRegistrationGranularity:10]]
[2021.11.21-20.35.02:216][  0]LogConfig: Setting CVar [[s.UnregisterComponentsTimeLimit:1.0]]
[2021.11.21-20.35.02:216][  0]LogConfig: Setting CVar [[s.LevelStreamingComponentsUnregistrationGranularity:5]]
[2021.11.21-20.35.02:216][  0]LogConfig: Setting CVar [[s.FlushStreamingOnExit:1]]
[2021.11.21-20.35.02:216][  0]LogConfig: Applying CVar settings from Section [/Script/Engine.GarbageCollectionSettings] File [C:/Users/NV/Documents/Unreal Projects/IHW/Saved/Config/Windows/Engine.ini]
[2021.11.21-20.35.02:216][  0]LogConfig: Setting CVar [[gc.MaxObjectsNotConsideredByGC:1]]
[2021.11.21-20.35.02:216][  0]LogConfig: Setting CVar [[gc.SizeOfPermanentObjectPool:0]]
[2021.11.21-20.35.02:216][  0]LogConfig: Setting CVar [[gc.FlushStreamingOnGC:0]]
[2021.11.21-20.35.02:216][  0]LogConfig: Setting CVar [[gc.NumRetriesBeforeForcingGC:10]]
[2021.11.21-20.35.02:216][  0]LogConfig: Setting CVar [[gc.AllowParallelGC:1]]
[2021.11.21-20.35.02:216][  0]LogConfig: Setting CVar [[gc.TimeBetweenPurgingPendingKillObjects:61.1]]
[2021.11.21-20.35.02:216][  0]LogConfig: Setting CVar [[gc.MaxObjectsInEditor:25165824]]
[2021.11.21-20.35.02:216][  0]LogConfig: Setting CVar [[gc.IncrementalBeginDestroyEnabled:1]]
[2021.11.21-20.35.02:216][  0]LogConfig: Setting CVar [[gc.CreateGCClusters:1]]
[2021.11.21-20.35.02:216][  0]LogConfig: Setting CVar [[gc.MinGCClusterSize:5]]
[2021.11.21-20.35.02:216][  0]LogConfig: Setting CVar [[gc.ActorClusteringEnabled:0]]
[2021.11.21-20.35.02:216][  0]LogConfig: Setting CVar [[gc.BlueprintClusteringEnabled:0]]
[2021.11.21-20.35.02:216][  0]LogConfig: Setting CVar [[gc.UseDisregardForGCOnDedicatedServers:0]]
[2021.11.21-20.35.02:216][  0]LogConfig: Setting CVar [[gc.MultithreadedDestructionEnabled:1]]
[2021.11.21-20.35.02:216][  0]LogConfig: Applying CVar settings from Section [/Script/Engine.NetworkSettings] File [C:/Users/NV/Documents/Unreal Projects/IHW/Saved/Config/Windows/Engine.ini]
[2021.11.21-20.35.02:216][  0]LogConfig: Applying CVar settings from Section [/Script/UnrealEd.CookerSettings] File [C:/Users/NV/Documents/Unreal Projects/IHW/Saved/Config/Windows/Engine.ini]
[2021.11.21-20.35.02:233][  0]LogConfig: Applying CVar settings from Section [ViewDistanceQuality@3] File [C:/Users/NV/Documents/Unreal Projects/IHW/Saved/Config/Windows/Scalability.ini]
[2021.11.21-20.35.02:233][  0]LogConfig: Setting CVar [[r.SkeletalMeshLODBias:0]]
[2021.11.21-20.35.02:233][  0]LogConfig: Setting CVar [[r.ViewDistanceScale:1.0]]
[2021.11.21-20.35.02:233][  0]LogConfig: Applying CVar settings from Section [AntiAliasingQuality@3] File [C:/Users/NV/Documents/Unreal Projects/IHW/Saved/Config/Windows/Scalability.ini]
[2021.11.21-20.35.02:233][  0]LogConfig: Setting CVar [[r.PostProcessAAQuality:4]]
[2021.11.21-20.35.02:233][  0]LogConfig: Applying CVar settings from Section [ShadowQuality@3] File [C:/Users/NV/Documents/Unreal Projects/IHW/Saved/Config/Windows/Scalability.ini]
[2021.11.21-20.35.02:233][  0]LogConfig: Setting CVar [[r.LightFunctionQuality:1]]
[2021.11.21-20.35.02:233][  0]LogConfig: Setting CVar [[r.ShadowQuality:5]]
[2021.11.21-20.35.02:233][  0]LogConfig: Setting CVar [[r.Shadow.CSM.MaxCascades:10]]
[2021.11.21-20.35.02:233][  0]LogConfig: Setting CVar [[r.Shadow.MaxResolution:2048]]
[2021.11.21-20.35.02:233][  0]LogConfig: Setting CVar [[r.Shadow.MaxCSMResolution:2048]]
[2021.11.21-20.35.02:233][  0]LogConfig: Setting CVar [[r.Shadow.RadiusThreshold:0.01]]
[2021.11.21-20.35.02:233][  0]LogConfig: Setting CVar [[r.Shadow.DistanceScale:1.0]]
[2021.11.21-20.35.02:233][  0]LogConfig: Setting CVar [[r.Shadow.CSM.TransitionScale:1.0]]
[2021.11.21-20.35.02:233][  0]LogConfig: Setting CVar [[r.Shadow.PreShadowResolutionFactor:1.0]]
[2021.11.21-20.35.02:233][  0]LogConfig: Setting CVar [[r.DistanceFieldShadowing:1]]
[2021.11.21-20.35.02:233][  0]LogConfig: Setting CVar [[r.DistanceFieldAO:1]]
[2021.11.21-20.35.02:233][  0]LogConfig: Setting CVar [[r.AOQuality:2]]
[2021.11.21-20.35.02:233][  0]LogConfig: Setting CVar [[r.VolumetricFog:1]]
[2021.11.21-20.35.02:233][  0]LogConfig: Setting CVar [[r.VolumetricFog.GridPixelSize:8]]
[2021.11.21-20.35.02:233][  0]LogConfig: Setting CVar [[r.VolumetricFog.GridSizeZ:128]]
[2021.11.21-20.35.02:233][  0]LogConfig: Setting CVar [[r.VolumetricFog.HistoryMissSupersampleCount:4]]
[2021.11.21-20.35.02:233][  0]LogConfig: Setting CVar [[r.LightMaxDrawDistanceScale:1]]
[2021.11.21-20.35.02:233][  0]LogConfig: Setting CVar [[r.CapsuleShadows:1]]
[2021.11.21-20.35.02:233][  0]LogConfig: Applying CVar settings from Section [PostProcessQuality@3] File [C:/Users/NV/Documents/Unreal Projects/IHW/Saved/Config/Windows/Scalability.ini]
[2021.11.21-20.35.02:233][  0]LogConfig: Setting CVar [[r.MotionBlurQuality:4]]
[2021.11.21-20.35.02:233][  0]LogConfig: Setting CVar [[r.AmbientOcclusionMipLevelFactor:0.4]]
[2021.11.21-20.35.02:233][  0]LogConfig: Setting CVar [[r.AmbientOcclusionMaxQuality:100]]
[2021.11.21-20.35.02:233][  0]LogConfig: Setting CVar [[r.AmbientOcclusionLevels:-1]]
[2021.11.21-20.35.02:233][  0]LogConfig: Setting CVar [[r.AmbientOcclusionRadiusScale:1.0]]
[2021.11.21-20.35.02:233][  0]LogConfig: Setting CVar [[r.DepthOfFieldQuality:2]]
[2021.11.21-20.35.02:233][  0]LogConfig: Setting CVar [[r.RenderTargetPoolMin:400]]
[2021.11.21-20.35.02:233][  0]LogConfig: Setting CVar [[r.LensFlareQuality:2]]
[2021.11.21-20.35.02:233][  0]LogConfig: Setting CVar [[r.SceneColorFringeQuality:1]]
[2021.11.21-20.35.02:233][  0]LogConfig: Setting CVar [[r.EyeAdaptationQuality:2]]
[2021.11.21-20.35.02:233][  0]LogConfig: Setting CVar [[r.BloomQuality:5]]
[2021.11.21-20.35.02:233][  0]LogConfig: Setting CVar [[r.FastBlurThreshold:100]]
[2021.11.21-20.35.02:233][  0]LogConfig: Setting CVar [[r.Upscale.Quality:3]]
[2021.11.21-20.35.02:233][  0]LogConfig: Setting CVar [[r.Tonemapper.GrainQuantization:1]]
[2021.11.21-20.35.02:233][  0]LogConfig: Setting CVar [[r.LightShaftQuality:1]]
[2021.11.21-20.35.02:233][  0]LogConfig: Setting CVar [[r.Filter.SizeScale:1]]
[2021.11.21-20.35.02:233][  0]LogConfig: Setting CVar [[r.Tonemapper.Quality:5]]
[2021.11.21-20.35.02:233][  0]LogConfig: Setting CVar [[r.DOF.Gather.AccumulatorQuality:1        ; higher gathering accumulator quality]]
[2021.11.21-20.35.02:233][  0]LogConfig: Setting CVar [[r.DOF.Gather.PostfilterMethod:1          ; Median3x3 postfilering method]]
[2021.11.21-20.35.02:233][  0]LogConfig: Setting CVar [[r.DOF.Gather.EnableBokehSettings:0       ; no bokeh simulation when gathering]]
[2021.11.21-20.35.02:233][  0]LogConfig: Setting CVar [[r.DOF.Gather.RingCount:4                 ; medium number of samples when gathering]]
[2021.11.21-20.35.02:233][  0]LogConfig: Setting CVar [[r.DOF.Scatter.ForegroundCompositing:1    ; additive foreground scattering]]
[2021.11.21-20.35.02:233][  0]LogConfig: Setting CVar [[r.DOF.Scatter.BackgroundCompositing:2    ; additive background scattering]]
[2021.11.21-20.35.02:233][  0]LogConfig: Setting CVar [[r.DOF.Scatter.EnableBokehSettings:1      ; bokeh simulation when scattering]]
[2021.11.21-20.35.02:233][  0]LogConfig: Setting CVar [[r.DOF.Scatter.MaxSpriteRatio:0.1         ; only a maximum of 10% of scattered bokeh]]
[2021.11.21-20.35.02:233][  0]LogConfig: Setting CVar [[r.DOF.Recombine.Quality:1                ; cheap slight out of focus]]
[2021.11.21-20.35.02:233][  0]LogConfig: Setting CVar [[r.DOF.Recombine.EnableBokehSettings:0    ; no bokeh simulation on slight out of focus]]
[2021.11.21-20.35.02:233][  0]LogConfig: Setting CVar [[r.DOF.TemporalAAQuality:1                ; more stable temporal accumulation]]
[2021.11.21-20.35.02:233][  0]LogConfig: Setting CVar [[r.DOF.Kernel.MaxForegroundRadius:0.025]]
[2021.11.21-20.35.02:233][  0]LogConfig: Setting CVar [[r.DOF.Kernel.MaxBackgroundRadius:0.025]]
[2021.11.21-20.35.02:233][  0]LogConfig: Applying CVar settings from Section [TextureQuality@3] File [C:/Users/NV/Documents/Unreal Projects/IHW/Saved/Config/Windows/Scalability.ini]
[2021.11.21-20.35.02:233][  0]LogConfig: Setting CVar [[r.Streaming.MipBias:0]]
[2021.11.21-20.35.02:233][  0]LogConfig: Setting CVar [[r.Streaming.AmortizeCPUToGPUCopy:0]]
[2021.11.21-20.35.02:233][  0]LogConfig: Setting CVar [[r.Streaming.MaxNumTexturesToStreamPerFrame:0]]
[2021.11.21-20.35.02:233][  0]LogConfig: Setting CVar [[r.Streaming.Boost:1]]
[2021.11.21-20.35.02:233][  0]LogConfig: Setting CVar [[r.MaxAnisotropy:8]]
[2021.11.21-20.35.02:233][  0]LogConfig: Setting CVar [[r.VT.MaxAnisotropy:8]]
[2021.11.21-20.35.02:233][  0]LogConfig: Setting CVar [[r.Streaming.LimitPoolSizeToVRAM:0]]
[2021.11.21-20.35.02:233][  0]LogConfig: Setting CVar [[r.Streaming.PoolSize:1000]]
[2021.11.21-20.35.02:233][  0]LogConfig: Setting CVar [[r.Streaming.MaxEffectiveScreenSize:0]]
[2021.11.21-20.35.02:233][  0]LogConfig: Applying CVar settings from Section [EffectsQuality@3] File [C:/Users/NV/Documents/Unreal Projects/IHW/Saved/Config/Windows/Scalability.ini]
[2021.11.21-20.35.02:233][  0]LogConfig: Setting CVar [[r.TranslucencyLightingVolumeDim:64]]
[2021.11.21-20.35.02:233][  0]LogConfig: Setting CVar [[r.RefractionQuality:2]]
[2021.11.21-20.35.02:233][  0]LogConfig: Setting CVar [[r.SSR.Quality:3]]
[2021.11.21-20.35.02:233][  0]LogConfig: Setting CVar [[r.SSR.HalfResSceneColor:0]]
[2021.11.21-20.35.02:233][  0]LogConfig: Setting CVar [[r.SceneColorFormat:4]]
[2021.11.21-20.35.02:233][  0]LogConfig: Setting CVar [[r.DetailMode:2]]
[2021.11.21-20.35.02:233][  0]LogConfig: Setting CVar [[r.TranslucencyVolumeBlur:1]]
[2021.11.21-20.35.02:233][  0]LogConfig: Setting CVar [[r.MaterialQualityLevel:1 ; High quality]]
[2021.11.21-20.35.02:233][  0]LogConfig: Setting CVar [[r.AnisotropicMaterials:1]]
[2021.11.21-20.35.02:233][  0]LogConfig: Setting CVar [[r.SSS.Scale:1]]
[2021.11.21-20.35.02:233][  0]LogConfig: Setting CVar [[r.SSS.SampleSet:2]]
[2021.11.21-20.35.02:233][  0]LogConfig: Setting CVar [[r.SSS.Quality:1]]
[2021.11.21-20.35.02:233][  0]LogConfig: Setting CVar [[r.SSS.HalfRes:0]]
[2021.11.21-20.35.02:233][  0]LogConfig: Setting CVar [[r.SSGI.Quality:3]]
[2021.11.21-20.35.02:233][  0]LogConfig: Setting CVar [[r.EmitterSpawnRateScale:1.0]]
[2021.11.21-20.35.02:233][  0]LogConfig: Setting CVar [[r.ParticleLightQuality:2]]
[2021.11.21-20.35.02:233][  0]LogConfig: Setting CVar [[r.SkyAtmosphere.AerialPerspectiveLUT.FastApplyOnOpaque:1 ; Always have FastSkyLUT 1 in this case to avoid wrong sky]]
[2021.11.21-20.35.02:233][  0]LogConfig: Setting CVar [[r.SkyAtmosphere.AerialPerspectiveLUT.SampleCountMaxPerSlice:4]]
[2021.11.21-20.35.02:233][  0]LogConfig: Setting CVar [[r.SkyAtmosphere.AerialPerspectiveLUT.DepthResolution:16.0]]
[2021.11.21-20.35.02:233][  0]LogConfig: Setting CVar [[r.SkyAtmosphere.FastSkyLUT:1]]
[2021.11.21-20.35.02:233][  0]LogConfig: Setting CVar [[r.SkyAtmosphere.FastSkyLUT.SampleCountMin:4.0]]
[2021.11.21-20.35.02:233][  0]LogConfig: Setting CVar [[r.SkyAtmosphere.FastSkyLUT.SampleCountMax:128.0]]
[2021.11.21-20.35.02:233][  0]LogConfig: Setting CVar [[r.SkyAtmosphere.SampleCountMin:4.0]]
[2021.11.21-20.35.02:233][  0]LogConfig: Setting CVar [[r.SkyAtmosphere.SampleCountMax:128.0]]
[2021.11.21-20.35.02:233][  0]LogConfig: Setting CVar [[r.SkyAtmosphere.TransmittanceLUT.UseSmallFormat:0]]
[2021.11.21-20.35.02:233][  0]LogConfig: Setting CVar [[r.SkyAtmosphere.TransmittanceLUT.SampleCount:10.0]]
[2021.11.21-20.35.02:233][  0]LogConfig: Setting CVar [[r.SkyAtmosphere.MultiScatteringLUT.SampleCount:15.0]]
[2021.11.21-20.35.02:233][  0]LogConfig: Setting CVar [[r.SkyLight.RealTimeReflectionCapture:1]]
[2021.11.21-20.35.02:233][  0]LogConfig: Applying CVar settings from Section [FoliageQuality@3] File [C:/Users/NV/Documents/Unreal Projects/IHW/Saved/Config/Windows/Scalability.ini]
[2021.11.21-20.35.02:233][  0]LogConfig: Setting CVar [[foliage.DensityScale:1.0]]
[2021.11.21-20.35.02:233][  0]LogConfig: Setting CVar [[grass.DensityScale:1.0]]
[2021.11.21-20.35.02:233][  0]LogConfig: Applying CVar settings from Section [ShadingQuality@3] File [C:/Users/NV/Documents/Unreal Projects/IHW/Saved/Config/Windows/Scalability.ini]
[2021.11.21-20.35.02:233][  0]LogConfig: Setting CVar [[r.HairStrands.SkyLighting.IntegrationType:2]]
[2021.11.21-20.35.02:233][  0]LogConfig: Setting CVar [[r.HairStrands.SkyAO.SampleCount:4]]
[2021.11.21-20.35.02:234][  0]LogConfig: Setting CVar [[r.HairStrands.Visibility.MSAA.SamplePerPixel:4]]
[2021.11.21-20.35.02:234][  0]LogInit: Selected Device Profile: [Windows]
[2021.11.21-20.35.02:234][  0]LogInit: Applying CVar settings loaded from the selected device profile: [Windows]
[2021.11.21-20.35.02:234][  0]LogHAL: Display: Platform has ~ 16 GB [17084694528 / 17179869184 / 16], which maps to Larger [LargestMinGB=32, LargerMinGB=12, DefaultMinGB=8, SmallerMinGB=6, SmallestMinGB=0)
[2021.11.21-20.35.02:234][  0]LogInit: Going up to parent DeviceProfile []
[2021.11.21-20.35.02:234][  0]LogConfig: Applying CVar settings from Section [ViewDistanceQuality@3] File [C:/Users/NV/Documents/Unreal Projects/IHW/Saved/Config/Windows/Scalability.ini]
[2021.11.21-20.35.02:234][  0]LogConfig: Setting CVar [[r.SkeletalMeshLODBias:0]]
[2021.11.21-20.35.02:234][  0]LogConfig: Setting CVar [[r.ViewDistanceScale:1.0]]
[2021.11.21-20.35.02:234][  0]LogConfig: Applying CVar settings from Section [AntiAliasingQuality@3] File [C:/Users/NV/Documents/Unreal Projects/IHW/Saved/Config/Windows/Scalability.ini]
[2021.11.21-20.35.02:234][  0]LogConfig: Setting CVar [[r.PostProcessAAQuality:4]]
[2021.11.21-20.35.02:234][  0]LogConfig: Applying CVar settings from Section [ShadowQuality@3] File [C:/Users/NV/Documents/Unreal Projects/IHW/Saved/Config/Windows/Scalability.ini]
[2021.11.21-20.35.02:234][  0]LogConfig: Setting CVar [[r.LightFunctionQuality:1]]
[2021.11.21-20.35.02:234][  0]LogConfig: Setting CVar [[r.ShadowQuality:5]]
[2021.11.21-20.35.02:234][  0]LogConfig: Setting CVar [[r.Shadow.CSM.MaxCascades:10]]
[2021.11.21-20.35.02:234][  0]LogConfig: Setting CVar [[r.Shadow.MaxResolution:2048]]
[2021.11.21-20.35.02:234][  0]LogConfig: Setting CVar [[r.Shadow.MaxCSMResolution:2048]]
[2021.11.21-20.35.02:234][  0]LogConfig: Setting CVar [[r.Shadow.RadiusThreshold:0.01]]
[2021.11.21-20.35.02:234][  0]LogConfig: Setting CVar [[r.Shadow.DistanceScale:1.0]]
[2021.11.21-20.35.02:234][  0]LogConfig: Setting CVar [[r.Shadow.CSM.TransitionScale:1.0]]
[2021.11.21-20.35.02:234][  0]LogConfig: Setting CVar [[r.Shadow.PreShadowResolutionFactor:1.0]]
[2021.11.21-20.35.02:234][  0]LogConfig: Setting CVar [[r.DistanceFieldShadowing:1]]
[2021.11.21-20.35.02:234][  0]LogConfig: Setting CVar [[r.DistanceFieldAO:1]]
[2021.11.21-20.35.02:234][  0]LogConfig: Setting CVar [[r.AOQuality:2]]
[2021.11.21-20.35.02:234][  0]LogConfig: Setting CVar [[r.VolumetricFog:1]]
[2021.11.21-20.35.02:234][  0]LogConfig: Setting CVar [[r.VolumetricFog.GridPixelSize:8]]
[2021.11.21-20.35.02:234][  0]LogConfig: Setting CVar [[r.VolumetricFog.GridSizeZ:128]]
[2021.11.21-20.35.02:234][  0]LogConfig: Setting CVar [[r.VolumetricFog.HistoryMissSupersampleCount:4]]
[2021.11.21-20.35.02:234][  0]LogConfig: Setting CVar [[r.LightMaxDrawDistanceScale:1]]
[2021.11.21-20.35.02:234][  0]LogConfig: Setting CVar [[r.CapsuleShadows:1]]
[2021.11.21-20.35.02:234][  0]LogConfig: Applying CVar settings from Section [PostProcessQuality@3] File [C:/Users/NV/Documents/Unreal Projects/IHW/Saved/Config/Windows/Scalability.ini]
[2021.11.21-20.35.02:234][  0]LogConfig: Setting CVar [[r.MotionBlurQuality:4]]
[2021.11.21-20.35.02:234][  0]LogConfig: Setting CVar [[r.AmbientOcclusionMipLevelFactor:0.4]]
[2021.11.21-20.35.02:234][  0]LogConfig: Setting CVar [[r.AmbientOcclusionMaxQuality:100]]
[2021.11.21-20.35.02:234][  0]LogConfig: Setting CVar [[r.AmbientOcclusionLevels:-1]]
[2021.11.21-20.35.02:234][  0]LogConfig: Setting CVar [[r.AmbientOcclusionRadiusScale:1.0]]
[2021.11.21-20.35.02:234][  0]LogConfig: Setting CVar [[r.DepthOfFieldQuality:2]]
[2021.11.21-20.35.02:234][  0]LogConfig: Setting CVar [[r.RenderTargetPoolMin:400]]
[2021.11.21-20.35.02:234][  0]LogConfig: Setting CVar [[r.LensFlareQuality:2]]
[2021.11.21-20.35.02:234][  0]LogConfig: Setting CVar [[r.SceneColorFringeQuality:1]]
[2021.11.21-20.35.02:234][  0]LogConfig: Setting CVar [[r.EyeAdaptationQuality:2]]
[2021.11.21-20.35.02:234][  0]LogConfig: Setting CVar [[r.BloomQuality:5]]
[2021.11.21-20.35.02:234][  0]LogConfig: Setting CVar [[r.FastBlurThreshold:100]]
[2021.11.21-20.35.02:234][  0]LogConfig: Setting CVar [[r.Upscale.Quality:3]]
[2021.11.21-20.35.02:234][  0]LogConfig: Setting CVar [[r.Tonemapper.GrainQuantization:1]]
[2021.11.21-20.35.02:234][  0]LogConfig: Setting CVar [[r.LightShaftQuality:1]]
[2021.11.21-20.35.02:234][  0]LogConfig: Setting CVar [[r.Filter.SizeScale:1]]
[2021.11.21-20.35.02:234][  0]LogConfig: Setting CVar [[r.Tonemapper.Quality:5]]
[2021.11.21-20.35.02:234][  0]LogConfig: Setting CVar [[r.DOF.Gather.AccumulatorQuality:1        ; higher gathering accumulator quality]]
[2021.11.21-20.35.02:234][  0]LogConfig: Setting CVar [[r.DOF.Gather.PostfilterMethod:1          ; Median3x3 postfilering method]]
[2021.11.21-20.35.02:234][  0]LogConfig: Setting CVar [[r.DOF.Gather.EnableBokehSettings:0       ; no bokeh simulation when gathering]]
[2021.11.21-20.35.02:234][  0]LogConfig: Setting CVar [[r.DOF.Gather.RingCount:4                 ; medium number of samples when gathering]]
[2021.11.21-20.35.02:234][  0]LogConfig: Setting CVar [[r.DOF.Scatter.ForegroundCompositing:1    ; additive foreground scattering]]
[2021.11.21-20.35.02:234][  0]LogConfig: Setting CVar [[r.DOF.Scatter.BackgroundCompositing:2    ; additive background scattering]]
[2021.11.21-20.35.02:234][  0]LogConfig: Setting CVar [[r.DOF.Scatter.EnableBokehSettings:1      ; bokeh simulation when scattering]]
[2021.11.21-20.35.02:234][  0]LogConfig: Setting CVar [[r.DOF.Scatter.MaxSpriteRatio:0.1         ; only a maximum of 10% of scattered bokeh]]
[2021.11.21-20.35.02:234][  0]LogConfig: Setting CVar [[r.DOF.Recombine.Quality:1                ; cheap slight out of focus]]
[2021.11.21-20.35.02:234][  0]LogConfig: Setting CVar [[r.DOF.Recombine.EnableBokehSettings:0    ; no bokeh simulation on slight out of focus]]
[2021.11.21-20.35.02:234][  0]LogConfig: Setting CVar [[r.DOF.TemporalAAQuality:1                ; more stable temporal accumulation]]
[2021.11.21-20.35.02:234][  0]LogConfig: Setting CVar [[r.DOF.Kernel.MaxForegroundRadius:0.025]]
[2021.11.21-20.35.02:234][  0]LogConfig: Setting CVar [[r.DOF.Kernel.MaxBackgroundRadius:0.025]]
[2021.11.21-20.35.02:234][  0]LogConfig: Applying CVar settings from Section [TextureQuality@3] File [C:/Users/NV/Documents/Unreal Projects/IHW/Saved/Config/Windows/Scalability.ini]
[2021.11.21-20.35.02:234][  0]LogConfig: Setting CVar [[r.Streaming.MipBias:0]]
[2021.11.21-20.35.02:234][  0]LogConfig: Setting CVar [[r.Streaming.AmortizeCPUToGPUCopy:0]]
[2021.11.21-20.35.02:234][  0]LogConfig: Setting CVar [[r.Streaming.MaxNumTexturesToStreamPerFrame:0]]
[2021.11.21-20.35.02:234][  0]LogConfig: Setting CVar [[r.Streaming.Boost:1]]
[2021.11.21-20.35.02:234][  0]LogConfig: Setting CVar [[r.MaxAnisotropy:8]]
[2021.11.21-20.35.02:234][  0]LogConfig: Setting CVar [[r.VT.MaxAnisotropy:8]]
[2021.11.21-20.35.02:234][  0]LogConfig: Setting CVar [[r.Streaming.LimitPoolSizeToVRAM:0]]
[2021.11.21-20.35.02:234][  0]LogConfig: Setting CVar [[r.Streaming.PoolSize:1000]]
[2021.11.21-20.35.02:234][  0]LogConfig: Setting CVar [[r.Streaming.MaxEffectiveScreenSize:0]]
[2021.11.21-20.35.02:234][  0]LogConfig: Applying CVar settings from Section [EffectsQuality@3] File [C:/Users/NV/Documents/Unreal Projects/IHW/Saved/Config/Windows/Scalability.ini]
[2021.11.21-20.35.02:234][  0]LogConfig: Setting CVar [[r.TranslucencyLightingVolumeDim:64]]
[2021.11.21-20.35.02:234][  0]LogConfig: Setting CVar [[r.RefractionQuality:2]]
[2021.11.21-20.35.02:234][  0]LogConfig: Setting CVar [[r.SSR.Quality:3]]
[2021.11.21-20.35.02:234][  0]LogConfig: Setting CVar [[r.SSR.HalfResSceneColor:0]]
[2021.11.21-20.35.02:234][  0]LogConfig: Setting CVar [[r.SceneColorFormat:4]]
[2021.11.21-20.35.02:234][  0]LogConfig: Setting CVar [[r.DetailMode:2]]
[2021.11.21-20.35.02:234][  0]LogConfig: Setting CVar [[r.TranslucencyVolumeBlur:1]]
[2021.11.21-20.35.02:234][  0]LogConfig: Setting CVar [[r.MaterialQualityLevel:1 ; High quality]]
[2021.11.21-20.35.02:234][  0]LogConfig: Setting CVar [[r.AnisotropicMaterials:1]]
[2021.11.21-20.35.02:234][  0]LogConfig: Setting CVar [[r.SSS.Scale:1]]
[2021.11.21-20.35.02:234][  0]LogConfig: Setting CVar [[r.SSS.SampleSet:2]]
[2021.11.21-20.35.02:234][  0]LogConfig: Setting CVar [[r.SSS.Quality:1]]
[2021.11.21-20.35.02:234][  0]LogConfig: Setting CVar [[r.SSS.HalfRes:0]]
[2021.11.21-20.35.02:234][  0]LogConfig: Setting CVar [[r.SSGI.Quality:3]]
[2021.11.21-20.35.02:234][  0]LogConfig: Setting CVar [[r.EmitterSpawnRateScale:1.0]]
[2021.11.21-20.35.02:234][  0]LogConfig: Setting CVar [[r.ParticleLightQuality:2]]
[2021.11.21-20.35.02:234][  0]LogConfig: Setting CVar [[r.SkyAtmosphere.AerialPerspectiveLUT.FastApplyOnOpaque:1 ; Always have FastSkyLUT 1 in this case to avoid wrong sky]]
[2021.11.21-20.35.02:234][  0]LogConfig: Setting CVar [[r.SkyAtmosphere.AerialPerspectiveLUT.SampleCountMaxPerSlice:4]]
[2021.11.21-20.35.02:234][  0]LogConfig: Setting CVar [[r.SkyAtmosphere.AerialPerspectiveLUT.DepthResolution:16.0]]
[2021.11.21-20.35.02:234][  0]LogConfig: Setting CVar [[r.SkyAtmosphere.FastSkyLUT:1]]
[2021.11.21-20.35.02:234][  0]LogConfig: Setting CVar [[r.SkyAtmosphere.FastSkyLUT.SampleCountMin:4.0]]
[2021.11.21-20.35.02:234][  0]LogConfig: Setting CVar [[r.SkyAtmosphere.FastSkyLUT.SampleCountMax:128.0]]
[2021.11.21-20.35.02:234][  0]LogConfig: Setting CVar [[r.SkyAtmosphere.SampleCountMin:4.0]]
[2021.11.21-20.35.02:234][  0]LogConfig: Setting CVar [[r.SkyAtmosphere.SampleCountMax:128.0]]
[2021.11.21-20.35.02:234][  0]LogConfig: Setting CVar [[r.SkyAtmosphere.TransmittanceLUT.UseSmallFormat:0]]
[2021.11.21-20.35.02:234][  0]LogConfig: Setting CVar [[r.SkyAtmosphere.TransmittanceLUT.SampleCount:10.0]]
[2021.11.21-20.35.02:234][  0]LogConfig: Setting CVar [[r.SkyAtmosphere.MultiScatteringLUT.SampleCount:15.0]]
[2021.11.21-20.35.02:234][  0]LogConfig: Setting CVar [[r.SkyLight.RealTimeReflectionCapture:1]]
[2021.11.21-20.35.02:234][  0]LogConfig: Applying CVar settings from Section [FoliageQuality@3] File [C:/Users/NV/Documents/Unreal Projects/IHW/Saved/Config/Windows/Scalability.ini]
[2021.11.21-20.35.02:234][  0]LogConfig: Setting CVar [[foliage.DensityScale:1.0]]
[2021.11.21-20.35.02:234][  0]LogConfig: Setting CVar [[grass.DensityScale:1.0]]
[2021.11.21-20.35.02:234][  0]LogConfig: Applying CVar settings from Section [ShadingQuality@3] File [C:/Users/NV/Documents/Unreal Projects/IHW/Saved/Config/Windows/Scalability.ini]
[2021.11.21-20.35.02:234][  0]LogConfig: Setting CVar [[r.HairStrands.SkyLighting.IntegrationType:2]]
[2021.11.21-20.35.02:234][  0]LogConfig: Setting CVar [[r.HairStrands.SkyAO.SampleCount:4]]
[2021.11.21-20.35.02:234][  0]LogConfig: Setting CVar [[r.HairStrands.Visibility.MSAA.SamplePerPixel:4]]
[2021.11.21-20.35.02:234][  0]LogConfig: Applying CVar settings from Section [Startup] File [../../../Engine/Config/ConsoleVariables.ini]
[2021.11.21-20.35.02:235][  0]LogConfig: Setting CVar [[net.UseAdaptiveNetUpdateFrequency:0]]
[2021.11.21-20.35.02:235][  0]LogConfig: Setting CVar [[p.chaos.AllowCreatePhysxBodies:1]]
[2021.11.21-20.35.02:235][  0]LogConfig: Setting CVar [[fx.SkipVectorVMBackendOptimizations:1]]
[2021.11.21-20.35.02:235][  0]LogConfig: Applying CVar settings from Section [ConsoleVariables] File [C:/Users/NV/Documents/Unreal Projects/IHW/Saved/Config/Windows/Engine.ini]
[2021.11.21-20.35.02:235][  0]LogConfig: Applying CVar settings from Section [ConsoleVariables] File [C:/Users/NV/Documents/Unreal Projects/IHW/Saved/Config/Windows/Editor.ini]
[2021.11.21-20.35.02:235][  0]LogInit: Computer: NV-PC
[2021.11.21-20.35.02:235][  0]LogInit: User: NV
[2021.11.21-20.35.02:235][  0]LogInit: CPU Page size=4096, Cores=8
[2021.11.21-20.35.02:235][  0]LogInit: High frequency timer resolution =10.000000 MHz
[2021.11.21-20.35.02:235][  0]LogMemory: Memory total: Physical=15.9GB (16GB approx)
[2021.11.21-20.35.02:235][  0]LogMemory: Platform Memory Stats for Windows
[2021.11.21-20.35.02:235][  0]LogMemory: Process Physical Memory: 145.32 MB used, 145.32 MB peak
[2021.11.21-20.35.02:235][  0]LogMemory: Process Virtual Memory: 121.08 MB used, 121.08 MB peak
[2021.11.21-20.35.02:235][  0]LogMemory: Physical Memory: 9766.95 MB used,  6526.28 MB free, 16293.23 MB total
[2021.11.21-20.35.02:235][  0]LogMemory: Virtual Memory: 134211480.00 MB used,  6246.18 MB free, 134217728.00 MB total
[2021.11.21-20.35.02:240][  0]LogWindows: WindowsPlatformFeatures enabled
[2021.11.21-20.35.02:265][  0]LogInit: Physics initialised using underlying interface: PhysX
[2021.11.21-20.35.02:266][  0]LogInit: Using OS detected language (ru-RU).
[2021.11.21-20.35.02:266][  0]LogInit: Using OS detected locale (ru-RU).
[2021.11.21-20.35.02:268][  0]LogTextLocalizationManager: No specific localization for 'ru-RU' exists, so the 'ru' localization will be used.
[2021.11.21-20.35.02:269][  0]LogTextLocalizationResource: LocRes '../../../Engine/Content/Localization/Editor/ru/Editor.locres' could not be opened for reading!
[2021.11.21-20.35.02:269][  0]LogTextLocalizationResource: LocRes '../../../Engine/Content/Localization/EditorTutorials/ru/EditorTutorials.locres' could not be opened for reading!
[2021.11.21-20.35.02:269][  0]LogTextLocalizationResource: LocRes '../../../Engine/Content/Localization/Keywords/ru/Keywords.locres' could not be opened for reading!
[2021.11.21-20.35.02:269][  0]LogTextLocalizationResource: LocRes '../../../Engine/Content/Localization/Category/ru/Category.locres' could not be opened for reading!
[2021.11.21-20.35.02:270][  0]LogTextLocalizationResource: LocRes '../../../Engine/Content/Localization/ToolTips/ru/ToolTips.locres' could not be opened for reading!
[2021.11.21-20.35.02:270][  0]LogTextLocalizationResource: LocRes '../../../Engine/Content/Localization/PropertyNames/ru/PropertyNames.locres' could not be opened for reading!
[2021.11.21-20.35.02:270][  0]LogTextLocalizationResource: LocRes '../../../Engine/Content/Localization/Engine/ru/Engine.locres' could not be opened for reading!
[2021.11.21-20.35.02:278][  0]LogWindowsTextInputMethodSystem: Display: IME system deactivated.
[2021.11.21-20.35.02:313][  0]LogSlate: New Slate User Created.  User Index 0, Is Virtual User: 0
[2021.11.21-20.35.02:313][  0]LogSlate: Slate User Registered.  User Index 0, Is Virtual User: 0
[2021.11.21-20.35.02:332][  0]LogD3D11RHI: Loaded GFSDK_Aftermath_Lib.x64.dll
[2021.11.21-20.35.02:334][  0]LogHMD: Failed to initialize OpenVR with code 110
[2021.11.21-20.35.02:334][  0]LogD3D11RHI: D3D11 min allowed feature level: 11_0
[2021.11.21-20.35.02:334][  0]LogD3D11RHI: D3D11 max allowed feature level: 11_0
[2021.11.21-20.35.02:334][  0]LogD3D11RHI: D3D11 adapters:
[2021.11.21-20.35.02:418][  0]LogD3D11RHI:    0. 'NVIDIA GeForce GTX 1050 Ti' (Feature Level 11_0)
[2021.11.21-20.35.02:418][  0]LogD3D11RHI:       4018/0/8146 MB DedicatedVideo/DedicatedSystem/SharedSystem, Outputs:1, VendorId:0x10de
[2021.11.21-20.35.02:419][  0]LogD3D11RHI:    1. 'Microsoft Basic Render Driver' (Feature Level 11_0)
[2021.11.21-20.35.02:419][  0]LogD3D11RHI:       0/0/8146 MB DedicatedVideo/DedicatedSystem/SharedSystem, Outputs:0, VendorId:0x1414
[2021.11.21-20.35.02:419][  0]LogD3D11RHI: Chosen D3D11 Adapter:
[2021.11.21-20.35.02:419][  0]LogD3D11RHI:     Description : NVIDIA GeForce GTX 1050 Ti
[2021.11.21-20.35.02:419][  0]LogD3D11RHI:     VendorId    : 10de
[2021.11.21-20.35.02:419][  0]LogD3D11RHI:     DeviceId    : 1c82
[2021.11.21-20.35.02:419][  0]LogD3D11RHI:     SubSysId    : 372a1458
[2021.11.21-20.35.02:419][  0]LogD3D11RHI:     Revision    : 00a1
[2021.11.21-20.35.02:419][  0]LogD3D11RHI:     DedicatedVideoMemory : 4213178368 bytes
[2021.11.21-20.35.02:419][  0]LogD3D11RHI:     DedicatedSystemMemory : 0 bytes
[2021.11.21-20.35.02:419][  0]LogD3D11RHI:     SharedSystemMemory : 8542347264 bytes
[2021.11.21-20.35.02:419][  0]LogD3D11RHI:     AdapterLuid : 0 61664
[2021.11.21-20.35.02:429][  0]LogD3D11RHI: Creating new Direct3DDevice
[2021.11.21-20.35.02:429][  0]LogD3D11RHI:     GPU DeviceId: 0x1c82 (for the marketing name, search the web for "GPU Device Id")
[2021.11.21-20.35.02:429][  0]LogWindows: EnumDisplayDevices:
[2021.11.21-20.35.02:429][  0]LogWindows:    0. 'NVIDIA GeForce GTX 1050 Ti' (P:1 D:1)
[2021.11.21-20.35.02:429][  0]LogWindows:    1. 'NVIDIA GeForce GTX 1050 Ti' (P:0 D:0)
[2021.11.21-20.35.02:429][  0]LogWindows:    2. 'NVIDIA GeForce GTX 1050 Ti' (P:0 D:0)
[2021.11.21-20.35.02:429][  0]LogWindows:    3. 'NVIDIA GeForce GTX 1050 Ti' (P:0 D:0)
[2021.11.21-20.35.02:429][  0]LogWindows: DebugString: FoundDriverCount:4 
[2021.11.21-20.35.02:429][  0]LogD3D11RHI:     Adapter Name: NVIDIA GeForce GTX 1050 Ti
[2021.11.21-20.35.02:429][  0]LogD3D11RHI:   Driver Version: 460.89 (internal:27.21.14.6089, unified:460.89)
[2021.11.21-20.35.02:429][  0]LogD3D11RHI:      Driver Date: 12-11-2020
[2021.11.21-20.35.02:429][  0]LogRHI: Texture pool is 2812 MB (70% of 4018 MB)
[2021.11.21-20.35.02:429][  0]LogD3D11RHI: Creating D3DDevice using adapter:
[2021.11.21-20.35.02:429][  0]LogD3D11RHI:     Description : NVIDIA GeForce GTX 1050 Ti
[2021.11.21-20.35.02:429][  0]LogD3D11RHI:     VendorId    : 10de
[2021.11.21-20.35.02:429][  0]LogD3D11RHI:     DeviceId    : 1c82
[2021.11.21-20.35.02:429][  0]LogD3D11RHI:     SubSysId    : 372a1458
[2021.11.21-20.35.02:429][  0]LogD3D11RHI:     Revision    : 00a1
[2021.11.21-20.35.02:429][  0]LogD3D11RHI:     DedicatedVideoMemory : 4213178368 bytes
[2021.11.21-20.35.02:429][  0]LogD3D11RHI:     DedicatedSystemMemory : 0 bytes
[2021.11.21-20.35.02:429][  0]LogD3D11RHI:     SharedSystemMemory : 8542347264 bytes
[2021.11.21-20.35.02:429][  0]LogD3D11RHI:     AdapterLuid : 0 61664
[2021.11.21-20.35.02:496][  0]LogD3D11RHI: RHI has support for 64 bit atomics
[2021.11.21-20.35.02:496][  0]LogD3D11RHI: Async texture creation enabled
[2021.11.21-20.35.02:496][  0]LogD3D11RHI: Array index from any shader is supported
[2021.11.21-20.35.02:497][  0]LogD3D11RHI: HDR output is supported on display 0 (NvId: 0x80061081).
[2021.11.21-20.35.02:513][  0]LogD3D11RHI: GPU Timing Frequency: 1000.000000 (Debug: 2 1)
[2021.11.21-20.35.02:530][  0]LogRHI: GeForceNow SDK initialized: 1
[2021.11.21-20.35.02:712][  0]LogTargetPlatformManager: Display: Loaded TargetPlatform 'WindowsNoEditor'
[2021.11.21-20.35.02:715][  0]LogTargetPlatformManager: Display: Loaded TargetPlatform 'Windows'
[2021.11.21-20.35.02:718][  0]LogTargetPlatformManager: Display: Loaded TargetPlatform 'WindowsClient'
[2021.11.21-20.35.02:721][  0]LogTargetPlatformManager: Display: Loaded TargetPlatform 'WindowsServer'
[2021.11.21-20.35.02:721][  0]LogTargetPlatformManager: Display: Building Assets For Windows
[2021.11.21-20.35.02:725][  0]LogAudioDebug: Display: Lib vorbis DLL was dynamically loaded.
[2021.11.21-20.35.02:744][  0]LogTextureFormatOodle: Display: Oodle Texture 2.9.0 init RDO Off
[2021.11.21-20.35.02:764][  0]LogRendererCore: Ray tracing is disabled. Reason: r.RayTracing=0.
[2021.11.21-20.35.02:764][  0]LogShaderCompilers: Guid format shader working directory is 2 characters bigger than the processId version (C:/Users/NV/Documents/Unreal Projects/IHW/Intermediate/Shaders/WorkingDirectory/8492/).
[2021.11.21-20.35.02:764][  0]LogShaderCompilers: Cleaned the shader compiler working directory 'C:/Users/NV/AppData/Local/Temp/UnrealShaderWorkingDir/67D9EE434B4D8F355B191D90DD4286EF/'.
[2021.11.21-20.35.02:764][  0]LogXGEController: Cannot use XGE Controller as Incredibuild is not installed on this machine.
[2021.11.21-20.35.02:764][  0]LogShaderCompilers: Cannot use XGE Shader Compiler as Incredibuild is not installed on this machine.
[2021.11.21-20.35.02:764][  0]LogShaderCompilers: Display: Using Local Shader Compiler.
[2021.11.21-20.35.03:305][  0]LogDerivedDataCache: Display: Max Cache Size: 512 MB
[2021.11.21-20.35.03:354][  0]LogDerivedDataCache: Loaded boot cache 0.05s 94MB C:/Users/NV/AppData/Local/UnrealEngine/4.27/DerivedDataCache/Boot.ddc.
[2021.11.21-20.35.03:354][  0]LogDerivedDataCache: Display: Loaded Boot cache: C:/Users/NV/AppData/Local/UnrealEngine/4.27/DerivedDataCache/Boot.ddc
[2021.11.21-20.35.03:354][  0]LogDerivedDataCache: FDerivedDataBackendGraph:  Pak pak cache file C:/Users/NV/Documents/Unreal Projects/IHW/DerivedDataCache/DDC.ddp not found, will not use a pak cache.
[2021.11.21-20.35.03:354][  0]LogDerivedDataCache: Unable to find inner node Pak for hierarchical cache Hierarchy.
[2021.11.21-20.35.03:354][  0]LogDerivedDataCache: FDerivedDataBackendGraph:  CompressedPak pak cache file C:/Users/NV/Documents/Unreal Projects/IHW/DerivedDataCache/Compressed.ddp not found, will not use a pak cache.
[2021.11.21-20.35.03:354][  0]LogDerivedDataCache: Unable to find inner node CompressedPak for hierarchical cache Hierarchy.
[2021.11.21-20.35.03:369][  0]LogDerivedDataCache: Display: Pak cache opened for reading ../../../Engine/DerivedDataCache/Compressed.ddp.
[2021.11.21-20.35.03:369][  0]LogDerivedDataCache: FDerivedDataBackendGraph:  EnterprisePak pak cache file ../../../Enterprise/DerivedDataCache/Compressed.ddp not found, will not use a pak cache.
[2021.11.21-20.35.03:369][  0]LogDerivedDataCache: Unable to find inner node EnterprisePak for hierarchical cache Hierarchy.
[2021.11.21-20.35.03:374][  0]LogDerivedDataCache: Speed tests for C:/Users/NV/AppData/Local/UnrealEngine/Common/DerivedDataCache took 0.00 seconds
[2021.11.21-20.35.03:374][  0]LogDerivedDataCache: Display: Performance to C:/Users/NV/AppData/Local/UnrealEngine/Common/DerivedDataCache: Latency=0.02ms. RandomReadSpeed=1907.05MBs, RandomWriteSpeed=232.57MBs. Assigned SpeedClass 'Local'
[2021.11.21-20.35.03:375][  0]LogDerivedDataCache: Using Local data cache path C:/Users/NV/AppData/Local/UnrealEngine/Common/DerivedDataCache: Writable
[2021.11.21-20.35.03:375][  0]LogDerivedDataCache: Shared data cache path not found in *engine.ini, will not use an Shared cache.
[2021.11.21-20.35.03:375][  0]LogDerivedDataCache: Unable to find inner node Shared for hierarchical cache Hierarchy.
[2021.11.21-20.35.03:403][  0]LogSlate: Using FreeType 2.10.0
[2021.11.21-20.35.03:403][  0]LogSlate: SlateFontServices - WITH_FREETYPE: 1, WITH_HARFBUZZ: 1
[2021.11.21-20.35.03:460][  0]LogInit: Using OS detected language (ru-RU).
[2021.11.21-20.35.03:461][  0]LogInit: Using OS detected locale (ru-RU).
[2021.11.21-20.35.03:461][  0]LogTextLocalizationManager: No localization for 'ru-RU' exists, so 'en' will be used for the language.
[2021.11.21-20.35.03:461][  0]LogTextLocalizationManager: No localization for 'ru-RU' exists, so 'en' will be used for the locale.
[2021.11.21-20.35.03:461][  0]LogSlate: FontCache flush requested. Reason: Culture for localization was changed
[2021.11.21-20.35.03:461][  0]LogSlate: FontCache flush requested. Reason: Culture for localization was changed
[2021.11.21-20.35.03:464][  0]LogAssetRegistry: FAssetRegistry took 0.0021 seconds to start up
[2021.11.21-20.35.03:586][  0]LogTextLocalizationManager: Compacting localization data took   0.00ms
[2021.11.21-20.35.03:586][  0]LogPackageLocalizationCache: Processed 27 localized package path(s) for 1 prioritized culture(s) in 0.000747 seconds
[2021.11.21-20.35.03:629][  0]LogInit: Selected Device Profile: [Windows]
[2021.11.21-20.35.03:629][  0]LogInit: Active device profile: [000001A3F04C8F00][000001A3E3FB5840 49] Windows
[2021.11.21-20.35.03:629][  0]LogInit: Profiles: [000001A3F04C8F00][000001A3E3FB5840 49] Windows, [000001A3F048A400][000001A3E52199C0 49] WindowsNoEditor, [000001A3F04C9F00][000001A3E521DB40 49] WindowsServer, [000001A3F0489800][000001A3E5220140 49] WindowsClient, [000001A3F04C9200][000001A3E52242C0 49] IOS, [000001A3F048BA00][000001A3E5228440 49] iPadAir, [000001A3F04CB300][000001A3E522C5C0 49] iPadAir2, [000001A3F0425300][000001A3E5234880 49] IPadPro, [000001A3F0425400][000001A3E52308C0 49] iPadAir3, [000001A3F0488B00][000001A3E5238A40 49] iPadAir4, [000001A3F0426100][000001A3E523CBC0 49] iPadMini2, [000001A3F048B400][000001A3E5240D40 49] iPadMini3, [000001A3F0426C00][000001A3E5244EC0 49] iPadMini4, [000001A3F048A600][000001A3E5249040 49] iPadMini5, [000001A3F0430E00][000001A3E56D1300 49] iPhone6, [000001A3F0430F00][000001A3E524D340 49] iPodTouch6, [000001A3F04CB700][000001A3E3FB15C0 49] iPhone7, [000001A3F04CA800][000001A3E56D5600 49] iPodTouch7, [000001A3F0424C00][000001A3E56D9740 49] iPhone5S, [000001A3F04C9700][000001A3E56DD880 49] iPhone6Plus, [000001A3F0426A00][000001A3E56E5A00 49] iPhone6S, [000001A3F04C9A00][000001A3E56E9B80 49] iPhone6SPlus, [000001A3F0430100][000001A3E56EC180 49] iPhone7Plus, [000001A3F0425D00][000001A3E56F0300 49] iPhoneSE, [000001A3F0430C00][000001A3E56F4480 49] iPhone8, [000001A3F0424400][000001A3E56F8600 49] iPhone8Plus, [000001A3F0432A00][000001A3E56FC780 49] iPhoneX, [000001A3F0427C00][000001A3E5700900 49] iPhoneXS, [000001A3F0432900][000001A3E5704A80 49] iPhoneXSMax, [000001A3F0424B00][000001A3E5708C00 49] iPhoneXR, [000001A3F04CB800][000001A3E570CD80 49] iPhone11, [000001A3F0427D00][000001A3E5710F00 49] iPhone11Pro, [000001A3F04C9B00][000001A3E5715080 49] iPhone11ProMax, [000001A3F0426300][000001A3E5719200 49] iPhoneSE2, [000001A3F04C9E00][000001A3E571D380 49] iPhone12Mini, [000001A3F0427000][000001A3E5721500 49] iPhone12, [000001A3F04CB400][000001A3E5725680 49] iPhone12Pro, [000001A3F0424D00][000001A3E56E17C0 49] iPhone12ProMax, [000001A3F04CBC00][000001A3E5729900 49] iPadPro105, [000001A3F0427700][000001A3E572DA40 49] iPadPro129, [000001A3F04C9800][000001A3EFADDBC0 49] iPadPro97, [000001A3F0424900][000001A3EFAE01C0 49] iPadPro2_129, [000001A3F04C8800][000001A3EFAE4340 49] iPad5, [000001A3F0425000][000001A3EFAE84C0 49] iPad6, [000001A3F04CBD00][000001A3EFAEC640 49] iPad7, [000001A3F0426B00][000001A3EFAF07C0 49] iPad8, [000001A3F04C9300][000001A3EFAF4940 49] iPadPro11, [000001A3F0425900][000001A3EFAF8AC0 49] iPadPro2_11, [000001A3F04C8900][000001A3EFAFCC40 49] iPadPro3_129, [000001A3F0426800][000001A3EFB00DC0 49] iPadPro4_129, [000001A3F04CAE00][000001A3EFB04F40 49] AppleTV, [000001A3F0425A00][000001A3EFB090C0 49] AppleTV4K, [000001A3F04C8500][000001A3EFB0D240 49] TVOS, [000001A3F0427A00][000001A3EFB113C0 49] Mac, [000001A3F04CB500][000001A3EFB15540 49] MacClient, [000001A3F0425100][000001A3EFB196C0 49] MacNoEditor, [000001A3F04C9600][000001A3EFB1D840 49] MacServer, [000001A3F0426700][000001A3EFAD9980 49] Linux, [000001A3F04CB200][000001A3EFB21AC0 49] LinuxAArch64, [000001A3F0426D00][000001A3EFB25C00 49] LinuxNoEditor, [000001A3F04CB100][000001A3EFB281C0 49] LinuxAArch64NoEditor, [000001A3F0426F00][000001A3EFB30340 49] LinuxClient, [000001A3F04C9000][000001A3EFB344C0 49] LinuxAArch64Client, [000001A3F0426200][000001A3EFB38640 49] LinuxServer, [000001A3F04C9400][000001A3EFB3C7C0 49] LinuxAArch64Server, [000001A3F0426500][000001A3EFB40940 49] Android, [000001A3F04CBA00][000001A3EFB44AC0 49] Android_Low, [000001A3F0427200][000001A3EFB48C40 49] Android_Mid, [000001A3F04C9100][000001A3EFB4CDC0 49] Android_High, [000001A3F0426000][000001A3EFB50F40 49] Android_Default, [000001A3F04CAB00][000001A3EFB550C0 49] Android_Adreno4xx, [000001A3F0424600][000001A3EFB59240 49] Android_Adreno5xx_Low, [000001A3F04CBB00][000001A3EFB5D3C0 49] Android_Adreno5xx, [000001A3F0425C00][000001A3EFB61540 49] Android_Adreno6xx, [000001A3F04C8100][000001A3EFB656C0 49] Android_Adreno6xx_Vulkan, [000001A3F0425600][000001A3EFB69840 49] Android_Mali_T6xx, [000001A3F04CAD00][000001A3EFB6D9C0 49] Android_Mali_T7xx, [000001A3F0489400][000001A3EFB2DB00 49] Android_Mali_T8xx, [000001A3F0430300][000001A3EFB700C0 49] Android_Mali_G71, [000001A3F0488600][000001A3EFB74200 49] Android_Mali_G72, [000001A3F0430600][000001A3EFB78340 49] Android_Mali_G72_Vulkan, [000001A3F0489000][000001A3EFB804C0 49] Android_Mali_G76, [000001A3F0430700][000001A3EFB84640 49] Android_Mali_G76_Vulkan, [000001A3F048A000][000001A3EFB887C0 49] Android_Mali_G77, [000001A3F0432F00][000001A3EFB8C940 49] Android_Mali_G77_Vulkan, [000001A3F0488E00][000001A3EFB90AC0 49] Android_Mali_G78, [000001A3F0433100][000001A3EFB94C40 49] Android_Mali_G78_Vulkan, [000001A3F0489900][000001A3EFB98DC0 49] Android_Mali_G710, [000001A3F0431B00][000001A3EFB9CF40 49] Android_Mali_G710_Vulkan, [000001A3F048B600][000001A3EFBA10C0 49] Android_Vulkan_SM5, [000001A3F0433500][000001A3EFBA5240 49] Android_PowerVR_G6xxx, [000001A3F0489A00][000001A3EFBA93C0 49] Android_PowerVR_GT7xxx, [000001A3F0431D00][000001A3EFBAD540 49] Android_PowerVR_GE8xxx, [000001A3F048AD00][000001A3EFBB16C0 49] Android_PowerVR_GM9xxx, [000001A3F0430800][000001A3EFBB5840 49] Android_PowerVR_GM9xxx_Vulkan, [000001A3F048B100][000001A3EFBB99C0 49] Android_TegraK1, [000001A3F0431400][000001A3EFBBDB40 49] Android_Unknown_Vulkan, [000001A3F048A300][000001A3E3F30140 49] Lumin, [000001A3F0433C00][000001A3EFB7C280 49] Lumin_Desktop, [000001A3F048AB00][000001A3E3F343C0 49] HoloLens, 
[2021.11.21-20.35.03:656][  0]LogMeshReduction: Using QuadricMeshReduction for automatic static mesh reduction
[2021.11.21-20.35.03:656][  0]LogMeshReduction: Using SimplygonMeshReduction for automatic skeletal mesh reduction
[2021.11.21-20.35.03:656][  0]LogMeshReduction: Using ProxyLODMeshReduction for automatic mesh merging
[2021.11.21-20.35.03:656][  0]LogMeshReduction: No distributed automatic mesh merging module available
[2021.11.21-20.35.03:656][  0]LogMeshMerging: No distributed automatic mesh merging module available
[2021.11.21-20.35.03:735][  0]LogNetVersion: IHW 1.0.0, NetCL: 17155196, EngineNetVer: 17, GameNetVer: 0 (Checksum: 85387044)
[2021.11.21-20.35.03:893][  0]LogTexture: Default maximum texture size for cubemaps generated from long-lat sources has been changed from 512 to unlimited. In order to preserve old behaiour for '/Engine/MapTemplates/Sky/DaylightAmbientCubemap.DaylightAmbientCubemap', its maximum texture size has been explicitly set to 512.
[2021.11.21-20.35.03:934][  0]LogHMD: PokeAHoleMaterial loaded successfully
[2021.11.21-20.35.04:002][  0]LogMoviePlayer: Initializing movie player
[2021.11.21-20.35.04:076][  0]LogNiagaraDebuggerClient: Niagara Debugger Client Initialized | Session: B964083C4FD6E5835E18839EA4D913A0 | Instance: 5DD7C4DC449663F0D76D089F736D0186 (NV-PC-8492).
[2021.11.21-20.35.04:089][  0]LogCollectionManager: Loaded 0 collections in 0.000550 seconds
[2021.11.21-20.35.04:090][  0]LogFileCache: Scanning file cache for directory 'C:/Users/NV/Documents/Unreal Projects/IHW/Saved/Collections/' took 0.00s
[2021.11.21-20.35.04:090][  0]LogFileCache: Scanning file cache for directory 'C:/Users/NV/Documents/Unreal Projects/IHW/Content/Developers/NV/Collections/' took 0.00s
[2021.11.21-20.35.04:090][  0]LogFileCache: Scanning file cache for directory 'C:/Users/NV/Documents/Unreal Projects/IHW/Content/Collections/' took 0.00s
[2021.11.21-20.35.04:090][  0]LogCollectionManager: Fixed up redirectors for 0 collections in 0.000001 seconds (updated 0 objects)
[2021.11.21-20.35.04:160][  0]LogImageWrapper: Warning: PNG Warning: Duplicate iCCP chunk
[2021.11.21-20.35.04:160][  0]LogImageWrapper: Warning: PNG Warning: Duplicate iCCP chunk
[2021.11.21-20.35.04:160][  0]LogTcpMessaging: Initializing TcpMessaging bridge
[2021.11.21-20.35.04:163][  0]LogUdpMessaging: Initializing bridge on interface 0.0.0.0:0 to multicast group 230.0.0.1:6666.
[2021.11.21-20.35.04:174][  0]LogPython: Using Python 3.7.7
[2021.11.21-20.35.04:582][  0]SourceControl: Source control is disabled
[2021.11.21-20.35.04:582][  0]SourceControl: Source control is disabled
[2021.11.21-20.35.04:585][  0]SourceControl: Source control is disabled
[2021.11.21-20.35.04:591][  0]LogUProjectInfo: Found projects:
[2021.11.21-20.35.04:605][  0]LogOpenImageDenoise: OIDN starting up
[2021.11.21-20.35.04:609][  0]LogAndroidPermission: UAndroidPermissionCallbackProxy::GetInstance
[2021.11.21-20.35.04:619][  0]LogAudioCaptureCore: Display: No Audio Capture implementations found. Audio input will be silent.
[2021.11.21-20.35.04:619][  0]LogAudioCaptureCore: Display: No Audio Capture implementations found. Audio input will be silent.
[2021.11.21-20.35.04:665][  0]LogOcInput: OculusInput pre-init called
[2021.11.21-20.35.04:672][  0]LogUObjectArray: 22121 objects as part of root set at end of initial load.
[2021.11.21-20.35.04:672][  0]LogUObjectAllocator: 5975440 out of 0 bytes used by permanent object pool.
[2021.11.21-20.35.04:672][  0]LogUObjectArray: CloseDisregardForGC: 0/0 objects in disregard for GC pool
[2021.11.21-20.35.04:708][  0]LogEngine: Initializing Engine...
[2021.11.21-20.35.04:709][  0]LogHMD: Failed to enumerate extensions. Please check that you have a valid OpenXR runtime installed.
[2021.11.21-20.35.04:709][  0]LogHMD: Failed to initialize OpenVR with code 110
[2021.11.21-20.35.04:709][  0]LogMagicLeap: Warning: VR disabled because ZI is not enabled.  To enable, in the editor, Edit -> Project Settings -> Plugins -> Magic Leap Plugin -> Enable Zero Iteration
[2021.11.21-20.35.04:710][  0]LogStats: UGameplayTagsManager::InitializeManager -  0.000 s
[2021.11.21-20.35.04:773][  0]LogInit: Initializing FReadOnlyCVARCache
[2021.11.21-20.35.04:773][  0]LogAudio: Display: Initializing Audio Device Manager...
[2021.11.21-20.35.04:777][  0]LogAudio: Display: Loading Default Audio Settings Objects...
[2021.11.21-20.35.04:777][  0]LogAudio: Display: No default SoundConcurrencyObject specified (or failed to load).
[2021.11.21-20.35.04:777][  0]LogAudio: Display: Audio Device Manager Initialized
[2021.11.21-20.35.04:777][  0]LogAudio: Display: Creating Audio Device:                 Id: 1, Scope: Shared, Realtime: True
[2021.11.21-20.35.04:777][  0]LogAudioMixer: Display: Audio Mixer Platform Settings:
[2021.11.21-20.35.04:777][  0]LogAudioMixer: Display: 	Sample Rate:						  48000
[2021.11.21-20.35.04:777][  0]LogAudioMixer: Display: 	Callback Buffer Frame Size Requested: 1024
[2021.11.21-20.35.04:777][  0]LogAudioMixer: Display: 	Callback Buffer Frame Size To Use:	  1024
[2021.11.21-20.35.04:777][  0]LogAudioMixer: Display: 	Number of buffers to queue:			  2
[2021.11.21-20.35.04:777][  0]LogAudioMixer: Display: 	Max Channels (voices):				  32
[2021.11.21-20.35.04:777][  0]LogAudioMixer: Display: 	Number of Async Source Workers:		  0
[2021.11.21-20.35.04:777][  0]LogAudio: Display: AudioDevice MaxSources: 32
[2021.11.21-20.35.04:778][  0]LogAudio: Display: Audio Spatialization Plugin: None (built-in).
[2021.11.21-20.35.04:778][  0]LogAudio: Display: Audio Reverb Plugin: None (built-in).
[2021.11.21-20.35.04:778][  0]LogAudio: Display: Audio Occlusion Plugin: None (built-in).
[2021.11.21-20.35.04:778][  0]LogAudioMixer: Display: Initializing audio mixer.
[2021.11.21-20.35.04:789][  0]LogAudioMixer: Display: 0: FrontLeft
[2021.11.21-20.35.04:790][  0]LogAudioMixer: Display: 1: FrontRight
[2021.11.21-20.35.04:805][  0]LogAudioMixer: Display: Using Audio Device Динамики (3- Realtek(R) Audio)
[2021.11.21-20.35.04:809][  0]LogAudioMixer: Display: Initializing Sound Submixes...
[2021.11.21-20.35.04:811][  0]LogAudioMixer: Display: Creating Master Submix 'MasterSubmixDefault'
[2021.11.21-20.35.04:811][  0]LogAudioMixer: Display: Creating Master Submix 'MasterReverbSubmixDefault'
[2021.11.21-20.35.04:812][  0]LogAudioMixer: Display: Creating Master Submix 'MasterEQSubmixDefault'
[2021.11.21-20.35.04:812][  0]LogAudioMixer: FMixerPlatformXAudio2::StartAudioStream() called
[2021.11.21-20.35.04:812][  0]LogAudioMixer: Display: Output buffers initialized: Frames=1024, Channels=2, Samples=2048
[2021.11.21-20.35.04:812][  0]LogAudioMixer: Display: Starting AudioMixerPlatformInterface::RunInternal()
[2021.11.21-20.35.04:812][  0]LogAudioMixer: Display: FMixerPlatformXAudio2::SubmitBuffer() called for the first time
[2021.11.21-20.35.04:812][  0]LogInit: FAudioDevice initialized.
[2021.11.21-20.35.04:813][  0]LogNetVersion: Set ProjectVersion to 1.0.0.0. Version Checksum will be recalculated on next use.
[2021.11.21-20.35.04:814][  0]LogInit: Texture streaming: Enabled
[2021.11.21-20.35.04:858][  0]LogAudio: Display: Audio Device (ID: 1) registered with world 'Untitled'.
[2021.11.21-20.35.04:858][  0]LogSlate: Updating window title bar state: overlay mode, drag disabled, window buttons hidden, title bar hidden
[2021.11.21-20.35.04:859][  0]LogInit: Display: Game Engine Initialized.
[2021.11.21-20.35.04:859][  0]LogNiagaraEditor: GEditor isn't valid! Particle reset commands will not work for Niagara components!
[2021.11.21-20.35.04:933][  0]LogImageWrapper: Warning: PNG Warning: Duplicate iCCP chunk
[2021.11.21-20.35.04:933][  0]LogImageWrapper: Warning: PNG Warning: Duplicate iCCP chunk
[2021.11.21-20.35.04:933][  0]LogInit: Display: Starting Game.
[2021.11.21-20.35.04:933][  0]LogNet: Browse: /Game/Procedural/ProceduralLevel?Name=Player
[2021.11.21-20.35.04:933][  0]LogLoad: LoadMap: /Game/Procedural/ProceduralLevel?Name=Player
[2021.11.21-20.35.04:933][  0]LogWorld: BeginTearingDown for /Temp/Untitled_0
[2021.11.21-20.35.04:934][  0]LogWorld: UWorld::CleanupWorld for Untitled, bSessionEnded=true, bCleanupResources=true
[2021.11.21-20.35.04:934][  0]LogSlate: InvalidateAllWidgets triggered.  All widgets were invalidated
[2021.11.21-20.35.04:963][  0]LogAudio: Display: Audio Device unregistered from world 'None'.
[2021.11.21-20.35.04:965][  0]LogUObjectHash: Compacting FUObjectHashTables data took   0.61ms
[2021.11.21-20.35.05:108][  0]LogAudio: Display: Audio Device (ID: 1) registered with world 'ProceduralLevel'.
[2021.11.21-20.35.05:114][  0]LogAIModule: Creating AISystem for world ProceduralLevel
[2021.11.21-20.35.05:114][  0]LogLoad: Game class is 'ThirdPersonGameMode_C'
[2021.11.21-20.35.05:125][  0]LogWorld: Bringing World /Game/Procedural/ProceduralLevel.ProceduralLevel up for play (max tick rate 0) at 2021.11.21-23.35.05
[2021.11.21-20.35.05:125][  0]LogWorld: Bringing up level for play took: 0.010098
[2021.11.21-20.35.05:127][  0]LogLoad: Took 0.193237 seconds to LoadMap(/Game/Procedural/ProceduralLevel)
[2021.11.21-20.35.05:210][  0]LogSlate: Took 0.000107 seconds to synchronously load lazily loaded font '../../../Engine/Content/Slate/Fonts/Roboto-Regular.ttf' (155K)
[2021.11.21-20.35.05:251][  0]LogRenderer: Reallocating scene render targets to support 1280x720 Format 10 NumSamples 1 (Frame:1).
[2021.11.21-20.35.05:251][  0]LogUObjectGlobals: BeginLoad(/Engine/EditorResources/SequenceRecorder/Countdown) is flushing async loading
[2021.11.21-20.35.05:251][  0]LogStreaming: Display: FlushAsyncLoading: 3 QueuedPackages, 0 AsyncPackages
[2021.11.21-20.35.05:268][  0]LogInit: Display: Engine is initialized. Leaving FEngineLoop::Init()
[2021.11.21-20.35.05:268][  0]LogLoad: (Engine Initialization) Total time: 3.76 seconds
[2021.11.21-20.35.05:268][  0]LogLoad: (Engine Initialization) Total Blueprint compile time: 0.00 seconds
[2021.11.21-20.35.05:271][  0]LogContentStreaming: Texture pool size now 1000 MB
[2021.11.21-20.35.05:273][  0]LogSlate: InvalidateAllWidgets triggered.  All widgets were invalidated
[2021.11.21-20.35.05:310][  0]LogRenderer: Reallocating scene render targets to support 128x128 Format 10 NumSamples 1 (Frame:1).
[2021.11.21-20.35.05:333][  0]LogRenderer: Reallocating scene render targets to support 1280x720 Format 10 NumSamples 1 (Frame:2).
[2021.11.21-20.35.05:343][  1]LogSlate: Took 0.000089 seconds to synchronously load lazily loaded font '../../../Engine/Content/Slate/Fonts/Roboto-Regular.ttf' (155K)
