Log file open, 11/21/21 23:35:10
LogWindows: Failed to load 'aqProf.dll' (GetLastError=126)
LogWindows: File 'aqProf.dll' does not exist
LogWindows: Failed to load 'VtuneApi.dll' (GetLastError=126)
LogWindows: File 'VtuneApi.dll' does not exist
LogWindows: Failed to load 'VtuneApi32e.dll' (GetLastError=126)
LogWindows: File 'VtuneApi32e.dll' does not exist
LogConsoleResponse: Display: Failed to find resolution value strings in scalability ini. Falling back to default.
LogConsoleResponse: Display: Failed to find resolution value strings in scalability ini. Falling back to default.
LogInit: Display: Running engine for game: IHW
LogPlatformFile: Not using cached read wrapper
LogTaskGraph: Started task graph with 5 named threads and 47 total threads with 3 sets of task threads.
LogStats: Stats thread started at 0.187431
LogICUInternationalization: ICU TimeZone Detection - Raw Offset: +3:00, Platform Override: ''
LogInit: Display: Loading text-based GConfig....
LogPluginManager: Mounting plugin MeshPainting
LogPluginManager: Mounting plugin XGEController
LogPluginManager: Mounting plugin Paper2D
LogPluginManager: Mounting plugin LiveLink
LogPluginManager: Mounting plugin AISupport
LogPluginManager: Mounting plugin EnvironmentQueryEditor
LogPluginManager: Mounting plugin OodleData
LogPluginManager: Mounting plugin LightPropagationVolume
LogPluginManager: Mounting plugin CameraShakePreviewer
LogPluginManager: Mounting plugin GameplayCameras
LogPluginManager: Mounting plugin OodleNetwork
LogPluginManager: Mounting plugin DatasmithContent
LogPluginManager: Mounting plugin Niagara
LogPluginManager: Mounting plugin MagicLeap
LogPluginManager: Mounting plugin VariantManagerContent
LogPluginManager: Mounting plugin LuminPlatformFeatures
LogPluginManager: Mounting plugin MagicLeapLightEstimation
LogPluginManager: Mounting plugin MagicLeapMedia
LogPluginManager: Mounting plugin MagicLeapPassableWorld
LogPluginManager: Mounting plugin ImgMedia
LogPluginManager: Mounting plugin MediaCompositing
LogPluginManager: Mounting plugin AndroidMedia
LogPluginManager: Mounting plugin AvfMedia
LogPluginManager: Mounting plugin MediaPlayerEditor
LogPluginManager: Mounting plugin MLSDK
LogPluginManager: Mounting plugin WebMMedia
LogPluginManager: Mounting plugin ActorSequence
LogPluginManager: Mounting plugin MatineeToLevelSequence
LogPluginManager: Mounting plugin LevelSequenceEditor
LogPluginManager: Mounting plugin TemplateSequence
LogPluginManager: Mounting plugin UdpMessaging
LogPluginManager: Mounting plugin TcpMessaging
LogPluginManager: Mounting plugin WmfMedia
LogPluginManager: Mounting plugin LauncherChunkInstaller
LogPluginManager: Mounting plugin OnlineSubsystem
LogPluginManager: Mounting plugin OnlineSubsystemNull
LogPluginManager: Mounting plugin ActorLayerUtilities
LogPluginManager: Mounting plugin OnlineSubsystemUtils
LogPluginManager: Mounting plugin AndroidMoviePlayer
LogPluginManager: Mounting plugin AndroidDeviceProfileSelector
LogPluginManager: Mounting plugin AndroidPermission
LogPluginManager: Mounting plugin AppleImageUtils
LogPluginManager: Mounting plugin AppleMoviePlayer
LogPluginManager: Mounting plugin ArchVisCharacter
LogPluginManager: Mounting plugin AudioCapture
LogPluginManager: Mounting plugin AssetTags
LogPluginManager: Mounting plugin AudioSynesthesia
LogPluginManager: Mounting plugin CableComponent
LogPluginManager: Mounting plugin ChunkDownloader
LogPluginManager: Mounting plugin CustomMeshComponent
LogPluginManager: Mounting plugin ExampleDeviceProfileSelector
LogPluginManager: Mounting plugin EditableMesh
LogPluginManager: Mounting plugin GoogleCloudMessaging
LogPluginManager: Mounting plugin GooglePAD
LogPluginManager: Mounting plugin IOSDeviceProfileSelector
LogPluginManager: Mounting plugin LinuxDeviceProfileSelector
LogPluginManager: Mounting plugin LocationServicesBPLibrary
LogPluginManager: Mounting plugin OpenXR
LogPluginManager: Mounting plugin OpenXREyeTracker
LogPluginManager: Mounting plugin OpenXRHandTracking
LogPluginManager: Mounting plugin PhysXVehicles
LogPluginManager: Mounting plugin PostSplashScreen
LogPluginManager: Mounting plugin ProceduralMeshComponent
LogPluginManager: Mounting plugin SignificanceManager
LogPluginManager: Mounting plugin SoundFields
LogPluginManager: Mounting plugin MobilePatchingUtils
LogPluginManager: Mounting plugin RuntimePhysXCooking
LogPluginManager: Mounting plugin Synthesis
LogPluginManager: Mounting plugin WebMMoviePlayer
LogPluginManager: Mounting plugin PropertyAccessEditor
LogPluginManager: Mounting plugin WindowsMoviePlayer
LogPluginManager: Mounting plugin ScreenshotTools
LogPluginManager: Mounting plugin Takes
LogPluginManager: Mounting plugin AssetManagerEditor
LogPluginManager: Mounting plugin AnimationSharing
LogPluginManager: Mounting plugin CLionSourceCodeAccess
LogPluginManager: Mounting plugin CurveEditorTools
LogPluginManager: Mounting plugin DataValidation
LogPluginManager: Mounting plugin CryptoKeys
LogPluginManager: Mounting plugin FacialAnimation
LogPluginManager: Mounting plugin GameplayTagsEditor
LogPluginManager: Mounting plugin GeometryMode
LogPluginManager: Mounting plugin MacGraphicsSwitching
LogPluginManager: Mounting plugin MaterialAnalyzer
LogPluginManager: Mounting plugin MobileLauncherProfileWizard
LogPluginManager: Mounting plugin PluginBrowser
LogPluginManager: Mounting plugin CodeLiteSourceCodeAccess
LogPluginManager: Mounting plugin SpeedTreeImporter
LogPluginManager: Mounting plugin KDevelopSourceCodeAccess
LogPluginManager: Mounting plugin NullSourceCodeAccess
LogPluginManager: Mounting plugin GitSourceControl
LogPluginManager: Mounting plugin PixWinPlugin
LogPluginManager: Mounting plugin PlasticSourceControl
LogPluginManager: Mounting plugin PerforceSourceControl
LogPluginManager: Mounting plugin PluginUtils
LogPluginManager: Mounting plugin PropertyAccessNode
LogPluginManager: Mounting plugin RiderSourceCodeAccess
LogPluginManager: Mounting plugin SubversionSourceControl
LogPluginManager: Mounting plugin TextureFormatOodle
LogPluginManager: Mounting plugin UObjectPlugin
LogPluginManager: Mounting plugin VisualStudioCodeSourceCodeAccess
LogPluginManager: Mounting plugin XCodeSourceCodeAccess
LogPluginManager: Mounting plugin AlembicImporter
LogPluginManager: Mounting plugin VisualStudioSourceCodeAccess
LogPluginManager: Mounting plugin AutomationUtils
LogPluginManager: Mounting plugin BackChannel
LogPluginManager: Mounting plugin ChaosNiagara
LogPluginManager: Mounting plugin ChaosEditor
LogPluginManager: Mounting plugin ChaosCloth
LogPluginManager: Mounting plugin ChaosSolverPlugin
LogPluginManager: Mounting plugin ChaosClothEditor
LogPluginManager: Mounting plugin CharacterAI
LogPluginManager: Mounting plugin GeometryCache
LogPluginManager: Mounting plugin GeometryCollectionPlugin
LogPluginManager: Mounting plugin GeometryProcessing
LogPluginManager: Mounting plugin MotoSynth
LogPluginManager: Mounting plugin OpenImageDenoise
LogPluginManager: Mounting plugin PlanarCut
LogPluginManager: Mounting plugin PlatformCrypto
LogPluginManager: Mounting plugin ProxyLODPlugin
LogPluginManager: Mounting plugin PythonScriptPlugin
LogPluginManager: Mounting plugin SkeletalReduction
LogPluginManager: Mounting plugin OnlineSubsystemGooglePlay
LogPluginManager: Mounting plugin OnlineSubsystemIOS
LogPluginManager: Mounting plugin OculusVR
LogPluginManager: Mounting plugin SteamVR
LogPluginManager: Mounting plugin ContentBrowserAssetDataSource
LogPluginManager: Mounting plugin ContentBrowserClassDataSource
LogPluginManager: Mounting plugin ContentBrowserFileDataSource
LogInit: Using libcurl 7.55.1-DEV
LogInit:  - built for x86_64-pc-win32
LogInit:  - supports SSL with OpenSSL/1.1.1
LogInit:  - supports HTTP deflate (compression) using libz 1.2.8
LogInit:  - other features:
LogInit:      CURL_VERSION_SSL
LogInit:      CURL_VERSION_LIBZ
LogInit:      CURL_VERSION_IPV6
LogInit:      CURL_VERSION_ASYNCHDNS
LogInit:      CURL_VERSION_LARGEFILE
LogInit:      CURL_VERSION_IDN
LogInit:  CurlRequestOptions (configurable via config and command line):
LogInit:  - bVerifyPeer = true  - Libcurl will verify peer certificate
LogInit:  - bUseHttpProxy = false  - Libcurl will NOT use HTTP proxy
LogInit:  - bDontReuseConnections = false  - Libcurl will reuse connections
LogInit:  - MaxHostConnections = 16  - Libcurl will limit the number of connections to a host
LogInit:  - LocalHostAddr = Default
LogInit:  - BufferSize = 65536
LogOnline: OSS: Creating online subsystem instance for: NULL
LogInit: WinSock: version 1.1 (2.2), MaxSocks=32767, MaxUdp=65467
LogOnline: OSS: TryLoadSubsystemAndSetDefault: Loaded subsystem for module [NULL]
PixWinPlugin: PIX capture plugin failed to initialize! Check that the process is launched from PIX.
LogOculusPluginWrapper: OculusPlugin initialized successfully
LogHMD: Failed initializing OVRPlugin 1.59.0
LogInit: Build: ++UE4+Release-4.27-CL-17735300
LogInit: Engine Version: 4.27.1-17735300+++UE4+Release-4.27
LogInit: Compatible Engine Version: 4.27.0-17155196+++UE4+Release-4.27
LogInit: Net CL: 17155196
LogInit: OS: Windows 10 (Release 2009) (), CPU: AMD Ryzen 7 5800X 8-Core Processor             , GPU: NVIDIA GeForce GTX 1050 Ti
LogInit: Compiled (64-bit): Oct  6 2021 14:42:51
LogInit: Compiled with Visual C++: 19.24.28315.00
LogInit: Build Configuration: Development
LogInit: Branch Name: ++UE4+Release-4.27
LogInit: Command Line:  /Game/Procedural/ProceduralLevel -game -PIEVIACONSOLE -Multiprocess "GameUserSettingsINI=C:/Users/NV/Documents/Unreal Projects/IHW/Saved/Config/Windows/PIEGameUserSettings0.ini" -MultiprocessSaveConfig -forcepassthrough -messaging -SessionName="Play in Standalone Game" -windowed -ResX=1280 -ResY=720
LogInit: Base Directory: E:/EpicGames/UE_4.27/Engine/Binaries/Win64/
LogInit: Allocator: TBB
LogInit: Installed Engine Build: 1
LogDevObjectVersion: Number of dev versions registered: 29
LogDevObjectVersion:   Dev-Blueprints (B0D832E4-1F89-4F0D-ACCF-7EB736FD4AA2): 10
LogDevObjectVersion:   Dev-Build (E1C64328-A22C-4D53-A36C-8E866417BD8C): 0
LogDevObjectVersion:   Dev-Core (375EC13C-06E4-48FB-B500-84F0262A717E): 4
LogDevObjectVersion:   Dev-Editor (E4B068ED-F494-42E9-A231-DA0B2E46BB41): 40
LogDevObjectVersion:   Dev-Framework (CFFC743F-43B0-4480-9391-14DF171D2073): 37
LogDevObjectVersion:   Dev-Mobile (B02B49B5-BB20-44E9-A304-32B752E40360): 3
LogDevObjectVersion:   Dev-Networking (A4E4105C-59A1-49B5-A7C5-40C4547EDFEE): 0
LogDevObjectVersion:   Dev-Online (39C831C9-5AE6-47DC-9A44-9C173E1C8E7C): 0
LogDevObjectVersion:   Dev-Physics (78F01B33-EBEA-4F98-B9B4-84EACCB95AA2): 14
LogDevObjectVersion:   Dev-Platform (6631380F-2D4D-43E0-8009-CF276956A95A): 0
LogDevObjectVersion:   Dev-Rendering (12F88B9F-8875-4AFC-A67C-D90C383ABD29): 45
LogDevObjectVersion:   Dev-Sequencer (7B5AE74C-D270-4C10-A958-57980B212A5A): 13
LogDevObjectVersion:   Dev-VR (D7296918-1DD6-4BDD-9DE2-64A83CC13884): 3
LogDevObjectVersion:   Dev-LoadTimes (C2A15278-BFE7-4AFE-6C17-90FF531DF755): 1
LogDevObjectVersion:   Private-Geometry (6EACA3D4-40EC-4CC1-B786-8BED09428FC5): 3
LogDevObjectVersion:   Dev-AnimPhys (29E575DD-E0A3-4627-9D10-D276232CDCEA): 17
LogDevObjectVersion:   Dev-Anim (AF43A65D-7FD3-4947-9873-3E8ED9C1BB05): 15
LogDevObjectVersion:   Dev-ReflectionCapture (6B266CEC-1EC7-4B8F-A30B-E4D90942FC07): 1
LogDevObjectVersion:   Dev-Automation (0DF73D61-A23F-47EA-B727-89E90C41499A): 1
LogDevObjectVersion:   FortniteMain (601D1886-AC64-4F84-AA16-D3DE0DEAC7D6): 47
LogDevObjectVersion:   FortniteRelease (E7086368-6B23-4C58-8439-1B7016265E91): 1
LogDevObjectVersion:   Dev-Enterprise (9DFFBCD6-494F-0158-E221-12823C92A888): 10
LogDevObjectVersion:   Dev-Niagara (F2AED0AC-9AFE-416F-8664-AA7FFA26D6FC): 1
LogDevObjectVersion:   Dev-Destruction (174F1F0B-B4C6-45A5-B13F-2EE8D0FB917D): 10
LogDevObjectVersion:   Dev-Physics-Ext (35F94A83-E258-406C-A318-09F59610247C): 41
LogDevObjectVersion:   Dev-PhysicsMaterial-Chaos (B68FC16E-8B1B-42E2-B453-215C058844FE): 1
LogDevObjectVersion:   Dev-CineCamera (B2E18506-4273-CFC2-A54E-F4BB758BBA07): 1
LogDevObjectVersion:   Dev-VirtualProduction (64F58936-FD1B-42BA-BA96-7289D5D0FA4E): 1
LogDevObjectVersion:   Dev-MediaFramework (6F0ED827-A609-4895-9C91-998D90180EA4): 2
LogInit: Presizing for max 25165824 objects, including 0 objects not considered by GC, pre-allocating 0 bytes for permanent pool.
LogConfig: Applying CVar settings from Section [/Script/Engine.StreamingSettings] File [C:/Users/NV/Documents/Unreal Projects/IHW/Saved/Config/Windows/Engine.ini]
LogConfig: Setting CVar [[s.MinBulkDataSizeForAsyncLoading:131072]]
LogConfig: Setting CVar [[s.AsyncLoadingThreadEnabled:0]]
LogConfig: Setting CVar [[s.EventDrivenLoaderEnabled:1]]
LogConfig: Setting CVar [[s.WarnIfTimeLimitExceeded:0]]
LogConfig: Setting CVar [[s.TimeLimitExceededMultiplier:1.5]]
LogConfig: Setting CVar [[s.TimeLimitExceededMinTime:0.005]]
LogConfig: Setting CVar [[s.UseBackgroundLevelStreaming:1]]
LogConfig: Setting CVar [[s.PriorityAsyncLoadingExtraTime:15.0]]
LogConfig: Setting CVar [[s.LevelStreamingActorsUpdateTimeLimit:5.0]]
LogConfig: Setting CVar [[s.PriorityLevelStreamingActorsUpdateExtraTime:5.0]]
LogConfig: Setting CVar [[s.LevelStreamingComponentsRegistrationGranularity:10]]
LogConfig: Setting CVar [[s.UnregisterComponentsTimeLimit:1.0]]
LogConfig: Setting CVar [[s.LevelStreamingComponentsUnregistrationGranularity:5]]
LogConfig: Setting CVar [[s.FlushStreamingOnExit:1]]
LogInit: Object subsystem initialized
LogConfig: Setting CVar [[con.DebugEarlyDefault:1]]
LogConfig: Setting CVar [[r.setres:1280x720]]
[2021.11.21-20.35.10:664][  0]LogConfig: Setting CVar [[con.DebugEarlyDefault:1]]
[2021.11.21-20.35.10:664][  0]LogConfig: Setting CVar [[r.setres:1280x720]]
[2021.11.21-20.35.10:665][  0]LogConfig: Applying CVar settings from Section [/Script/Engine.RendererSettings] File [C:/Users/NV/Documents/Unreal Projects/IHW/Saved/Config/Windows/Engine.ini]
[2021.11.21-20.35.10:665][  0]LogConfig: Setting CVar [[r.GPUCrashDebugging:0]]
[2021.11.21-20.35.10:665][  0]LogConfig: Setting CVar [[r.Mobile.DisableVertexFog:1]]
[2021.11.21-20.35.10:665][  0]LogConfig: Setting CVar [[r.Shadow.CSM.MaxMobileCascades:2]]
[2021.11.21-20.35.10:665][  0]LogConfig: Setting CVar [[r.MobileMSAA:1]]
[2021.11.21-20.35.10:665][  0]LogConfig: Setting CVar [[r.Mobile.AllowDitheredLODTransition:0]]
[2021.11.21-20.35.10:665][  0]LogConfig: Setting CVar [[r.Mobile.AllowSoftwareOcclusion:0]]
[2021.11.21-20.35.10:665][  0]LogConfig: Setting CVar [[r.Mobile.VirtualTextures:0]]
[2021.11.21-20.35.10:665][  0]LogConfig: Setting CVar [[r.DiscardUnusedQuality:0]]
[2021.11.21-20.35.10:665][  0]LogConfig: Setting CVar [[r.AllowOcclusionQueries:1]]
[2021.11.21-20.35.10:665][  0]LogConfig: Setting CVar [[r.MinScreenRadiusForLights:0.030000]]
[2021.11.21-20.35.10:665][  0]LogConfig: Setting CVar [[r.MinScreenRadiusForDepthPrepass:0.030000]]
[2021.11.21-20.35.10:665][  0]LogConfig: Setting CVar [[r.MinScreenRadiusForCSMDepth:0.010000]]
[2021.11.21-20.35.10:665][  0]LogConfig: Setting CVar [[r.PrecomputedVisibilityWarning:0]]
[2021.11.21-20.35.10:665][  0]LogConfig: Setting CVar [[r.TextureStreaming:1]]
[2021.11.21-20.35.10:665][  0]LogConfig: Setting CVar [[Compat.UseDXT5NormalMaps:0]]
[2021.11.21-20.35.10:665][  0]LogConfig: Setting CVar [[r.VirtualTextures:0]]
[2021.11.21-20.35.10:665][  0]LogConfig: Setting CVar [[r.VT.EnableAutoImport:1]]
[2021.11.21-20.35.10:665][  0]LogConfig: Setting CVar [[r.VirtualTexturedLightmaps:0]]
[2021.11.21-20.35.10:665][  0]LogConfig: Setting CVar [[r.VT.TileSize:128]]
[2021.11.21-20.35.10:665][  0]LogConfig: Setting CVar [[r.VT.TileBorderSize:4]]
[2021.11.21-20.35.10:665][  0]LogConfig: Setting CVar [[r.vt.FeedbackFactor:16]]
[2021.11.21-20.35.10:665][  0]LogConfig: Setting CVar [[r.VT.EnableCompressZlib:1]]
[2021.11.21-20.35.10:665][  0]LogConfig: Setting CVar [[r.VT.EnableCompressCrunch:0]]
[2021.11.21-20.35.10:665][  0]LogConfig: Setting CVar [[r.ClearCoatNormal:0]]
[2021.11.21-20.35.10:665][  0]LogConfig: Setting CVar [[r.ReflectionCaptureResolution:128]]
[2021.11.21-20.35.10:665][  0]LogConfig: Setting CVar [[r.Mobile.ReflectionCaptureCompression:0]]
[2021.11.21-20.35.10:665][  0]LogConfig: Setting CVar [[r.ReflectionEnvironmentLightmapMixBasedOnRoughness:1]]
[2021.11.21-20.35.10:665][  0]LogConfig: Setting CVar [[r.ForwardShading:0]]
[2021.11.21-20.35.10:665][  0]LogConfig: Setting CVar [[r.VertexFoggingForOpaque:1]]
[2021.11.21-20.35.10:665][  0]LogConfig: Setting CVar [[r.AllowStaticLighting:1]]
[2021.11.21-20.35.10:665][  0]LogConfig: Setting CVar [[r.NormalMapsForStaticLighting:0]]
[2021.11.21-20.35.10:665][  0]LogConfig: Setting CVar [[r.GenerateMeshDistanceFields:0]]
[2021.11.21-20.35.10:665][  0]LogConfig: Setting CVar [[r.DistanceFieldBuild.EightBit:0]]
[2021.11.21-20.35.10:665][  0]LogConfig: Setting CVar [[r.GenerateLandscapeGIData:0]]
[2021.11.21-20.35.10:665][  0]LogConfig: Setting CVar [[r.DistanceFieldBuild.Compress:0]]
[2021.11.21-20.35.10:665][  0]LogConfig: Setting CVar [[r.TessellationAdaptivePixelsPerTriangle:48.000000]]
[2021.11.21-20.35.10:665][  0]LogConfig: Setting CVar [[r.SeparateTranslucency:1]]
[2021.11.21-20.35.10:665][  0]LogConfig: Setting CVar [[r.TranslucentSortPolicy:0]]
[2021.11.21-20.35.10:665][  0]LogConfig: Setting CVar [[vr.VRS.HMDFixedFoveationLevel:0]]
[2021.11.21-20.35.10:665][  0]LogConfig: Setting CVar [[r.CustomDepth:1]]
[2021.11.21-20.35.10:665][  0]LogConfig: Setting CVar [[r.CustomDepthTemporalAAJitter:1]]
[2021.11.21-20.35.10:665][  0]LogConfig: Setting CVar [[r.PostProcessing.PropagateAlpha:0]]
[2021.11.21-20.35.10:665][  0]LogConfig: Setting CVar [[r.DefaultFeature.Bloom:1]]
[2021.11.21-20.35.10:665][  0]LogConfig: Setting CVar [[r.DefaultFeature.AmbientOcclusion:1]]
[2021.11.21-20.35.10:665][  0]LogConfig: Setting CVar [[r.DefaultFeature.AmbientOcclusionStaticFraction:1]]
[2021.11.21-20.35.10:665][  0]LogConfig: Setting CVar [[r.DefaultFeature.AutoExposure:0]]
[2021.11.21-20.35.10:665][  0]LogConfig: Setting CVar [[r.DefaultFeature.AutoExposure.Method:0]]
[2021.11.21-20.35.10:665][  0]LogConfig: Setting CVar [[r.DefaultFeature.AutoExposure.Bias:1.000000]]
[2021.11.21-20.35.10:665][  0]LogConfig: Setting CVar [[r.DefaultFeature.AutoExposure.ExtendDefaultLuminanceRange:0]]
[2021.11.21-20.35.10:665][  0]LogConfig: Setting CVar [[r.UsePreExposure:1]]
[2021.11.21-20.35.10:665][  0]LogConfig: Setting CVar [[r.EyeAdaptation.EditorOnly:0]]
[2021.11.21-20.35.10:665][  0]LogConfig: Setting CVar [[r.DefaultFeature.MotionBlur:0]]
[2021.11.21-20.35.10:665][  0]LogConfig: Setting CVar [[r.DefaultFeature.LensFlare:0]]
[2021.11.21-20.35.10:665][  0]LogConfig: Setting CVar [[r.TemporalAA.Upsampling:0]]
[2021.11.21-20.35.10:665][  0]LogConfig: Setting CVar [[r.SSGI.Enable:0]]
[2021.11.21-20.35.10:665][  0]LogConfig: Setting CVar [[r.DefaultFeature.AntiAliasing:0]]
[2021.11.21-20.35.10:665][  0]LogConfig: Setting CVar [[r.DefaultFeature.LightUnits:1]]
[2021.11.21-20.35.10:665][  0]LogConfig: Setting CVar [[r.DefaultBackBufferPixelFormat:4]]
[2021.11.21-20.35.10:665][  0]LogConfig: Setting CVar [[r.Shadow.UnbuiltPreviewInGame:1]]
[2021.11.21-20.35.10:665][  0]LogConfig: Setting CVar [[r.StencilForLODDither:0]]
[2021.11.21-20.35.10:665][  0]LogConfig: Setting CVar [[r.EarlyZPass:3]]
[2021.11.21-20.35.10:665][  0]LogConfig: Setting CVar [[r.EarlyZPassOnlyMaterialMasking:0]]
[2021.11.21-20.35.10:665][  0]LogConfig: Setting CVar [[r.DBuffer:1]]
[2021.11.21-20.35.10:665][  0]LogConfig: Setting CVar [[r.ClearSceneMethod:1]]
[2021.11.21-20.35.10:665][  0]LogConfig: Setting CVar [[r.BasePassOutputsVelocity:0]]
[2021.11.21-20.35.10:665][  0]LogConfig: Setting CVar [[r.VertexDeformationOutputsVelocity:0]]
[2021.11.21-20.35.10:665][  0]LogConfig: Setting CVar [[r.SelectiveBasePassOutputs:0]]
[2021.11.21-20.35.10:665][  0]LogConfig: Setting CVar [[fx.GPUSimulationTextureSizeX:1024]]
[2021.11.21-20.35.10:665][  0]LogConfig: Setting CVar [[fx.GPUSimulationTextureSizeY:1024]]
[2021.11.21-20.35.10:665][  0]LogConfig: Setting CVar [[r.AllowGlobalClipPlane:0]]
[2021.11.21-20.35.10:665][  0]LogConfig: Setting CVar [[r.GBufferFormat:1]]
[2021.11.21-20.35.10:665][  0]LogConfig: Setting CVar [[r.MorphTarget.Mode:1]]
[2021.11.21-20.35.10:665][  0]LogConfig: Setting CVar [[vr.InstancedStereo:0]]
[2021.11.21-20.35.10:665][  0]LogConfig: Setting CVar [[r.MobileHDR:1]]
[2021.11.21-20.35.10:665][  0]LogConfig: Setting CVar [[vr.MobileMultiView:0]]
[2021.11.21-20.35.10:665][  0]LogConfig: Setting CVar [[r.Mobile.UseHWsRGBEncoding:0]]
[2021.11.21-20.35.10:665][  0]LogConfig: Setting CVar [[vr.RoundRobinOcclusion:0]]
[2021.11.21-20.35.10:665][  0]LogConfig: Setting CVar [[vr.ODSCapture:0]]
[2021.11.21-20.35.10:665][  0]LogConfig: Setting CVar [[r.MeshStreaming:0]]
[2021.11.21-20.35.10:665][  0]LogConfig: Setting CVar [[r.WireframeCullThreshold:5.000000]]
[2021.11.21-20.35.10:665][  0]LogConfig: Setting CVar [[r.RayTracing:0]]
[2021.11.21-20.35.10:665][  0]LogConfig: Setting CVar [[r.RayTracing.UseTextureLod:0]]
[2021.11.21-20.35.10:665][  0]LogConfig: Setting CVar [[r.SupportStationarySkylight:1]]
[2021.11.21-20.35.10:665][  0]LogConfig: Setting CVar [[r.SupportLowQualityLightmaps:1]]
[2021.11.21-20.35.10:665][  0]LogConfig: Setting CVar [[r.SupportPointLightWholeSceneShadows:1]]
[2021.11.21-20.35.10:665][  0]LogConfig: Setting CVar [[r.SupportAtmosphericFog:1]]
[2021.11.21-20.35.10:665][  0]LogConfig: Setting CVar [[r.SupportSkyAtmosphere:1]]
[2021.11.21-20.35.10:665][  0]LogConfig: Setting CVar [[r.SupportSkyAtmosphereAffectsHeightFog:0]]
[2021.11.21-20.35.10:665][  0]LogConfig: Setting CVar [[r.SkinCache.CompileShaders:0]]
[2021.11.21-20.35.10:665][  0]LogConfig: Setting CVar [[r.SkinCache.DefaultBehavior:1]]
[2021.11.21-20.35.10:665][  0]LogConfig: Setting CVar [[r.SkinCache.SceneMemoryLimitInMB:128.000000]]
[2021.11.21-20.35.10:665][  0]LogConfig: Setting CVar [[r.Mobile.EnableStaticAndCSMShadowReceivers:1]]
[2021.11.21-20.35.10:665][  0]LogConfig: Setting CVar [[r.Mobile.EnableMovableLightCSMShaderCulling:1]]
[2021.11.21-20.35.10:665][  0]LogConfig: Setting CVar [[r.Mobile.AllowDistanceFieldShadows:1]]
[2021.11.21-20.35.10:665][  0]LogConfig: Setting CVar [[r.Mobile.AllowMovableDirectionalLights:1]]
[2021.11.21-20.35.10:665][  0]LogConfig: Setting CVar [[r.MobileNumDynamicPointLights:4]]
[2021.11.21-20.35.10:665][  0]LogConfig: Setting CVar [[r.MobileDynamicPointLightsUseStaticBranch:1]]
[2021.11.21-20.35.10:665][  0]LogConfig: Setting CVar [[r.Mobile.EnableMovableSpotlights:0]]
[2021.11.21-20.35.10:665][  0]LogConfig: Setting CVar [[r.Mobile.EnableMovableSpotlightsShadow:0]]
[2021.11.21-20.35.10:665][  0]LogConfig: Setting CVar [[r.GPUSkin.Support16BitBoneIndex:0]]
[2021.11.21-20.35.10:665][  0]LogConfig: Setting CVar [[r.GPUSkin.Limit2BoneInfluences:0]]
[2021.11.21-20.35.10:665][  0]LogConfig: Setting CVar [[r.SupportDepthOnlyIndexBuffers:1]]
[2021.11.21-20.35.10:665][  0]LogConfig: Setting CVar [[r.SupportReversedIndexBuffers:1]]
[2021.11.21-20.35.10:665][  0]LogConfig: Setting CVar [[r.LightPropagationVolume:0]]
[2021.11.21-20.35.10:665][  0]LogConfig: Setting CVar [[r.Mobile.AmbientOcclusion:0]]
[2021.11.21-20.35.10:665][  0]LogConfig: Setting CVar [[r.GPUSkin.UnlimitedBoneInfluences:0]]
[2021.11.21-20.35.10:665][  0]LogConfig: Setting CVar [[r.GPUSkin.UnlimitedBoneInfluencesThreshold:8]]
[2021.11.21-20.35.10:665][  0]LogConfig: Setting CVar [[r.Mobile.PlanarReflectionMode:0]]
[2021.11.21-20.35.10:665][  0]LogConfig: Setting CVar [[r.Mobile.SupportsGen4TAA:0]]
[2021.11.21-20.35.10:665][  0]LogConfig: Applying CVar settings from Section [/Script/Engine.RendererOverrideSettings] File [C:/Users/NV/Documents/Unreal Projects/IHW/Saved/Config/Windows/Engine.ini]
[2021.11.21-20.35.10:665][  0]LogConfig: Applying CVar settings from Section [/Script/Engine.StreamingSettings] File [C:/Users/NV/Documents/Unreal Projects/IHW/Saved/Config/Windows/Engine.ini]
[2021.11.21-20.35.10:665][  0]LogConfig: Setting CVar [[s.MinBulkDataSizeForAsyncLoading:131072]]
[2021.11.21-20.35.10:665][  0]LogConfig: Setting CVar [[s.AsyncLoadingThreadEnabled:0]]
[2021.11.21-20.35.10:665][  0]LogConfig: Setting CVar [[s.EventDrivenLoaderEnabled:1]]
[2021.11.21-20.35.10:665][  0]LogConfig: Setting CVar [[s.WarnIfTimeLimitExceeded:0]]
[2021.11.21-20.35.10:665][  0]LogConfig: Setting CVar [[s.TimeLimitExceededMultiplier:1.5]]
[2021.11.21-20.35.10:665][  0]LogConfig: Setting CVar [[s.TimeLimitExceededMinTime:0.005]]
[2021.11.21-20.35.10:665][  0]LogConfig: Setting CVar [[s.UseBackgroundLevelStreaming:1]]
[2021.11.21-20.35.10:665][  0]LogConfig: Setting CVar [[s.PriorityAsyncLoadingExtraTime:15.0]]
[2021.11.21-20.35.10:665][  0]LogConfig: Setting CVar [[s.LevelStreamingActorsUpdateTimeLimit:5.0]]
[2021.11.21-20.35.10:666][  0]LogConfig: Setting CVar [[s.PriorityLevelStreamingActorsUpdateExtraTime:5.0]]
[2021.11.21-20.35.10:666][  0]LogConfig: Setting CVar [[s.LevelStreamingComponentsRegistrationGranularity:10]]
[2021.11.21-20.35.10:666][  0]LogConfig: Setting CVar [[s.UnregisterComponentsTimeLimit:1.0]]
[2021.11.21-20.35.10:666][  0]LogConfig: Setting CVar [[s.LevelStreamingComponentsUnregistrationGranularity:5]]
[2021.11.21-20.35.10:666][  0]LogConfig: Setting CVar [[s.FlushStreamingOnExit:1]]
[2021.11.21-20.35.10:666][  0]LogConfig: Applying CVar settings from Section [/Script/Engine.GarbageCollectionSettings] File [C:/Users/NV/Documents/Unreal Projects/IHW/Saved/Config/Windows/Engine.ini]
[2021.11.21-20.35.10:666][  0]LogConfig: Setting CVar [[gc.MaxObjectsNotConsideredByGC:1]]
[2021.11.21-20.35.10:666][  0]LogConfig: Setting CVar [[gc.SizeOfPermanentObjectPool:0]]
[2021.11.21-20.35.10:666][  0]LogConfig: Setting CVar [[gc.FlushStreamingOnGC:0]]
[2021.11.21-20.35.10:666][  0]LogConfig: Setting CVar [[gc.NumRetriesBeforeForcingGC:10]]
[2021.11.21-20.35.10:666][  0]LogConfig: Setting CVar [[gc.AllowParallelGC:1]]
[2021.11.21-20.35.10:666][  0]LogConfig: Setting CVar [[gc.TimeBetweenPurgingPendingKillObjects:61.1]]
[2021.11.21-20.35.10:666][  0]LogConfig: Setting CVar [[gc.MaxObjectsInEditor:25165824]]
[2021.11.21-20.35.10:666][  0]LogConfig: Setting CVar [[gc.IncrementalBeginDestroyEnabled:1]]
[2021.11.21-20.35.10:666][  0]LogConfig: Setting CVar [[gc.CreateGCClusters:1]]
[2021.11.21-20.35.10:666][  0]LogConfig: Setting CVar [[gc.MinGCClusterSize:5]]
[2021.11.21-20.35.10:666][  0]LogConfig: Setting CVar [[gc.ActorClusteringEnabled:0]]
[2021.11.21-20.35.10:666][  0]LogConfig: Setting CVar [[gc.BlueprintClusteringEnabled:0]]
[2021.11.21-20.35.10:666][  0]LogConfig: Setting CVar [[gc.UseDisregardForGCOnDedicatedServers:0]]
[2021.11.21-20.35.10:666][  0]LogConfig: Setting CVar [[gc.MultithreadedDestructionEnabled:1]]
[2021.11.21-20.35.10:666][  0]LogConfig: Applying CVar settings from Section [/Script/Engine.NetworkSettings] File [C:/Users/NV/Documents/Unreal Projects/IHW/Saved/Config/Windows/Engine.ini]
[2021.11.21-20.35.10:666][  0]LogConfig: Applying CVar settings from Section [/Script/UnrealEd.CookerSettings] File [C:/Users/NV/Documents/Unreal Projects/IHW/Saved/Config/Windows/Engine.ini]
[2021.11.21-20.35.10:685][  0]LogConfig: Applying CVar settings from Section [ViewDistanceQuality@3] File [C:/Users/NV/Documents/Unreal Projects/IHW/Saved/Config/Windows/Scalability.ini]
[2021.11.21-20.35.10:685][  0]LogConfig: Setting CVar [[r.SkeletalMeshLODBias:0]]
[2021.11.21-20.35.10:685][  0]LogConfig: Setting CVar [[r.ViewDistanceScale:1.0]]
[2021.11.21-20.35.10:685][  0]LogConfig: Applying CVar settings from Section [AntiAliasingQuality@3] File [C:/Users/NV/Documents/Unreal Projects/IHW/Saved/Config/Windows/Scalability.ini]
[2021.11.21-20.35.10:685][  0]LogConfig: Setting CVar [[r.PostProcessAAQuality:4]]
[2021.11.21-20.35.10:685][  0]LogConfig: Applying CVar settings from Section [ShadowQuality@3] File [C:/Users/NV/Documents/Unreal Projects/IHW/Saved/Config/Windows/Scalability.ini]
[2021.11.21-20.35.10:685][  0]LogConfig: Setting CVar [[r.LightFunctionQuality:1]]
[2021.11.21-20.35.10:685][  0]LogConfig: Setting CVar [[r.ShadowQuality:5]]
[2021.11.21-20.35.10:685][  0]LogConfig: Setting CVar [[r.Shadow.CSM.MaxCascades:10]]
[2021.11.21-20.35.10:685][  0]LogConfig: Setting CVar [[r.Shadow.MaxResolution:2048]]
[2021.11.21-20.35.10:685][  0]LogConfig: Setting CVar [[r.Shadow.MaxCSMResolution:2048]]
[2021.11.21-20.35.10:685][  0]LogConfig: Setting CVar [[r.Shadow.RadiusThreshold:0.01]]
[2021.11.21-20.35.10:685][  0]LogConfig: Setting CVar [[r.Shadow.DistanceScale:1.0]]
[2021.11.21-20.35.10:685][  0]LogConfig: Setting CVar [[r.Shadow.CSM.TransitionScale:1.0]]
[2021.11.21-20.35.10:685][  0]LogConfig: Setting CVar [[r.Shadow.PreShadowResolutionFactor:1.0]]
[2021.11.21-20.35.10:685][  0]LogConfig: Setting CVar [[r.DistanceFieldShadowing:1]]
[2021.11.21-20.35.10:685][  0]LogConfig: Setting CVar [[r.DistanceFieldAO:1]]
[2021.11.21-20.35.10:685][  0]LogConfig: Setting CVar [[r.AOQuality:2]]
[2021.11.21-20.35.10:685][  0]LogConfig: Setting CVar [[r.VolumetricFog:1]]
[2021.11.21-20.35.10:685][  0]LogConfig: Setting CVar [[r.VolumetricFog.GridPixelSize:8]]
[2021.11.21-20.35.10:685][  0]LogConfig: Setting CVar [[r.VolumetricFog.GridSizeZ:128]]
[2021.11.21-20.35.10:685][  0]LogConfig: Setting CVar [[r.VolumetricFog.HistoryMissSupersampleCount:4]]
[2021.11.21-20.35.10:685][  0]LogConfig: Setting CVar [[r.LightMaxDrawDistanceScale:1]]
[2021.11.21-20.35.10:685][  0]LogConfig: Setting CVar [[r.CapsuleShadows:1]]
[2021.11.21-20.35.10:685][  0]LogConfig: Applying CVar settings from Section [PostProcessQuality@3] File [C:/Users/NV/Documents/Unreal Projects/IHW/Saved/Config/Windows/Scalability.ini]
[2021.11.21-20.35.10:685][  0]LogConfig: Setting CVar [[r.MotionBlurQuality:4]]
[2021.11.21-20.35.10:685][  0]LogConfig: Setting CVar [[r.AmbientOcclusionMipLevelFactor:0.4]]
[2021.11.21-20.35.10:685][  0]LogConfig: Setting CVar [[r.AmbientOcclusionMaxQuality:100]]
[2021.11.21-20.35.10:685][  0]LogConfig: Setting CVar [[r.AmbientOcclusionLevels:-1]]
[2021.11.21-20.35.10:685][  0]LogConfig: Setting CVar [[r.AmbientOcclusionRadiusScale:1.0]]
[2021.11.21-20.35.10:685][  0]LogConfig: Setting CVar [[r.DepthOfFieldQuality:2]]
[2021.11.21-20.35.10:685][  0]LogConfig: Setting CVar [[r.RenderTargetPoolMin:400]]
[2021.11.21-20.35.10:685][  0]LogConfig: Setting CVar [[r.LensFlareQuality:2]]
[2021.11.21-20.35.10:685][  0]LogConfig: Setting CVar [[r.SceneColorFringeQuality:1]]
[2021.11.21-20.35.10:685][  0]LogConfig: Setting CVar [[r.EyeAdaptationQuality:2]]
[2021.11.21-20.35.10:685][  0]LogConfig: Setting CVar [[r.BloomQuality:5]]
[2021.11.21-20.35.10:685][  0]LogConfig: Setting CVar [[r.FastBlurThreshold:100]]
[2021.11.21-20.35.10:685][  0]LogConfig: Setting CVar [[r.Upscale.Quality:3]]
[2021.11.21-20.35.10:685][  0]LogConfig: Setting CVar [[r.Tonemapper.GrainQuantization:1]]
[2021.11.21-20.35.10:685][  0]LogConfig: Setting CVar [[r.LightShaftQuality:1]]
[2021.11.21-20.35.10:685][  0]LogConfig: Setting CVar [[r.Filter.SizeScale:1]]
[2021.11.21-20.35.10:685][  0]LogConfig: Setting CVar [[r.Tonemapper.Quality:5]]
[2021.11.21-20.35.10:685][  0]LogConfig: Setting CVar [[r.DOF.Gather.AccumulatorQuality:1        ; higher gathering accumulator quality]]
[2021.11.21-20.35.10:685][  0]LogConfig: Setting CVar [[r.DOF.Gather.PostfilterMethod:1          ; Median3x3 postfilering method]]
[2021.11.21-20.35.10:685][  0]LogConfig: Setting CVar [[r.DOF.Gather.EnableBokehSettings:0       ; no bokeh simulation when gathering]]
[2021.11.21-20.35.10:685][  0]LogConfig: Setting CVar [[r.DOF.Gather.RingCount:4                 ; medium number of samples when gathering]]
[2021.11.21-20.35.10:685][  0]LogConfig: Setting CVar [[r.DOF.Scatter.ForegroundCompositing:1    ; additive foreground scattering]]
[2021.11.21-20.35.10:685][  0]LogConfig: Setting CVar [[r.DOF.Scatter.BackgroundCompositing:2    ; additive background scattering]]
[2021.11.21-20.35.10:685][  0]LogConfig: Setting CVar [[r.DOF.Scatter.EnableBokehSettings:1      ; bokeh simulation when scattering]]
[2021.11.21-20.35.10:685][  0]LogConfig: Setting CVar [[r.DOF.Scatter.MaxSpriteRatio:0.1         ; only a maximum of 10% of scattered bokeh]]
[2021.11.21-20.35.10:685][  0]LogConfig: Setting CVar [[r.DOF.Recombine.Quality:1                ; cheap slight out of focus]]
[2021.11.21-20.35.10:685][  0]LogConfig: Setting CVar [[r.DOF.Recombine.EnableBokehSettings:0    ; no bokeh simulation on slight out of focus]]
[2021.11.21-20.35.10:685][  0]LogConfig: Setting CVar [[r.DOF.TemporalAAQuality:1                ; more stable temporal accumulation]]
[2021.11.21-20.35.10:685][  0]LogConfig: Setting CVar [[r.DOF.Kernel.MaxForegroundRadius:0.025]]
[2021.11.21-20.35.10:685][  0]LogConfig: Setting CVar [[r.DOF.Kernel.MaxBackgroundRadius:0.025]]
[2021.11.21-20.35.10:685][  0]LogConfig: Applying CVar settings from Section [TextureQuality@3] File [C:/Users/NV/Documents/Unreal Projects/IHW/Saved/Config/Windows/Scalability.ini]
[2021.11.21-20.35.10:685][  0]LogConfig: Setting CVar [[r.Streaming.MipBias:0]]
[2021.11.21-20.35.10:685][  0]LogConfig: Setting CVar [[r.Streaming.AmortizeCPUToGPUCopy:0]]
[2021.11.21-20.35.10:685][  0]LogConfig: Setting CVar [[r.Streaming.MaxNumTexturesToStreamPerFrame:0]]
[2021.11.21-20.35.10:685][  0]LogConfig: Setting CVar [[r.Streaming.Boost:1]]
[2021.11.21-20.35.10:685][  0]LogConfig: Setting CVar [[r.MaxAnisotropy:8]]
[2021.11.21-20.35.10:685][  0]LogConfig: Setting CVar [[r.VT.MaxAnisotropy:8]]
[2021.11.21-20.35.10:685][  0]LogConfig: Setting CVar [[r.Streaming.LimitPoolSizeToVRAM:0]]
[2021.11.21-20.35.10:685][  0]LogConfig: Setting CVar [[r.Streaming.PoolSize:1000]]
[2021.11.21-20.35.10:685][  0]LogConfig: Setting CVar [[r.Streaming.MaxEffectiveScreenSize:0]]
[2021.11.21-20.35.10:685][  0]LogConfig: Applying CVar settings from Section [EffectsQuality@3] File [C:/Users/NV/Documents/Unreal Projects/IHW/Saved/Config/Windows/Scalability.ini]
[2021.11.21-20.35.10:685][  0]LogConfig: Setting CVar [[r.TranslucencyLightingVolumeDim:64]]
[2021.11.21-20.35.10:685][  0]LogConfig: Setting CVar [[r.RefractionQuality:2]]
[2021.11.21-20.35.10:685][  0]LogConfig: Setting CVar [[r.SSR.Quality:3]]
[2021.11.21-20.35.10:685][  0]LogConfig: Setting CVar [[r.SSR.HalfResSceneColor:0]]
[2021.11.21-20.35.10:685][  0]LogConfig: Setting CVar [[r.SceneColorFormat:4]]
[2021.11.21-20.35.10:685][  0]LogConfig: Setting CVar [[r.DetailMode:2]]
[2021.11.21-20.35.10:686][  0]LogConfig: Setting CVar [[r.TranslucencyVolumeBlur:1]]
[2021.11.21-20.35.10:686][  0]LogConfig: Setting CVar [[r.MaterialQualityLevel:1 ; High quality]]
[2021.11.21-20.35.10:686][  0]LogConfig: Setting CVar [[r.AnisotropicMaterials:1]]
[2021.11.21-20.35.10:686][  0]LogConfig: Setting CVar [[r.SSS.Scale:1]]
[2021.11.21-20.35.10:686][  0]LogConfig: Setting CVar [[r.SSS.SampleSet:2]]
[2021.11.21-20.35.10:686][  0]LogConfig: Setting CVar [[r.SSS.Quality:1]]
[2021.11.21-20.35.10:686][  0]LogConfig: Setting CVar [[r.SSS.HalfRes:0]]
[2021.11.21-20.35.10:686][  0]LogConfig: Setting CVar [[r.SSGI.Quality:3]]
[2021.11.21-20.35.10:686][  0]LogConfig: Setting CVar [[r.EmitterSpawnRateScale:1.0]]
[2021.11.21-20.35.10:686][  0]LogConfig: Setting CVar [[r.ParticleLightQuality:2]]
[2021.11.21-20.35.10:686][  0]LogConfig: Setting CVar [[r.SkyAtmosphere.AerialPerspectiveLUT.FastApplyOnOpaque:1 ; Always have FastSkyLUT 1 in this case to avoid wrong sky]]
[2021.11.21-20.35.10:686][  0]LogConfig: Setting CVar [[r.SkyAtmosphere.AerialPerspectiveLUT.SampleCountMaxPerSlice:4]]
[2021.11.21-20.35.10:686][  0]LogConfig: Setting CVar [[r.SkyAtmosphere.AerialPerspectiveLUT.DepthResolution:16.0]]
[2021.11.21-20.35.10:686][  0]LogConfig: Setting CVar [[r.SkyAtmosphere.FastSkyLUT:1]]
[2021.11.21-20.35.10:686][  0]LogConfig: Setting CVar [[r.SkyAtmosphere.FastSkyLUT.SampleCountMin:4.0]]
[2021.11.21-20.35.10:686][  0]LogConfig: Setting CVar [[r.SkyAtmosphere.FastSkyLUT.SampleCountMax:128.0]]
[2021.11.21-20.35.10:686][  0]LogConfig: Setting CVar [[r.SkyAtmosphere.SampleCountMin:4.0]]
[2021.11.21-20.35.10:686][  0]LogConfig: Setting CVar [[r.SkyAtmosphere.SampleCountMax:128.0]]
[2021.11.21-20.35.10:686][  0]LogConfig: Setting CVar [[r.SkyAtmosphere.TransmittanceLUT.UseSmallFormat:0]]
[2021.11.21-20.35.10:686][  0]LogConfig: Setting CVar [[r.SkyAtmosphere.TransmittanceLUT.SampleCount:10.0]]
[2021.11.21-20.35.10:686][  0]LogConfig: Setting CVar [[r.SkyAtmosphere.MultiScatteringLUT.SampleCount:15.0]]
[2021.11.21-20.35.10:686][  0]LogConfig: Setting CVar [[r.SkyLight.RealTimeReflectionCapture:1]]
[2021.11.21-20.35.10:686][  0]LogConfig: Applying CVar settings from Section [FoliageQuality@3] File [C:/Users/NV/Documents/Unreal Projects/IHW/Saved/Config/Windows/Scalability.ini]
[2021.11.21-20.35.10:686][  0]LogConfig: Setting CVar [[foliage.DensityScale:1.0]]
[2021.11.21-20.35.10:686][  0]LogConfig: Setting CVar [[grass.DensityScale:1.0]]
[2021.11.21-20.35.10:686][  0]LogConfig: Applying CVar settings from Section [ShadingQuality@3] File [C:/Users/NV/Documents/Unreal Projects/IHW/Saved/Config/Windows/Scalability.ini]
[2021.11.21-20.35.10:686][  0]LogConfig: Setting CVar [[r.HairStrands.SkyLighting.IntegrationType:2]]
[2021.11.21-20.35.10:686][  0]LogConfig: Setting CVar [[r.HairStrands.SkyAO.SampleCount:4]]
[2021.11.21-20.35.10:686][  0]LogConfig: Setting CVar [[r.HairStrands.Visibility.MSAA.SamplePerPixel:4]]
[2021.11.21-20.35.10:686][  0]LogInit: Selected Device Profile: [Windows]
[2021.11.21-20.35.10:686][  0]LogInit: Applying CVar settings loaded from the selected device profile: [Windows]
[2021.11.21-20.35.10:686][  0]LogHAL: Display: Platform has ~ 16 GB [17084694528 / 17179869184 / 16], which maps to Larger [LargestMinGB=32, LargerMinGB=12, DefaultMinGB=8, SmallerMinGB=6, SmallestMinGB=0)
[2021.11.21-20.35.10:686][  0]LogInit: Going up to parent DeviceProfile []
[2021.11.21-20.35.10:686][  0]LogConfig: Applying CVar settings from Section [ViewDistanceQuality@3] File [C:/Users/NV/Documents/Unreal Projects/IHW/Saved/Config/Windows/Scalability.ini]
[2021.11.21-20.35.10:686][  0]LogConfig: Setting CVar [[r.SkeletalMeshLODBias:0]]
[2021.11.21-20.35.10:686][  0]LogConfig: Setting CVar [[r.ViewDistanceScale:1.0]]
[2021.11.21-20.35.10:686][  0]LogConfig: Applying CVar settings from Section [AntiAliasingQuality@3] File [C:/Users/NV/Documents/Unreal Projects/IHW/Saved/Config/Windows/Scalability.ini]
[2021.11.21-20.35.10:686][  0]LogConfig: Setting CVar [[r.PostProcessAAQuality:4]]
[2021.11.21-20.35.10:686][  0]LogConfig: Applying CVar settings from Section [ShadowQuality@3] File [C:/Users/NV/Documents/Unreal Projects/IHW/Saved/Config/Windows/Scalability.ini]
[2021.11.21-20.35.10:686][  0]LogConfig: Setting CVar [[r.LightFunctionQuality:1]]
[2021.11.21-20.35.10:686][  0]LogConfig: Setting CVar [[r.ShadowQuality:5]]
[2021.11.21-20.35.10:686][  0]LogConfig: Setting CVar [[r.Shadow.CSM.MaxCascades:10]]
[2021.11.21-20.35.10:686][  0]LogConfig: Setting CVar [[r.Shadow.MaxResolution:2048]]
[2021.11.21-20.35.10:686][  0]LogConfig: Setting CVar [[r.Shadow.MaxCSMResolution:2048]]
[2021.11.21-20.35.10:686][  0]LogConfig: Setting CVar [[r.Shadow.RadiusThreshold:0.01]]
[2021.11.21-20.35.10:686][  0]LogConfig: Setting CVar [[r.Shadow.DistanceScale:1.0]]
[2021.11.21-20.35.10:686][  0]LogConfig: Setting CVar [[r.Shadow.CSM.TransitionScale:1.0]]
[2021.11.21-20.35.10:686][  0]LogConfig: Setting CVar [[r.Shadow.PreShadowResolutionFactor:1.0]]
[2021.11.21-20.35.10:686][  0]LogConfig: Setting CVar [[r.DistanceFieldShadowing:1]]
[2021.11.21-20.35.10:686][  0]LogConfig: Setting CVar [[r.DistanceFieldAO:1]]
[2021.11.21-20.35.10:686][  0]LogConfig: Setting CVar [[r.AOQuality:2]]
[2021.11.21-20.35.10:686][  0]LogConfig: Setting CVar [[r.VolumetricFog:1]]
[2021.11.21-20.35.10:686][  0]LogConfig: Setting CVar [[r.VolumetricFog.GridPixelSize:8]]
[2021.11.21-20.35.10:686][  0]LogConfig: Setting CVar [[r.VolumetricFog.GridSizeZ:128]]
[2021.11.21-20.35.10:686][  0]LogConfig: Setting CVar [[r.VolumetricFog.HistoryMissSupersampleCount:4]]
[2021.11.21-20.35.10:686][  0]LogConfig: Setting CVar [[r.LightMaxDrawDistanceScale:1]]
[2021.11.21-20.35.10:686][  0]LogConfig: Setting CVar [[r.CapsuleShadows:1]]
[2021.11.21-20.35.10:686][  0]LogConfig: Applying CVar settings from Section [PostProcessQuality@3] File [C:/Users/NV/Documents/Unreal Projects/IHW/Saved/Config/Windows/Scalability.ini]
[2021.11.21-20.35.10:686][  0]LogConfig: Setting CVar [[r.MotionBlurQuality:4]]
[2021.11.21-20.35.10:686][  0]LogConfig: Setting CVar [[r.AmbientOcclusionMipLevelFactor:0.4]]
[2021.11.21-20.35.10:686][  0]LogConfig: Setting CVar [[r.AmbientOcclusionMaxQuality:100]]
[2021.11.21-20.35.10:686][  0]LogConfig: Setting CVar [[r.AmbientOcclusionLevels:-1]]
[2021.11.21-20.35.10:686][  0]LogConfig: Setting CVar [[r.AmbientOcclusionRadiusScale:1.0]]
[2021.11.21-20.35.10:686][  0]LogConfig: Setting CVar [[r.DepthOfFieldQuality:2]]
[2021.11.21-20.35.10:686][  0]LogConfig: Setting CVar [[r.RenderTargetPoolMin:400]]
[2021.11.21-20.35.10:686][  0]LogConfig: Setting CVar [[r.LensFlareQuality:2]]
[2021.11.21-20.35.10:686][  0]LogConfig: Setting CVar [[r.SceneColorFringeQuality:1]]
[2021.11.21-20.35.10:686][  0]LogConfig: Setting CVar [[r.EyeAdaptationQuality:2]]
[2021.11.21-20.35.10:686][  0]LogConfig: Setting CVar [[r.BloomQuality:5]]
[2021.11.21-20.35.10:686][  0]LogConfig: Setting CVar [[r.FastBlurThreshold:100]]
[2021.11.21-20.35.10:686][  0]LogConfig: Setting CVar [[r.Upscale.Quality:3]]
[2021.11.21-20.35.10:686][  0]LogConfig: Setting CVar [[r.Tonemapper.GrainQuantization:1]]
[2021.11.21-20.35.10:686][  0]LogConfig: Setting CVar [[r.LightShaftQuality:1]]
[2021.11.21-20.35.10:686][  0]LogConfig: Setting CVar [[r.Filter.SizeScale:1]]
[2021.11.21-20.35.10:686][  0]LogConfig: Setting CVar [[r.Tonemapper.Quality:5]]
[2021.11.21-20.35.10:686][  0]LogConfig: Setting CVar [[r.DOF.Gather.AccumulatorQuality:1        ; higher gathering accumulator quality]]
[2021.11.21-20.35.10:686][  0]LogConfig: Setting CVar [[r.DOF.Gather.PostfilterMethod:1          ; Median3x3 postfilering method]]
[2021.11.21-20.35.10:686][  0]LogConfig: Setting CVar [[r.DOF.Gather.EnableBokehSettings:0       ; no bokeh simulation when gathering]]
[2021.11.21-20.35.10:686][  0]LogConfig: Setting CVar [[r.DOF.Gather.RingCount:4                 ; medium number of samples when gathering]]
[2021.11.21-20.35.10:686][  0]LogConfig: Setting CVar [[r.DOF.Scatter.ForegroundCompositing:1    ; additive foreground scattering]]
[2021.11.21-20.35.10:686][  0]LogConfig: Setting CVar [[r.DOF.Scatter.BackgroundCompositing:2    ; additive background scattering]]
[2021.11.21-20.35.10:686][  0]LogConfig: Setting CVar [[r.DOF.Scatter.EnableBokehSettings:1      ; bokeh simulation when scattering]]
[2021.11.21-20.35.10:686][  0]LogConfig: Setting CVar [[r.DOF.Scatter.MaxSpriteRatio:0.1         ; only a maximum of 10% of scattered bokeh]]
[2021.11.21-20.35.10:686][  0]LogConfig: Setting CVar [[r.DOF.Recombine.Quality:1                ; cheap slight out of focus]]
[2021.11.21-20.35.10:686][  0]LogConfig: Setting CVar [[r.DOF.Recombine.EnableBokehSettings:0    ; no bokeh simulation on slight out of focus]]
[2021.11.21-20.35.10:686][  0]LogConfig: Setting CVar [[r.DOF.TemporalAAQuality:1                ; more stable temporal accumulation]]
[2021.11.21-20.35.10:686][  0]LogConfig: Setting CVar [[r.DOF.Kernel.MaxForegroundRadius:0.025]]
[2021.11.21-20.35.10:686][  0]LogConfig: Setting CVar [[r.DOF.Kernel.MaxBackgroundRadius:0.025]]
[2021.11.21-20.35.10:686][  0]LogConfig: Applying CVar settings from Section [TextureQuality@3] File [C:/Users/NV/Documents/Unreal Projects/IHW/Saved/Config/Windows/Scalability.ini]
[2021.11.21-20.35.10:686][  0]LogConfig: Setting CVar [[r.Streaming.MipBias:0]]
[2021.11.21-20.35.10:686][  0]LogConfig: Setting CVar [[r.Streaming.AmortizeCPUToGPUCopy:0]]
[2021.11.21-20.35.10:686][  0]LogConfig: Setting CVar [[r.Streaming.MaxNumTexturesToStreamPerFrame:0]]
[2021.11.21-20.35.10:686][  0]LogConfig: Setting CVar [[r.Streaming.Boost:1]]
[2021.11.21-20.35.10:686][  0]LogConfig: Setting CVar [[r.MaxAnisotropy:8]]
[2021.11.21-20.35.10:686][  0]LogConfig: Setting CVar [[r.VT.MaxAnisotropy:8]]
[2021.11.21-20.35.10:686][  0]LogConfig: Setting CVar [[r.Streaming.LimitPoolSizeToVRAM:0]]
[2021.11.21-20.35.10:687][  0]LogConfig: Setting CVar [[r.Streaming.PoolSize:1000]]
[2021.11.21-20.35.10:687][  0]LogConfig: Setting CVar [[r.Streaming.MaxEffectiveScreenSize:0]]
[2021.11.21-20.35.10:687][  0]LogConfig: Applying CVar settings from Section [EffectsQuality@3] File [C:/Users/NV/Documents/Unreal Projects/IHW/Saved/Config/Windows/Scalability.ini]
[2021.11.21-20.35.10:687][  0]LogConfig: Setting CVar [[r.TranslucencyLightingVolumeDim:64]]
[2021.11.21-20.35.10:687][  0]LogConfig: Setting CVar [[r.RefractionQuality:2]]
[2021.11.21-20.35.10:687][  0]LogConfig: Setting CVar [[r.SSR.Quality:3]]
[2021.11.21-20.35.10:687][  0]LogConfig: Setting CVar [[r.SSR.HalfResSceneColor:0]]
[2021.11.21-20.35.10:687][  0]LogConfig: Setting CVar [[r.SceneColorFormat:4]]
[2021.11.21-20.35.10:687][  0]LogConfig: Setting CVar [[r.DetailMode:2]]
[2021.11.21-20.35.10:687][  0]LogConfig: Setting CVar [[r.TranslucencyVolumeBlur:1]]
[2021.11.21-20.35.10:687][  0]LogConfig: Setting CVar [[r.MaterialQualityLevel:1 ; High quality]]
[2021.11.21-20.35.10:687][  0]LogConfig: Setting CVar [[r.AnisotropicMaterials:1]]
[2021.11.21-20.35.10:687][  0]LogConfig: Setting CVar [[r.SSS.Scale:1]]
[2021.11.21-20.35.10:687][  0]LogConfig: Setting CVar [[r.SSS.SampleSet:2]]
[2021.11.21-20.35.10:687][  0]LogConfig: Setting CVar [[r.SSS.Quality:1]]
[2021.11.21-20.35.10:687][  0]LogConfig: Setting CVar [[r.SSS.HalfRes:0]]
[2021.11.21-20.35.10:687][  0]LogConfig: Setting CVar [[r.SSGI.Quality:3]]
[2021.11.21-20.35.10:687][  0]LogConfig: Setting CVar [[r.EmitterSpawnRateScale:1.0]]
[2021.11.21-20.35.10:687][  0]LogConfig: Setting CVar [[r.ParticleLightQuality:2]]
[2021.11.21-20.35.10:687][  0]LogConfig: Setting CVar [[r.SkyAtmosphere.AerialPerspectiveLUT.FastApplyOnOpaque:1 ; Always have FastSkyLUT 1 in this case to avoid wrong sky]]
[2021.11.21-20.35.10:687][  0]LogConfig: Setting CVar [[r.SkyAtmosphere.AerialPerspectiveLUT.SampleCountMaxPerSlice:4]]
[2021.11.21-20.35.10:687][  0]LogConfig: Setting CVar [[r.SkyAtmosphere.AerialPerspectiveLUT.DepthResolution:16.0]]
[2021.11.21-20.35.10:687][  0]LogConfig: Setting CVar [[r.SkyAtmosphere.FastSkyLUT:1]]
[2021.11.21-20.35.10:687][  0]LogConfig: Setting CVar [[r.SkyAtmosphere.FastSkyLUT.SampleCountMin:4.0]]
[2021.11.21-20.35.10:687][  0]LogConfig: Setting CVar [[r.SkyAtmosphere.FastSkyLUT.SampleCountMax:128.0]]
[2021.11.21-20.35.10:687][  0]LogConfig: Setting CVar [[r.SkyAtmosphere.SampleCountMin:4.0]]
[2021.11.21-20.35.10:687][  0]LogConfig: Setting CVar [[r.SkyAtmosphere.SampleCountMax:128.0]]
[2021.11.21-20.35.10:687][  0]LogConfig: Setting CVar [[r.SkyAtmosphere.TransmittanceLUT.UseSmallFormat:0]]
[2021.11.21-20.35.10:687][  0]LogConfig: Setting CVar [[r.SkyAtmosphere.TransmittanceLUT.SampleCount:10.0]]
[2021.11.21-20.35.10:687][  0]LogConfig: Setting CVar [[r.SkyAtmosphere.MultiScatteringLUT.SampleCount:15.0]]
[2021.11.21-20.35.10:687][  0]LogConfig: Setting CVar [[r.SkyLight.RealTimeReflectionCapture:1]]
[2021.11.21-20.35.10:687][  0]LogConfig: Applying CVar settings from Section [FoliageQuality@3] File [C:/Users/NV/Documents/Unreal Projects/IHW/Saved/Config/Windows/Scalability.ini]
[2021.11.21-20.35.10:687][  0]LogConfig: Setting CVar [[foliage.DensityScale:1.0]]
[2021.11.21-20.35.10:687][  0]LogConfig: Setting CVar [[grass.DensityScale:1.0]]
[2021.11.21-20.35.10:687][  0]LogConfig: Applying CVar settings from Section [ShadingQuality@3] File [C:/Users/NV/Documents/Unreal Projects/IHW/Saved/Config/Windows/Scalability.ini]
[2021.11.21-20.35.10:687][  0]LogConfig: Setting CVar [[r.HairStrands.SkyLighting.IntegrationType:2]]
[2021.11.21-20.35.10:687][  0]LogConfig: Setting CVar [[r.HairStrands.SkyAO.SampleCount:4]]
[2021.11.21-20.35.10:687][  0]LogConfig: Setting CVar [[r.HairStrands.Visibility.MSAA.SamplePerPixel:4]]
[2021.11.21-20.35.10:687][  0]LogConfig: Applying CVar settings from Section [Startup] File [../../../Engine/Config/ConsoleVariables.ini]
[2021.11.21-20.35.10:687][  0]LogConfig: Setting CVar [[net.UseAdaptiveNetUpdateFrequency:0]]
[2021.11.21-20.35.10:687][  0]LogConfig: Setting CVar [[p.chaos.AllowCreatePhysxBodies:1]]
[2021.11.21-20.35.10:687][  0]LogConfig: Setting CVar [[fx.SkipVectorVMBackendOptimizations:1]]
[2021.11.21-20.35.10:687][  0]LogConfig: Applying CVar settings from Section [ConsoleVariables] File [C:/Users/NV/Documents/Unreal Projects/IHW/Saved/Config/Windows/Engine.ini]
[2021.11.21-20.35.10:687][  0]LogConfig: Applying CVar settings from Section [ConsoleVariables] File [C:/Users/NV/Documents/Unreal Projects/IHW/Saved/Config/Windows/Editor.ini]
[2021.11.21-20.35.10:687][  0]LogInit: Computer: NV-PC
[2021.11.21-20.35.10:687][  0]LogInit: User: NV
[2021.11.21-20.35.10:687][  0]LogInit: CPU Page size=4096, Cores=8
[2021.11.21-20.35.10:687][  0]LogInit: High frequency timer resolution =10.000000 MHz
[2021.11.21-20.35.10:687][  0]LogMemory: Memory total: Physical=15.9GB (16GB approx)
[2021.11.21-20.35.10:687][  0]LogMemory: Platform Memory Stats for Windows
[2021.11.21-20.35.10:687][  0]LogMemory: Process Physical Memory: 146.73 MB used, 146.74 MB peak
[2021.11.21-20.35.10:687][  0]LogMemory: Process Virtual Memory: 131.01 MB used, 131.01 MB peak
[2021.11.21-20.35.10:687][  0]LogMemory: Physical Memory: 9801.61 MB used,  6491.62 MB free, 16293.23 MB total
[2021.11.21-20.35.10:687][  0]LogMemory: Virtual Memory: 134211640.00 MB used,  6085.38 MB free, 134217728.00 MB total
[2021.11.21-20.35.10:692][  0]LogWindows: WindowsPlatformFeatures enabled
[2021.11.21-20.35.10:718][  0]LogInit: Physics initialised using underlying interface: PhysX
[2021.11.21-20.35.10:718][  0]LogInit: Using OS detected language (ru-RU).
[2021.11.21-20.35.10:718][  0]LogInit: Using OS detected locale (ru-RU).
[2021.11.21-20.35.10:721][  0]LogTextLocalizationManager: No specific localization for 'ru-RU' exists, so the 'ru' localization will be used.
[2021.11.21-20.35.10:723][  0]LogTextLocalizationResource: LocRes '../../../Engine/Content/Localization/Editor/ru/Editor.locres' could not be opened for reading!
[2021.11.21-20.35.10:723][  0]LogTextLocalizationResource: LocRes '../../../Engine/Content/Localization/EditorTutorials/ru/EditorTutorials.locres' could not be opened for reading!
[2021.11.21-20.35.10:723][  0]LogTextLocalizationResource: LocRes '../../../Engine/Content/Localization/Keywords/ru/Keywords.locres' could not be opened for reading!
[2021.11.21-20.35.10:723][  0]LogTextLocalizationResource: LocRes '../../../Engine/Content/Localization/Category/ru/Category.locres' could not be opened for reading!
[2021.11.21-20.35.10:723][  0]LogTextLocalizationResource: LocRes '../../../Engine/Content/Localization/ToolTips/ru/ToolTips.locres' could not be opened for reading!
[2021.11.21-20.35.10:723][  0]LogTextLocalizationResource: LocRes '../../../Engine/Content/Localization/PropertyNames/ru/PropertyNames.locres' could not be opened for reading!
[2021.11.21-20.35.10:723][  0]LogTextLocalizationResource: LocRes '../../../Engine/Content/Localization/Engine/ru/Engine.locres' could not be opened for reading!
[2021.11.21-20.35.10:732][  0]LogWindowsTextInputMethodSystem: Display: IME system deactivated.
[2021.11.21-20.35.10:768][  0]LogSlate: New Slate User Created.  User Index 0, Is Virtual User: 0
[2021.11.21-20.35.10:768][  0]LogSlate: Slate User Registered.  User Index 0, Is Virtual User: 0
[2021.11.21-20.35.10:791][  0]LogD3D11RHI: Loaded GFSDK_Aftermath_Lib.x64.dll
[2021.11.21-20.35.10:793][  0]LogHMD: Failed to initialize OpenVR with code 110
[2021.11.21-20.35.10:793][  0]LogD3D11RHI: D3D11 min allowed feature level: 11_0
[2021.11.21-20.35.10:793][  0]LogD3D11RHI: D3D11 max allowed feature level: 11_0
[2021.11.21-20.35.10:793][  0]LogD3D11RHI: D3D11 adapters:
[2021.11.21-20.35.10:887][  0]LogD3D11RHI:    0. 'NVIDIA GeForce GTX 1050 Ti' (Feature Level 11_0)
[2021.11.21-20.35.10:887][  0]LogD3D11RHI:       4018/0/8146 MB DedicatedVideo/DedicatedSystem/SharedSystem, Outputs:1, VendorId:0x10de
[2021.11.21-20.35.10:888][  0]LogD3D11RHI:    1. 'Microsoft Basic Render Driver' (Feature Level 11_0)
[2021.11.21-20.35.10:888][  0]LogD3D11RHI:       0/0/8146 MB DedicatedVideo/DedicatedSystem/SharedSystem, Outputs:0, VendorId:0x1414
[2021.11.21-20.35.10:888][  0]LogD3D11RHI: Chosen D3D11 Adapter:
[2021.11.21-20.35.10:888][  0]LogD3D11RHI:     Description : NVIDIA GeForce GTX 1050 Ti
[2021.11.21-20.35.10:888][  0]LogD3D11RHI:     VendorId    : 10de
[2021.11.21-20.35.10:888][  0]LogD3D11RHI:     DeviceId    : 1c82
[2021.11.21-20.35.10:888][  0]LogD3D11RHI:     SubSysId    : 372a1458
[2021.11.21-20.35.10:888][  0]LogD3D11RHI:     Revision    : 00a1
[2021.11.21-20.35.10:888][  0]LogD3D11RHI:     DedicatedVideoMemory : 4213178368 bytes
[2021.11.21-20.35.10:888][  0]LogD3D11RHI:     DedicatedSystemMemory : 0 bytes
[2021.11.21-20.35.10:888][  0]LogD3D11RHI:     SharedSystemMemory : 8542347264 bytes
[2021.11.21-20.35.10:888][  0]LogD3D11RHI:     AdapterLuid : 0 61664
[2021.11.21-20.35.10:898][  0]LogD3D11RHI: Creating new Direct3DDevice
[2021.11.21-20.35.10:898][  0]LogD3D11RHI:     GPU DeviceId: 0x1c82 (for the marketing name, search the web for "GPU Device Id")
[2021.11.21-20.35.10:898][  0]LogWindows: EnumDisplayDevices:
[2021.11.21-20.35.10:898][  0]LogWindows:    0. 'NVIDIA GeForce GTX 1050 Ti' (P:1 D:1)
[2021.11.21-20.35.10:898][  0]LogWindows:    1. 'NVIDIA GeForce GTX 1050 Ti' (P:0 D:0)
[2021.11.21-20.35.10:898][  0]LogWindows:    2. 'NVIDIA GeForce GTX 1050 Ti' (P:0 D:0)
[2021.11.21-20.35.10:899][  0]LogWindows:    3. 'NVIDIA GeForce GTX 1050 Ti' (P:0 D:0)
[2021.11.21-20.35.10:899][  0]LogWindows: DebugString: FoundDriverCount:4 
[2021.11.21-20.35.10:899][  0]LogD3D11RHI:     Adapter Name: NVIDIA GeForce GTX 1050 Ti
[2021.11.21-20.35.10:899][  0]LogD3D11RHI:   Driver Version: 460.89 (internal:27.21.14.6089, unified:460.89)
[2021.11.21-20.35.10:899][  0]LogD3D11RHI:      Driver Date: 12-11-2020
[2021.11.21-20.35.10:899][  0]LogRHI: Texture pool is 2812 MB (70% of 4018 MB)
[2021.11.21-20.35.10:899][  0]LogD3D11RHI: Creating D3DDevice using adapter:
[2021.11.21-20.35.10:899][  0]LogD3D11RHI:     Description : NVIDIA GeForce GTX 1050 Ti
[2021.11.21-20.35.10:899][  0]LogD3D11RHI:     VendorId    : 10de
[2021.11.21-20.35.10:899][  0]LogD3D11RHI:     DeviceId    : 1c82
[2021.11.21-20.35.10:899][  0]LogD3D11RHI:     SubSysId    : 372a1458
[2021.11.21-20.35.10:899][  0]LogD3D11RHI:     Revision    : 00a1
[2021.11.21-20.35.10:899][  0]LogD3D11RHI:     DedicatedVideoMemory : 4213178368 bytes
[2021.11.21-20.35.10:899][  0]LogD3D11RHI:     DedicatedSystemMemory : 0 bytes
[2021.11.21-20.35.10:899][  0]LogD3D11RHI:     SharedSystemMemory : 8542347264 bytes
[2021.11.21-20.35.10:899][  0]LogD3D11RHI:     AdapterLuid : 0 61664
[2021.11.21-20.35.10:967][  0]LogD3D11RHI: RHI has support for 64 bit atomics
[2021.11.21-20.35.10:967][  0]LogD3D11RHI: Async texture creation enabled
[2021.11.21-20.35.10:967][  0]LogD3D11RHI: Array index from any shader is supported
[2021.11.21-20.35.10:968][  0]LogD3D11RHI: HDR output is supported on display 0 (NvId: 0x80061081).
[2021.11.21-20.35.10:985][  0]LogD3D11RHI: GPU Timing Frequency: 1000.000000 (Debug: 2 1)
[2021.11.21-20.35.11:003][  0]LogRHI: GeForceNow SDK initialized: 1
[2021.11.21-20.35.11:196][  0]LogTargetPlatformManager: Display: Loaded TargetPlatform 'WindowsNoEditor'
[2021.11.21-20.35.11:199][  0]LogTargetPlatformManager: Display: Loaded TargetPlatform 'Windows'
[2021.11.21-20.35.11:202][  0]LogTargetPlatformManager: Display: Loaded TargetPlatform 'WindowsClient'
[2021.11.21-20.35.11:205][  0]LogTargetPlatformManager: Display: Loaded TargetPlatform 'WindowsServer'
[2021.11.21-20.35.11:205][  0]LogTargetPlatformManager: Display: Building Assets For Windows
[2021.11.21-20.35.11:210][  0]LogAudioDebug: Display: Lib vorbis DLL was dynamically loaded.
[2021.11.21-20.35.11:229][  0]LogTextureFormatOodle: Display: Oodle Texture 2.9.0 init RDO Off
[2021.11.21-20.35.11:249][  0]LogRendererCore: Ray tracing is disabled. Reason: r.RayTracing=0.
[2021.11.21-20.35.11:249][  0]LogShaderCompilers: Guid format shader working directory is 1 characters bigger than the processId version (C:/Users/NV/Documents/Unreal Projects/IHW/Intermediate/Shaders/WorkingDirectory/20520/).
[2021.11.21-20.35.11:249][  0]LogShaderCompilers: Cleaned the shader compiler working directory 'C:/Users/NV/AppData/Local/Temp/UnrealShaderWorkingDir/9CB46D7E45399EAE14B9589F96C2C3AE/'.
[2021.11.21-20.35.11:249][  0]LogXGEController: Cannot use XGE Controller as Incredibuild is not installed on this machine.
[2021.11.21-20.35.11:249][  0]LogShaderCompilers: Cannot use XGE Shader Compiler as Incredibuild is not installed on this machine.
[2021.11.21-20.35.11:249][  0]LogShaderCompilers: Display: Using Local Shader Compiler.
[2021.11.21-20.35.11:781][  0]LogDerivedDataCache: Display: Max Cache Size: 512 MB
[2021.11.21-20.35.11:825][  0]LogDerivedDataCache: Loaded boot cache 0.04s 94MB C:/Users/NV/AppData/Local/UnrealEngine/4.27/DerivedDataCache/Boot.ddc.
[2021.11.21-20.35.11:825][  0]LogDerivedDataCache: Display: Loaded Boot cache: C:/Users/NV/AppData/Local/UnrealEngine/4.27/DerivedDataCache/Boot.ddc
[2021.11.21-20.35.11:825][  0]LogDerivedDataCache: FDerivedDataBackendGraph:  Pak pak cache file C:/Users/NV/Documents/Unreal Projects/IHW/DerivedDataCache/DDC.ddp not found, will not use a pak cache.
[2021.11.21-20.35.11:825][  0]LogDerivedDataCache: Unable to find inner node Pak for hierarchical cache Hierarchy.
[2021.11.21-20.35.11:825][  0]LogDerivedDataCache: FDerivedDataBackendGraph:  CompressedPak pak cache file C:/Users/NV/Documents/Unreal Projects/IHW/DerivedDataCache/Compressed.ddp not found, will not use a pak cache.
[2021.11.21-20.35.11:825][  0]LogDerivedDataCache: Unable to find inner node CompressedPak for hierarchical cache Hierarchy.
[2021.11.21-20.35.11:839][  0]LogDerivedDataCache: Display: Pak cache opened for reading ../../../Engine/DerivedDataCache/Compressed.ddp.
[2021.11.21-20.35.11:839][  0]LogDerivedDataCache: FDerivedDataBackendGraph:  EnterprisePak pak cache file ../../../Enterprise/DerivedDataCache/Compressed.ddp not found, will not use a pak cache.
[2021.11.21-20.35.11:839][  0]LogDerivedDataCache: Unable to find inner node EnterprisePak for hierarchical cache Hierarchy.
[2021.11.21-20.35.11:844][  0]LogDerivedDataCache: Speed tests for C:/Users/NV/AppData/Local/UnrealEngine/Common/DerivedDataCache took 0.01 seconds
[2021.11.21-20.35.11:844][  0]LogDerivedDataCache: Display: Performance to C:/Users/NV/AppData/Local/UnrealEngine/Common/DerivedDataCache: Latency=0.02ms. RandomReadSpeed=1714.34MBs, RandomWriteSpeed=216.73MBs. Assigned SpeedClass 'Local'
[2021.11.21-20.35.11:845][  0]LogDerivedDataCache: Using Local data cache path C:/Users/NV/AppData/Local/UnrealEngine/Common/DerivedDataCache: Writable
[2021.11.21-20.35.11:845][  0]LogDerivedDataCache: Shared data cache path not found in *engine.ini, will not use an Shared cache.
[2021.11.21-20.35.11:845][  0]LogDerivedDataCache: Unable to find inner node Shared for hierarchical cache Hierarchy.
[2021.11.21-20.35.11:870][  0]LogSlate: Using FreeType 2.10.0
[2021.11.21-20.35.11:870][  0]LogSlate: SlateFontServices - WITH_FREETYPE: 1, WITH_HARFBUZZ: 1
[2021.11.21-20.35.11:923][  0]LogInit: Using OS detected language (ru-RU).
[2021.11.21-20.35.11:923][  0]LogInit: Using OS detected locale (ru-RU).
[2021.11.21-20.35.11:923][  0]LogTextLocalizationManager: No localization for 'ru-RU' exists, so 'en' will be used for the language.
[2021.11.21-20.35.11:923][  0]LogTextLocalizationManager: No localization for 'ru-RU' exists, so 'en' will be used for the locale.
[2021.11.21-20.35.11:923][  0]LogSlate: FontCache flush requested. Reason: Culture for localization was changed
[2021.11.21-20.35.11:923][  0]LogSlate: FontCache flush requested. Reason: Culture for localization was changed
[2021.11.21-20.35.11:926][  0]LogAssetRegistry: FAssetRegistry took 0.0019 seconds to start up
[2021.11.21-20.35.12:048][  0]LogTextLocalizationManager: Compacting localization data took   0.00ms
[2021.11.21-20.35.12:049][  0]LogPackageLocalizationCache: Processed 27 localized package path(s) for 1 prioritized culture(s) in 0.000744 seconds
[2021.11.21-20.35.12:091][  0]LogInit: Selected Device Profile: [Windows]
[2021.11.21-20.35.12:091][  0]LogInit: Active device profile: [0000022710787800][00000227090293C0 49] Windows
[2021.11.21-20.35.12:091][  0]LogInit: Profiles: [0000022710787800][00000227090293C0 49] Windows, [000002271073CA00][000002270902D500 49] WindowsNoEditor, [0000022710784A00][0000022707F89640 49] WindowsServer, [000002271073F000][0000022707F917C0 49] WindowsClient, [0000022710786F00][0000022707F95940 49] IOS, [000002271073D300][0000022707F99AC0 49] iPadAir, [0000022710785200][0000022707F9C0C0 49] iPadAir2, [00000227106DFF00][0000022707FA4380 49] IPadPro, [00000227106DFE00][0000022707FA03C0 49] iPadAir3, [0000022710786900][0000022707FA8540 49] iPadAir4, [00000227106DCF00][0000022707FAC6C0 49] iPadMini2, [0000022710785700][0000022707FB0840 49] iPadMini3, [00000227106DEA00][0000022707FB49C0 49] iPadMini4, [0000022710786100][0000022707FB8B40 49] iPadMini5, [0000022710737800][0000022707EE6E00 49] iPhone6, [0000022710737900][0000022707FBCE40 49] iPodTouch6, [00000227106DD100][0000022707EEF100 49] iPhone7, [00000227106DD200][0000022707EEB140 49] iPodTouch7, [0000022710734E00][0000022707EF32C0 49] iPhone5S, [00000227106DC500][0000022707EF7440 49] iPhone6Plus, [0000022710736B00][0000022707F8D580 49] iPhone6S, [00000227106DCA00][0000022707EFB6C0 49] iPhone6SPlus, [0000022710735600][0000022707EFF800 49] iPhone7Plus, [00000227106DCB00][0000022707F03940 49] iPhoneSE, [0000022710736300][0000022707F0BAC0 49] iPhone8, [00000227106DE000][0000022707F0E0C0 49] iPhone8Plus, [0000022710737F00][0000022707F12240 49] iPhoneX, [00000227106DC100][0000022707F163C0 49] iPhoneXS, [0000022710734500][0000022707F1A540 49] iPhoneXSMax, [00000227106DE800][0000022707F1E6C0 49] iPhoneXR, [0000022710736900][0000022707F22840 49] iPhone11, [00000227106DF500][0000022707F269C0 49] iPhone11Pro, [0000022710735700][0000022707F2AB40 49] iPhone11ProMax, [00000227106DD500][0000022707F2ECC0 49] iPhoneSE2, [0000022710734F00][0000022707F32E40 49] iPhone12Mini, [00000227106DE600][0000022707F36FC0 49] iPhone12, [0000022710736600][0000022707F3B140 49] iPhone12Pro, [00000227106DEC00][0000022707F3F2C0 49] iPhone12ProMax, [0000022710736A00][0000022707F43440 49] iPadPro105, [00000227106DC200][00000227101815C0 49] iPadPro129, [0000022710735B00][0000022707F07700 49] iPadPro97, [00000227106DDE00][0000022710185840 49] iPadPro2_129, [0000022710737700][0000022710189980 49] iPad5, [00000227106DEB00][000002271018DAC0 49] iPad6, [0000022710737200][00000227101940C0 49] iPad7, [00000227106DE200][0000022710198240 49] iPad8, [0000022710737B00][000002271019C3C0 49] iPadPro11, [00000227106DF600][00000227101A0540 49] iPadPro2_11, [0000022710736700][00000227101A46C0 49] iPadPro3_129, [00000227106DDF00][00000227101A8840 49] iPadPro4_129, [0000022710734900][00000227101AC9C0 49] AppleTV, [00000227106DD900][00000227101B0B40 49] AppleTV4K, [0000022710737300][00000227101B4CC0 49] TVOS, [00000227106DF700][00000227101B8E40 49] Mac, [0000022710734800][00000227101BCFC0 49] MacClient, [00000227106DC700][00000227101C1140 49] MacNoEditor, [0000022710737E00][00000227101C52C0 49] MacServer, [00000227106DD800][00000227101C9440 49] Linux, [0000022710735800][00000227101CD5C0 49] LinuxAArch64, [00000227106DF900][00000227101D1740 49] LinuxNoEditor, [0000022710734D00][00000227101D58C0 49] LinuxAArch64NoEditor, [00000227106DD000][0000022710191A00 49] LinuxClient, [0000022710734700][00000227101D9B40 49] LinuxAArch64Client, [00000227106DF100][00000227101DC100 49] LinuxServer, [0000022710735400][00000227101E4280 49] LinuxAArch64Server, [000002271073F400][00000227101E8400 49] Android, [00000227107CA100][00000227101EC580 49] Android_Low, [000002271073D700][00000227101F0700 49] Android_Mid, [00000227107C8100][00000227101F4880 49] Android_High, [000002271073CE00][00000227101F8A00 49] Android_Default, [00000227107CA500][00000227101FCB80 49] Android_Adreno4xx, [000002271073FD00][0000022710200D00 49] Android_Adreno5xx_Low, [00000227107C8200][0000022710204E80 49] Android_Adreno5xx, [000002271073C300][0000022710209000 49] Android_Adreno6xx, [00000227107C9A00][000002271020D180 49] Android_Adreno6xx_Vulkan, [000002271073E400][0000022710211300 49] Android_Mali_T6xx, [00000227107CA700][0000022710215480 49] Android_Mali_T7xx, [000002271073EF00][0000022710219600 49] Android_Mali_T8xx, [00000227107C9400][000002271021D780 49] Android_Mali_G71, [000002271073E900][0000022710221900 49] Android_Mali_G72, [00000227107C8500][0000022710225A80 49] Android_Mali_G72_Vulkan, [000002271073D400][00000227101E1BC0 49] Android_Mali_G76, [00000227107C9800][0000022710228180 49] Android_Mali_G76_Vulkan, [000002271073EE00][000002271022C2C0 49] Android_Mali_G77, [00000227107C9300][0000022710234440 49] Android_Mali_G77_Vulkan, [0000022710734300][00000227102385C0 49] Android_Mali_G78, [00000227106DCE00][000002271023C740 49] Android_Mali_G78_Vulkan, [0000022710737400][00000227102408C0 49] Android_Mali_G710, [00000227106DEE00][0000022710244A40 49] Android_Mali_G710_Vulkan, [00000227107C8700][0000022710248BC0 49] Android_Vulkan_SM5, [00000227106DF300][000002271024CD40 49] Android_PowerVR_G6xxx, [00000227107C9500][0000022710250EC0 49] Android_PowerVR_GT7xxx, [00000227106DFB00][0000022710255040 49] Android_PowerVR_GE8xxx, [00000227107CA900][00000227102591C0 49] Android_PowerVR_GM9xxx, [00000227106DF000][000002271025D340 49] Android_PowerVR_GM9xxx_Vulkan, [00000227107C8300][00000227102614C0 49] Android_TegraK1, [00000227106DEF00][0000022710265640 49] Android_Unknown_Vulkan, [00000227107C9200][00000227102697C0 49] Lumin, [00000227106DE400][000002271026D940 49] Lumin_Desktop, [00000227107C8B00][0000022710271AC0 49] HoloLens, 
[2021.11.21-20.35.12:117][  0]LogMeshReduction: Using QuadricMeshReduction for automatic static mesh reduction
[2021.11.21-20.35.12:117][  0]LogMeshReduction: Using SimplygonMeshReduction for automatic skeletal mesh reduction
[2021.11.21-20.35.12:117][  0]LogMeshReduction: Using ProxyLODMeshReduction for automatic mesh merging
[2021.11.21-20.35.12:117][  0]LogMeshReduction: No distributed automatic mesh merging module available
[2021.11.21-20.35.12:117][  0]LogMeshMerging: No distributed automatic mesh merging module available
[2021.11.21-20.35.12:197][  0]LogNetVersion: IHW 1.0.0, NetCL: 17155196, EngineNetVer: 17, GameNetVer: 0 (Checksum: 85387044)
[2021.11.21-20.35.12:355][  0]LogTexture: Default maximum texture size for cubemaps generated from long-lat sources has been changed from 512 to unlimited. In order to preserve old behaiour for '/Engine/MapTemplates/Sky/DaylightAmbientCubemap.DaylightAmbientCubemap', its maximum texture size has been explicitly set to 512.
[2021.11.21-20.35.12:395][  0]LogHMD: PokeAHoleMaterial loaded successfully
[2021.11.21-20.35.12:461][  0]LogMoviePlayer: Initializing movie player
[2021.11.21-20.35.12:532][  0]LogNiagaraDebuggerClient: Niagara Debugger Client Initialized | Session: 0E8E69C84D4D900FE800F3B71AE54824 | Instance: 809C9CC04DF9123866FA4BBD6C0D2F0C (NV-PC-20520).
[2021.11.21-20.35.12:545][  0]LogCollectionManager: Loaded 0 collections in 0.000477 seconds
[2021.11.21-20.35.12:547][  0]LogFileCache: Scanning file cache for directory 'C:/Users/NV/Documents/Unreal Projects/IHW/Saved/Collections/' took 0.00s
[2021.11.21-20.35.12:547][  0]LogFileCache: Scanning file cache for directory 'C:/Users/NV/Documents/Unreal Projects/IHW/Content/Developers/NV/Collections/' took 0.00s
[2021.11.21-20.35.12:547][  0]LogFileCache: Scanning file cache for directory 'C:/Users/NV/Documents/Unreal Projects/IHW/Content/Collections/' took 0.00s
[2021.11.21-20.35.12:547][  0]LogCollectionManager: Fixed up redirectors for 0 collections in 0.000001 seconds (updated 0 objects)
[2021.11.21-20.35.12:612][  0]LogImageWrapper: Warning: PNG Warning: Duplicate iCCP chunk
[2021.11.21-20.35.12:612][  0]LogImageWrapper: Warning: PNG Warning: Duplicate iCCP chunk
[2021.11.21-20.35.12:612][  0]LogUdpMessaging: Initializing bridge on interface 0.0.0.0:0 to multicast group 230.0.0.1:6666.
[2021.11.21-20.35.12:616][  0]LogTcpMessaging: Initializing TcpMessaging bridge
[2021.11.21-20.35.12:655][  0]LogPython: Using Python 3.7.7
[2021.11.21-20.35.12:996][  0]LogAndroidPermission: UAndroidPermissionCallbackProxy::GetInstance
[2021.11.21-20.35.13:006][  0]LogAudioCaptureCore: Display: No Audio Capture implementations found. Audio input will be silent.
[2021.11.21-20.35.13:006][  0]LogAudioCaptureCore: Display: No Audio Capture implementations found. Audio input will be silent.
[2021.11.21-20.35.13:063][  0]SourceControl: Source control is disabled
[2021.11.21-20.35.13:063][  0]SourceControl: Source control is disabled
[2021.11.21-20.35.13:065][  0]SourceControl: Source control is disabled
[2021.11.21-20.35.13:068][  0]LogUProjectInfo: Found projects:
[2021.11.21-20.35.13:107][  0]LogOpenImageDenoise: OIDN starting up
[2021.11.21-20.35.13:117][  0]LogOcInput: OculusInput pre-init called
[2021.11.21-20.35.13:124][  0]LogUObjectArray: 22121 objects as part of root set at end of initial load.
[2021.11.21-20.35.13:124][  0]LogUObjectAllocator: 5975440 out of 0 bytes used by permanent object pool.
[2021.11.21-20.35.13:124][  0]LogUObjectArray: CloseDisregardForGC: 0/0 objects in disregard for GC pool
[2021.11.21-20.35.13:160][  0]LogEngine: Initializing Engine...
[2021.11.21-20.35.13:162][  0]LogHMD: Failed to enumerate extensions. Please check that you have a valid OpenXR runtime installed.
[2021.11.21-20.35.13:162][  0]LogHMD: Failed to initialize OpenVR with code 110
[2021.11.21-20.35.13:162][  0]LogMagicLeap: Warning: VR disabled because ZI is not enabled.  To enable, in the editor, Edit -> Project Settings -> Plugins -> Magic Leap Plugin -> Enable Zero Iteration
[2021.11.21-20.35.13:163][  0]LogStats: UGameplayTagsManager::InitializeManager -  0.000 s
[2021.11.21-20.35.13:226][  0]LogInit: Initializing FReadOnlyCVARCache
[2021.11.21-20.35.13:227][  0]LogAudio: Display: Initializing Audio Device Manager...
[2021.11.21-20.35.13:229][  0]LogAudio: Display: Loading Default Audio Settings Objects...
[2021.11.21-20.35.13:229][  0]LogAudio: Display: No default SoundConcurrencyObject specified (or failed to load).
[2021.11.21-20.35.13:230][  0]LogAudio: Display: Audio Device Manager Initialized
[2021.11.21-20.35.13:230][  0]LogAudio: Display: Creating Audio Device:                 Id: 1, Scope: Shared, Realtime: True
[2021.11.21-20.35.13:230][  0]LogAudioMixer: Display: Audio Mixer Platform Settings:
[2021.11.21-20.35.13:230][  0]LogAudioMixer: Display: 	Sample Rate:						  48000
[2021.11.21-20.35.13:230][  0]LogAudioMixer: Display: 	Callback Buffer Frame Size Requested: 1024
[2021.11.21-20.35.13:230][  0]LogAudioMixer: Display: 	Callback Buffer Frame Size To Use:	  1024
[2021.11.21-20.35.13:230][  0]LogAudioMixer: Display: 	Number of buffers to queue:			  2
[2021.11.21-20.35.13:230][  0]LogAudioMixer: Display: 	Max Channels (voices):				  32
[2021.11.21-20.35.13:230][  0]LogAudioMixer: Display: 	Number of Async Source Workers:		  0
[2021.11.21-20.35.13:230][  0]LogAudio: Display: AudioDevice MaxSources: 32
[2021.11.21-20.35.13:230][  0]LogAudio: Display: Audio Spatialization Plugin: None (built-in).
[2021.11.21-20.35.13:230][  0]LogAudio: Display: Audio Reverb Plugin: None (built-in).
[2021.11.21-20.35.13:230][  0]LogAudio: Display: Audio Occlusion Plugin: None (built-in).
[2021.11.21-20.35.13:230][  0]LogAudioMixer: Display: Initializing audio mixer.
[2021.11.21-20.35.13:241][  0]LogAudioMixer: Display: 0: FrontLeft
[2021.11.21-20.35.13:241][  0]LogAudioMixer: Display: 1: FrontRight
[2021.11.21-20.35.13:256][  0]LogAudioMixer: Display: Using Audio Device Динамики (3- Realtek(R) Audio)
[2021.11.21-20.35.13:261][  0]LogAudioMixer: Display: Initializing Sound Submixes...
[2021.11.21-20.35.13:262][  0]LogAudioMixer: Display: Creating Master Submix 'MasterSubmixDefault'
[2021.11.21-20.35.13:262][  0]LogAudioMixer: Display: Creating Master Submix 'MasterReverbSubmixDefault'
[2021.11.21-20.35.13:263][  0]LogAudioMixer: Display: Creating Master Submix 'MasterEQSubmixDefault'
[2021.11.21-20.35.13:263][  0]LogAudioMixer: FMixerPlatformXAudio2::StartAudioStream() called
[2021.11.21-20.35.13:263][  0]LogAudioMixer: Display: Output buffers initialized: Frames=1024, Channels=2, Samples=2048
[2021.11.21-20.35.13:263][  0]LogAudioMixer: Display: Starting AudioMixerPlatformInterface::RunInternal()
[2021.11.21-20.35.13:263][  0]LogAudioMixer: Display: FMixerPlatformXAudio2::SubmitBuffer() called for the first time
[2021.11.21-20.35.13:263][  0]LogInit: FAudioDevice initialized.
[2021.11.21-20.35.13:264][  0]LogNetVersion: Set ProjectVersion to 1.0.0.0. Version Checksum will be recalculated on next use.
[2021.11.21-20.35.13:266][  0]LogInit: Texture streaming: Enabled
[2021.11.21-20.35.13:308][  0]LogAudio: Display: Audio Device (ID: 1) registered with world 'Untitled'.
[2021.11.21-20.35.13:309][  0]LogSlate: Updating window title bar state: overlay mode, drag disabled, window buttons hidden, title bar hidden
[2021.11.21-20.35.13:309][  0]LogInit: Display: Game Engine Initialized.
[2021.11.21-20.35.13:309][  0]LogNiagaraEditor: GEditor isn't valid! Particle reset commands will not work for Niagara components!
[2021.11.21-20.35.13:388][  0]LogImageWrapper: Warning: PNG Warning: Duplicate iCCP chunk
[2021.11.21-20.35.13:388][  0]LogImageWrapper: Warning: PNG Warning: Duplicate iCCP chunk
[2021.11.21-20.35.13:388][  0]LogInit: Display: Starting Game.
[2021.11.21-20.35.13:388][  0]LogNet: Browse: /Game/Procedural/ProceduralLevel?Name=Player
[2021.11.21-20.35.13:388][  0]LogLoad: LoadMap: /Game/Procedural/ProceduralLevel?Name=Player
[2021.11.21-20.35.13:388][  0]LogWorld: BeginTearingDown for /Temp/Untitled_0
[2021.11.21-20.35.13:389][  0]LogWorld: UWorld::CleanupWorld for Untitled, bSessionEnded=true, bCleanupResources=true
[2021.11.21-20.35.13:389][  0]LogSlate: InvalidateAllWidgets triggered.  All widgets were invalidated
[2021.11.21-20.35.13:391][  0]LogAudio: Display: Audio Device unregistered from world 'None'.
[2021.11.21-20.35.13:395][  0]LogUObjectHash: Compacting FUObjectHashTables data took   0.58ms
[2021.11.21-20.35.13:539][  0]LogAudio: Display: Audio Device (ID: 1) registered with world 'ProceduralLevel'.
[2021.11.21-20.35.13:544][  0]LogAIModule: Creating AISystem for world ProceduralLevel
[2021.11.21-20.35.13:544][  0]LogLoad: Game class is 'ThirdPersonGameMode_C'
[2021.11.21-20.35.13:545][  0]LogWorld: Bringing World /Game/Procedural/ProceduralLevel.ProceduralLevel up for play (max tick rate 0) at 2021.11.21-23.35.13
[2021.11.21-20.35.13:545][  0]LogWorld: Bringing up level for play took: 0.000572
[2021.11.21-20.35.13:548][  0]LogLoad: Took 0.159794 seconds to LoadMap(/Game/Procedural/ProceduralLevel)
[2021.11.21-20.35.13:621][  0]LogSlate: Took 0.000093 seconds to synchronously load lazily loaded font '../../../Engine/Content/Slate/Fonts/Roboto-Regular.ttf' (155K)
[2021.11.21-20.35.13:655][  0]LogRenderer: Reallocating scene render targets to support 1280x720 Format 10 NumSamples 1 (Frame:1).
[2021.11.21-20.35.13:655][  0]LogUObjectGlobals: BeginLoad(/Engine/EditorResources/SequenceRecorder/Countdown) is flushing async loading
[2021.11.21-20.35.13:655][  0]LogStreaming: Display: FlushAsyncLoading: 3 QueuedPackages, 0 AsyncPackages
[2021.11.21-20.35.13:672][  0]LogInit: Display: Engine is initialized. Leaving FEngineLoop::Init()
[2021.11.21-20.35.13:672][  0]LogLoad: (Engine Initialization) Total time: 3.72 seconds
[2021.11.21-20.35.13:672][  0]LogLoad: (Engine Initialization) Total Blueprint compile time: 0.00 seconds
[2021.11.21-20.35.13:679][  0]LogContentStreaming: Texture pool size now 1000 MB
[2021.11.21-20.35.13:682][  0]LogSlate: InvalidateAllWidgets triggered.  All widgets were invalidated
[2021.11.21-20.35.13:737][  0]LogRenderer: Reallocating scene render targets to support 128x128 Format 10 NumSamples 1 (Frame:1).
[2021.11.21-20.35.13:761][  0]LogRenderer: Reallocating scene render targets to support 1280x720 Format 10 NumSamples 1 (Frame:2).
[2021.11.21-20.35.13:772][  1]LogSlate: Took 0.000087 seconds to synchronously load lazily loaded font '../../../Engine/Content/Slate/Fonts/Roboto-Regular.ttf' (155K)
[2021.11.21-20.35.14:241][105]LogWindowsDesktop: Alt-F4 pressed!
[2021.11.21-20.35.14:249][105]LogSlate: Window 'IHW (64-bit Development PCD3D_SM5) ' being destroyed
[2021.11.21-20.35.14:250][105]LogWindowsTextInputMethodSystem: Display: IME system deactivated.
[2021.11.21-20.35.14:254][105]LogSlate: Updating window title bar state: overlay mode, drag disabled, window buttons hidden, title bar hidden
[2021.11.21-20.35.14:254][105]LogEngine: All Windows Closed
[2021.11.21-20.35.14:254][105]LogWindows: FPlatformMisc::RequestExit(0)
[2021.11.21-20.35.14:254][105]LogWindows: FPlatformMisc::RequestExitWithStatus(0, 0)
[2021.11.21-20.35.14:254][105]LogCore: Engine exit requested (reason: Win RequestExit)
[2021.11.21-20.35.14:254][106]LogCore: Engine exit requested (reason: EngineExit() was called; note: exit was already requested)
[2021.11.21-20.35.14:254][106]LogInit: Display: PreExit Game.
[2021.11.21-20.35.14:262][106]LogWorld: BeginTearingDown for /Game/Procedural/ProceduralLevel
[2021.11.21-20.35.14:262][106]LogWorld: UWorld::CleanupWorld for ProceduralLevel, bSessionEnded=true, bCleanupResources=true
[2021.11.21-20.35.14:262][106]LogSlate: InvalidateAllWidgets triggered.  All widgets were invalidated
[2021.11.21-20.35.14:262][106]LogWorld: UWorld::CleanupWorld for Start, bSessionEnded=true, bCleanupResources=true
[2021.11.21-20.35.14:262][106]LogSlate: InvalidateAllWidgets triggered.  All widgets were invalidated
[2021.11.21-20.35.14:262][106]LogWorld: UWorld::CleanupWorld for EmptyFloor, bSessionEnded=true, bCleanupResources=true
[2021.11.21-20.35.14:263][106]LogSlate: InvalidateAllWidgets triggered.  All widgets were invalidated
[2021.11.21-20.35.14:263][106]LogWorld: UWorld::CleanupWorld for Finish, bSessionEnded=true, bCleanupResources=true
[2021.11.21-20.35.14:263][106]LogSlate: InvalidateAllWidgets triggered.  All widgets were invalidated
[2021.11.21-20.35.15:165][106]LogAudio: Display: Beginning Audio Device Manager Shutdown (Module: AudioMixerXAudio2)...
[2021.11.21-20.35.15:165][106]LogAudio: Display: Destroying 1 Remaining Audio Device(s)...
[2021.11.21-20.35.15:165][106]LogAudio: Display: Audio Device unregistered from world 'ProceduralLevel'.
[2021.11.21-20.35.15:208][106]LogAudioMixer: FMixerPlatformXAudio2::StopAudioStream() called
[2021.11.21-20.35.15:209][106]LogAudioMixer: FMixerPlatformXAudio2::StopAudioStream() called
[2021.11.21-20.35.15:212][106]LogAudio: Display: Audio Device Manager Shutdown
[2021.11.21-20.35.15:214][106]LogExit: Preparing to exit.
[2021.11.21-20.35.15:219][106]LogSlate: Updating window title bar state: overlay mode, drag disabled, window buttons hidden, title bar hidden
[2021.11.21-20.35.15:221][106]LogUObjectHash: Compacting FUObjectHashTables data took   0.71ms
[2021.11.21-20.35.15:616][106]LogMoviePlayer: Shutting down movie player
[2021.11.21-20.35.15:835][106]LogDemo: Cleaned up 0 splitscreen connections with owner deletion
[2021.11.21-20.35.15:837][106]LogExit: Game engine shut down
[2021.11.21-20.35.15:873][106]LogExit: Object subsystem successfully closed.
[2021.11.21-20.35.15:884][106]LogShaderCompilers: Display: === FShaderJobCache stats ===
[2021.11.21-20.35.15:884][106]LogShaderCompilers: Display: Total job queries 0, among them cache hits 0 (0.00%)
[2021.11.21-20.35.15:884][106]LogShaderCompilers: Display: Tracking 0 distinct input hashes that result in 0 distinct outputs (0.00%)
[2021.11.21-20.35.15:884][106]LogShaderCompilers: Display: RAM used: 0.00 MB (0.00 GB) of 819.20 MB (0.80 GB) budget. Usage: 0.00%
[2021.11.21-20.35.15:884][106]LogShaderCompilers: Display: ================================================
[2021.11.21-20.35.15:887][106]LogShaderCompilers: Display: Shaders left to compile 0
[2021.11.21-20.35.15:897][106]LogModuleManager: Shutting down and abandoning module SequenceRecorderSections (560)
[2021.11.21-20.35.15:897][106]LogModuleManager: Shutting down and abandoning module SequenceRecorder (558)
[2021.11.21-20.35.15:897][106]LogModuleManager: Shutting down and abandoning module AutomationController (556)
[2021.11.21-20.35.15:897][106]LogModuleManager: Shutting down and abandoning module AutomationWorker (554)
[2021.11.21-20.35.15:897][106]LogModuleManager: Shutting down and abandoning module Voice (552)
[2021.11.21-20.35.15:897][106]LogModuleManager: Shutting down and abandoning module AIModule (550)
[2021.11.21-20.35.15:897][106]LogModuleManager: Shutting down and abandoning module GameplayDebugger (549)
[2021.11.21-20.35.15:897][106]LogModuleManager: Shutting down and abandoning module AITestSuite (547)
[2021.11.21-20.35.15:897][106]LogModuleManager: Shutting down and abandoning module NavigationSystem (545)
[2021.11.21-20.35.15:897][106]LogModuleManager: Shutting down and abandoning module AnimGraph (542)
[2021.11.21-20.35.15:897][106]LogModuleManager: Shutting down and abandoning module SteamVREditor (540)
[2021.11.21-20.35.15:897][106]LogModuleManager: Shutting down and abandoning module ToolMenus (539)
[2021.11.21-20.35.15:897][106]LogModuleManager: Shutting down and abandoning module OculusMR (536)
[2021.11.21-20.35.15:897][106]LogModuleManager: Shutting down and abandoning module PlanarCut (534)
[2021.11.21-20.35.15:897][106]LogModuleManager: Shutting down and abandoning module CharacterAI (532)
[2021.11.21-20.35.15:897][106]LogModuleManager: Shutting down and abandoning module TakeRecorderSources (530)
[2021.11.21-20.35.15:897][106]LogModuleManager: Shutting down and abandoning module TakeRecorder (529)
[2021.11.21-20.35.15:897][106]LogModuleManager: Shutting down and abandoning module TakeTrackRecorders (526)
[2021.11.21-20.35.15:897][106]LogModuleManager: Shutting down and abandoning module TakesCore (524)
[2021.11.21-20.35.15:897][106]LogModuleManager: Shutting down and abandoning module OpenXRInput (522)
[2021.11.21-20.35.15:897][106]LogModuleManager: Shutting down and abandoning module WmfMediaFactory (520)
[2021.11.21-20.35.15:897][106]LogModuleManager: Shutting down and abandoning module WebMMediaFactory (518)
[2021.11.21-20.35.15:897][106]LogModuleManager: Shutting down and abandoning module WebMMedia (516)
[2021.11.21-20.35.15:897][106]LogModuleManager: Shutting down and abandoning module AvfMediaFactory (514)
[2021.11.21-20.35.15:897][106]LogModuleManager: Shutting down and abandoning module OpenExrWrapper (512)
[2021.11.21-20.35.15:898][106]LogModuleManager: Shutting down and abandoning module ImgMediaFactory (510)
[2021.11.21-20.35.15:898][106]LogModuleManager: Shutting down and abandoning module MagicLeapMediaCodecFactory (508)
[2021.11.21-20.35.15:898][106]LogModuleManager: Shutting down and abandoning module MagicLeapMediaFactory (506)
[2021.11.21-20.35.15:898][106]LogModuleManager: Shutting down and abandoning module SessionServices (504)
[2021.11.21-20.35.15:898][106]LogModuleManager: Shutting down and abandoning module MovieSceneCapture (502)
[2021.11.21-20.35.15:898][106]LogModuleManager: Shutting down and abandoning module LiveCoding (500)
[2021.11.21-20.35.15:898][106]LogModuleManager: Shutting down and abandoning module LevelSequence (498)
[2021.11.21-20.35.15:898][106]LogModuleManager: Shutting down and abandoning module MovieSceneTracks (496)
[2021.11.21-20.35.15:898][106]LogModuleManager: Shutting down and abandoning module MovieScene (494)
[2021.11.21-20.35.15:898][106]LogModuleManager: Shutting down and abandoning module StreamingPauseRendering (492)
[2021.11.21-20.35.15:898][106]LogModuleManager: Shutting down and abandoning module PortalServices (490)
[2021.11.21-20.35.15:898][106]LogModuleManager: Shutting down and abandoning module PortalRpc (488)
[2021.11.21-20.35.15:898][106]LogModuleManager: Shutting down and abandoning module MessagingRpc (486)
[2021.11.21-20.35.15:898][106]LogModuleManager: Shutting down and abandoning module AudioMixerXAudio2 (484)
[2021.11.21-20.35.15:898][106]LogModuleManager: Shutting down and abandoning module AudioMixerCore (483)
[2021.11.21-20.35.15:898][106]LogModuleManager: Shutting down and abandoning module ImageWriteQueue (480)
[2021.11.21-20.35.15:901][106]LogModuleManager: Shutting down and abandoning module ProfilerService (478)
[2021.11.21-20.35.16:133][106]LogModuleManager: Shutting down and abandoning module TaskGraph (476)
[2021.11.21-20.35.16:133][106]LogModuleManager: Shutting down and abandoning module OculusInput (474)
[2021.11.21-20.35.16:133][106]LogModuleManager: Shutting down and abandoning module OpenImageDenoise (472)
[2021.11.21-20.35.16:133][106]LogOpenImageDenoise: OIDN shutting down
[2021.11.21-20.35.16:133][106]LogModuleManager: Shutting down and abandoning module MotoSynth (470)
[2021.11.21-20.35.16:133][106]LogModuleManager: Shutting down and abandoning module MeshConversion (468)
[2021.11.21-20.35.16:133][106]LogModuleManager: Shutting down and abandoning module DynamicMesh (466)
[2021.11.21-20.35.16:133][106]LogModuleManager: Shutting down and abandoning module GeometryAlgorithms (464)
[2021.11.21-20.35.16:133][106]LogModuleManager: Shutting down and abandoning module GeometricObjects (462)
[2021.11.21-20.35.16:133][106]LogModuleManager: Shutting down and abandoning module GeometryCollectionTracks (460)
[2021.11.21-20.35.16:133][106]LogModuleManager: Shutting down and abandoning module GeometryCollectionSequencer (459)
[2021.11.21-20.35.16:133][106]LogModuleManager: Shutting down and abandoning module GeometryCacheTracks (456)
[2021.11.21-20.35.16:133][106]LogModuleManager: Shutting down and abandoning module GeometryCacheSequencer (455)
[2021.11.21-20.35.16:133][106]LogModuleManager: Shutting down and abandoning module GeometryCache (452)
[2021.11.21-20.35.16:133][106]LogModuleManager: Shutting down and abandoning module GeometryCacheEd (451)
[2021.11.21-20.35.16:133][106]LogModuleManager: Shutting down and abandoning module ChaosNiagara (448)
[2021.11.21-20.35.16:133][106]LogModuleManager: Shutting down and abandoning module BackChannel (446)
[2021.11.21-20.35.16:133][106]LogModuleManager: Shutting down and abandoning module AutomationUtils (444)
[2021.11.21-20.35.16:133][106]LogModuleManager: Shutting down and abandoning module VisualStudioSourceCodeAccess (442)
[2021.11.21-20.35.16:133][106]LogModuleManager: Shutting down and abandoning module HotReload (441)
[2021.11.21-20.35.16:134][106]LogModuleManager: Shutting down and abandoning module VisualStudioCodeSourceCodeAccess (438)
[2021.11.21-20.35.16:134][106]LogModuleManager: Shutting down and abandoning module UObjectPlugin (436)
[2021.11.21-20.35.16:134][106]LogModuleManager: Shutting down and abandoning module SubversionSourceControl (434)
[2021.11.21-20.35.16:134][106]LogModuleManager: Shutting down and abandoning module PerforceSourceControl (432)
[2021.11.21-20.35.16:134][106]LogModuleManager: Shutting down and abandoning module SourceControl (431)
[2021.11.21-20.35.16:134][106]LogModuleManager: Shutting down and abandoning module CLionSourceCodeAccess (428)
[2021.11.21-20.35.16:134][106]LogModuleManager: Shutting down and abandoning module TakeMovieScene (426)
[2021.11.21-20.35.16:134][106]LogModuleManager: Shutting down and abandoning module Synthesis (424)
[2021.11.21-20.35.16:134][106]LogModuleManager: Shutting down and abandoning module MobilePatchingUtils (422)
[2021.11.21-20.35.16:134][106]LogModuleManager: Shutting down and abandoning module ProceduralMeshComponent (420)
[2021.11.21-20.35.16:134][106]LogModuleManager: Shutting down and abandoning module GooglePAD (418)
[2021.11.21-20.35.16:134][106]LogModuleManager: Shutting down and abandoning module EditableMesh (416)
[2021.11.21-20.35.16:134][106]LogModuleManager: Shutting down and abandoning module FieldSystemEngine (415)
[2021.11.21-20.35.16:134][106]LogModuleManager: Shutting down and abandoning module CustomMeshComponent (412)
[2021.11.21-20.35.16:134][106]LogModuleManager: Shutting down and abandoning module CableComponent (410)
[2021.11.21-20.35.16:134][106]LogModuleManager: Shutting down and abandoning module AssetTags (408)
[2021.11.21-20.35.16:134][106]LogModuleManager: Shutting down and abandoning module AudioCapture (406)
[2021.11.21-20.35.16:134][106]LogModuleManager: Shutting down and abandoning module AudioCaptureRtAudio (405)
[2021.11.21-20.35.16:134][106]LogModuleManager: Shutting down and abandoning module ArchVisCharacter (402)
[2021.11.21-20.35.16:134][106]LogModuleManager: Shutting down and abandoning module AppleImageUtilsBlueprintSupport (400)
[2021.11.21-20.35.16:134][106]LogModuleManager: Shutting down and abandoning module AppleImageUtils (398)
[2021.11.21-20.35.16:134][106]LogModuleManager: Shutting down and abandoning module AndroidPermission (396)
[2021.11.21-20.35.16:134][106]LogModuleManager: Shutting down and abandoning module ActorLayerUtilities (394)
[2021.11.21-20.35.16:134][106]LogModuleManager: Shutting down and abandoning module TemplateSequence (392)
[2021.11.21-20.35.16:134][106]LogModuleManager: Shutting down and abandoning module MediaCompositing (390)
[2021.11.21-20.35.16:134][106]LogModuleManager: Shutting down and abandoning module ImgMedia (388)
[2021.11.21-20.35.16:134][106]LogModuleManager: Shutting down and abandoning module MagicLeapSharedWorld (386)
[2021.11.21-20.35.16:134][106]LogModuleManager: Shutting down and abandoning module MagicLeapLightEstimation (384)
[2021.11.21-20.35.16:134][106]LogModuleManager: Shutting down and abandoning module MagicLeapHelperVulkan (382)
[2021.11.21-20.35.16:134][106]LogModuleManager: Shutting down and abandoning module MagicLeapHelperOpenGL (380)
[2021.11.21-20.35.16:134][106]LogModuleManager: Shutting down and abandoning module MagicLeapAudio (378)
[2021.11.21-20.35.16:134][106]LogModuleManager: Shutting down and abandoning module OodleNetworkHandlerComponent (376)
[2021.11.21-20.35.16:134][106]LogModuleManager: Shutting down and abandoning module LiveLinkSequencer (374)
[2021.11.21-20.35.16:134][106]LogModuleManager: Shutting down and abandoning module LiveLinkMovieScene (372)
[2021.11.21-20.35.16:134][106]LogModuleManager: Shutting down and abandoning module LiveLinkGraphNode (370)
[2021.11.21-20.35.16:134][106]LogModuleManager: Shutting down and abandoning module LiveLinkComponents (368)
[2021.11.21-20.35.16:134][106]LogModuleManager: Shutting down and abandoning module LiveLink (366)
