Log file open, 11/21/21 22:23:09
LogWindows: Failed to load 'aqProf.dll' (GetLastError=126)
LogWindows: File 'aqProf.dll' does not exist
LogWindows: Failed to load 'VtuneApi.dll' (GetLastError=126)
LogWindows: File 'VtuneApi.dll' does not exist
LogWindows: Failed to load 'VtuneApi32e.dll' (GetLastError=126)
LogWindows: File 'VtuneApi32e.dll' does not exist
LogConsoleResponse: Display: Failed to find resolution value strings in scalability ini. Falling back to default.
LogConsoleResponse: Display: Failed to find resolution value strings in scalability ini. Falling back to default.
LogInit: Display: Running engine for game: IHW
LogPlatformFile: Not using cached read wrapper
LogTaskGraph: Started task graph with 5 named threads and 47 total threads with 3 sets of task threads.
LogStats: Stats thread started at 0.181158
LogICUInternationalization: ICU TimeZone Detection - Raw Offset: +3:00, Platform Override: ''
LogInit: Display: Loading text-based GConfig....
LogPluginManager: Mounting plugin MeshPainting
LogPluginManager: Mounting plugin XGEController
LogPluginManager: Mounting plugin Paper2D
LogPluginManager: Mounting plugin AISupport
LogPluginManager: Mounting plugin EnvironmentQueryEditor
LogPluginManager: Mounting plugin LightPropagationVolume
LogPluginManager: Mounting plugin LiveLink
LogPluginManager: Mounting plugin GameplayCameras
LogPluginManager: Mounting plugin OodleNetwork
LogPluginManager: Mounting plugin CurveEditorTools
LogPluginManager: Mounting plugin OodleData
LogPluginManager: Mounting plugin AssetManagerEditor
LogPluginManager: Mounting plugin DataValidation
LogPluginManager: Mounting plugin FacialAnimation
LogPluginManager: Mounting plugin CryptoKeys
LogPluginManager: Mounting plugin GameplayTagsEditor
LogPluginManager: Mounting plugin DatasmithContent
LogPluginManager: Mounting plugin CameraShakePreviewer
LogPluginManager: Mounting plugin MacGraphicsSwitching
LogPluginManager: Mounting plugin MobileLauncherProfileWizard
LogPluginManager: Mounting plugin MaterialAnalyzer
LogPluginManager: Mounting plugin PluginBrowser
LogPluginManager: Mounting plugin SpeedTreeImporter
LogPluginManager: Mounting plugin VariantManagerContent
LogPluginManager: Mounting plugin Niagara
LogPluginManager: Mounting plugin MagicLeap
LogPluginManager: Mounting plugin LuminPlatformFeatures
LogPluginManager: Mounting plugin MagicLeapMedia
LogPluginManager: Mounting plugin MagicLeapLightEstimation
LogPluginManager: Mounting plugin MagicLeapPassableWorld
LogPluginManager: Mounting plugin MLSDK
LogPluginManager: Mounting plugin TcpMessaging
LogPluginManager: Mounting plugin UdpMessaging
LogPluginManager: Mounting plugin AndroidMedia
LogPluginManager: Mounting plugin AvfMedia
LogPluginManager: Mounting plugin ImgMedia
LogPluginManager: Mounting plugin MediaCompositing
LogPluginManager: Mounting plugin MediaPlayerEditor
LogPluginManager: Mounting plugin WebMMedia
LogPluginManager: Mounting plugin ActorSequence
LogPluginManager: Mounting plugin LevelSequenceEditor
LogPluginManager: Mounting plugin MatineeToLevelSequence
LogPluginManager: Mounting plugin WmfMedia
LogPluginManager: Mounting plugin TemplateSequence
LogPluginManager: Mounting plugin OnlineSubsystem
LogPluginManager: Mounting plugin OnlineSubsystemNull
LogPluginManager: Mounting plugin OnlineSubsystemUtils
LogPluginManager: Mounting plugin ActorLayerUtilities
LogPluginManager: Mounting plugin AndroidDeviceProfileSelector
LogPluginManager: Mounting plugin LauncherChunkInstaller
LogPluginManager: Mounting plugin AndroidPermission
LogPluginManager: Mounting plugin AndroidMoviePlayer
LogPluginManager: Mounting plugin AppleImageUtils
LogPluginManager: Mounting plugin AppleMoviePlayer
LogPluginManager: Mounting plugin AudioCapture
LogPluginManager: Mounting plugin AssetTags
LogPluginManager: Mounting plugin ArchVisCharacter
LogPluginManager: Mounting plugin AudioSynesthesia
LogPluginManager: Mounting plugin CableComponent
LogPluginManager: Mounting plugin ChunkDownloader
LogPluginManager: Mounting plugin EditableMesh
LogPluginManager: Mounting plugin GeometryMode
LogPluginManager: Mounting plugin CustomMeshComponent
LogPluginManager: Mounting plugin ExampleDeviceProfileSelector
LogPluginManager: Mounting plugin GoogleCloudMessaging
LogPluginManager: Mounting plugin GooglePAD
LogPluginManager: Mounting plugin IOSDeviceProfileSelector
LogPluginManager: Mounting plugin LinuxDeviceProfileSelector
LogPluginManager: Mounting plugin LocationServicesBPLibrary
LogPluginManager: Mounting plugin MobilePatchingUtils
LogPluginManager: Mounting plugin OpenXR
LogPluginManager: Mounting plugin OpenXREyeTracker
LogPluginManager: Mounting plugin OpenXRHandTracking
LogPluginManager: Mounting plugin PhysXVehicles
LogPluginManager: Mounting plugin ScreenshotTools
LogPluginManager: Mounting plugin PostSplashScreen
LogPluginManager: Mounting plugin PropertyAccessEditor
LogPluginManager: Mounting plugin ProceduralMeshComponent
LogPluginManager: Mounting plugin SignificanceManager
LogPluginManager: Mounting plugin RuntimePhysXCooking
LogPluginManager: Mounting plugin SoundFields
LogPluginManager: Mounting plugin Synthesis
LogPluginManager: Mounting plugin WebMMoviePlayer
LogPluginManager: Mounting plugin WindowsMoviePlayer
LogPluginManager: Mounting plugin Takes
LogPluginManager: Mounting plugin AnimationSharing
LogPluginManager: Mounting plugin CLionSourceCodeAccess
LogPluginManager: Mounting plugin GitSourceControl
LogPluginManager: Mounting plugin KDevelopSourceCodeAccess
LogPluginManager: Mounting plugin NullSourceCodeAccess
LogPluginManager: Mounting plugin PerforceSourceControl
LogPluginManager: Mounting plugin PixWinPlugin
LogPluginManager: Mounting plugin PlasticSourceControl
LogPluginManager: Mounting plugin RiderSourceCodeAccess
LogPluginManager: Mounting plugin CodeLiteSourceCodeAccess
LogPluginManager: Mounting plugin PluginUtils
LogPluginManager: Mounting plugin SubversionSourceControl
LogPluginManager: Mounting plugin UObjectPlugin
LogPluginManager: Mounting plugin AlembicImporter
LogPluginManager: Mounting plugin VisualStudioCodeSourceCodeAccess
LogPluginManager: Mounting plugin TextureFormatOodle
LogPluginManager: Mounting plugin VisualStudioSourceCodeAccess
LogPluginManager: Mounting plugin XCodeSourceCodeAccess
LogPluginManager: Mounting plugin BackChannel
LogPluginManager: Mounting plugin AutomationUtils
LogPluginManager: Mounting plugin ChaosEditor
LogPluginManager: Mounting plugin ChaosClothEditor
LogPluginManager: Mounting plugin PropertyAccessNode
LogPluginManager: Mounting plugin ChaosNiagara
LogPluginManager: Mounting plugin ChaosSolverPlugin
LogPluginManager: Mounting plugin CharacterAI
LogPluginManager: Mounting plugin GeometryCache
LogPluginManager: Mounting plugin GeometryCollectionPlugin
LogPluginManager: Mounting plugin GeometryProcessing
LogPluginManager: Mounting plugin OpenImageDenoise
LogPluginManager: Mounting plugin MotoSynth
LogPluginManager: Mounting plugin PlanarCut
LogPluginManager: Mounting plugin PlatformCrypto
LogPluginManager: Mounting plugin ProxyLODPlugin
LogPluginManager: Mounting plugin PythonScriptPlugin
LogPluginManager: Mounting plugin SkeletalReduction
LogPluginManager: Mounting plugin ChaosCloth
LogPluginManager: Mounting plugin ContentBrowserAssetDataSource
LogPluginManager: Mounting plugin ContentBrowserClassDataSource
LogPluginManager: Mounting plugin ContentBrowserFileDataSource
LogPluginManager: Mounting plugin OnlineSubsystemGooglePlay
LogPluginManager: Mounting plugin OnlineSubsystemIOS
LogPluginManager: Mounting plugin OculusVR
LogPluginManager: Mounting plugin SteamVR
LogInit: Using libcurl 7.55.1-DEV
LogInit:  - built for x86_64-pc-win32
LogInit:  - supports SSL with OpenSSL/1.1.1
LogInit:  - supports HTTP deflate (compression) using libz 1.2.8
LogInit:  - other features:
LogInit:      CURL_VERSION_SSL
LogInit:      CURL_VERSION_LIBZ
LogInit:      CURL_VERSION_IPV6
LogInit:      CURL_VERSION_ASYNCHDNS
LogInit:      CURL_VERSION_LARGEFILE
LogInit:      CURL_VERSION_IDN
LogInit:  CurlRequestOptions (configurable via config and command line):
LogInit:  - bVerifyPeer = true  - Libcurl will verify peer certificate
LogInit:  - bUseHttpProxy = false  - Libcurl will NOT use HTTP proxy
LogInit:  - bDontReuseConnections = false  - Libcurl will reuse connections
LogInit:  - MaxHostConnections = 16  - Libcurl will limit the number of connections to a host
LogInit:  - LocalHostAddr = Default
LogInit:  - BufferSize = 65536
LogOnline: OSS: Creating online subsystem instance for: NULL
LogInit: WinSock: version 1.1 (2.2), MaxSocks=32767, MaxUdp=65467
LogOnline: OSS: TryLoadSubsystemAndSetDefault: Loaded subsystem for module [NULL]
PixWinPlugin: PIX capture plugin failed to initialize! Check that the process is launched from PIX.
LogOculusPluginWrapper: OculusPlugin initialized successfully
LogHMD: Failed initializing OVRPlugin 1.59.0
LogInit: Build: ++UE4+Release-4.27-CL-17735300
LogInit: Engine Version: 4.27.1-17735300+++UE4+Release-4.27
LogInit: Compatible Engine Version: 4.27.0-17155196+++UE4+Release-4.27
LogInit: Net CL: 17155196
LogInit: OS: Windows 10 (Release 2009) (), CPU: AMD Ryzen 7 5800X 8-Core Processor             , GPU: NVIDIA GeForce GTX 1050 Ti
LogInit: Compiled (64-bit): Oct  6 2021 14:42:51
LogInit: Compiled with Visual C++: 19.24.28315.00
LogInit: Build Configuration: Development
LogInit: Branch Name: ++UE4+Release-4.27
LogInit: Command Line:  /Game/Procedural/ProceduralLevel -game -PIEVIACONSOLE -Multiprocess "GameUserSettingsINI=C:/Users/NV/Documents/Unreal Projects/IHW/Saved/Config/Windows/PIEGameUserSettings0.ini" -MultiprocessSaveConfig -forcepassthrough -messaging -SessionName="Play in Standalone Game" -windowed -ResX=1280 -ResY=720
LogInit: Base Directory: E:/EpicGames/UE_4.27/Engine/Binaries/Win64/
LogInit: Allocator: TBB
LogInit: Installed Engine Build: 1
LogDevObjectVersion: Number of dev versions registered: 29
LogDevObjectVersion:   Dev-Blueprints (B0D832E4-1F89-4F0D-ACCF-7EB736FD4AA2): 10
LogDevObjectVersion:   Dev-Build (E1C64328-A22C-4D53-A36C-8E866417BD8C): 0
LogDevObjectVersion:   Dev-Core (375EC13C-06E4-48FB-B500-84F0262A717E): 4
LogDevObjectVersion:   Dev-Editor (E4B068ED-F494-42E9-A231-DA0B2E46BB41): 40
LogDevObjectVersion:   Dev-Framework (CFFC743F-43B0-4480-9391-14DF171D2073): 37
LogDevObjectVersion:   Dev-Mobile (B02B49B5-BB20-44E9-A304-32B752E40360): 3
LogDevObjectVersion:   Dev-Networking (A4E4105C-59A1-49B5-A7C5-40C4547EDFEE): 0
LogDevObjectVersion:   Dev-Online (39C831C9-5AE6-47DC-9A44-9C173E1C8E7C): 0
LogDevObjectVersion:   Dev-Physics (78F01B33-EBEA-4F98-B9B4-84EACCB95AA2): 14
LogDevObjectVersion:   Dev-Platform (6631380F-2D4D-43E0-8009-CF276956A95A): 0
LogDevObjectVersion:   Dev-Rendering (12F88B9F-8875-4AFC-A67C-D90C383ABD29): 45
LogDevObjectVersion:   Dev-Sequencer (7B5AE74C-D270-4C10-A958-57980B212A5A): 13
LogDevObjectVersion:   Dev-VR (D7296918-1DD6-4BDD-9DE2-64A83CC13884): 3
LogDevObjectVersion:   Dev-LoadTimes (C2A15278-BFE7-4AFE-6C17-90FF531DF755): 1
LogDevObjectVersion:   Private-Geometry (6EACA3D4-40EC-4CC1-B786-8BED09428FC5): 3
LogDevObjectVersion:   Dev-AnimPhys (29E575DD-E0A3-4627-9D10-D276232CDCEA): 17
LogDevObjectVersion:   Dev-Anim (AF43A65D-7FD3-4947-9873-3E8ED9C1BB05): 15
LogDevObjectVersion:   Dev-ReflectionCapture (6B266CEC-1EC7-4B8F-A30B-E4D90942FC07): 1
LogDevObjectVersion:   Dev-Automation (0DF73D61-A23F-47EA-B727-89E90C41499A): 1
LogDevObjectVersion:   FortniteMain (601D1886-AC64-4F84-AA16-D3DE0DEAC7D6): 47
LogDevObjectVersion:   FortniteRelease (E7086368-6B23-4C58-8439-1B7016265E91): 1
LogDevObjectVersion:   Dev-Enterprise (9DFFBCD6-494F-0158-E221-12823C92A888): 10
LogDevObjectVersion:   Dev-Niagara (F2AED0AC-9AFE-416F-8664-AA7FFA26D6FC): 1
LogDevObjectVersion:   Dev-Destruction (174F1F0B-B4C6-45A5-B13F-2EE8D0FB917D): 10
LogDevObjectVersion:   Dev-Physics-Ext (35F94A83-E258-406C-A318-09F59610247C): 41
LogDevObjectVersion:   Dev-PhysicsMaterial-Chaos (B68FC16E-8B1B-42E2-B453-215C058844FE): 1
LogDevObjectVersion:   Dev-CineCamera (B2E18506-4273-CFC2-A54E-F4BB758BBA07): 1
LogDevObjectVersion:   Dev-VirtualProduction (64F58936-FD1B-42BA-BA96-7289D5D0FA4E): 1
LogDevObjectVersion:   Dev-MediaFramework (6F0ED827-A609-4895-9C91-998D90180EA4): 2
LogInit: Presizing for max 25165824 objects, including 0 objects not considered by GC, pre-allocating 0 bytes for permanent pool.
LogConfig: Applying CVar settings from Section [/Script/Engine.StreamingSettings] File [C:/Users/NV/Documents/Unreal Projects/IHW/Saved/Config/Windows/Engine.ini]
LogConfig: Setting CVar [[s.MinBulkDataSizeForAsyncLoading:131072]]
LogConfig: Setting CVar [[s.AsyncLoadingThreadEnabled:0]]
LogConfig: Setting CVar [[s.EventDrivenLoaderEnabled:1]]
LogConfig: Setting CVar [[s.WarnIfTimeLimitExceeded:0]]
LogConfig: Setting CVar [[s.TimeLimitExceededMultiplier:1.5]]
LogConfig: Setting CVar [[s.TimeLimitExceededMinTime:0.005]]
LogConfig: Setting CVar [[s.UseBackgroundLevelStreaming:1]]
LogConfig: Setting CVar [[s.PriorityAsyncLoadingExtraTime:15.0]]
LogConfig: Setting CVar [[s.LevelStreamingActorsUpdateTimeLimit:5.0]]
LogConfig: Setting CVar [[s.PriorityLevelStreamingActorsUpdateExtraTime:5.0]]
LogConfig: Setting CVar [[s.LevelStreamingComponentsRegistrationGranularity:10]]
LogConfig: Setting CVar [[s.UnregisterComponentsTimeLimit:1.0]]
LogConfig: Setting CVar [[s.LevelStreamingComponentsUnregistrationGranularity:5]]
LogConfig: Setting CVar [[s.FlushStreamingOnExit:1]]
LogInit: Object subsystem initialized
LogConfig: Setting CVar [[con.DebugEarlyDefault:1]]
LogConfig: Setting CVar [[r.setres:1280x720]]
[2021.11.21-19.23.10:304][  0]LogConfig: Setting CVar [[con.DebugEarlyDefault:1]]
[2021.11.21-19.23.10:304][  0]LogConfig: Setting CVar [[r.setres:1280x720]]
[2021.11.21-19.23.10:304][  0]LogConfig: Applying CVar settings from Section [/Script/Engine.RendererSettings] File [C:/Users/NV/Documents/Unreal Projects/IHW/Saved/Config/Windows/Engine.ini]
[2021.11.21-19.23.10:304][  0]LogConfig: Setting CVar [[r.GPUCrashDebugging:0]]
[2021.11.21-19.23.10:304][  0]LogConfig: Setting CVar [[r.Mobile.DisableVertexFog:1]]
[2021.11.21-19.23.10:304][  0]LogConfig: Setting CVar [[r.Shadow.CSM.MaxMobileCascades:2]]
[2021.11.21-19.23.10:304][  0]LogConfig: Setting CVar [[r.MobileMSAA:1]]
[2021.11.21-19.23.10:304][  0]LogConfig: Setting CVar [[r.Mobile.AllowDitheredLODTransition:0]]
[2021.11.21-19.23.10:304][  0]LogConfig: Setting CVar [[r.Mobile.AllowSoftwareOcclusion:0]]
[2021.11.21-19.23.10:304][  0]LogConfig: Setting CVar [[r.Mobile.VirtualTextures:0]]
[2021.11.21-19.23.10:304][  0]LogConfig: Setting CVar [[r.DiscardUnusedQuality:0]]
[2021.11.21-19.23.10:304][  0]LogConfig: Setting CVar [[r.AllowOcclusionQueries:1]]
[2021.11.21-19.23.10:304][  0]LogConfig: Setting CVar [[r.MinScreenRadiusForLights:0.030000]]
[2021.11.21-19.23.10:304][  0]LogConfig: Setting CVar [[r.MinScreenRadiusForDepthPrepass:0.030000]]
[2021.11.21-19.23.10:304][  0]LogConfig: Setting CVar [[r.MinScreenRadiusForCSMDepth:0.010000]]
[2021.11.21-19.23.10:304][  0]LogConfig: Setting CVar [[r.PrecomputedVisibilityWarning:0]]
[2021.11.21-19.23.10:304][  0]LogConfig: Setting CVar [[r.TextureStreaming:1]]
[2021.11.21-19.23.10:304][  0]LogConfig: Setting CVar [[Compat.UseDXT5NormalMaps:0]]
[2021.11.21-19.23.10:304][  0]LogConfig: Setting CVar [[r.VirtualTextures:0]]
[2021.11.21-19.23.10:304][  0]LogConfig: Setting CVar [[r.VT.EnableAutoImport:1]]
[2021.11.21-19.23.10:304][  0]LogConfig: Setting CVar [[r.VirtualTexturedLightmaps:0]]
[2021.11.21-19.23.10:304][  0]LogConfig: Setting CVar [[r.VT.TileSize:128]]
[2021.11.21-19.23.10:304][  0]LogConfig: Setting CVar [[r.VT.TileBorderSize:4]]
[2021.11.21-19.23.10:304][  0]LogConfig: Setting CVar [[r.vt.FeedbackFactor:16]]
[2021.11.21-19.23.10:304][  0]LogConfig: Setting CVar [[r.VT.EnableCompressZlib:1]]
[2021.11.21-19.23.10:304][  0]LogConfig: Setting CVar [[r.VT.EnableCompressCrunch:0]]
[2021.11.21-19.23.10:304][  0]LogConfig: Setting CVar [[r.ClearCoatNormal:0]]
[2021.11.21-19.23.10:304][  0]LogConfig: Setting CVar [[r.ReflectionCaptureResolution:128]]
[2021.11.21-19.23.10:304][  0]LogConfig: Setting CVar [[r.Mobile.ReflectionCaptureCompression:0]]
[2021.11.21-19.23.10:304][  0]LogConfig: Setting CVar [[r.ReflectionEnvironmentLightmapMixBasedOnRoughness:1]]
[2021.11.21-19.23.10:304][  0]LogConfig: Setting CVar [[r.ForwardShading:0]]
[2021.11.21-19.23.10:304][  0]LogConfig: Setting CVar [[r.VertexFoggingForOpaque:1]]
[2021.11.21-19.23.10:304][  0]LogConfig: Setting CVar [[r.AllowStaticLighting:1]]
[2021.11.21-19.23.10:304][  0]LogConfig: Setting CVar [[r.NormalMapsForStaticLighting:0]]
[2021.11.21-19.23.10:304][  0]LogConfig: Setting CVar [[r.GenerateMeshDistanceFields:0]]
[2021.11.21-19.23.10:304][  0]LogConfig: Setting CVar [[r.DistanceFieldBuild.EightBit:0]]
[2021.11.21-19.23.10:304][  0]LogConfig: Setting CVar [[r.GenerateLandscapeGIData:0]]
[2021.11.21-19.23.10:304][  0]LogConfig: Setting CVar [[r.DistanceFieldBuild.Compress:0]]
[2021.11.21-19.23.10:304][  0]LogConfig: Setting CVar [[r.TessellationAdaptivePixelsPerTriangle:48.000000]]
[2021.11.21-19.23.10:304][  0]LogConfig: Setting CVar [[r.SeparateTranslucency:1]]
[2021.11.21-19.23.10:304][  0]LogConfig: Setting CVar [[r.TranslucentSortPolicy:0]]
[2021.11.21-19.23.10:304][  0]LogConfig: Setting CVar [[vr.VRS.HMDFixedFoveationLevel:0]]
[2021.11.21-19.23.10:304][  0]LogConfig: Setting CVar [[r.CustomDepth:1]]
[2021.11.21-19.23.10:304][  0]LogConfig: Setting CVar [[r.CustomDepthTemporalAAJitter:1]]
[2021.11.21-19.23.10:304][  0]LogConfig: Setting CVar [[r.PostProcessing.PropagateAlpha:0]]
[2021.11.21-19.23.10:304][  0]LogConfig: Setting CVar [[r.DefaultFeature.Bloom:1]]
[2021.11.21-19.23.10:304][  0]LogConfig: Setting CVar [[r.DefaultFeature.AmbientOcclusion:1]]
[2021.11.21-19.23.10:304][  0]LogConfig: Setting CVar [[r.DefaultFeature.AmbientOcclusionStaticFraction:1]]
[2021.11.21-19.23.10:304][  0]LogConfig: Setting CVar [[r.DefaultFeature.AutoExposure:0]]
[2021.11.21-19.23.10:304][  0]LogConfig: Setting CVar [[r.DefaultFeature.AutoExposure.Method:0]]
[2021.11.21-19.23.10:304][  0]LogConfig: Setting CVar [[r.DefaultFeature.AutoExposure.Bias:1.000000]]
[2021.11.21-19.23.10:304][  0]LogConfig: Setting CVar [[r.DefaultFeature.AutoExposure.ExtendDefaultLuminanceRange:0]]
[2021.11.21-19.23.10:304][  0]LogConfig: Setting CVar [[r.UsePreExposure:1]]
[2021.11.21-19.23.10:304][  0]LogConfig: Setting CVar [[r.EyeAdaptation.EditorOnly:0]]
[2021.11.21-19.23.10:304][  0]LogConfig: Setting CVar [[r.DefaultFeature.MotionBlur:0]]
[2021.11.21-19.23.10:304][  0]LogConfig: Setting CVar [[r.DefaultFeature.LensFlare:0]]
[2021.11.21-19.23.10:304][  0]LogConfig: Setting CVar [[r.TemporalAA.Upsampling:0]]
[2021.11.21-19.23.10:304][  0]LogConfig: Setting CVar [[r.SSGI.Enable:0]]
[2021.11.21-19.23.10:304][  0]LogConfig: Setting CVar [[r.DefaultFeature.AntiAliasing:0]]
[2021.11.21-19.23.10:304][  0]LogConfig: Setting CVar [[r.DefaultFeature.LightUnits:1]]
[2021.11.21-19.23.10:304][  0]LogConfig: Setting CVar [[r.DefaultBackBufferPixelFormat:4]]
[2021.11.21-19.23.10:304][  0]LogConfig: Setting CVar [[r.Shadow.UnbuiltPreviewInGame:1]]
[2021.11.21-19.23.10:304][  0]LogConfig: Setting CVar [[r.StencilForLODDither:0]]
[2021.11.21-19.23.10:304][  0]LogConfig: Setting CVar [[r.EarlyZPass:3]]
[2021.11.21-19.23.10:304][  0]LogConfig: Setting CVar [[r.EarlyZPassOnlyMaterialMasking:0]]
[2021.11.21-19.23.10:304][  0]LogConfig: Setting CVar [[r.DBuffer:1]]
[2021.11.21-19.23.10:304][  0]LogConfig: Setting CVar [[r.ClearSceneMethod:1]]
[2021.11.21-19.23.10:304][  0]LogConfig: Setting CVar [[r.BasePassOutputsVelocity:0]]
[2021.11.21-19.23.10:304][  0]LogConfig: Setting CVar [[r.VertexDeformationOutputsVelocity:0]]
[2021.11.21-19.23.10:304][  0]LogConfig: Setting CVar [[r.SelectiveBasePassOutputs:0]]
[2021.11.21-19.23.10:304][  0]LogConfig: Setting CVar [[fx.GPUSimulationTextureSizeX:1024]]
[2021.11.21-19.23.10:304][  0]LogConfig: Setting CVar [[fx.GPUSimulationTextureSizeY:1024]]
[2021.11.21-19.23.10:304][  0]LogConfig: Setting CVar [[r.AllowGlobalClipPlane:0]]
[2021.11.21-19.23.10:304][  0]LogConfig: Setting CVar [[r.GBufferFormat:1]]
[2021.11.21-19.23.10:304][  0]LogConfig: Setting CVar [[r.MorphTarget.Mode:1]]
[2021.11.21-19.23.10:304][  0]LogConfig: Setting CVar [[vr.InstancedStereo:0]]
[2021.11.21-19.23.10:304][  0]LogConfig: Setting CVar [[r.MobileHDR:1]]
[2021.11.21-19.23.10:304][  0]LogConfig: Setting CVar [[vr.MobileMultiView:0]]
[2021.11.21-19.23.10:305][  0]LogConfig: Setting CVar [[r.Mobile.UseHWsRGBEncoding:0]]
[2021.11.21-19.23.10:305][  0]LogConfig: Setting CVar [[vr.RoundRobinOcclusion:0]]
[2021.11.21-19.23.10:305][  0]LogConfig: Setting CVar [[vr.ODSCapture:0]]
[2021.11.21-19.23.10:305][  0]LogConfig: Setting CVar [[r.MeshStreaming:0]]
[2021.11.21-19.23.10:305][  0]LogConfig: Setting CVar [[r.WireframeCullThreshold:5.000000]]
[2021.11.21-19.23.10:305][  0]LogConfig: Setting CVar [[r.RayTracing:0]]
[2021.11.21-19.23.10:305][  0]LogConfig: Setting CVar [[r.RayTracing.UseTextureLod:0]]
[2021.11.21-19.23.10:305][  0]LogConfig: Setting CVar [[r.SupportStationarySkylight:1]]
[2021.11.21-19.23.10:305][  0]LogConfig: Setting CVar [[r.SupportLowQualityLightmaps:1]]
[2021.11.21-19.23.10:305][  0]LogConfig: Setting CVar [[r.SupportPointLightWholeSceneShadows:1]]
[2021.11.21-19.23.10:305][  0]LogConfig: Setting CVar [[r.SupportAtmosphericFog:1]]
[2021.11.21-19.23.10:305][  0]LogConfig: Setting CVar [[r.SupportSkyAtmosphere:1]]
[2021.11.21-19.23.10:305][  0]LogConfig: Setting CVar [[r.SupportSkyAtmosphereAffectsHeightFog:0]]
[2021.11.21-19.23.10:305][  0]LogConfig: Setting CVar [[r.SkinCache.CompileShaders:0]]
[2021.11.21-19.23.10:305][  0]LogConfig: Setting CVar [[r.SkinCache.DefaultBehavior:1]]
[2021.11.21-19.23.10:305][  0]LogConfig: Setting CVar [[r.SkinCache.SceneMemoryLimitInMB:128.000000]]
[2021.11.21-19.23.10:305][  0]LogConfig: Setting CVar [[r.Mobile.EnableStaticAndCSMShadowReceivers:1]]
[2021.11.21-19.23.10:305][  0]LogConfig: Setting CVar [[r.Mobile.EnableMovableLightCSMShaderCulling:1]]
[2021.11.21-19.23.10:305][  0]LogConfig: Setting CVar [[r.Mobile.AllowDistanceFieldShadows:1]]
[2021.11.21-19.23.10:305][  0]LogConfig: Setting CVar [[r.Mobile.AllowMovableDirectionalLights:1]]
[2021.11.21-19.23.10:305][  0]LogConfig: Setting CVar [[r.MobileNumDynamicPointLights:4]]
[2021.11.21-19.23.10:305][  0]LogConfig: Setting CVar [[r.MobileDynamicPointLightsUseStaticBranch:1]]
[2021.11.21-19.23.10:305][  0]LogConfig: Setting CVar [[r.Mobile.EnableMovableSpotlights:0]]
[2021.11.21-19.23.10:305][  0]LogConfig: Setting CVar [[r.Mobile.EnableMovableSpotlightsShadow:0]]
[2021.11.21-19.23.10:305][  0]LogConfig: Setting CVar [[r.GPUSkin.Support16BitBoneIndex:0]]
[2021.11.21-19.23.10:305][  0]LogConfig: Setting CVar [[r.GPUSkin.Limit2BoneInfluences:0]]
[2021.11.21-19.23.10:305][  0]LogConfig: Setting CVar [[r.SupportDepthOnlyIndexBuffers:1]]
[2021.11.21-19.23.10:305][  0]LogConfig: Setting CVar [[r.SupportReversedIndexBuffers:1]]
[2021.11.21-19.23.10:305][  0]LogConfig: Setting CVar [[r.LightPropagationVolume:0]]
[2021.11.21-19.23.10:305][  0]LogConfig: Setting CVar [[r.Mobile.AmbientOcclusion:0]]
[2021.11.21-19.23.10:305][  0]LogConfig: Setting CVar [[r.GPUSkin.UnlimitedBoneInfluences:0]]
[2021.11.21-19.23.10:305][  0]LogConfig: Setting CVar [[r.GPUSkin.UnlimitedBoneInfluencesThreshold:8]]
[2021.11.21-19.23.10:305][  0]LogConfig: Setting CVar [[r.Mobile.PlanarReflectionMode:0]]
[2021.11.21-19.23.10:305][  0]LogConfig: Setting CVar [[r.Mobile.SupportsGen4TAA:0]]
[2021.11.21-19.23.10:305][  0]LogConfig: Applying CVar settings from Section [/Script/Engine.RendererOverrideSettings] File [C:/Users/NV/Documents/Unreal Projects/IHW/Saved/Config/Windows/Engine.ini]
[2021.11.21-19.23.10:305][  0]LogConfig: Applying CVar settings from Section [/Script/Engine.StreamingSettings] File [C:/Users/NV/Documents/Unreal Projects/IHW/Saved/Config/Windows/Engine.ini]
[2021.11.21-19.23.10:305][  0]LogConfig: Setting CVar [[s.MinBulkDataSizeForAsyncLoading:131072]]
[2021.11.21-19.23.10:305][  0]LogConfig: Setting CVar [[s.AsyncLoadingThreadEnabled:0]]
[2021.11.21-19.23.10:305][  0]LogConfig: Setting CVar [[s.EventDrivenLoaderEnabled:1]]
[2021.11.21-19.23.10:305][  0]LogConfig: Setting CVar [[s.WarnIfTimeLimitExceeded:0]]
[2021.11.21-19.23.10:305][  0]LogConfig: Setting CVar [[s.TimeLimitExceededMultiplier:1.5]]
[2021.11.21-19.23.10:305][  0]LogConfig: Setting CVar [[s.TimeLimitExceededMinTime:0.005]]
[2021.11.21-19.23.10:305][  0]LogConfig: Setting CVar [[s.UseBackgroundLevelStreaming:1]]
[2021.11.21-19.23.10:305][  0]LogConfig: Setting CVar [[s.PriorityAsyncLoadingExtraTime:15.0]]
[2021.11.21-19.23.10:305][  0]LogConfig: Setting CVar [[s.LevelStreamingActorsUpdateTimeLimit:5.0]]
[2021.11.21-19.23.10:305][  0]LogConfig: Setting CVar [[s.PriorityLevelStreamingActorsUpdateExtraTime:5.0]]
[2021.11.21-19.23.10:305][  0]LogConfig: Setting CVar [[s.LevelStreamingComponentsRegistrationGranularity:10]]
[2021.11.21-19.23.10:305][  0]LogConfig: Setting CVar [[s.UnregisterComponentsTimeLimit:1.0]]
[2021.11.21-19.23.10:305][  0]LogConfig: Setting CVar [[s.LevelStreamingComponentsUnregistrationGranularity:5]]
[2021.11.21-19.23.10:305][  0]LogConfig: Setting CVar [[s.FlushStreamingOnExit:1]]
[2021.11.21-19.23.10:305][  0]LogConfig: Applying CVar settings from Section [/Script/Engine.GarbageCollectionSettings] File [C:/Users/NV/Documents/Unreal Projects/IHW/Saved/Config/Windows/Engine.ini]
[2021.11.21-19.23.10:305][  0]LogConfig: Setting CVar [[gc.MaxObjectsNotConsideredByGC:1]]
[2021.11.21-19.23.10:305][  0]LogConfig: Setting CVar [[gc.SizeOfPermanentObjectPool:0]]
[2021.11.21-19.23.10:305][  0]LogConfig: Setting CVar [[gc.FlushStreamingOnGC:0]]
[2021.11.21-19.23.10:305][  0]LogConfig: Setting CVar [[gc.NumRetriesBeforeForcingGC:10]]
[2021.11.21-19.23.10:305][  0]LogConfig: Setting CVar [[gc.AllowParallelGC:1]]
[2021.11.21-19.23.10:305][  0]LogConfig: Setting CVar [[gc.TimeBetweenPurgingPendingKillObjects:61.1]]
[2021.11.21-19.23.10:305][  0]LogConfig: Setting CVar [[gc.MaxObjectsInEditor:25165824]]
[2021.11.21-19.23.10:305][  0]LogConfig: Setting CVar [[gc.IncrementalBeginDestroyEnabled:1]]
[2021.11.21-19.23.10:305][  0]LogConfig: Setting CVar [[gc.CreateGCClusters:1]]
[2021.11.21-19.23.10:305][  0]LogConfig: Setting CVar [[gc.MinGCClusterSize:5]]
[2021.11.21-19.23.10:305][  0]LogConfig: Setting CVar [[gc.ActorClusteringEnabled:0]]
[2021.11.21-19.23.10:305][  0]LogConfig: Setting CVar [[gc.BlueprintClusteringEnabled:0]]
[2021.11.21-19.23.10:305][  0]LogConfig: Setting CVar [[gc.UseDisregardForGCOnDedicatedServers:0]]
[2021.11.21-19.23.10:305][  0]LogConfig: Setting CVar [[gc.MultithreadedDestructionEnabled:1]]
[2021.11.21-19.23.10:305][  0]LogConfig: Applying CVar settings from Section [/Script/Engine.NetworkSettings] File [C:/Users/NV/Documents/Unreal Projects/IHW/Saved/Config/Windows/Engine.ini]
[2021.11.21-19.23.10:305][  0]LogConfig: Applying CVar settings from Section [/Script/UnrealEd.CookerSettings] File [C:/Users/NV/Documents/Unreal Projects/IHW/Saved/Config/Windows/Engine.ini]
[2021.11.21-19.23.10:329][  0]LogConfig: Applying CVar settings from Section [ViewDistanceQuality@3] File [C:/Users/NV/Documents/Unreal Projects/IHW/Saved/Config/Windows/Scalability.ini]
[2021.11.21-19.23.10:329][  0]LogConfig: Setting CVar [[r.SkeletalMeshLODBias:0]]
[2021.11.21-19.23.10:329][  0]LogConfig: Setting CVar [[r.ViewDistanceScale:1.0]]
[2021.11.21-19.23.10:329][  0]LogConfig: Applying CVar settings from Section [AntiAliasingQuality@3] File [C:/Users/NV/Documents/Unreal Projects/IHW/Saved/Config/Windows/Scalability.ini]
[2021.11.21-19.23.10:329][  0]LogConfig: Setting CVar [[r.PostProcessAAQuality:4]]
[2021.11.21-19.23.10:329][  0]LogConfig: Applying CVar settings from Section [ShadowQuality@3] File [C:/Users/NV/Documents/Unreal Projects/IHW/Saved/Config/Windows/Scalability.ini]
[2021.11.21-19.23.10:329][  0]LogConfig: Setting CVar [[r.LightFunctionQuality:1]]
[2021.11.21-19.23.10:329][  0]LogConfig: Setting CVar [[r.ShadowQuality:5]]
[2021.11.21-19.23.10:329][  0]LogConfig: Setting CVar [[r.Shadow.CSM.MaxCascades:10]]
[2021.11.21-19.23.10:329][  0]LogConfig: Setting CVar [[r.Shadow.MaxResolution:2048]]
[2021.11.21-19.23.10:329][  0]LogConfig: Setting CVar [[r.Shadow.MaxCSMResolution:2048]]
[2021.11.21-19.23.10:329][  0]LogConfig: Setting CVar [[r.Shadow.RadiusThreshold:0.01]]
[2021.11.21-19.23.10:329][  0]LogConfig: Setting CVar [[r.Shadow.DistanceScale:1.0]]
[2021.11.21-19.23.10:329][  0]LogConfig: Setting CVar [[r.Shadow.CSM.TransitionScale:1.0]]
[2021.11.21-19.23.10:329][  0]LogConfig: Setting CVar [[r.Shadow.PreShadowResolutionFactor:1.0]]
[2021.11.21-19.23.10:329][  0]LogConfig: Setting CVar [[r.DistanceFieldShadowing:1]]
[2021.11.21-19.23.10:329][  0]LogConfig: Setting CVar [[r.DistanceFieldAO:1]]
[2021.11.21-19.23.10:329][  0]LogConfig: Setting CVar [[r.AOQuality:2]]
[2021.11.21-19.23.10:329][  0]LogConfig: Setting CVar [[r.VolumetricFog:1]]
[2021.11.21-19.23.10:329][  0]LogConfig: Setting CVar [[r.VolumetricFog.GridPixelSize:8]]
[2021.11.21-19.23.10:329][  0]LogConfig: Setting CVar [[r.VolumetricFog.GridSizeZ:128]]
[2021.11.21-19.23.10:329][  0]LogConfig: Setting CVar [[r.VolumetricFog.HistoryMissSupersampleCount:4]]
[2021.11.21-19.23.10:329][  0]LogConfig: Setting CVar [[r.LightMaxDrawDistanceScale:1]]
[2021.11.21-19.23.10:329][  0]LogConfig: Setting CVar [[r.CapsuleShadows:1]]
[2021.11.21-19.23.10:329][  0]LogConfig: Applying CVar settings from Section [PostProcessQuality@3] File [C:/Users/NV/Documents/Unreal Projects/IHW/Saved/Config/Windows/Scalability.ini]
[2021.11.21-19.23.10:329][  0]LogConfig: Setting CVar [[r.MotionBlurQuality:4]]
[2021.11.21-19.23.10:329][  0]LogConfig: Setting CVar [[r.AmbientOcclusionMipLevelFactor:0.4]]
[2021.11.21-19.23.10:329][  0]LogConfig: Setting CVar [[r.AmbientOcclusionMaxQuality:100]]
[2021.11.21-19.23.10:329][  0]LogConfig: Setting CVar [[r.AmbientOcclusionLevels:-1]]
[2021.11.21-19.23.10:329][  0]LogConfig: Setting CVar [[r.AmbientOcclusionRadiusScale:1.0]]
[2021.11.21-19.23.10:329][  0]LogConfig: Setting CVar [[r.DepthOfFieldQuality:2]]
[2021.11.21-19.23.10:329][  0]LogConfig: Setting CVar [[r.RenderTargetPoolMin:400]]
[2021.11.21-19.23.10:329][  0]LogConfig: Setting CVar [[r.LensFlareQuality:2]]
[2021.11.21-19.23.10:329][  0]LogConfig: Setting CVar [[r.SceneColorFringeQuality:1]]
[2021.11.21-19.23.10:329][  0]LogConfig: Setting CVar [[r.EyeAdaptationQuality:2]]
[2021.11.21-19.23.10:329][  0]LogConfig: Setting CVar [[r.BloomQuality:5]]
[2021.11.21-19.23.10:329][  0]LogConfig: Setting CVar [[r.FastBlurThreshold:100]]
[2021.11.21-19.23.10:329][  0]LogConfig: Setting CVar [[r.Upscale.Quality:3]]
[2021.11.21-19.23.10:329][  0]LogConfig: Setting CVar [[r.Tonemapper.GrainQuantization:1]]
[2021.11.21-19.23.10:329][  0]LogConfig: Setting CVar [[r.LightShaftQuality:1]]
[2021.11.21-19.23.10:329][  0]LogConfig: Setting CVar [[r.Filter.SizeScale:1]]
[2021.11.21-19.23.10:329][  0]LogConfig: Setting CVar [[r.Tonemapper.Quality:5]]
[2021.11.21-19.23.10:329][  0]LogConfig: Setting CVar [[r.DOF.Gather.AccumulatorQuality:1        ; higher gathering accumulator quality]]
[2021.11.21-19.23.10:329][  0]LogConfig: Setting CVar [[r.DOF.Gather.PostfilterMethod:1          ; Median3x3 postfilering method]]
[2021.11.21-19.23.10:329][  0]LogConfig: Setting CVar [[r.DOF.Gather.EnableBokehSettings:0       ; no bokeh simulation when gathering]]
[2021.11.21-19.23.10:329][  0]LogConfig: Setting CVar [[r.DOF.Gather.RingCount:4                 ; medium number of samples when gathering]]
[2021.11.21-19.23.10:329][  0]LogConfig: Setting CVar [[r.DOF.Scatter.ForegroundCompositing:1    ; additive foreground scattering]]
[2021.11.21-19.23.10:329][  0]LogConfig: Setting CVar [[r.DOF.Scatter.BackgroundCompositing:2    ; additive background scattering]]
[2021.11.21-19.23.10:329][  0]LogConfig: Setting CVar [[r.DOF.Scatter.EnableBokehSettings:1      ; bokeh simulation when scattering]]
[2021.11.21-19.23.10:329][  0]LogConfig: Setting CVar [[r.DOF.Scatter.MaxSpriteRatio:0.1         ; only a maximum of 10% of scattered bokeh]]
[2021.11.21-19.23.10:329][  0]LogConfig: Setting CVar [[r.DOF.Recombine.Quality:1                ; cheap slight out of focus]]
[2021.11.21-19.23.10:329][  0]LogConfig: Setting CVar [[r.DOF.Recombine.EnableBokehSettings:0    ; no bokeh simulation on slight out of focus]]
[2021.11.21-19.23.10:329][  0]LogConfig: Setting CVar [[r.DOF.TemporalAAQuality:1                ; more stable temporal accumulation]]
[2021.11.21-19.23.10:329][  0]LogConfig: Setting CVar [[r.DOF.Kernel.MaxForegroundRadius:0.025]]
[2021.11.21-19.23.10:329][  0]LogConfig: Setting CVar [[r.DOF.Kernel.MaxBackgroundRadius:0.025]]
[2021.11.21-19.23.10:329][  0]LogConfig: Applying CVar settings from Section [TextureQuality@3] File [C:/Users/NV/Documents/Unreal Projects/IHW/Saved/Config/Windows/Scalability.ini]
[2021.11.21-19.23.10:329][  0]LogConfig: Setting CVar [[r.Streaming.MipBias:0]]
[2021.11.21-19.23.10:329][  0]LogConfig: Setting CVar [[r.Streaming.AmortizeCPUToGPUCopy:0]]
[2021.11.21-19.23.10:329][  0]LogConfig: Setting CVar [[r.Streaming.MaxNumTexturesToStreamPerFrame:0]]
[2021.11.21-19.23.10:329][  0]LogConfig: Setting CVar [[r.Streaming.Boost:1]]
[2021.11.21-19.23.10:329][  0]LogConfig: Setting CVar [[r.MaxAnisotropy:8]]
[2021.11.21-19.23.10:329][  0]LogConfig: Setting CVar [[r.VT.MaxAnisotropy:8]]
[2021.11.21-19.23.10:329][  0]LogConfig: Setting CVar [[r.Streaming.LimitPoolSizeToVRAM:0]]
[2021.11.21-19.23.10:329][  0]LogConfig: Setting CVar [[r.Streaming.PoolSize:1000]]
[2021.11.21-19.23.10:329][  0]LogConfig: Setting CVar [[r.Streaming.MaxEffectiveScreenSize:0]]
[2021.11.21-19.23.10:329][  0]LogConfig: Applying CVar settings from Section [EffectsQuality@3] File [C:/Users/NV/Documents/Unreal Projects/IHW/Saved/Config/Windows/Scalability.ini]
[2021.11.21-19.23.10:329][  0]LogConfig: Setting CVar [[r.TranslucencyLightingVolumeDim:64]]
[2021.11.21-19.23.10:329][  0]LogConfig: Setting CVar [[r.RefractionQuality:2]]
[2021.11.21-19.23.10:329][  0]LogConfig: Setting CVar [[r.SSR.Quality:3]]
[2021.11.21-19.23.10:329][  0]LogConfig: Setting CVar [[r.SSR.HalfResSceneColor:0]]
[2021.11.21-19.23.10:329][  0]LogConfig: Setting CVar [[r.SceneColorFormat:4]]
[2021.11.21-19.23.10:329][  0]LogConfig: Setting CVar [[r.DetailMode:2]]
[2021.11.21-19.23.10:329][  0]LogConfig: Setting CVar [[r.TranslucencyVolumeBlur:1]]
[2021.11.21-19.23.10:329][  0]LogConfig: Setting CVar [[r.MaterialQualityLevel:1 ; High quality]]
[2021.11.21-19.23.10:329][  0]LogConfig: Setting CVar [[r.AnisotropicMaterials:1]]
[2021.11.21-19.23.10:329][  0]LogConfig: Setting CVar [[r.SSS.Scale:1]]
[2021.11.21-19.23.10:329][  0]LogConfig: Setting CVar [[r.SSS.SampleSet:2]]
[2021.11.21-19.23.10:329][  0]LogConfig: Setting CVar [[r.SSS.Quality:1]]
[2021.11.21-19.23.10:329][  0]LogConfig: Setting CVar [[r.SSS.HalfRes:0]]
[2021.11.21-19.23.10:329][  0]LogConfig: Setting CVar [[r.SSGI.Quality:3]]
[2021.11.21-19.23.10:329][  0]LogConfig: Setting CVar [[r.EmitterSpawnRateScale:1.0]]
[2021.11.21-19.23.10:329][  0]LogConfig: Setting CVar [[r.ParticleLightQuality:2]]
[2021.11.21-19.23.10:329][  0]LogConfig: Setting CVar [[r.SkyAtmosphere.AerialPerspectiveLUT.FastApplyOnOpaque:1 ; Always have FastSkyLUT 1 in this case to avoid wrong sky]]
[2021.11.21-19.23.10:329][  0]LogConfig: Setting CVar [[r.SkyAtmosphere.AerialPerspectiveLUT.SampleCountMaxPerSlice:4]]
[2021.11.21-19.23.10:329][  0]LogConfig: Setting CVar [[r.SkyAtmosphere.AerialPerspectiveLUT.DepthResolution:16.0]]
[2021.11.21-19.23.10:329][  0]LogConfig: Setting CVar [[r.SkyAtmosphere.FastSkyLUT:1]]
[2021.11.21-19.23.10:329][  0]LogConfig: Setting CVar [[r.SkyAtmosphere.FastSkyLUT.SampleCountMin:4.0]]
[2021.11.21-19.23.10:329][  0]LogConfig: Setting CVar [[r.SkyAtmosphere.FastSkyLUT.SampleCountMax:128.0]]
[2021.11.21-19.23.10:329][  0]LogConfig: Setting CVar [[r.SkyAtmosphere.SampleCountMin:4.0]]
[2021.11.21-19.23.10:329][  0]LogConfig: Setting CVar [[r.SkyAtmosphere.SampleCountMax:128.0]]
[2021.11.21-19.23.10:329][  0]LogConfig: Setting CVar [[r.SkyAtmosphere.TransmittanceLUT.UseSmallFormat:0]]
[2021.11.21-19.23.10:329][  0]LogConfig: Setting CVar [[r.SkyAtmosphere.TransmittanceLUT.SampleCount:10.0]]
[2021.11.21-19.23.10:329][  0]LogConfig: Setting CVar [[r.SkyAtmosphere.MultiScatteringLUT.SampleCount:15.0]]
[2021.11.21-19.23.10:329][  0]LogConfig: Setting CVar [[r.SkyLight.RealTimeReflectionCapture:1]]
[2021.11.21-19.23.10:329][  0]LogConfig: Applying CVar settings from Section [FoliageQuality@3] File [C:/Users/NV/Documents/Unreal Projects/IHW/Saved/Config/Windows/Scalability.ini]
[2021.11.21-19.23.10:329][  0]LogConfig: Setting CVar [[foliage.DensityScale:1.0]]
[2021.11.21-19.23.10:329][  0]LogConfig: Setting CVar [[grass.DensityScale:1.0]]
[2021.11.21-19.23.10:329][  0]LogConfig: Applying CVar settings from Section [ShadingQuality@3] File [C:/Users/NV/Documents/Unreal Projects/IHW/Saved/Config/Windows/Scalability.ini]
[2021.11.21-19.23.10:329][  0]LogConfig: Setting CVar [[r.HairStrands.SkyLighting.IntegrationType:2]]
[2021.11.21-19.23.10:329][  0]LogConfig: Setting CVar [[r.HairStrands.SkyAO.SampleCount:4]]
[2021.11.21-19.23.10:329][  0]LogConfig: Setting CVar [[r.HairStrands.Visibility.MSAA.SamplePerPixel:4]]
[2021.11.21-19.23.10:329][  0]LogInit: Selected Device Profile: [Windows]
[2021.11.21-19.23.10:329][  0]LogInit: Applying CVar settings loaded from the selected device profile: [Windows]
[2021.11.21-19.23.10:330][  0]LogHAL: Display: Platform has ~ 16 GB [17084694528 / 17179869184 / 16], which maps to Larger [LargestMinGB=32, LargerMinGB=12, DefaultMinGB=8, SmallerMinGB=6, SmallestMinGB=0)
[2021.11.21-19.23.10:330][  0]LogInit: Going up to parent DeviceProfile []
[2021.11.21-19.23.10:330][  0]LogConfig: Applying CVar settings from Section [ViewDistanceQuality@3] File [C:/Users/NV/Documents/Unreal Projects/IHW/Saved/Config/Windows/Scalability.ini]
[2021.11.21-19.23.10:330][  0]LogConfig: Setting CVar [[r.SkeletalMeshLODBias:0]]
[2021.11.21-19.23.10:330][  0]LogConfig: Setting CVar [[r.ViewDistanceScale:1.0]]
[2021.11.21-19.23.10:330][  0]LogConfig: Applying CVar settings from Section [AntiAliasingQuality@3] File [C:/Users/NV/Documents/Unreal Projects/IHW/Saved/Config/Windows/Scalability.ini]
[2021.11.21-19.23.10:330][  0]LogConfig: Setting CVar [[r.PostProcessAAQuality:4]]
[2021.11.21-19.23.10:330][  0]LogConfig: Applying CVar settings from Section [ShadowQuality@3] File [C:/Users/NV/Documents/Unreal Projects/IHW/Saved/Config/Windows/Scalability.ini]
[2021.11.21-19.23.10:330][  0]LogConfig: Setting CVar [[r.LightFunctionQuality:1]]
[2021.11.21-19.23.10:330][  0]LogConfig: Setting CVar [[r.ShadowQuality:5]]
[2021.11.21-19.23.10:330][  0]LogConfig: Setting CVar [[r.Shadow.CSM.MaxCascades:10]]
[2021.11.21-19.23.10:330][  0]LogConfig: Setting CVar [[r.Shadow.MaxResolution:2048]]
[2021.11.21-19.23.10:330][  0]LogConfig: Setting CVar [[r.Shadow.MaxCSMResolution:2048]]
[2021.11.21-19.23.10:330][  0]LogConfig: Setting CVar [[r.Shadow.RadiusThreshold:0.01]]
[2021.11.21-19.23.10:330][  0]LogConfig: Setting CVar [[r.Shadow.DistanceScale:1.0]]
[2021.11.21-19.23.10:330][  0]LogConfig: Setting CVar [[r.Shadow.CSM.TransitionScale:1.0]]
[2021.11.21-19.23.10:330][  0]LogConfig: Setting CVar [[r.Shadow.PreShadowResolutionFactor:1.0]]
[2021.11.21-19.23.10:330][  0]LogConfig: Setting CVar [[r.DistanceFieldShadowing:1]]
[2021.11.21-19.23.10:330][  0]LogConfig: Setting CVar [[r.DistanceFieldAO:1]]
[2021.11.21-19.23.10:330][  0]LogConfig: Setting CVar [[r.AOQuality:2]]
[2021.11.21-19.23.10:330][  0]LogConfig: Setting CVar [[r.VolumetricFog:1]]
[2021.11.21-19.23.10:330][  0]LogConfig: Setting CVar [[r.VolumetricFog.GridPixelSize:8]]
[2021.11.21-19.23.10:330][  0]LogConfig: Setting CVar [[r.VolumetricFog.GridSizeZ:128]]
[2021.11.21-19.23.10:330][  0]LogConfig: Setting CVar [[r.VolumetricFog.HistoryMissSupersampleCount:4]]
[2021.11.21-19.23.10:330][  0]LogConfig: Setting CVar [[r.LightMaxDrawDistanceScale:1]]
[2021.11.21-19.23.10:330][  0]LogConfig: Setting CVar [[r.CapsuleShadows:1]]
[2021.11.21-19.23.10:330][  0]LogConfig: Applying CVar settings from Section [PostProcessQuality@3] File [C:/Users/NV/Documents/Unreal Projects/IHW/Saved/Config/Windows/Scalability.ini]
[2021.11.21-19.23.10:330][  0]LogConfig: Setting CVar [[r.MotionBlurQuality:4]]
[2021.11.21-19.23.10:330][  0]LogConfig: Setting CVar [[r.AmbientOcclusionMipLevelFactor:0.4]]
[2021.11.21-19.23.10:330][  0]LogConfig: Setting CVar [[r.AmbientOcclusionMaxQuality:100]]
[2021.11.21-19.23.10:330][  0]LogConfig: Setting CVar [[r.AmbientOcclusionLevels:-1]]
[2021.11.21-19.23.10:330][  0]LogConfig: Setting CVar [[r.AmbientOcclusionRadiusScale:1.0]]
[2021.11.21-19.23.10:330][  0]LogConfig: Setting CVar [[r.DepthOfFieldQuality:2]]
[2021.11.21-19.23.10:330][  0]LogConfig: Setting CVar [[r.RenderTargetPoolMin:400]]
[2021.11.21-19.23.10:330][  0]LogConfig: Setting CVar [[r.LensFlareQuality:2]]
[2021.11.21-19.23.10:330][  0]LogConfig: Setting CVar [[r.SceneColorFringeQuality:1]]
[2021.11.21-19.23.10:330][  0]LogConfig: Setting CVar [[r.EyeAdaptationQuality:2]]
[2021.11.21-19.23.10:330][  0]LogConfig: Setting CVar [[r.BloomQuality:5]]
[2021.11.21-19.23.10:330][  0]LogConfig: Setting CVar [[r.FastBlurThreshold:100]]
[2021.11.21-19.23.10:330][  0]LogConfig: Setting CVar [[r.Upscale.Quality:3]]
[2021.11.21-19.23.10:330][  0]LogConfig: Setting CVar [[r.Tonemapper.GrainQuantization:1]]
[2021.11.21-19.23.10:330][  0]LogConfig: Setting CVar [[r.LightShaftQuality:1]]
[2021.11.21-19.23.10:330][  0]LogConfig: Setting CVar [[r.Filter.SizeScale:1]]
[2021.11.21-19.23.10:330][  0]LogConfig: Setting CVar [[r.Tonemapper.Quality:5]]
[2021.11.21-19.23.10:330][  0]LogConfig: Setting CVar [[r.DOF.Gather.AccumulatorQuality:1        ; higher gathering accumulator quality]]
[2021.11.21-19.23.10:330][  0]LogConfig: Setting CVar [[r.DOF.Gather.PostfilterMethod:1          ; Median3x3 postfilering method]]
[2021.11.21-19.23.10:330][  0]LogConfig: Setting CVar [[r.DOF.Gather.EnableBokehSettings:0       ; no bokeh simulation when gathering]]
[2021.11.21-19.23.10:330][  0]LogConfig: Setting CVar [[r.DOF.Gather.RingCount:4                 ; medium number of samples when gathering]]
[2021.11.21-19.23.10:330][  0]LogConfig: Setting CVar [[r.DOF.Scatter.ForegroundCompositing:1    ; additive foreground scattering]]
[2021.11.21-19.23.10:330][  0]LogConfig: Setting CVar [[r.DOF.Scatter.BackgroundCompositing:2    ; additive background scattering]]
[2021.11.21-19.23.10:330][  0]LogConfig: Setting CVar [[r.DOF.Scatter.EnableBokehSettings:1      ; bokeh simulation when scattering]]
[2021.11.21-19.23.10:330][  0]LogConfig: Setting CVar [[r.DOF.Scatter.MaxSpriteRatio:0.1         ; only a maximum of 10% of scattered bokeh]]
[2021.11.21-19.23.10:330][  0]LogConfig: Setting CVar [[r.DOF.Recombine.Quality:1                ; cheap slight out of focus]]
[2021.11.21-19.23.10:330][  0]LogConfig: Setting CVar [[r.DOF.Recombine.EnableBokehSettings:0    ; no bokeh simulation on slight out of focus]]
[2021.11.21-19.23.10:330][  0]LogConfig: Setting CVar [[r.DOF.TemporalAAQuality:1                ; more stable temporal accumulation]]
[2021.11.21-19.23.10:330][  0]LogConfig: Setting CVar [[r.DOF.Kernel.MaxForegroundRadius:0.025]]
[2021.11.21-19.23.10:330][  0]LogConfig: Setting CVar [[r.DOF.Kernel.MaxBackgroundRadius:0.025]]
[2021.11.21-19.23.10:330][  0]LogConfig: Applying CVar settings from Section [TextureQuality@3] File [C:/Users/NV/Documents/Unreal Projects/IHW/Saved/Config/Windows/Scalability.ini]
[2021.11.21-19.23.10:330][  0]LogConfig: Setting CVar [[r.Streaming.MipBias:0]]
[2021.11.21-19.23.10:330][  0]LogConfig: Setting CVar [[r.Streaming.AmortizeCPUToGPUCopy:0]]
[2021.11.21-19.23.10:330][  0]LogConfig: Setting CVar [[r.Streaming.MaxNumTexturesToStreamPerFrame:0]]
[2021.11.21-19.23.10:330][  0]LogConfig: Setting CVar [[r.Streaming.Boost:1]]
[2021.11.21-19.23.10:330][  0]LogConfig: Setting CVar [[r.MaxAnisotropy:8]]
[2021.11.21-19.23.10:330][  0]LogConfig: Setting CVar [[r.VT.MaxAnisotropy:8]]
[2021.11.21-19.23.10:330][  0]LogConfig: Setting CVar [[r.Streaming.LimitPoolSizeToVRAM:0]]
[2021.11.21-19.23.10:330][  0]LogConfig: Setting CVar [[r.Streaming.PoolSize:1000]]
[2021.11.21-19.23.10:330][  0]LogConfig: Setting CVar [[r.Streaming.MaxEffectiveScreenSize:0]]
[2021.11.21-19.23.10:330][  0]LogConfig: Applying CVar settings from Section [EffectsQuality@3] File [C:/Users/NV/Documents/Unreal Projects/IHW/Saved/Config/Windows/Scalability.ini]
[2021.11.21-19.23.10:330][  0]LogConfig: Setting CVar [[r.TranslucencyLightingVolumeDim:64]]
[2021.11.21-19.23.10:330][  0]LogConfig: Setting CVar [[r.RefractionQuality:2]]
[2021.11.21-19.23.10:330][  0]LogConfig: Setting CVar [[r.SSR.Quality:3]]
[2021.11.21-19.23.10:330][  0]LogConfig: Setting CVar [[r.SSR.HalfResSceneColor:0]]
[2021.11.21-19.23.10:330][  0]LogConfig: Setting CVar [[r.SceneColorFormat:4]]
[2021.11.21-19.23.10:330][  0]LogConfig: Setting CVar [[r.DetailMode:2]]
[2021.11.21-19.23.10:330][  0]LogConfig: Setting CVar [[r.TranslucencyVolumeBlur:1]]
[2021.11.21-19.23.10:330][  0]LogConfig: Setting CVar [[r.MaterialQualityLevel:1 ; High quality]]
[2021.11.21-19.23.10:330][  0]LogConfig: Setting CVar [[r.AnisotropicMaterials:1]]
[2021.11.21-19.23.10:330][  0]LogConfig: Setting CVar [[r.SSS.Scale:1]]
[2021.11.21-19.23.10:330][  0]LogConfig: Setting CVar [[r.SSS.SampleSet:2]]
[2021.11.21-19.23.10:330][  0]LogConfig: Setting CVar [[r.SSS.Quality:1]]
[2021.11.21-19.23.10:330][  0]LogConfig: Setting CVar [[r.SSS.HalfRes:0]]
[2021.11.21-19.23.10:330][  0]LogConfig: Setting CVar [[r.SSGI.Quality:3]]
[2021.11.21-19.23.10:330][  0]LogConfig: Setting CVar [[r.EmitterSpawnRateScale:1.0]]
[2021.11.21-19.23.10:330][  0]LogConfig: Setting CVar [[r.ParticleLightQuality:2]]
[2021.11.21-19.23.10:330][  0]LogConfig: Setting CVar [[r.SkyAtmosphere.AerialPerspectiveLUT.FastApplyOnOpaque:1 ; Always have FastSkyLUT 1 in this case to avoid wrong sky]]
[2021.11.21-19.23.10:330][  0]LogConfig: Setting CVar [[r.SkyAtmosphere.AerialPerspectiveLUT.SampleCountMaxPerSlice:4]]
[2021.11.21-19.23.10:330][  0]LogConfig: Setting CVar [[r.SkyAtmosphere.AerialPerspectiveLUT.DepthResolution:16.0]]
[2021.11.21-19.23.10:330][  0]LogConfig: Setting CVar [[r.SkyAtmosphere.FastSkyLUT:1]]
[2021.11.21-19.23.10:330][  0]LogConfig: Setting CVar [[r.SkyAtmosphere.FastSkyLUT.SampleCountMin:4.0]]
[2021.11.21-19.23.10:330][  0]LogConfig: Setting CVar [[r.SkyAtmosphere.FastSkyLUT.SampleCountMax:128.0]]
[2021.11.21-19.23.10:330][  0]LogConfig: Setting CVar [[r.SkyAtmosphere.SampleCountMin:4.0]]
[2021.11.21-19.23.10:330][  0]LogConfig: Setting CVar [[r.SkyAtmosphere.SampleCountMax:128.0]]
[2021.11.21-19.23.10:330][  0]LogConfig: Setting CVar [[r.SkyAtmosphere.TransmittanceLUT.UseSmallFormat:0]]
[2021.11.21-19.23.10:330][  0]LogConfig: Setting CVar [[r.SkyAtmosphere.TransmittanceLUT.SampleCount:10.0]]
[2021.11.21-19.23.10:330][  0]LogConfig: Setting CVar [[r.SkyAtmosphere.MultiScatteringLUT.SampleCount:15.0]]
[2021.11.21-19.23.10:330][  0]LogConfig: Setting CVar [[r.SkyLight.RealTimeReflectionCapture:1]]
[2021.11.21-19.23.10:330][  0]LogConfig: Applying CVar settings from Section [FoliageQuality@3] File [C:/Users/NV/Documents/Unreal Projects/IHW/Saved/Config/Windows/Scalability.ini]
[2021.11.21-19.23.10:330][  0]LogConfig: Setting CVar [[foliage.DensityScale:1.0]]
[2021.11.21-19.23.10:330][  0]LogConfig: Setting CVar [[grass.DensityScale:1.0]]
[2021.11.21-19.23.10:330][  0]LogConfig: Applying CVar settings from Section [ShadingQuality@3] File [C:/Users/NV/Documents/Unreal Projects/IHW/Saved/Config/Windows/Scalability.ini]
[2021.11.21-19.23.10:330][  0]LogConfig: Setting CVar [[r.HairStrands.SkyLighting.IntegrationType:2]]
[2021.11.21-19.23.10:330][  0]LogConfig: Setting CVar [[r.HairStrands.SkyAO.SampleCount:4]]
[2021.11.21-19.23.10:330][  0]LogConfig: Setting CVar [[r.HairStrands.Visibility.MSAA.SamplePerPixel:4]]
[2021.11.21-19.23.10:330][  0]LogConfig: Applying CVar settings from Section [Startup] File [../../../Engine/Config/ConsoleVariables.ini]
[2021.11.21-19.23.10:331][  0]LogConfig: Setting CVar [[net.UseAdaptiveNetUpdateFrequency:0]]
[2021.11.21-19.23.10:331][  0]LogConfig: Setting CVar [[p.chaos.AllowCreatePhysxBodies:1]]
[2021.11.21-19.23.10:331][  0]LogConfig: Setting CVar [[fx.SkipVectorVMBackendOptimizations:1]]
[2021.11.21-19.23.10:331][  0]LogConfig: Applying CVar settings from Section [ConsoleVariables] File [C:/Users/NV/Documents/Unreal Projects/IHW/Saved/Config/Windows/Engine.ini]
[2021.11.21-19.23.10:331][  0]LogConfig: Applying CVar settings from Section [ConsoleVariables] File [C:/Users/NV/Documents/Unreal Projects/IHW/Saved/Config/Windows/Editor.ini]
[2021.11.21-19.23.10:331][  0]LogInit: Computer: NV-PC
[2021.11.21-19.23.10:331][  0]LogInit: User: NV
[2021.11.21-19.23.10:331][  0]LogInit: CPU Page size=4096, Cores=8
[2021.11.21-19.23.10:331][  0]LogInit: High frequency timer resolution =10.000000 MHz
[2021.11.21-19.23.10:331][  0]LogMemory: Memory total: Physical=15.9GB (16GB approx)
[2021.11.21-19.23.10:331][  0]LogMemory: Platform Memory Stats for Windows
[2021.11.21-19.23.10:331][  0]LogMemory: Process Physical Memory: 145.21 MB used, 145.22 MB peak
[2021.11.21-19.23.10:331][  0]LogMemory: Process Virtual Memory: 121.07 MB used, 121.07 MB peak
[2021.11.21-19.23.10:331][  0]LogMemory: Physical Memory: 11085.66 MB used,  5207.57 MB free, 16293.23 MB total
[2021.11.21-19.23.10:331][  0]LogMemory: Virtual Memory: 134213152.00 MB used,  4573.43 MB free, 134217728.00 MB total
[2021.11.21-19.23.10:335][  0]LogWindows: WindowsPlatformFeatures enabled
[2021.11.21-19.23.10:360][  0]LogInit: Physics initialised using underlying interface: PhysX
[2021.11.21-19.23.10:361][  0]LogInit: Using OS detected language (ru-RU).
[2021.11.21-19.23.10:361][  0]LogInit: Using OS detected locale (ru-RU).
[2021.11.21-19.23.10:365][  0]LogTextLocalizationManager: No specific localization for 'ru-RU' exists, so the 'ru' localization will be used.
[2021.11.21-19.23.10:367][  0]LogTextLocalizationResource: LocRes '../../../Engine/Content/Localization/Editor/ru/Editor.locres' could not be opened for reading!
[2021.11.21-19.23.10:367][  0]LogTextLocalizationResource: LocRes '../../../Engine/Content/Localization/EditorTutorials/ru/EditorTutorials.locres' could not be opened for reading!
[2021.11.21-19.23.10:367][  0]LogTextLocalizationResource: LocRes '../../../Engine/Content/Localization/Keywords/ru/Keywords.locres' could not be opened for reading!
[2021.11.21-19.23.10:367][  0]LogTextLocalizationResource: LocRes '../../../Engine/Content/Localization/Category/ru/Category.locres' could not be opened for reading!
[2021.11.21-19.23.10:367][  0]LogTextLocalizationResource: LocRes '../../../Engine/Content/Localization/ToolTips/ru/ToolTips.locres' could not be opened for reading!
[2021.11.21-19.23.10:367][  0]LogTextLocalizationResource: LocRes '../../../Engine/Content/Localization/PropertyNames/ru/PropertyNames.locres' could not be opened for reading!
[2021.11.21-19.23.10:367][  0]LogTextLocalizationResource: LocRes '../../../Engine/Content/Localization/Engine/ru/Engine.locres' could not be opened for reading!
[2021.11.21-19.23.10:376][  0]LogWindowsTextInputMethodSystem: Display: IME system deactivated.
[2021.11.21-19.23.10:424][  0]LogSlate: New Slate User Created.  User Index 0, Is Virtual User: 0
[2021.11.21-19.23.10:424][  0]LogSlate: Slate User Registered.  User Index 0, Is Virtual User: 0
[2021.11.21-19.23.10:451][  0]LogD3D11RHI: Loaded GFSDK_Aftermath_Lib.x64.dll
[2021.11.21-19.23.10:453][  0]LogHMD: Failed to initialize OpenVR with code 110
[2021.11.21-19.23.10:453][  0]LogD3D11RHI: D3D11 min allowed feature level: 11_0
[2021.11.21-19.23.10:453][  0]LogD3D11RHI: D3D11 max allowed feature level: 11_0
[2021.11.21-19.23.10:453][  0]LogD3D11RHI: D3D11 adapters:
[2021.11.21-19.23.10:534][  0]LogD3D11RHI:    0. 'NVIDIA GeForce GTX 1050 Ti' (Feature Level 11_0)
[2021.11.21-19.23.10:534][  0]LogD3D11RHI:       4018/0/8146 MB DedicatedVideo/DedicatedSystem/SharedSystem, Outputs:2, VendorId:0x10de
[2021.11.21-19.23.10:536][  0]LogD3D11RHI:    1. 'Microsoft Basic Render Driver' (Feature Level 11_0)
[2021.11.21-19.23.10:536][  0]LogD3D11RHI:       0/0/8146 MB DedicatedVideo/DedicatedSystem/SharedSystem, Outputs:0, VendorId:0x1414
[2021.11.21-19.23.10:536][  0]LogD3D11RHI: Chosen D3D11 Adapter:
[2021.11.21-19.23.10:536][  0]LogD3D11RHI:     Description : NVIDIA GeForce GTX 1050 Ti
[2021.11.21-19.23.10:536][  0]LogD3D11RHI:     VendorId    : 10de
[2021.11.21-19.23.10:536][  0]LogD3D11RHI:     DeviceId    : 1c82
[2021.11.21-19.23.10:536][  0]LogD3D11RHI:     SubSysId    : 372a1458
[2021.11.21-19.23.10:536][  0]LogD3D11RHI:     Revision    : 00a1
[2021.11.21-19.23.10:536][  0]LogD3D11RHI:     DedicatedVideoMemory : 4213178368 bytes
[2021.11.21-19.23.10:536][  0]LogD3D11RHI:     DedicatedSystemMemory : 0 bytes
[2021.11.21-19.23.10:536][  0]LogD3D11RHI:     SharedSystemMemory : 8542347264 bytes
[2021.11.21-19.23.10:536][  0]LogD3D11RHI:     AdapterLuid : 0 61664
[2021.11.21-19.23.10:545][  0]LogD3D11RHI: Creating new Direct3DDevice
[2021.11.21-19.23.10:545][  0]LogD3D11RHI:     GPU DeviceId: 0x1c82 (for the marketing name, search the web for "GPU Device Id")
[2021.11.21-19.23.10:545][  0]LogWindows: EnumDisplayDevices:
[2021.11.21-19.23.10:545][  0]LogWindows:    0. 'NVIDIA GeForce GTX 1050 Ti' (P:1 D:1)
[2021.11.21-19.23.10:545][  0]LogWindows:    1. 'NVIDIA GeForce GTX 1050 Ti' (P:0 D:1)
[2021.11.21-19.23.10:545][  0]LogWindows:    2. 'NVIDIA GeForce GTX 1050 Ti' (P:0 D:0)
[2021.11.21-19.23.10:545][  0]LogWindows:    3. 'NVIDIA GeForce GTX 1050 Ti' (P:0 D:0)
[2021.11.21-19.23.10:546][  0]LogWindows: DebugString: FoundDriverCount:4 
[2021.11.21-19.23.10:546][  0]LogD3D11RHI:     Adapter Name: NVIDIA GeForce GTX 1050 Ti
[2021.11.21-19.23.10:546][  0]LogD3D11RHI:   Driver Version: 460.89 (internal:27.21.14.6089, unified:460.89)
[2021.11.21-19.23.10:546][  0]LogD3D11RHI:      Driver Date: 12-11-2020
[2021.11.21-19.23.10:546][  0]LogRHI: Texture pool is 2812 MB (70% of 4018 MB)
[2021.11.21-19.23.10:546][  0]LogD3D11RHI: Creating D3DDevice using adapter:
[2021.11.21-19.23.10:546][  0]LogD3D11RHI:     Description : NVIDIA GeForce GTX 1050 Ti
[2021.11.21-19.23.10:546][  0]LogD3D11RHI:     VendorId    : 10de
[2021.11.21-19.23.10:546][  0]LogD3D11RHI:     DeviceId    : 1c82
[2021.11.21-19.23.10:546][  0]LogD3D11RHI:     SubSysId    : 372a1458
[2021.11.21-19.23.10:546][  0]LogD3D11RHI:     Revision    : 00a1
[2021.11.21-19.23.10:546][  0]LogD3D11RHI:     DedicatedVideoMemory : 4213178368 bytes
[2021.11.21-19.23.10:546][  0]LogD3D11RHI:     DedicatedSystemMemory : 0 bytes
[2021.11.21-19.23.10:546][  0]LogD3D11RHI:     SharedSystemMemory : 8542347264 bytes
[2021.11.21-19.23.10:546][  0]LogD3D11RHI:     AdapterLuid : 0 61664
[2021.11.21-19.23.10:605][  0]LogD3D11RHI: RHI has support for 64 bit atomics
[2021.11.21-19.23.10:605][  0]LogD3D11RHI: Async texture creation enabled
[2021.11.21-19.23.10:605][  0]LogD3D11RHI: Array index from any shader is supported
[2021.11.21-19.23.10:606][  0]LogD3D11RHI: HDR output is supported on display 0 (NvId: 0x80061081).
[2021.11.21-19.23.10:622][  0]LogD3D11RHI: GPU Timing Frequency: 1000.000000 (Debug: 2 1)
[2021.11.21-19.23.10:640][  0]LogRHI: GeForceNow SDK initialized: 1
[2021.11.21-19.23.10:844][  0]LogTargetPlatformManager: Display: Loaded TargetPlatform 'WindowsNoEditor'
[2021.11.21-19.23.10:847][  0]LogTargetPlatformManager: Display: Loaded TargetPlatform 'Windows'
[2021.11.21-19.23.10:850][  0]LogTargetPlatformManager: Display: Loaded TargetPlatform 'WindowsClient'
[2021.11.21-19.23.10:854][  0]LogTargetPlatformManager: Display: Loaded TargetPlatform 'WindowsServer'
[2021.11.21-19.23.10:854][  0]LogTargetPlatformManager: Display: Building Assets For Windows
[2021.11.21-19.23.10:858][  0]LogAudioDebug: Display: Lib vorbis DLL was dynamically loaded.
[2021.11.21-19.23.10:880][  0]LogTextureFormatOodle: Display: Oodle Texture 2.9.0 init RDO Off
[2021.11.21-19.23.10:903][  0]LogRendererCore: Ray tracing is disabled. Reason: r.RayTracing=0.
[2021.11.21-19.23.10:903][  0]LogShaderCompilers: Guid format shader working directory is 1 characters bigger than the processId version (C:/Users/NV/Documents/Unreal Projects/IHW/Intermediate/Shaders/WorkingDirectory/26344/).
[2021.11.21-19.23.10:903][  0]LogShaderCompilers: Cleaned the shader compiler working directory 'C:/Users/NV/AppData/Local/Temp/UnrealShaderWorkingDir/8D1BB7E241C178EB903B6989CC78FC59/'.
[2021.11.21-19.23.10:903][  0]LogXGEController: Cannot use XGE Controller as Incredibuild is not installed on this machine.
[2021.11.21-19.23.10:903][  0]LogShaderCompilers: Cannot use XGE Shader Compiler as Incredibuild is not installed on this machine.
[2021.11.21-19.23.10:903][  0]LogShaderCompilers: Display: Using Local Shader Compiler.
[2021.11.21-19.23.11:452][  0]LogDerivedDataCache: Display: Max Cache Size: 512 MB
[2021.11.21-19.23.11:513][  0]LogDerivedDataCache: Loaded boot cache 0.06s 94MB C:/Users/NV/AppData/Local/UnrealEngine/4.27/DerivedDataCache/Boot.ddc.
[2021.11.21-19.23.11:513][  0]LogDerivedDataCache: Display: Loaded Boot cache: C:/Users/NV/AppData/Local/UnrealEngine/4.27/DerivedDataCache/Boot.ddc
[2021.11.21-19.23.11:513][  0]LogDerivedDataCache: FDerivedDataBackendGraph:  Pak pak cache file C:/Users/NV/Documents/Unreal Projects/IHW/DerivedDataCache/DDC.ddp not found, will not use a pak cache.
[2021.11.21-19.23.11:513][  0]LogDerivedDataCache: Unable to find inner node Pak for hierarchical cache Hierarchy.
[2021.11.21-19.23.11:513][  0]LogDerivedDataCache: FDerivedDataBackendGraph:  CompressedPak pak cache file C:/Users/NV/Documents/Unreal Projects/IHW/DerivedDataCache/Compressed.ddp not found, will not use a pak cache.
[2021.11.21-19.23.11:513][  0]LogDerivedDataCache: Unable to find inner node CompressedPak for hierarchical cache Hierarchy.
[2021.11.21-19.23.11:527][  0]LogDerivedDataCache: Display: Pak cache opened for reading ../../../Engine/DerivedDataCache/Compressed.ddp.
[2021.11.21-19.23.11:527][  0]LogDerivedDataCache: FDerivedDataBackendGraph:  EnterprisePak pak cache file ../../../Enterprise/DerivedDataCache/Compressed.ddp not found, will not use a pak cache.
[2021.11.21-19.23.11:527][  0]LogDerivedDataCache: Unable to find inner node EnterprisePak for hierarchical cache Hierarchy.
[2021.11.21-19.23.11:532][  0]LogDerivedDataCache: Speed tests for C:/Users/NV/AppData/Local/UnrealEngine/Common/DerivedDataCache took 0.00 seconds
[2021.11.21-19.23.11:532][  0]LogDerivedDataCache: Display: Performance to C:/Users/NV/AppData/Local/UnrealEngine/Common/DerivedDataCache: Latency=0.02ms. RandomReadSpeed=1909.01MBs, RandomWriteSpeed=254.39MBs. Assigned SpeedClass 'Local'
[2021.11.21-19.23.11:532][  0]LogDerivedDataCache: Using Local data cache path C:/Users/NV/AppData/Local/UnrealEngine/Common/DerivedDataCache: Writable
[2021.11.21-19.23.11:532][  0]LogDerivedDataCache: Shared data cache path not found in *engine.ini, will not use an Shared cache.
[2021.11.21-19.23.11:532][  0]LogDerivedDataCache: Unable to find inner node Shared for hierarchical cache Hierarchy.
[2021.11.21-19.23.11:558][  0]LogSlate: Using FreeType 2.10.0
[2021.11.21-19.23.11:558][  0]LogSlate: SlateFontServices - WITH_FREETYPE: 1, WITH_HARFBUZZ: 1
[2021.11.21-19.23.11:617][  0]LogInit: Using OS detected language (ru-RU).
[2021.11.21-19.23.11:617][  0]LogInit: Using OS detected locale (ru-RU).
[2021.11.21-19.23.11:617][  0]LogTextLocalizationManager: No localization for 'ru-RU' exists, so 'en' will be used for the language.
[2021.11.21-19.23.11:617][  0]LogTextLocalizationManager: No localization for 'ru-RU' exists, so 'en' will be used for the locale.
[2021.11.21-19.23.11:617][  0]LogSlate: FontCache flush requested. Reason: Culture for localization was changed
[2021.11.21-19.23.11:617][  0]LogSlate: FontCache flush requested. Reason: Culture for localization was changed
[2021.11.21-19.23.11:620][  0]LogAssetRegistry: FAssetRegistry took 0.0020 seconds to start up
[2021.11.21-19.23.11:751][  0]LogTextLocalizationManager: Compacting localization data took   0.00ms
[2021.11.21-19.23.11:751][  0]LogPackageLocalizationCache: Processed 27 localized package path(s) for 1 prioritized culture(s) in 0.000942 seconds
[2021.11.21-19.23.11:803][  0]LogInit: Selected Device Profile: [Windows]
[2021.11.21-19.23.11:803][  0]LogInit: Active device profile: [0000017F5336B800][0000017F48671AC0 49] Windows
[2021.11.21-19.23.11:803][  0]LogInit: Profiles: [0000017F5336B800][0000017F48671AC0 49] Windows, [0000017F53320A00][0000017F4CA5C0C0 49] WindowsNoEditor, [0000017F53368A00][0000017F52A58240 49] WindowsServer, [0000017F53323000][0000017F52A5C3C0 49] WindowsClient, [0000017F5336AF00][0000017F52A60540 49] IOS, [0000017F53321300][0000017F52A646C0 49] iPadAir, [0000017F53369200][0000017F52A68840 49] iPadAir2, [0000017F532CBF00][0000017F52A70B00 49] IPadPro, [0000017F532CBE00][0000017F52A6CB40 49] iPadAir3, [0000017F5336A900][0000017F52A74CC0 49] iPadAir4, [0000017F532C8F00][0000017F52A78E40 49] iPadMini2, [0000017F53369700][0000017F52A7CFC0 49] iPadMini3, [0000017F532CAA00][0000017F4806F140 49] iPadMini4, [0000017F5336A100][0000017F480732C0 49] iPadMini5, [0000017F5331B800][0000017F4CA59540 49] iPhone6, [0000017F5331B900][0000017F48077580 49] iPodTouch6, [0000017F532C9100][0000017F4807F7C0 49] iPhone7, [0000017F532C9200][0000017F4807B800 49] iPodTouch7, [0000017F53318E00][0000017F48083940 49] iPhone5S, [0000017F532C8500][0000017F4808BAC0 49] iPhone6Plus, [0000017F5331AB00][0000017F4808E0C0 49] iPhone6S, [0000017F532C8A00][0000017F48092240 49] iPhone6SPlus, [0000017F53319600][0000017F480963C0 49] iPhone7Plus, [0000017F532C8B00][0000017F4809A540 49] iPhoneSE, [0000017F5331A300][0000017F4809E6C0 49] iPhone8, [0000017F532CA000][0000017F480A2840 49] iPhone8Plus, [0000017F5331BF00][0000017F4C9D09C0 49] iPhoneX, [0000017F532C8100][0000017F4C9D4B40 49] iPhoneXS, [0000017F53318500][0000017F4C9D8CC0 49] iPhoneXSMax, [0000017F532CA800][0000017F4C9DCE40 49] iPhoneXR, [0000017F5331A900][0000017F4C9E0FC0 49] iPhone11, [0000017F532CB500][0000017F4C9E5140 49] iPhone11Pro, [0000017F53319700][0000017F4C9E92C0 49] iPhone11ProMax, [0000017F532C9500][0000017F4C9ED440 49] iPhoneSE2, [0000017F53318F00][0000017F4C9F15C0 49] iPhone12Mini, [0000017F532CA600][0000017F48087700 49] iPhone12, [0000017F5331A600][0000017F4C9F5840 49] iPhone12Pro, [0000017F532CAC00][0000017F4C9F9980 49] iPhone12ProMax, [0000017F5331AA00][0000017F4C9FDAC0 49] iPadPro105, [0000017F532C8200][0000017F4CA040C0 49] iPadPro129, [0000017F53319B00][0000017F4CA08240 49] iPadPro97, [0000017F532C9E00][0000017F4CA0C3C0 49] iPadPro2_129, [0000017F5331B700][0000017F4CA10540 49] iPad5, [0000017F532CAB00][0000017F4CA146C0 49] iPad6, [0000017F5331B200][0000017F4CA18840 49] iPad7, [0000017F532CA200][0000017F4847A9C0 49] iPad8, [0000017F5331BB00][0000017F4847EB40 49] iPadPro11, [0000017F532CB600][0000017F48482CC0 49] iPadPro2_11, [0000017F5331A700][0000017F48486E40 49] iPadPro3_129, [0000017F532C9F00][0000017F4848AFC0 49] iPadPro4_129, [0000017F53318900][0000017F4848F140 49] AppleTV, [0000017F532C9900][0000017F484932C0 49] AppleTV4K, [0000017F5331B300][0000017F48497440 49] TVOS, [0000017F532CB700][0000017F4849B5C0 49] Mac, [0000017F53318800][0000017F4849F740 49] MacClient, [0000017F532C8700][0000017F484A38C0 49] MacNoEditor, [0000017F5331BE00][0000017F4CA01A00 49] MacServer, [0000017F532C9800][0000017F484A7B40 49] Linux, [0000017F53319800][0000017F484AA100 49] LinuxAArch64, [0000017F532CB900][0000017F484B2280 49] LinuxNoEditor, [0000017F53318D00][0000017F484B6400 49] LinuxAArch64NoEditor, [0000017F532C9000][0000017F484BA580 49] LinuxClient, [0000017F53318700][0000017F484BE700 49] LinuxAArch64Client, [0000017F532CB100][0000017F484C2880 49] LinuxServer, [0000017F53319400][0000017F484C6A00 49] LinuxAArch64Server, [0000017F53323400][0000017F484CAB80 49] Android, [0000017F533AA100][0000017F484CED00 49] Android_Low, [0000017F53321700][0000017F484D2E80 49] Android_Mid, [0000017F533A8100][0000017F484D7000 49] Android_High, [0000017F53320E00][0000017F484DB180 49] Android_Default, [0000017F533AA500][0000017F484DF300 49] Android_Adreno4xx, [0000017F53323D00][0000017F484E3480 49] Android_Adreno5xx_Low, [0000017F533A8200][0000017F484E7600 49] Android_Adreno5xx, [0000017F53320300][0000017F484EB780 49] Android_Adreno6xx, [0000017F533A9A00][0000017F484EF900 49] Android_Adreno6xx_Vulkan, [0000017F53322400][0000017F484F3A80 49] Android_Mali_T6xx, [0000017F533AA700][0000017F484AFBC0 49] Android_Mali_T7xx, [0000017F53322F00][0000017F484F6180 49] Android_Mali_T8xx, [0000017F533A9400][0000017F484FA2C0 49] Android_Mali_G71, [0000017F53322900][0000017F48502440 49] Android_Mali_G72, [0000017F533A8500][0000017F485065C0 49] Android_Mali_G72_Vulkan, [0000017F53321400][0000017F4850A740 49] Android_Mali_G76, [0000017F533A9800][0000017F4850E8C0 49] Android_Mali_G76_Vulkan, [0000017F53322E00][0000017F48512A40 49] Android_Mali_G77, [0000017F533A9300][0000017F48516BC0 49] Android_Mali_G77_Vulkan, [0000017F53318300][0000017F4851AD40 49] Android_Mali_G78, [0000017F532C8E00][0000017F4851EEC0 49] Android_Mali_G78_Vulkan, [0000017F5331B400][0000017F48523040 49] Android_Mali_G710, [0000017F532CAE00][0000017F485271C0 49] Android_Mali_G710_Vulkan, [0000017F533A8700][0000017F4852B340 49] Android_Vulkan_SM5, [0000017F532CB300][0000017F4852F4C0 49] Android_PowerVR_G6xxx, [0000017F533A9500][0000017F48533640 49] Android_PowerVR_GT7xxx, [0000017F532CBB00][0000017F485377C0 49] Android_PowerVR_GE8xxx, [0000017F533AA900][0000017F4853B940 49] Android_PowerVR_GM9xxx, [0000017F532CB000][0000017F4853FAC0 49] Android_PowerVR_GM9xxx_Vulkan, [0000017F533A8300][0000017F485420C0 49] Android_TegraK1, [0000017F532CAF00][0000017F484FE200 49] Android_Unknown_Vulkan, [0000017F533A9200][0000017F48546340 49] Lumin, [0000017F532CA400][0000017F4854A480 49] Lumin_Desktop, [0000017F533A8B00][0000017F4854E5C0 49] HoloLens, 
[2021.11.21-19.23.11:830][  0]LogMeshReduction: Using QuadricMeshReduction for automatic static mesh reduction
[2021.11.21-19.23.11:830][  0]LogMeshReduction: Using SimplygonMeshReduction for automatic skeletal mesh reduction
[2021.11.21-19.23.11:830][  0]LogMeshReduction: Using ProxyLODMeshReduction for automatic mesh merging
[2021.11.21-19.23.11:830][  0]LogMeshReduction: No distributed automatic mesh merging module available
[2021.11.21-19.23.11:830][  0]LogMeshMerging: No distributed automatic mesh merging module available
[2021.11.21-19.23.11:923][  0]LogNetVersion: IHW 1.0.0, NetCL: 17155196, EngineNetVer: 17, GameNetVer: 0 (Checksum: 85387044)
[2021.11.21-19.23.12:086][  0]LogTexture: Default maximum texture size for cubemaps generated from long-lat sources has been changed from 512 to unlimited. In order to preserve old behaiour for '/Engine/MapTemplates/Sky/DaylightAmbientCubemap.DaylightAmbientCubemap', its maximum texture size has been explicitly set to 512.
[2021.11.21-19.23.12:133][  0]LogHMD: PokeAHoleMaterial loaded successfully
[2021.11.21-19.23.12:200][  0]LogMoviePlayer: Initializing movie player
[2021.11.21-19.23.12:292][  0]LogNiagaraDebuggerClient: Niagara Debugger Client Initialized | Session: 8E0192C646AFC53FB80A3EB6A47BC842 | Instance: D3D7A6C7473436C2F3ED5C908008B692 (NV-PC-26344).
[2021.11.21-19.23.12:304][  0]LogCollectionManager: Loaded 0 collections in 0.000565 seconds
[2021.11.21-19.23.12:306][  0]LogFileCache: Scanning file cache for directory 'C:/Users/NV/Documents/Unreal Projects/IHW/Saved/Collections/' took 0.00s
[2021.11.21-19.23.12:307][  0]LogFileCache: Scanning file cache for directory 'C:/Users/NV/Documents/Unreal Projects/IHW/Content/Developers/NV/Collections/' took 0.00s
[2021.11.21-19.23.12:307][  0]LogFileCache: Scanning file cache for directory 'C:/Users/NV/Documents/Unreal Projects/IHW/Content/Collections/' took 0.00s
[2021.11.21-19.23.12:307][  0]LogCollectionManager: Fixed up redirectors for 0 collections in 0.000001 seconds (updated 0 objects)
[2021.11.21-19.23.12:369][  0]LogImageWrapper: Warning: PNG Warning: Duplicate iCCP chunk
[2021.11.21-19.23.12:369][  0]LogImageWrapper: Warning: PNG Warning: Duplicate iCCP chunk
[2021.11.21-19.23.12:369][  0]LogTcpMessaging: Initializing TcpMessaging bridge
[2021.11.21-19.23.12:371][  0]LogUdpMessaging: Initializing bridge on interface 0.0.0.0:0 to multicast group 230.0.0.1:6666.
[2021.11.21-19.23.12:408][  0]LogPython: Using Python 3.7.7
[2021.11.21-19.23.12:769][  0]LogAndroidPermission: UAndroidPermissionCallbackProxy::GetInstance
[2021.11.21-19.23.12:777][  0]LogAudioCaptureCore: Display: No Audio Capture implementations found. Audio input will be silent.
[2021.11.21-19.23.12:777][  0]LogAudioCaptureCore: Display: No Audio Capture implementations found. Audio input will be silent.
[2021.11.21-19.23.12:838][  0]SourceControl: Source control is disabled
[2021.11.21-19.23.12:838][  0]SourceControl: Source control is disabled
[2021.11.21-19.23.12:840][  0]SourceControl: Source control is disabled
[2021.11.21-19.23.12:844][  0]LogUProjectInfo: Found projects:
[2021.11.21-19.23.12:879][  0]LogOpenImageDenoise: OIDN starting up
[2021.11.21-19.23.12:893][  0]LogOcInput: OculusInput pre-init called
[2021.11.21-19.23.12:900][  0]LogUObjectArray: 22121 objects as part of root set at end of initial load.
[2021.11.21-19.23.12:900][  0]LogUObjectAllocator: 5975440 out of 0 bytes used by permanent object pool.
[2021.11.21-19.23.12:900][  0]LogUObjectArray: CloseDisregardForGC: 0/0 objects in disregard for GC pool
[2021.11.21-19.23.12:936][  0]LogEngine: Initializing Engine...
[2021.11.21-19.23.12:938][  0]LogHMD: Failed to enumerate extensions. Please check that you have a valid OpenXR runtime installed.
[2021.11.21-19.23.12:938][  0]LogHMD: Failed to initialize OpenVR with code 110
[2021.11.21-19.23.12:938][  0]LogMagicLeap: Warning: VR disabled because ZI is not enabled.  To enable, in the editor, Edit -> Project Settings -> Plugins -> Magic Leap Plugin -> Enable Zero Iteration
[2021.11.21-19.23.12:939][  0]LogStats: UGameplayTagsManager::InitializeManager -  0.000 s
[2021.11.21-19.23.13:018][  0]LogInit: Initializing FReadOnlyCVARCache
[2021.11.21-19.23.13:018][  0]LogAudio: Display: Initializing Audio Device Manager...
[2021.11.21-19.23.13:021][  0]LogAudio: Display: Loading Default Audio Settings Objects...
[2021.11.21-19.23.13:021][  0]LogAudio: Display: No default SoundConcurrencyObject specified (or failed to load).
[2021.11.21-19.23.13:022][  0]LogAudio: Display: Audio Device Manager Initialized
[2021.11.21-19.23.13:022][  0]LogAudio: Display: Creating Audio Device:                 Id: 1, Scope: Shared, Realtime: True
[2021.11.21-19.23.13:022][  0]LogAudioMixer: Display: Audio Mixer Platform Settings:
[2021.11.21-19.23.13:022][  0]LogAudioMixer: Display: 	Sample Rate:						  48000
[2021.11.21-19.23.13:022][  0]LogAudioMixer: Display: 	Callback Buffer Frame Size Requested: 1024
[2021.11.21-19.23.13:022][  0]LogAudioMixer: Display: 	Callback Buffer Frame Size To Use:	  1024
[2021.11.21-19.23.13:022][  0]LogAudioMixer: Display: 	Number of buffers to queue:			  2
[2021.11.21-19.23.13:022][  0]LogAudioMixer: Display: 	Max Channels (voices):				  32
[2021.11.21-19.23.13:022][  0]LogAudioMixer: Display: 	Number of Async Source Workers:		  0
[2021.11.21-19.23.13:022][  0]LogAudio: Display: AudioDevice MaxSources: 32
[2021.11.21-19.23.13:022][  0]LogAudio: Display: Audio Spatialization Plugin: None (built-in).
[2021.11.21-19.23.13:022][  0]LogAudio: Display: Audio Reverb Plugin: None (built-in).
[2021.11.21-19.23.13:022][  0]LogAudio: Display: Audio Occlusion Plugin: None (built-in).
[2021.11.21-19.23.13:022][  0]LogAudioMixer: Display: Initializing audio mixer.
[2021.11.21-19.23.13:033][  0]LogAudioMixer: Display: 0: FrontLeft
[2021.11.21-19.23.13:033][  0]LogAudioMixer: Display: 1: FrontRight
[2021.11.21-19.23.13:048][  0]LogAudioMixer: Display: Using Audio Device Динамики (3- Realtek(R) Audio)
[2021.11.21-19.23.13:054][  0]LogAudioMixer: Display: Initializing Sound Submixes...
[2021.11.21-19.23.13:055][  0]LogAudioMixer: Display: Creating Master Submix 'MasterSubmixDefault'
[2021.11.21-19.23.13:055][  0]LogAudioMixer: Display: Creating Master Submix 'MasterReverbSubmixDefault'
[2021.11.21-19.23.13:056][  0]LogAudioMixer: Display: Creating Master Submix 'MasterEQSubmixDefault'
[2021.11.21-19.23.13:056][  0]LogAudioMixer: FMixerPlatformXAudio2::StartAudioStream() called
[2021.11.21-19.23.13:056][  0]LogAudioMixer: Display: Output buffers initialized: Frames=1024, Channels=2, Samples=2048
[2021.11.21-19.23.13:057][  0]LogAudioMixer: Display: Starting AudioMixerPlatformInterface::RunInternal()
[2021.11.21-19.23.13:057][  0]LogAudioMixer: Display: FMixerPlatformXAudio2::SubmitBuffer() called for the first time
[2021.11.21-19.23.13:057][  0]LogInit: FAudioDevice initialized.
[2021.11.21-19.23.13:058][  0]LogNetVersion: Set ProjectVersion to 1.0.0.0. Version Checksum will be recalculated on next use.
[2021.11.21-19.23.13:058][  0]LogInit: Texture streaming: Enabled
[2021.11.21-19.23.13:100][  0]LogAudio: Display: Audio Device (ID: 1) registered with world 'Untitled'.
[2021.11.21-19.23.13:100][  0]LogSlate: Updating window title bar state: overlay mode, drag disabled, window buttons hidden, title bar hidden
[2021.11.21-19.23.13:101][  0]LogInit: Display: Game Engine Initialized.
[2021.11.21-19.23.13:101][  0]LogNiagaraEditor: GEditor isn't valid! Particle reset commands will not work for Niagara components!
[2021.11.21-19.23.13:174][  0]LogImageWrapper: Warning: PNG Warning: Duplicate iCCP chunk
[2021.11.21-19.23.13:174][  0]LogImageWrapper: Warning: PNG Warning: Duplicate iCCP chunk
[2021.11.21-19.23.13:174][  0]LogInit: Display: Starting Game.
[2021.11.21-19.23.13:174][  0]LogNet: Browse: /Game/Procedural/ProceduralLevel?Name=Player
[2021.11.21-19.23.13:174][  0]LogLoad: LoadMap: /Game/Procedural/ProceduralLevel?Name=Player
[2021.11.21-19.23.13:174][  0]LogWorld: BeginTearingDown for /Temp/Untitled_0
[2021.11.21-19.23.13:175][  0]LogWorld: UWorld::CleanupWorld for Untitled, bSessionEnded=true, bCleanupResources=true
[2021.11.21-19.23.13:175][  0]LogSlate: InvalidateAllWidgets triggered.  All widgets were invalidated
[2021.11.21-19.23.13:202][  0]LogAudio: Display: Audio Device unregistered from world 'None'.
[2021.11.21-19.23.13:204][  0]LogUObjectHash: Compacting FUObjectHashTables data took   0.59ms
[2021.11.21-19.23.13:228][  0]LogAudio: Display: Audio Device (ID: 1) registered with world 'ProceduralLevel'.
[2021.11.21-19.23.13:234][  0]LogAIModule: Creating AISystem for world ProceduralLevel
[2021.11.21-19.23.13:357][  0]LogLoad: Game class is 'ThirdPersonGameMode_C'
[2021.11.21-19.23.13:358][  0]LogWorld: Bringing World /Game/Procedural/ProceduralLevel.ProceduralLevel up for play (max tick rate 0) at 2021.11.21-22.23.13
[2021.11.21-19.23.13:358][  0]LogWorld: Bringing up level for play took: 0.000589
[2021.11.21-19.23.13:361][  0]LogLoad: Took 0.186313 seconds to LoadMap(/Game/Procedural/ProceduralLevel)
[2021.11.21-19.23.13:464][  0]LogSlate: Took 0.000088 seconds to synchronously load lazily loaded font '../../../Engine/Content/Slate/Fonts/Roboto-Regular.ttf' (155K)
[2021.11.21-19.23.13:510][  0]LogRenderer: Reallocating scene render targets to support 1280x720 Format 10 NumSamples 1 (Frame:1).
[2021.11.21-19.23.13:510][  0]LogUObjectGlobals: BeginLoad(/Engine/EditorResources/SequenceRecorder/Countdown) is flushing async loading
[2021.11.21-19.23.13:510][  0]LogStreaming: Display: FlushAsyncLoading: 10 QueuedPackages, 0 AsyncPackages
[2021.11.21-19.23.13:549][  0]LogInit: Display: Engine is initialized. Leaving FEngineLoop::Init()
[2021.11.21-19.23.13:549][  0]LogLoad: (Engine Initialization) Total time: 3.93 seconds
[2021.11.21-19.23.13:549][  0]LogLoad: (Engine Initialization) Total Blueprint compile time: 0.00 seconds
[2021.11.21-19.23.13:592][  0]LogContentStreaming: Texture pool size now 1000 MB
[2021.11.21-19.23.13:618][  0]LogSlate: InvalidateAllWidgets triggered.  All widgets were invalidated
[2021.11.21-19.23.13:626][  0]LogRenderer: Reallocating scene render targets to support 128x128 Format 10 NumSamples 1 (Frame:1).
[2021.11.21-19.23.13:662][  0]LogRenderer: Reallocating scene render targets to support 1280x720 Format 10 NumSamples 1 (Frame:2).
[2021.11.21-19.23.13:699][  1]LogSlate: Took 0.000124 seconds to synchronously load lazily loaded font '../../../Engine/Content/Slate/Fonts/Roboto-Regular.ttf' (155K)
[2021.11.21-19.23.21:515][799]LogNet: Browse: /Game/Procedural/ProceduralLevel
[2021.11.21-19.23.21:515][799]LogLoad: LoadMap: /Game/Procedural/ProceduralLevel
[2021.11.21-19.23.21:515][799]LogWorld: BeginTearingDown for /Game/Procedural/ProceduralLevel
[2021.11.21-19.23.21:515][799]LogWorld: UWorld::CleanupWorld for ProceduralLevel, bSessionEnded=true, bCleanupResources=true
[2021.11.21-19.23.21:516][799]LogSlate: InvalidateAllWidgets triggered.  All widgets were invalidated
[2021.11.21-19.23.21:516][799]LogWorld: UWorld::CleanupWorld for Start, bSessionEnded=true, bCleanupResources=true
[2021.11.21-19.23.21:516][799]LogSlate: InvalidateAllWidgets triggered.  All widgets were invalidated
[2021.11.21-19.23.21:516][799]LogWorld: UWorld::CleanupWorld for Conveyer, bSessionEnded=true, bCleanupResources=true
[2021.11.21-19.23.21:516][799]LogSlate: InvalidateAllWidgets triggered.  All widgets were invalidated
[2021.11.21-19.23.21:516][799]LogWorld: UWorld::CleanupWorld for MovingFloor, bSessionEnded=true, bCleanupResources=true
[2021.11.21-19.23.21:516][799]LogSlate: InvalidateAllWidgets triggered.  All widgets were invalidated
[2021.11.21-19.23.21:516][799]LogWorld: UWorld::CleanupWorld for EmptyFloor, bSessionEnded=true, bCleanupResources=true
[2021.11.21-19.23.21:516][799]LogSlate: InvalidateAllWidgets triggered.  All widgets were invalidated
[2021.11.21-19.23.21:516][799]LogWorld: UWorld::CleanupWorld for FloorOfDeath1, bSessionEnded=true, bCleanupResources=true
[2021.11.21-19.23.21:516][799]LogSlate: InvalidateAllWidgets triggered.  All widgets were invalidated
[2021.11.21-19.23.21:516][799]LogWorld: UWorld::CleanupWorld for Conveyer, bSessionEnded=true, bCleanupResources=true
[2021.11.21-19.23.21:516][799]LogSlate: InvalidateAllWidgets triggered.  All widgets were invalidated
[2021.11.21-19.23.21:516][799]LogWorld: UWorld::CleanupWorld for FloorOfDeath1, bSessionEnded=true, bCleanupResources=true
[2021.11.21-19.23.21:516][799]LogSlate: InvalidateAllWidgets triggered.  All widgets were invalidated
[2021.11.21-19.23.21:516][799]LogWorld: UWorld::CleanupWorld for Conveyer, bSessionEnded=true, bCleanupResources=true
[2021.11.21-19.23.21:516][799]LogSlate: InvalidateAllWidgets triggered.  All widgets were invalidated
[2021.11.21-19.23.21:516][799]LogWorld: UWorld::CleanupWorld for FloorOfDeath2, bSessionEnded=true, bCleanupResources=true
[2021.11.21-19.23.21:516][799]LogSlate: InvalidateAllWidgets triggered.  All widgets were invalidated
[2021.11.21-19.23.21:516][799]LogWorld: UWorld::CleanupWorld for Finish, bSessionEnded=true, bCleanupResources=true
[2021.11.21-19.23.21:516][799]LogSlate: InvalidateAllWidgets triggered.  All widgets were invalidated
[2021.11.21-19.23.21:554][799]LogAudio: Display: Waited 37.605801 ms for audio thread.
[2021.11.21-19.23.21:556][799]LogAudio: Display: Audio Device unregistered from world 'None'.
[2021.11.21-19.23.21:562][799]LogUObjectHash: Compacting FUObjectHashTables data took   0.63ms
[2021.11.21-19.23.21:585][799]LogAudio: Display: Audio Device (ID: 1) registered with world 'ProceduralLevel'.
[2021.11.21-19.23.21:586][799]LogAIModule: Creating AISystem for world ProceduralLevel
[2021.11.21-19.23.21:711][799]LogLoad: Game class is 'ThirdPersonGameMode_C'
[2021.11.21-19.23.21:713][799]LogWorld: Bringing World /Game/Procedural/ProceduralLevel.ProceduralLevel up for play (max tick rate 0) at 2021.11.21-22.23.21
[2021.11.21-19.23.21:713][799]LogWorld: Bringing up level for play took: 0.000693
[2021.11.21-19.23.21:715][799]LogLoad: Took 0.200319 seconds to LoadMap(/Game/Procedural/ProceduralLevel)
[2021.11.21-19.23.21:940][801]LogStreaming: Display: UWorld::AddToWorld: updating components for /Game/Procedural/End took (less than) 59.76 ms
