Log file open, 11/21/21 22:13:20
LogWindows: Failed to load 'aqProf.dll' (GetLastError=126)
LogWindows: File 'aqProf.dll' does not exist
LogWindows: Failed to load 'VtuneApi.dll' (GetLastError=126)
LogWindows: File 'VtuneApi.dll' does not exist
LogWindows: Failed to load 'VtuneApi32e.dll' (GetLastError=126)
LogWindows: File 'VtuneApi32e.dll' does not exist
LogConsoleResponse: Display: Failed to find resolution value strings in scalability ini. Falling back to default.
LogConsoleResponse: Display: Failed to find resolution value strings in scalability ini. Falling back to default.
LogInit: Display: Running engine for game: IHW
LogPlatformFile: Not using cached read wrapper
LogTaskGraph: Started task graph with 5 named threads and 47 total threads with 3 sets of task threads.
LogStats: Stats thread started at 0.169909
LogICUInternationalization: ICU TimeZone Detection - Raw Offset: +3:00, Platform Override: ''
LogInit: Display: Loading text-based GConfig....
LogPluginManager: Mounting plugin MeshPainting
LogPluginManager: Mounting plugin XGEController
LogPluginManager: Mounting plugin LiveLink
LogPluginManager: Mounting plugin Paper2D
LogPluginManager: Mounting plugin AISupport
LogPluginManager: Mounting plugin EnvironmentQueryEditor
LogPluginManager: Mounting plugin OodleData
LogPluginManager: Mounting plugin OodleNetwork
LogPluginManager: Mounting plugin LightPropagationVolume
LogPluginManager: Mounting plugin DatasmithContent
LogPluginManager: Mounting plugin CryptoKeys
LogPluginManager: Mounting plugin DataValidation
LogPluginManager: Mounting plugin FacialAnimation
LogPluginManager: Mounting plugin CurveEditorTools
LogPluginManager: Mounting plugin VariantManagerContent
LogPluginManager: Mounting plugin Niagara
LogPluginManager: Mounting plugin GameplayTagsEditor
LogPluginManager: Mounting plugin AssetManagerEditor
LogPluginManager: Mounting plugin MacGraphicsSwitching
LogPluginManager: Mounting plugin MobileLauncherProfileWizard
LogPluginManager: Mounting plugin MaterialAnalyzer
LogPluginManager: Mounting plugin AlembicImporter
LogPluginManager: Mounting plugin GeometryMode
LogPluginManager: Mounting plugin AutomationUtils
LogPluginManager: Mounting plugin BackChannel
LogPluginManager: Mounting plugin PluginBrowser
LogPluginManager: Mounting plugin SpeedTreeImporter
LogPluginManager: Mounting plugin ChaosClothEditor
LogPluginManager: Mounting plugin ChaosEditor
LogPluginManager: Mounting plugin ChaosCloth
LogPluginManager: Mounting plugin CharacterAI
LogPluginManager: Mounting plugin ChaosNiagara
LogPluginManager: Mounting plugin ChaosSolverPlugin
LogPluginManager: Mounting plugin LuminPlatformFeatures
LogPluginManager: Mounting plugin MagicLeap
LogPluginManager: Mounting plugin GeometryCache
LogPluginManager: Mounting plugin GeometryCollectionPlugin
LogPluginManager: Mounting plugin MagicLeapLightEstimation
LogPluginManager: Mounting plugin MagicLeapMedia
LogPluginManager: Mounting plugin MagicLeapPassableWorld
LogPluginManager: Mounting plugin MLSDK
LogPluginManager: Mounting plugin GeometryProcessing
LogPluginManager: Mounting plugin OpenImageDenoise
LogPluginManager: Mounting plugin MotoSynth
LogPluginManager: Mounting plugin PlanarCut
LogPluginManager: Mounting plugin PlatformCrypto
LogPluginManager: Mounting plugin ProxyLODPlugin
LogPluginManager: Mounting plugin PythonScriptPlugin
LogPluginManager: Mounting plugin AndroidMedia
LogPluginManager: Mounting plugin SkeletalReduction
LogPluginManager: Mounting plugin AvfMedia
LogPluginManager: Mounting plugin ImgMedia
LogPluginManager: Mounting plugin MediaCompositing
LogPluginManager: Mounting plugin MediaPlayerEditor
LogPluginManager: Mounting plugin TcpMessaging
LogPluginManager: Mounting plugin WebMMedia
LogPluginManager: Mounting plugin UdpMessaging
LogPluginManager: Mounting plugin WmfMedia
LogPluginManager: Mounting plugin OnlineSubsystem
LogPluginManager: Mounting plugin LauncherChunkInstaller
LogPluginManager: Mounting plugin OnlineSubsystemNull
LogPluginManager: Mounting plugin OnlineSubsystemUtils
LogPluginManager: Mounting plugin ActorSequence
LogPluginManager: Mounting plugin ActorLayerUtilities
LogPluginManager: Mounting plugin AndroidDeviceProfileSelector
LogPluginManager: Mounting plugin AndroidMoviePlayer
LogPluginManager: Mounting plugin LevelSequenceEditor
LogPluginManager: Mounting plugin AndroidPermission
LogPluginManager: Mounting plugin MatineeToLevelSequence
LogPluginManager: Mounting plugin ScreenshotTools
LogPluginManager: Mounting plugin AppleImageUtils
LogPluginManager: Mounting plugin AppleMoviePlayer
LogPluginManager: Mounting plugin ArchVisCharacter
LogPluginManager: Mounting plugin AssetTags
LogPluginManager: Mounting plugin AudioCapture
LogPluginManager: Mounting plugin TemplateSequence
LogPluginManager: Mounting plugin AudioSynesthesia
LogPluginManager: Mounting plugin ChunkDownloader
LogPluginManager: Mounting plugin CustomMeshComponent
LogPluginManager: Mounting plugin EditableMesh
LogPluginManager: Mounting plugin ExampleDeviceProfileSelector
LogPluginManager: Mounting plugin GoogleCloudMessaging
LogPluginManager: Mounting plugin GooglePAD
LogPluginManager: Mounting plugin CableComponent
LogPluginManager: Mounting plugin LinuxDeviceProfileSelector
LogPluginManager: Mounting plugin IOSDeviceProfileSelector
LogPluginManager: Mounting plugin LocationServicesBPLibrary
LogPluginManager: Mounting plugin MobilePatchingUtils
LogPluginManager: Mounting plugin OpenXR
LogPluginManager: Mounting plugin OpenXREyeTracker
LogPluginManager: Mounting plugin OpenXRHandTracking
LogPluginManager: Mounting plugin PhysXVehicles
LogPluginManager: Mounting plugin PostSplashScreen
LogPluginManager: Mounting plugin ProceduralMeshComponent
LogPluginManager: Mounting plugin PropertyAccessEditor
LogPluginManager: Mounting plugin SignificanceManager
LogPluginManager: Mounting plugin RuntimePhysXCooking
LogPluginManager: Mounting plugin SoundFields
LogPluginManager: Mounting plugin Synthesis
LogPluginManager: Mounting plugin WebMMoviePlayer
LogPluginManager: Mounting plugin WindowsMoviePlayer
LogPluginManager: Mounting plugin Takes
LogPluginManager: Mounting plugin CameraShakePreviewer
LogPluginManager: Mounting plugin GameplayCameras
LogPluginManager: Mounting plugin CodeLiteSourceCodeAccess
LogPluginManager: Mounting plugin CLionSourceCodeAccess
LogPluginManager: Mounting plugin GitSourceControl
LogPluginManager: Mounting plugin KDevelopSourceCodeAccess
LogPluginManager: Mounting plugin AnimationSharing
LogPluginManager: Mounting plugin NullSourceCodeAccess
LogPluginManager: Mounting plugin PerforceSourceControl
LogPluginManager: Mounting plugin PixWinPlugin
LogPluginManager: Mounting plugin PlasticSourceControl
LogPluginManager: Mounting plugin PluginUtils
LogPluginManager: Mounting plugin PropertyAccessNode
LogPluginManager: Mounting plugin SubversionSourceControl
LogPluginManager: Mounting plugin RiderSourceCodeAccess
LogPluginManager: Mounting plugin UObjectPlugin
LogPluginManager: Mounting plugin VisualStudioCodeSourceCodeAccess
LogPluginManager: Mounting plugin VisualStudioSourceCodeAccess
LogPluginManager: Mounting plugin XCodeSourceCodeAccess
LogPluginManager: Mounting plugin TextureFormatOodle
LogPluginManager: Mounting plugin ContentBrowserAssetDataSource
LogPluginManager: Mounting plugin ContentBrowserClassDataSource
LogPluginManager: Mounting plugin ContentBrowserFileDataSource
LogPluginManager: Mounting plugin OnlineSubsystemGooglePlay
LogPluginManager: Mounting plugin OnlineSubsystemIOS
LogPluginManager: Mounting plugin OculusVR
LogPluginManager: Mounting plugin SteamVR
LogInit: Using libcurl 7.55.1-DEV
LogInit:  - built for x86_64-pc-win32
LogInit:  - supports SSL with OpenSSL/1.1.1
LogInit:  - supports HTTP deflate (compression) using libz 1.2.8
LogInit:  - other features:
LogInit:      CURL_VERSION_SSL
LogInit:      CURL_VERSION_LIBZ
LogInit:      CURL_VERSION_IPV6
LogInit:      CURL_VERSION_ASYNCHDNS
LogInit:      CURL_VERSION_LARGEFILE
LogInit:      CURL_VERSION_IDN
LogInit:  CurlRequestOptions (configurable via config and command line):
LogInit:  - bVerifyPeer = true  - Libcurl will verify peer certificate
LogInit:  - bUseHttpProxy = false  - Libcurl will NOT use HTTP proxy
LogInit:  - bDontReuseConnections = false  - Libcurl will reuse connections
LogInit:  - MaxHostConnections = 16  - Libcurl will limit the number of connections to a host
LogInit:  - LocalHostAddr = Default
LogInit:  - BufferSize = 65536
LogOnline: OSS: Creating online subsystem instance for: NULL
LogInit: WinSock: version 1.1 (2.2), MaxSocks=32767, MaxUdp=65467
LogOnline: OSS: TryLoadSubsystemAndSetDefault: Loaded subsystem for module [NULL]
PixWinPlugin: PIX capture plugin failed to initialize! Check that the process is launched from PIX.
LogOculusPluginWrapper: OculusPlugin initialized successfully
LogHMD: Failed initializing OVRPlugin 1.59.0
LogInit: Build: ++UE4+Release-4.27-CL-17735300
LogInit: Engine Version: 4.27.1-17735300+++UE4+Release-4.27
LogInit: Compatible Engine Version: 4.27.0-17155196+++UE4+Release-4.27
LogInit: Net CL: 17155196
LogInit: OS: Windows 10 (Release 2009) (), CPU: AMD Ryzen 7 5800X 8-Core Processor             , GPU: NVIDIA GeForce GTX 1050 Ti
LogInit: Compiled (64-bit): Oct  6 2021 14:42:51
LogInit: Compiled with Visual C++: 19.24.28315.00
LogInit: Build Configuration: Development
LogInit: Branch Name: ++UE4+Release-4.27
LogInit: Command Line:  /Game/Procedural/ProceduralLevel -game -PIEVIACONSOLE -Multiprocess "GameUserSettingsINI=C:/Users/NV/Documents/Unreal Projects/IHW/Saved/Config/Windows/PIEGameUserSettings0.ini" -MultiprocessSaveConfig -forcepassthrough -messaging -SessionName="Play in Standalone Game" -windowed -ResX=1280 -ResY=720
LogInit: Base Directory: E:/EpicGames/UE_4.27/Engine/Binaries/Win64/
LogInit: Allocator: TBB
LogInit: Installed Engine Build: 1
LogDevObjectVersion: Number of dev versions registered: 29
LogDevObjectVersion:   Dev-Blueprints (B0D832E4-1F89-4F0D-ACCF-7EB736FD4AA2): 10
LogDevObjectVersion:   Dev-Build (E1C64328-A22C-4D53-A36C-8E866417BD8C): 0
LogDevObjectVersion:   Dev-Core (375EC13C-06E4-48FB-B500-84F0262A717E): 4
LogDevObjectVersion:   Dev-Editor (E4B068ED-F494-42E9-A231-DA0B2E46BB41): 40
LogDevObjectVersion:   Dev-Framework (CFFC743F-43B0-4480-9391-14DF171D2073): 37
LogDevObjectVersion:   Dev-Mobile (B02B49B5-BB20-44E9-A304-32B752E40360): 3
LogDevObjectVersion:   Dev-Networking (A4E4105C-59A1-49B5-A7C5-40C4547EDFEE): 0
LogDevObjectVersion:   Dev-Online (39C831C9-5AE6-47DC-9A44-9C173E1C8E7C): 0
LogDevObjectVersion:   Dev-Physics (78F01B33-EBEA-4F98-B9B4-84EACCB95AA2): 14
LogDevObjectVersion:   Dev-Platform (6631380F-2D4D-43E0-8009-CF276956A95A): 0
LogDevObjectVersion:   Dev-Rendering (12F88B9F-8875-4AFC-A67C-D90C383ABD29): 45
LogDevObjectVersion:   Dev-Sequencer (7B5AE74C-D270-4C10-A958-57980B212A5A): 13
LogDevObjectVersion:   Dev-VR (D7296918-1DD6-4BDD-9DE2-64A83CC13884): 3
LogDevObjectVersion:   Dev-LoadTimes (C2A15278-BFE7-4AFE-6C17-90FF531DF755): 1
LogDevObjectVersion:   Private-Geometry (6EACA3D4-40EC-4CC1-B786-8BED09428FC5): 3
LogDevObjectVersion:   Dev-AnimPhys (29E575DD-E0A3-4627-9D10-D276232CDCEA): 17
LogDevObjectVersion:   Dev-Anim (AF43A65D-7FD3-4947-9873-3E8ED9C1BB05): 15
LogDevObjectVersion:   Dev-ReflectionCapture (6B266CEC-1EC7-4B8F-A30B-E4D90942FC07): 1
LogDevObjectVersion:   Dev-Automation (0DF73D61-A23F-47EA-B727-89E90C41499A): 1
LogDevObjectVersion:   FortniteMain (601D1886-AC64-4F84-AA16-D3DE0DEAC7D6): 47
LogDevObjectVersion:   FortniteRelease (E7086368-6B23-4C58-8439-1B7016265E91): 1
LogDevObjectVersion:   Dev-Enterprise (9DFFBCD6-494F-0158-E221-12823C92A888): 10
LogDevObjectVersion:   Dev-Niagara (F2AED0AC-9AFE-416F-8664-AA7FFA26D6FC): 1
LogDevObjectVersion:   Dev-Destruction (174F1F0B-B4C6-45A5-B13F-2EE8D0FB917D): 10
LogDevObjectVersion:   Dev-Physics-Ext (35F94A83-E258-406C-A318-09F59610247C): 41
LogDevObjectVersion:   Dev-PhysicsMaterial-Chaos (B68FC16E-8B1B-42E2-B453-215C058844FE): 1
LogDevObjectVersion:   Dev-CineCamera (B2E18506-4273-CFC2-A54E-F4BB758BBA07): 1
LogDevObjectVersion:   Dev-VirtualProduction (64F58936-FD1B-42BA-BA96-7289D5D0FA4E): 1
LogDevObjectVersion:   Dev-MediaFramework (6F0ED827-A609-4895-9C91-998D90180EA4): 2
LogInit: Presizing for max 25165824 objects, including 0 objects not considered by GC, pre-allocating 0 bytes for permanent pool.
LogConfig: Applying CVar settings from Section [/Script/Engine.StreamingSettings] File [C:/Users/NV/Documents/Unreal Projects/IHW/Saved/Config/Windows/Engine.ini]
LogConfig: Setting CVar [[s.MinBulkDataSizeForAsyncLoading:131072]]
LogConfig: Setting CVar [[s.AsyncLoadingThreadEnabled:0]]
LogConfig: Setting CVar [[s.EventDrivenLoaderEnabled:1]]
LogConfig: Setting CVar [[s.WarnIfTimeLimitExceeded:0]]
LogConfig: Setting CVar [[s.TimeLimitExceededMultiplier:1.5]]
LogConfig: Setting CVar [[s.TimeLimitExceededMinTime:0.005]]
LogConfig: Setting CVar [[s.UseBackgroundLevelStreaming:1]]
LogConfig: Setting CVar [[s.PriorityAsyncLoadingExtraTime:15.0]]
LogConfig: Setting CVar [[s.LevelStreamingActorsUpdateTimeLimit:5.0]]
LogConfig: Setting CVar [[s.PriorityLevelStreamingActorsUpdateExtraTime:5.0]]
LogConfig: Setting CVar [[s.LevelStreamingComponentsRegistrationGranularity:10]]
LogConfig: Setting CVar [[s.UnregisterComponentsTimeLimit:1.0]]
LogConfig: Setting CVar [[s.LevelStreamingComponentsUnregistrationGranularity:5]]
LogConfig: Setting CVar [[s.FlushStreamingOnExit:1]]
LogInit: Object subsystem initialized
LogConfig: Setting CVar [[con.DebugEarlyDefault:1]]
LogConfig: Setting CVar [[r.setres:1280x720]]
[2021.11.21-19.13.21:059][  0]LogConfig: Setting CVar [[con.DebugEarlyDefault:1]]
[2021.11.21-19.13.21:059][  0]LogConfig: Setting CVar [[r.setres:1280x720]]
[2021.11.21-19.13.21:060][  0]LogConfig: Applying CVar settings from Section [/Script/Engine.RendererSettings] File [C:/Users/NV/Documents/Unreal Projects/IHW/Saved/Config/Windows/Engine.ini]
[2021.11.21-19.13.21:060][  0]LogConfig: Setting CVar [[r.GPUCrashDebugging:0]]
[2021.11.21-19.13.21:060][  0]LogConfig: Setting CVar [[r.Mobile.DisableVertexFog:1]]
[2021.11.21-19.13.21:060][  0]LogConfig: Setting CVar [[r.Shadow.CSM.MaxMobileCascades:2]]
[2021.11.21-19.13.21:060][  0]LogConfig: Setting CVar [[r.MobileMSAA:1]]
[2021.11.21-19.13.21:060][  0]LogConfig: Setting CVar [[r.Mobile.AllowDitheredLODTransition:0]]
[2021.11.21-19.13.21:060][  0]LogConfig: Setting CVar [[r.Mobile.AllowSoftwareOcclusion:0]]
[2021.11.21-19.13.21:060][  0]LogConfig: Setting CVar [[r.Mobile.VirtualTextures:0]]
[2021.11.21-19.13.21:060][  0]LogConfig: Setting CVar [[r.DiscardUnusedQuality:0]]
[2021.11.21-19.13.21:060][  0]LogConfig: Setting CVar [[r.AllowOcclusionQueries:1]]
[2021.11.21-19.13.21:060][  0]LogConfig: Setting CVar [[r.MinScreenRadiusForLights:0.030000]]
[2021.11.21-19.13.21:060][  0]LogConfig: Setting CVar [[r.MinScreenRadiusForDepthPrepass:0.030000]]
[2021.11.21-19.13.21:060][  0]LogConfig: Setting CVar [[r.MinScreenRadiusForCSMDepth:0.010000]]
[2021.11.21-19.13.21:060][  0]LogConfig: Setting CVar [[r.PrecomputedVisibilityWarning:0]]
[2021.11.21-19.13.21:060][  0]LogConfig: Setting CVar [[r.TextureStreaming:1]]
[2021.11.21-19.13.21:060][  0]LogConfig: Setting CVar [[Compat.UseDXT5NormalMaps:0]]
[2021.11.21-19.13.21:060][  0]LogConfig: Setting CVar [[r.VirtualTextures:0]]
[2021.11.21-19.13.21:060][  0]LogConfig: Setting CVar [[r.VT.EnableAutoImport:1]]
[2021.11.21-19.13.21:060][  0]LogConfig: Setting CVar [[r.VirtualTexturedLightmaps:0]]
[2021.11.21-19.13.21:060][  0]LogConfig: Setting CVar [[r.VT.TileSize:128]]
[2021.11.21-19.13.21:060][  0]LogConfig: Setting CVar [[r.VT.TileBorderSize:4]]
[2021.11.21-19.13.21:060][  0]LogConfig: Setting CVar [[r.vt.FeedbackFactor:16]]
[2021.11.21-19.13.21:060][  0]LogConfig: Setting CVar [[r.VT.EnableCompressZlib:1]]
[2021.11.21-19.13.21:060][  0]LogConfig: Setting CVar [[r.VT.EnableCompressCrunch:0]]
[2021.11.21-19.13.21:060][  0]LogConfig: Setting CVar [[r.ClearCoatNormal:0]]
[2021.11.21-19.13.21:060][  0]LogConfig: Setting CVar [[r.ReflectionCaptureResolution:128]]
[2021.11.21-19.13.21:060][  0]LogConfig: Setting CVar [[r.Mobile.ReflectionCaptureCompression:0]]
[2021.11.21-19.13.21:060][  0]LogConfig: Setting CVar [[r.ReflectionEnvironmentLightmapMixBasedOnRoughness:1]]
[2021.11.21-19.13.21:060][  0]LogConfig: Setting CVar [[r.ForwardShading:0]]
[2021.11.21-19.13.21:060][  0]LogConfig: Setting CVar [[r.VertexFoggingForOpaque:1]]
[2021.11.21-19.13.21:060][  0]LogConfig: Setting CVar [[r.AllowStaticLighting:1]]
[2021.11.21-19.13.21:060][  0]LogConfig: Setting CVar [[r.NormalMapsForStaticLighting:0]]
[2021.11.21-19.13.21:060][  0]LogConfig: Setting CVar [[r.GenerateMeshDistanceFields:0]]
[2021.11.21-19.13.21:060][  0]LogConfig: Setting CVar [[r.DistanceFieldBuild.EightBit:0]]
[2021.11.21-19.13.21:060][  0]LogConfig: Setting CVar [[r.GenerateLandscapeGIData:0]]
[2021.11.21-19.13.21:060][  0]LogConfig: Setting CVar [[r.DistanceFieldBuild.Compress:0]]
[2021.11.21-19.13.21:060][  0]LogConfig: Setting CVar [[r.TessellationAdaptivePixelsPerTriangle:48.000000]]
[2021.11.21-19.13.21:060][  0]LogConfig: Setting CVar [[r.SeparateTranslucency:1]]
[2021.11.21-19.13.21:060][  0]LogConfig: Setting CVar [[r.TranslucentSortPolicy:0]]
[2021.11.21-19.13.21:060][  0]LogConfig: Setting CVar [[vr.VRS.HMDFixedFoveationLevel:0]]
[2021.11.21-19.13.21:060][  0]LogConfig: Setting CVar [[r.CustomDepth:1]]
[2021.11.21-19.13.21:060][  0]LogConfig: Setting CVar [[r.CustomDepthTemporalAAJitter:1]]
[2021.11.21-19.13.21:060][  0]LogConfig: Setting CVar [[r.PostProcessing.PropagateAlpha:0]]
[2021.11.21-19.13.21:060][  0]LogConfig: Setting CVar [[r.DefaultFeature.Bloom:1]]
[2021.11.21-19.13.21:060][  0]LogConfig: Setting CVar [[r.DefaultFeature.AmbientOcclusion:1]]
[2021.11.21-19.13.21:060][  0]LogConfig: Setting CVar [[r.DefaultFeature.AmbientOcclusionStaticFraction:1]]
[2021.11.21-19.13.21:060][  0]LogConfig: Setting CVar [[r.DefaultFeature.AutoExposure:0]]
[2021.11.21-19.13.21:060][  0]LogConfig: Setting CVar [[r.DefaultFeature.AutoExposure.Method:0]]
[2021.11.21-19.13.21:060][  0]LogConfig: Setting CVar [[r.DefaultFeature.AutoExposure.Bias:1.000000]]
[2021.11.21-19.13.21:060][  0]LogConfig: Setting CVar [[r.DefaultFeature.AutoExposure.ExtendDefaultLuminanceRange:0]]
[2021.11.21-19.13.21:060][  0]LogConfig: Setting CVar [[r.UsePreExposure:1]]
[2021.11.21-19.13.21:060][  0]LogConfig: Setting CVar [[r.EyeAdaptation.EditorOnly:0]]
[2021.11.21-19.13.21:060][  0]LogConfig: Setting CVar [[r.DefaultFeature.MotionBlur:0]]
[2021.11.21-19.13.21:060][  0]LogConfig: Setting CVar [[r.DefaultFeature.LensFlare:0]]
[2021.11.21-19.13.21:060][  0]LogConfig: Setting CVar [[r.TemporalAA.Upsampling:0]]
[2021.11.21-19.13.21:060][  0]LogConfig: Setting CVar [[r.SSGI.Enable:0]]
[2021.11.21-19.13.21:060][  0]LogConfig: Setting CVar [[r.DefaultFeature.AntiAliasing:0]]
[2021.11.21-19.13.21:060][  0]LogConfig: Setting CVar [[r.DefaultFeature.LightUnits:1]]
[2021.11.21-19.13.21:060][  0]LogConfig: Setting CVar [[r.DefaultBackBufferPixelFormat:4]]
[2021.11.21-19.13.21:060][  0]LogConfig: Setting CVar [[r.Shadow.UnbuiltPreviewInGame:1]]
[2021.11.21-19.13.21:060][  0]LogConfig: Setting CVar [[r.StencilForLODDither:0]]
[2021.11.21-19.13.21:060][  0]LogConfig: Setting CVar [[r.EarlyZPass:3]]
[2021.11.21-19.13.21:060][  0]LogConfig: Setting CVar [[r.EarlyZPassOnlyMaterialMasking:0]]
[2021.11.21-19.13.21:060][  0]LogConfig: Setting CVar [[r.DBuffer:1]]
[2021.11.21-19.13.21:060][  0]LogConfig: Setting CVar [[r.ClearSceneMethod:1]]
[2021.11.21-19.13.21:060][  0]LogConfig: Setting CVar [[r.BasePassOutputsVelocity:0]]
[2021.11.21-19.13.21:060][  0]LogConfig: Setting CVar [[r.VertexDeformationOutputsVelocity:0]]
[2021.11.21-19.13.21:060][  0]LogConfig: Setting CVar [[r.SelectiveBasePassOutputs:0]]
[2021.11.21-19.13.21:060][  0]LogConfig: Setting CVar [[fx.GPUSimulationTextureSizeX:1024]]
[2021.11.21-19.13.21:060][  0]LogConfig: Setting CVar [[fx.GPUSimulationTextureSizeY:1024]]
[2021.11.21-19.13.21:060][  0]LogConfig: Setting CVar [[r.AllowGlobalClipPlane:0]]
[2021.11.21-19.13.21:060][  0]LogConfig: Setting CVar [[r.GBufferFormat:1]]
[2021.11.21-19.13.21:060][  0]LogConfig: Setting CVar [[r.MorphTarget.Mode:1]]
[2021.11.21-19.13.21:060][  0]LogConfig: Setting CVar [[vr.InstancedStereo:0]]
[2021.11.21-19.13.21:060][  0]LogConfig: Setting CVar [[r.MobileHDR:1]]
[2021.11.21-19.13.21:060][  0]LogConfig: Setting CVar [[vr.MobileMultiView:0]]
[2021.11.21-19.13.21:060][  0]LogConfig: Setting CVar [[r.Mobile.UseHWsRGBEncoding:0]]
[2021.11.21-19.13.21:060][  0]LogConfig: Setting CVar [[vr.RoundRobinOcclusion:0]]
[2021.11.21-19.13.21:060][  0]LogConfig: Setting CVar [[vr.ODSCapture:0]]
[2021.11.21-19.13.21:060][  0]LogConfig: Setting CVar [[r.MeshStreaming:0]]
[2021.11.21-19.13.21:060][  0]LogConfig: Setting CVar [[r.WireframeCullThreshold:5.000000]]
[2021.11.21-19.13.21:060][  0]LogConfig: Setting CVar [[r.RayTracing:0]]
[2021.11.21-19.13.21:060][  0]LogConfig: Setting CVar [[r.RayTracing.UseTextureLod:0]]
[2021.11.21-19.13.21:060][  0]LogConfig: Setting CVar [[r.SupportStationarySkylight:1]]
[2021.11.21-19.13.21:060][  0]LogConfig: Setting CVar [[r.SupportLowQualityLightmaps:1]]
[2021.11.21-19.13.21:060][  0]LogConfig: Setting CVar [[r.SupportPointLightWholeSceneShadows:1]]
[2021.11.21-19.13.21:060][  0]LogConfig: Setting CVar [[r.SupportAtmosphericFog:1]]
[2021.11.21-19.13.21:060][  0]LogConfig: Setting CVar [[r.SupportSkyAtmosphere:1]]
[2021.11.21-19.13.21:060][  0]LogConfig: Setting CVar [[r.SupportSkyAtmosphereAffectsHeightFog:0]]
[2021.11.21-19.13.21:060][  0]LogConfig: Setting CVar [[r.SkinCache.CompileShaders:0]]
[2021.11.21-19.13.21:060][  0]LogConfig: Setting CVar [[r.SkinCache.DefaultBehavior:1]]
[2021.11.21-19.13.21:060][  0]LogConfig: Setting CVar [[r.SkinCache.SceneMemoryLimitInMB:128.000000]]
[2021.11.21-19.13.21:060][  0]LogConfig: Setting CVar [[r.Mobile.EnableStaticAndCSMShadowReceivers:1]]
[2021.11.21-19.13.21:060][  0]LogConfig: Setting CVar [[r.Mobile.EnableMovableLightCSMShaderCulling:1]]
[2021.11.21-19.13.21:060][  0]LogConfig: Setting CVar [[r.Mobile.AllowDistanceFieldShadows:1]]
[2021.11.21-19.13.21:060][  0]LogConfig: Setting CVar [[r.Mobile.AllowMovableDirectionalLights:1]]
[2021.11.21-19.13.21:060][  0]LogConfig: Setting CVar [[r.MobileNumDynamicPointLights:4]]
[2021.11.21-19.13.21:060][  0]LogConfig: Setting CVar [[r.MobileDynamicPointLightsUseStaticBranch:1]]
[2021.11.21-19.13.21:060][  0]LogConfig: Setting CVar [[r.Mobile.EnableMovableSpotlights:0]]
[2021.11.21-19.13.21:060][  0]LogConfig: Setting CVar [[r.Mobile.EnableMovableSpotlightsShadow:0]]
[2021.11.21-19.13.21:060][  0]LogConfig: Setting CVar [[r.GPUSkin.Support16BitBoneIndex:0]]
[2021.11.21-19.13.21:060][  0]LogConfig: Setting CVar [[r.GPUSkin.Limit2BoneInfluences:0]]
[2021.11.21-19.13.21:060][  0]LogConfig: Setting CVar [[r.SupportDepthOnlyIndexBuffers:1]]
[2021.11.21-19.13.21:060][  0]LogConfig: Setting CVar [[r.SupportReversedIndexBuffers:1]]
[2021.11.21-19.13.21:060][  0]LogConfig: Setting CVar [[r.LightPropagationVolume:0]]
[2021.11.21-19.13.21:060][  0]LogConfig: Setting CVar [[r.Mobile.AmbientOcclusion:0]]
[2021.11.21-19.13.21:060][  0]LogConfig: Setting CVar [[r.GPUSkin.UnlimitedBoneInfluences:0]]
[2021.11.21-19.13.21:060][  0]LogConfig: Setting CVar [[r.GPUSkin.UnlimitedBoneInfluencesThreshold:8]]
[2021.11.21-19.13.21:060][  0]LogConfig: Setting CVar [[r.Mobile.PlanarReflectionMode:0]]
[2021.11.21-19.13.21:060][  0]LogConfig: Setting CVar [[r.Mobile.SupportsGen4TAA:0]]
[2021.11.21-19.13.21:060][  0]LogConfig: Applying CVar settings from Section [/Script/Engine.RendererOverrideSettings] File [C:/Users/NV/Documents/Unreal Projects/IHW/Saved/Config/Windows/Engine.ini]
[2021.11.21-19.13.21:060][  0]LogConfig: Applying CVar settings from Section [/Script/Engine.StreamingSettings] File [C:/Users/NV/Documents/Unreal Projects/IHW/Saved/Config/Windows/Engine.ini]
[2021.11.21-19.13.21:060][  0]LogConfig: Setting CVar [[s.MinBulkDataSizeForAsyncLoading:131072]]
[2021.11.21-19.13.21:060][  0]LogConfig: Setting CVar [[s.AsyncLoadingThreadEnabled:0]]
[2021.11.21-19.13.21:060][  0]LogConfig: Setting CVar [[s.EventDrivenLoaderEnabled:1]]
[2021.11.21-19.13.21:060][  0]LogConfig: Setting CVar [[s.WarnIfTimeLimitExceeded:0]]
[2021.11.21-19.13.21:060][  0]LogConfig: Setting CVar [[s.TimeLimitExceededMultiplier:1.5]]
[2021.11.21-19.13.21:060][  0]LogConfig: Setting CVar [[s.TimeLimitExceededMinTime:0.005]]
[2021.11.21-19.13.21:060][  0]LogConfig: Setting CVar [[s.UseBackgroundLevelStreaming:1]]
[2021.11.21-19.13.21:060][  0]LogConfig: Setting CVar [[s.PriorityAsyncLoadingExtraTime:15.0]]
[2021.11.21-19.13.21:060][  0]LogConfig: Setting CVar [[s.LevelStreamingActorsUpdateTimeLimit:5.0]]
[2021.11.21-19.13.21:060][  0]LogConfig: Setting CVar [[s.PriorityLevelStreamingActorsUpdateExtraTime:5.0]]
[2021.11.21-19.13.21:060][  0]LogConfig: Setting CVar [[s.LevelStreamingComponentsRegistrationGranularity:10]]
[2021.11.21-19.13.21:060][  0]LogConfig: Setting CVar [[s.UnregisterComponentsTimeLimit:1.0]]
[2021.11.21-19.13.21:060][  0]LogConfig: Setting CVar [[s.LevelStreamingComponentsUnregistrationGranularity:5]]
[2021.11.21-19.13.21:061][  0]LogConfig: Setting CVar [[s.FlushStreamingOnExit:1]]
[2021.11.21-19.13.21:061][  0]LogConfig: Applying CVar settings from Section [/Script/Engine.GarbageCollectionSettings] File [C:/Users/NV/Documents/Unreal Projects/IHW/Saved/Config/Windows/Engine.ini]
[2021.11.21-19.13.21:061][  0]LogConfig: Setting CVar [[gc.MaxObjectsNotConsideredByGC:1]]
[2021.11.21-19.13.21:061][  0]LogConfig: Setting CVar [[gc.SizeOfPermanentObjectPool:0]]
[2021.11.21-19.13.21:061][  0]LogConfig: Setting CVar [[gc.FlushStreamingOnGC:0]]
[2021.11.21-19.13.21:061][  0]LogConfig: Setting CVar [[gc.NumRetriesBeforeForcingGC:10]]
[2021.11.21-19.13.21:061][  0]LogConfig: Setting CVar [[gc.AllowParallelGC:1]]
[2021.11.21-19.13.21:061][  0]LogConfig: Setting CVar [[gc.TimeBetweenPurgingPendingKillObjects:61.1]]
[2021.11.21-19.13.21:061][  0]LogConfig: Setting CVar [[gc.MaxObjectsInEditor:25165824]]
[2021.11.21-19.13.21:061][  0]LogConfig: Setting CVar [[gc.IncrementalBeginDestroyEnabled:1]]
[2021.11.21-19.13.21:061][  0]LogConfig: Setting CVar [[gc.CreateGCClusters:1]]
[2021.11.21-19.13.21:061][  0]LogConfig: Setting CVar [[gc.MinGCClusterSize:5]]
[2021.11.21-19.13.21:061][  0]LogConfig: Setting CVar [[gc.ActorClusteringEnabled:0]]
[2021.11.21-19.13.21:061][  0]LogConfig: Setting CVar [[gc.BlueprintClusteringEnabled:0]]
[2021.11.21-19.13.21:061][  0]LogConfig: Setting CVar [[gc.UseDisregardForGCOnDedicatedServers:0]]
[2021.11.21-19.13.21:061][  0]LogConfig: Setting CVar [[gc.MultithreadedDestructionEnabled:1]]
[2021.11.21-19.13.21:061][  0]LogConfig: Applying CVar settings from Section [/Script/Engine.NetworkSettings] File [C:/Users/NV/Documents/Unreal Projects/IHW/Saved/Config/Windows/Engine.ini]
[2021.11.21-19.13.21:061][  0]LogConfig: Applying CVar settings from Section [/Script/UnrealEd.CookerSettings] File [C:/Users/NV/Documents/Unreal Projects/IHW/Saved/Config/Windows/Engine.ini]
[2021.11.21-19.13.21:083][  0]LogConfig: Applying CVar settings from Section [ViewDistanceQuality@3] File [C:/Users/NV/Documents/Unreal Projects/IHW/Saved/Config/Windows/Scalability.ini]
[2021.11.21-19.13.21:083][  0]LogConfig: Setting CVar [[r.SkeletalMeshLODBias:0]]
[2021.11.21-19.13.21:083][  0]LogConfig: Setting CVar [[r.ViewDistanceScale:1.0]]
[2021.11.21-19.13.21:083][  0]LogConfig: Applying CVar settings from Section [AntiAliasingQuality@3] File [C:/Users/NV/Documents/Unreal Projects/IHW/Saved/Config/Windows/Scalability.ini]
[2021.11.21-19.13.21:083][  0]LogConfig: Setting CVar [[r.PostProcessAAQuality:4]]
[2021.11.21-19.13.21:083][  0]LogConfig: Applying CVar settings from Section [ShadowQuality@3] File [C:/Users/NV/Documents/Unreal Projects/IHW/Saved/Config/Windows/Scalability.ini]
[2021.11.21-19.13.21:083][  0]LogConfig: Setting CVar [[r.LightFunctionQuality:1]]
[2021.11.21-19.13.21:083][  0]LogConfig: Setting CVar [[r.ShadowQuality:5]]
[2021.11.21-19.13.21:083][  0]LogConfig: Setting CVar [[r.Shadow.CSM.MaxCascades:10]]
[2021.11.21-19.13.21:083][  0]LogConfig: Setting CVar [[r.Shadow.MaxResolution:2048]]
[2021.11.21-19.13.21:083][  0]LogConfig: Setting CVar [[r.Shadow.MaxCSMResolution:2048]]
[2021.11.21-19.13.21:083][  0]LogConfig: Setting CVar [[r.Shadow.RadiusThreshold:0.01]]
[2021.11.21-19.13.21:083][  0]LogConfig: Setting CVar [[r.Shadow.DistanceScale:1.0]]
[2021.11.21-19.13.21:083][  0]LogConfig: Setting CVar [[r.Shadow.CSM.TransitionScale:1.0]]
[2021.11.21-19.13.21:083][  0]LogConfig: Setting CVar [[r.Shadow.PreShadowResolutionFactor:1.0]]
[2021.11.21-19.13.21:083][  0]LogConfig: Setting CVar [[r.DistanceFieldShadowing:1]]
[2021.11.21-19.13.21:083][  0]LogConfig: Setting CVar [[r.DistanceFieldAO:1]]
[2021.11.21-19.13.21:083][  0]LogConfig: Setting CVar [[r.AOQuality:2]]
[2021.11.21-19.13.21:083][  0]LogConfig: Setting CVar [[r.VolumetricFog:1]]
[2021.11.21-19.13.21:083][  0]LogConfig: Setting CVar [[r.VolumetricFog.GridPixelSize:8]]
[2021.11.21-19.13.21:083][  0]LogConfig: Setting CVar [[r.VolumetricFog.GridSizeZ:128]]
[2021.11.21-19.13.21:083][  0]LogConfig: Setting CVar [[r.VolumetricFog.HistoryMissSupersampleCount:4]]
[2021.11.21-19.13.21:083][  0]LogConfig: Setting CVar [[r.LightMaxDrawDistanceScale:1]]
[2021.11.21-19.13.21:083][  0]LogConfig: Setting CVar [[r.CapsuleShadows:1]]
[2021.11.21-19.13.21:083][  0]LogConfig: Applying CVar settings from Section [PostProcessQuality@3] File [C:/Users/NV/Documents/Unreal Projects/IHW/Saved/Config/Windows/Scalability.ini]
[2021.11.21-19.13.21:083][  0]LogConfig: Setting CVar [[r.MotionBlurQuality:4]]
[2021.11.21-19.13.21:083][  0]LogConfig: Setting CVar [[r.AmbientOcclusionMipLevelFactor:0.4]]
[2021.11.21-19.13.21:083][  0]LogConfig: Setting CVar [[r.AmbientOcclusionMaxQuality:100]]
[2021.11.21-19.13.21:083][  0]LogConfig: Setting CVar [[r.AmbientOcclusionLevels:-1]]
[2021.11.21-19.13.21:083][  0]LogConfig: Setting CVar [[r.AmbientOcclusionRadiusScale:1.0]]
[2021.11.21-19.13.21:083][  0]LogConfig: Setting CVar [[r.DepthOfFieldQuality:2]]
[2021.11.21-19.13.21:083][  0]LogConfig: Setting CVar [[r.RenderTargetPoolMin:400]]
[2021.11.21-19.13.21:083][  0]LogConfig: Setting CVar [[r.LensFlareQuality:2]]
[2021.11.21-19.13.21:083][  0]LogConfig: Setting CVar [[r.SceneColorFringeQuality:1]]
[2021.11.21-19.13.21:083][  0]LogConfig: Setting CVar [[r.EyeAdaptationQuality:2]]
[2021.11.21-19.13.21:083][  0]LogConfig: Setting CVar [[r.BloomQuality:5]]
[2021.11.21-19.13.21:083][  0]LogConfig: Setting CVar [[r.FastBlurThreshold:100]]
[2021.11.21-19.13.21:083][  0]LogConfig: Setting CVar [[r.Upscale.Quality:3]]
[2021.11.21-19.13.21:083][  0]LogConfig: Setting CVar [[r.Tonemapper.GrainQuantization:1]]
[2021.11.21-19.13.21:083][  0]LogConfig: Setting CVar [[r.LightShaftQuality:1]]
[2021.11.21-19.13.21:083][  0]LogConfig: Setting CVar [[r.Filter.SizeScale:1]]
[2021.11.21-19.13.21:083][  0]LogConfig: Setting CVar [[r.Tonemapper.Quality:5]]
[2021.11.21-19.13.21:083][  0]LogConfig: Setting CVar [[r.DOF.Gather.AccumulatorQuality:1        ; higher gathering accumulator quality]]
[2021.11.21-19.13.21:083][  0]LogConfig: Setting CVar [[r.DOF.Gather.PostfilterMethod:1          ; Median3x3 postfilering method]]
[2021.11.21-19.13.21:083][  0]LogConfig: Setting CVar [[r.DOF.Gather.EnableBokehSettings:0       ; no bokeh simulation when gathering]]
[2021.11.21-19.13.21:083][  0]LogConfig: Setting CVar [[r.DOF.Gather.RingCount:4                 ; medium number of samples when gathering]]
[2021.11.21-19.13.21:083][  0]LogConfig: Setting CVar [[r.DOF.Scatter.ForegroundCompositing:1    ; additive foreground scattering]]
[2021.11.21-19.13.21:083][  0]LogConfig: Setting CVar [[r.DOF.Scatter.BackgroundCompositing:2    ; additive background scattering]]
[2021.11.21-19.13.21:083][  0]LogConfig: Setting CVar [[r.DOF.Scatter.EnableBokehSettings:1      ; bokeh simulation when scattering]]
[2021.11.21-19.13.21:083][  0]LogConfig: Setting CVar [[r.DOF.Scatter.MaxSpriteRatio:0.1         ; only a maximum of 10% of scattered bokeh]]
[2021.11.21-19.13.21:083][  0]LogConfig: Setting CVar [[r.DOF.Recombine.Quality:1                ; cheap slight out of focus]]
[2021.11.21-19.13.21:083][  0]LogConfig: Setting CVar [[r.DOF.Recombine.EnableBokehSettings:0    ; no bokeh simulation on slight out of focus]]
[2021.11.21-19.13.21:083][  0]LogConfig: Setting CVar [[r.DOF.TemporalAAQuality:1                ; more stable temporal accumulation]]
[2021.11.21-19.13.21:083][  0]LogConfig: Setting CVar [[r.DOF.Kernel.MaxForegroundRadius:0.025]]
[2021.11.21-19.13.21:083][  0]LogConfig: Setting CVar [[r.DOF.Kernel.MaxBackgroundRadius:0.025]]
[2021.11.21-19.13.21:083][  0]LogConfig: Applying CVar settings from Section [TextureQuality@3] File [C:/Users/NV/Documents/Unreal Projects/IHW/Saved/Config/Windows/Scalability.ini]
[2021.11.21-19.13.21:083][  0]LogConfig: Setting CVar [[r.Streaming.MipBias:0]]
[2021.11.21-19.13.21:083][  0]LogConfig: Setting CVar [[r.Streaming.AmortizeCPUToGPUCopy:0]]
[2021.11.21-19.13.21:083][  0]LogConfig: Setting CVar [[r.Streaming.MaxNumTexturesToStreamPerFrame:0]]
[2021.11.21-19.13.21:083][  0]LogConfig: Setting CVar [[r.Streaming.Boost:1]]
[2021.11.21-19.13.21:083][  0]LogConfig: Setting CVar [[r.MaxAnisotropy:8]]
[2021.11.21-19.13.21:083][  0]LogConfig: Setting CVar [[r.VT.MaxAnisotropy:8]]
[2021.11.21-19.13.21:083][  0]LogConfig: Setting CVar [[r.Streaming.LimitPoolSizeToVRAM:0]]
[2021.11.21-19.13.21:083][  0]LogConfig: Setting CVar [[r.Streaming.PoolSize:1000]]
[2021.11.21-19.13.21:083][  0]LogConfig: Setting CVar [[r.Streaming.MaxEffectiveScreenSize:0]]
[2021.11.21-19.13.21:083][  0]LogConfig: Applying CVar settings from Section [EffectsQuality@3] File [C:/Users/NV/Documents/Unreal Projects/IHW/Saved/Config/Windows/Scalability.ini]
[2021.11.21-19.13.21:083][  0]LogConfig: Setting CVar [[r.TranslucencyLightingVolumeDim:64]]
[2021.11.21-19.13.21:083][  0]LogConfig: Setting CVar [[r.RefractionQuality:2]]
[2021.11.21-19.13.21:083][  0]LogConfig: Setting CVar [[r.SSR.Quality:3]]
[2021.11.21-19.13.21:083][  0]LogConfig: Setting CVar [[r.SSR.HalfResSceneColor:0]]
[2021.11.21-19.13.21:083][  0]LogConfig: Setting CVar [[r.SceneColorFormat:4]]
[2021.11.21-19.13.21:083][  0]LogConfig: Setting CVar [[r.DetailMode:2]]
[2021.11.21-19.13.21:083][  0]LogConfig: Setting CVar [[r.TranslucencyVolumeBlur:1]]
[2021.11.21-19.13.21:083][  0]LogConfig: Setting CVar [[r.MaterialQualityLevel:1 ; High quality]]
[2021.11.21-19.13.21:083][  0]LogConfig: Setting CVar [[r.AnisotropicMaterials:1]]
[2021.11.21-19.13.21:083][  0]LogConfig: Setting CVar [[r.SSS.Scale:1]]
[2021.11.21-19.13.21:083][  0]LogConfig: Setting CVar [[r.SSS.SampleSet:2]]
[2021.11.21-19.13.21:083][  0]LogConfig: Setting CVar [[r.SSS.Quality:1]]
[2021.11.21-19.13.21:083][  0]LogConfig: Setting CVar [[r.SSS.HalfRes:0]]
[2021.11.21-19.13.21:083][  0]LogConfig: Setting CVar [[r.SSGI.Quality:3]]
[2021.11.21-19.13.21:083][  0]LogConfig: Setting CVar [[r.EmitterSpawnRateScale:1.0]]
[2021.11.21-19.13.21:083][  0]LogConfig: Setting CVar [[r.ParticleLightQuality:2]]
[2021.11.21-19.13.21:083][  0]LogConfig: Setting CVar [[r.SkyAtmosphere.AerialPerspectiveLUT.FastApplyOnOpaque:1 ; Always have FastSkyLUT 1 in this case to avoid wrong sky]]
[2021.11.21-19.13.21:083][  0]LogConfig: Setting CVar [[r.SkyAtmosphere.AerialPerspectiveLUT.SampleCountMaxPerSlice:4]]
[2021.11.21-19.13.21:083][  0]LogConfig: Setting CVar [[r.SkyAtmosphere.AerialPerspectiveLUT.DepthResolution:16.0]]
[2021.11.21-19.13.21:083][  0]LogConfig: Setting CVar [[r.SkyAtmosphere.FastSkyLUT:1]]
[2021.11.21-19.13.21:083][  0]LogConfig: Setting CVar [[r.SkyAtmosphere.FastSkyLUT.SampleCountMin:4.0]]
[2021.11.21-19.13.21:083][  0]LogConfig: Setting CVar [[r.SkyAtmosphere.FastSkyLUT.SampleCountMax:128.0]]
[2021.11.21-19.13.21:083][  0]LogConfig: Setting CVar [[r.SkyAtmosphere.SampleCountMin:4.0]]
[2021.11.21-19.13.21:083][  0]LogConfig: Setting CVar [[r.SkyAtmosphere.SampleCountMax:128.0]]
[2021.11.21-19.13.21:083][  0]LogConfig: Setting CVar [[r.SkyAtmosphere.TransmittanceLUT.UseSmallFormat:0]]
[2021.11.21-19.13.21:083][  0]LogConfig: Setting CVar [[r.SkyAtmosphere.TransmittanceLUT.SampleCount:10.0]]
[2021.11.21-19.13.21:083][  0]LogConfig: Setting CVar [[r.SkyAtmosphere.MultiScatteringLUT.SampleCount:15.0]]
[2021.11.21-19.13.21:083][  0]LogConfig: Setting CVar [[r.SkyLight.RealTimeReflectionCapture:1]]
[2021.11.21-19.13.21:083][  0]LogConfig: Applying CVar settings from Section [FoliageQuality@3] File [C:/Users/NV/Documents/Unreal Projects/IHW/Saved/Config/Windows/Scalability.ini]
[2021.11.21-19.13.21:083][  0]LogConfig: Setting CVar [[foliage.DensityScale:1.0]]
[2021.11.21-19.13.21:083][  0]LogConfig: Setting CVar [[grass.DensityScale:1.0]]
[2021.11.21-19.13.21:083][  0]LogConfig: Applying CVar settings from Section [ShadingQuality@3] File [C:/Users/NV/Documents/Unreal Projects/IHW/Saved/Config/Windows/Scalability.ini]
[2021.11.21-19.13.21:083][  0]LogConfig: Setting CVar [[r.HairStrands.SkyLighting.IntegrationType:2]]
[2021.11.21-19.13.21:083][  0]LogConfig: Setting CVar [[r.HairStrands.SkyAO.SampleCount:4]]
[2021.11.21-19.13.21:083][  0]LogConfig: Setting CVar [[r.HairStrands.Visibility.MSAA.SamplePerPixel:4]]
[2021.11.21-19.13.21:083][  0]LogInit: Selected Device Profile: [Windows]
[2021.11.21-19.13.21:083][  0]LogInit: Applying CVar settings loaded from the selected device profile: [Windows]
[2021.11.21-19.13.21:083][  0]LogHAL: Display: Platform has ~ 16 GB [17084694528 / 17179869184 / 16], which maps to Larger [LargestMinGB=32, LargerMinGB=12, DefaultMinGB=8, SmallerMinGB=6, SmallestMinGB=0)
[2021.11.21-19.13.21:083][  0]LogInit: Going up to parent DeviceProfile []
[2021.11.21-19.13.21:083][  0]LogConfig: Applying CVar settings from Section [ViewDistanceQuality@3] File [C:/Users/NV/Documents/Unreal Projects/IHW/Saved/Config/Windows/Scalability.ini]
[2021.11.21-19.13.21:083][  0]LogConfig: Setting CVar [[r.SkeletalMeshLODBias:0]]
[2021.11.21-19.13.21:083][  0]LogConfig: Setting CVar [[r.ViewDistanceScale:1.0]]
[2021.11.21-19.13.21:084][  0]LogConfig: Applying CVar settings from Section [AntiAliasingQuality@3] File [C:/Users/NV/Documents/Unreal Projects/IHW/Saved/Config/Windows/Scalability.ini]
[2021.11.21-19.13.21:084][  0]LogConfig: Setting CVar [[r.PostProcessAAQuality:4]]
[2021.11.21-19.13.21:084][  0]LogConfig: Applying CVar settings from Section [ShadowQuality@3] File [C:/Users/NV/Documents/Unreal Projects/IHW/Saved/Config/Windows/Scalability.ini]
[2021.11.21-19.13.21:084][  0]LogConfig: Setting CVar [[r.LightFunctionQuality:1]]
[2021.11.21-19.13.21:084][  0]LogConfig: Setting CVar [[r.ShadowQuality:5]]
[2021.11.21-19.13.21:084][  0]LogConfig: Setting CVar [[r.Shadow.CSM.MaxCascades:10]]
[2021.11.21-19.13.21:084][  0]LogConfig: Setting CVar [[r.Shadow.MaxResolution:2048]]
[2021.11.21-19.13.21:084][  0]LogConfig: Setting CVar [[r.Shadow.MaxCSMResolution:2048]]
[2021.11.21-19.13.21:084][  0]LogConfig: Setting CVar [[r.Shadow.RadiusThreshold:0.01]]
[2021.11.21-19.13.21:084][  0]LogConfig: Setting CVar [[r.Shadow.DistanceScale:1.0]]
[2021.11.21-19.13.21:084][  0]LogConfig: Setting CVar [[r.Shadow.CSM.TransitionScale:1.0]]
[2021.11.21-19.13.21:084][  0]LogConfig: Setting CVar [[r.Shadow.PreShadowResolutionFactor:1.0]]
[2021.11.21-19.13.21:084][  0]LogConfig: Setting CVar [[r.DistanceFieldShadowing:1]]
[2021.11.21-19.13.21:084][  0]LogConfig: Setting CVar [[r.DistanceFieldAO:1]]
[2021.11.21-19.13.21:084][  0]LogConfig: Setting CVar [[r.AOQuality:2]]
[2021.11.21-19.13.21:084][  0]LogConfig: Setting CVar [[r.VolumetricFog:1]]
[2021.11.21-19.13.21:084][  0]LogConfig: Setting CVar [[r.VolumetricFog.GridPixelSize:8]]
[2021.11.21-19.13.21:084][  0]LogConfig: Setting CVar [[r.VolumetricFog.GridSizeZ:128]]
[2021.11.21-19.13.21:084][  0]LogConfig: Setting CVar [[r.VolumetricFog.HistoryMissSupersampleCount:4]]
[2021.11.21-19.13.21:084][  0]LogConfig: Setting CVar [[r.LightMaxDrawDistanceScale:1]]
[2021.11.21-19.13.21:084][  0]LogConfig: Setting CVar [[r.CapsuleShadows:1]]
[2021.11.21-19.13.21:084][  0]LogConfig: Applying CVar settings from Section [PostProcessQuality@3] File [C:/Users/NV/Documents/Unreal Projects/IHW/Saved/Config/Windows/Scalability.ini]
[2021.11.21-19.13.21:084][  0]LogConfig: Setting CVar [[r.MotionBlurQuality:4]]
[2021.11.21-19.13.21:084][  0]LogConfig: Setting CVar [[r.AmbientOcclusionMipLevelFactor:0.4]]
[2021.11.21-19.13.21:084][  0]LogConfig: Setting CVar [[r.AmbientOcclusionMaxQuality:100]]
[2021.11.21-19.13.21:084][  0]LogConfig: Setting CVar [[r.AmbientOcclusionLevels:-1]]
[2021.11.21-19.13.21:084][  0]LogConfig: Setting CVar [[r.AmbientOcclusionRadiusScale:1.0]]
[2021.11.21-19.13.21:084][  0]LogConfig: Setting CVar [[r.DepthOfFieldQuality:2]]
[2021.11.21-19.13.21:084][  0]LogConfig: Setting CVar [[r.RenderTargetPoolMin:400]]
[2021.11.21-19.13.21:084][  0]LogConfig: Setting CVar [[r.LensFlareQuality:2]]
[2021.11.21-19.13.21:084][  0]LogConfig: Setting CVar [[r.SceneColorFringeQuality:1]]
[2021.11.21-19.13.21:084][  0]LogConfig: Setting CVar [[r.EyeAdaptationQuality:2]]
[2021.11.21-19.13.21:084][  0]LogConfig: Setting CVar [[r.BloomQuality:5]]
[2021.11.21-19.13.21:084][  0]LogConfig: Setting CVar [[r.FastBlurThreshold:100]]
[2021.11.21-19.13.21:084][  0]LogConfig: Setting CVar [[r.Upscale.Quality:3]]
[2021.11.21-19.13.21:084][  0]LogConfig: Setting CVar [[r.Tonemapper.GrainQuantization:1]]
[2021.11.21-19.13.21:084][  0]LogConfig: Setting CVar [[r.LightShaftQuality:1]]
[2021.11.21-19.13.21:084][  0]LogConfig: Setting CVar [[r.Filter.SizeScale:1]]
[2021.11.21-19.13.21:084][  0]LogConfig: Setting CVar [[r.Tonemapper.Quality:5]]
[2021.11.21-19.13.21:084][  0]LogConfig: Setting CVar [[r.DOF.Gather.AccumulatorQuality:1        ; higher gathering accumulator quality]]
[2021.11.21-19.13.21:084][  0]LogConfig: Setting CVar [[r.DOF.Gather.PostfilterMethod:1          ; Median3x3 postfilering method]]
[2021.11.21-19.13.21:084][  0]LogConfig: Setting CVar [[r.DOF.Gather.EnableBokehSettings:0       ; no bokeh simulation when gathering]]
[2021.11.21-19.13.21:084][  0]LogConfig: Setting CVar [[r.DOF.Gather.RingCount:4                 ; medium number of samples when gathering]]
[2021.11.21-19.13.21:084][  0]LogConfig: Setting CVar [[r.DOF.Scatter.ForegroundCompositing:1    ; additive foreground scattering]]
[2021.11.21-19.13.21:084][  0]LogConfig: Setting CVar [[r.DOF.Scatter.BackgroundCompositing:2    ; additive background scattering]]
[2021.11.21-19.13.21:084][  0]LogConfig: Setting CVar [[r.DOF.Scatter.EnableBokehSettings:1      ; bokeh simulation when scattering]]
[2021.11.21-19.13.21:084][  0]LogConfig: Setting CVar [[r.DOF.Scatter.MaxSpriteRatio:0.1         ; only a maximum of 10% of scattered bokeh]]
[2021.11.21-19.13.21:084][  0]LogConfig: Setting CVar [[r.DOF.Recombine.Quality:1                ; cheap slight out of focus]]
[2021.11.21-19.13.21:084][  0]LogConfig: Setting CVar [[r.DOF.Recombine.EnableBokehSettings:0    ; no bokeh simulation on slight out of focus]]
[2021.11.21-19.13.21:084][  0]LogConfig: Setting CVar [[r.DOF.TemporalAAQuality:1                ; more stable temporal accumulation]]
[2021.11.21-19.13.21:084][  0]LogConfig: Setting CVar [[r.DOF.Kernel.MaxForegroundRadius:0.025]]
[2021.11.21-19.13.21:084][  0]LogConfig: Setting CVar [[r.DOF.Kernel.MaxBackgroundRadius:0.025]]
[2021.11.21-19.13.21:084][  0]LogConfig: Applying CVar settings from Section [TextureQuality@3] File [C:/Users/NV/Documents/Unreal Projects/IHW/Saved/Config/Windows/Scalability.ini]
[2021.11.21-19.13.21:084][  0]LogConfig: Setting CVar [[r.Streaming.MipBias:0]]
[2021.11.21-19.13.21:084][  0]LogConfig: Setting CVar [[r.Streaming.AmortizeCPUToGPUCopy:0]]
[2021.11.21-19.13.21:084][  0]LogConfig: Setting CVar [[r.Streaming.MaxNumTexturesToStreamPerFrame:0]]
[2021.11.21-19.13.21:084][  0]LogConfig: Setting CVar [[r.Streaming.Boost:1]]
[2021.11.21-19.13.21:084][  0]LogConfig: Setting CVar [[r.MaxAnisotropy:8]]
[2021.11.21-19.13.21:084][  0]LogConfig: Setting CVar [[r.VT.MaxAnisotropy:8]]
[2021.11.21-19.13.21:084][  0]LogConfig: Setting CVar [[r.Streaming.LimitPoolSizeToVRAM:0]]
[2021.11.21-19.13.21:084][  0]LogConfig: Setting CVar [[r.Streaming.PoolSize:1000]]
[2021.11.21-19.13.21:084][  0]LogConfig: Setting CVar [[r.Streaming.MaxEffectiveScreenSize:0]]
[2021.11.21-19.13.21:084][  0]LogConfig: Applying CVar settings from Section [EffectsQuality@3] File [C:/Users/NV/Documents/Unreal Projects/IHW/Saved/Config/Windows/Scalability.ini]
[2021.11.21-19.13.21:084][  0]LogConfig: Setting CVar [[r.TranslucencyLightingVolumeDim:64]]
[2021.11.21-19.13.21:084][  0]LogConfig: Setting CVar [[r.RefractionQuality:2]]
[2021.11.21-19.13.21:084][  0]LogConfig: Setting CVar [[r.SSR.Quality:3]]
[2021.11.21-19.13.21:084][  0]LogConfig: Setting CVar [[r.SSR.HalfResSceneColor:0]]
[2021.11.21-19.13.21:084][  0]LogConfig: Setting CVar [[r.SceneColorFormat:4]]
[2021.11.21-19.13.21:084][  0]LogConfig: Setting CVar [[r.DetailMode:2]]
[2021.11.21-19.13.21:084][  0]LogConfig: Setting CVar [[r.TranslucencyVolumeBlur:1]]
[2021.11.21-19.13.21:084][  0]LogConfig: Setting CVar [[r.MaterialQualityLevel:1 ; High quality]]
[2021.11.21-19.13.21:084][  0]LogConfig: Setting CVar [[r.AnisotropicMaterials:1]]
[2021.11.21-19.13.21:084][  0]LogConfig: Setting CVar [[r.SSS.Scale:1]]
[2021.11.21-19.13.21:084][  0]LogConfig: Setting CVar [[r.SSS.SampleSet:2]]
[2021.11.21-19.13.21:084][  0]LogConfig: Setting CVar [[r.SSS.Quality:1]]
[2021.11.21-19.13.21:084][  0]LogConfig: Setting CVar [[r.SSS.HalfRes:0]]
[2021.11.21-19.13.21:084][  0]LogConfig: Setting CVar [[r.SSGI.Quality:3]]
[2021.11.21-19.13.21:084][  0]LogConfig: Setting CVar [[r.EmitterSpawnRateScale:1.0]]
[2021.11.21-19.13.21:084][  0]LogConfig: Setting CVar [[r.ParticleLightQuality:2]]
[2021.11.21-19.13.21:084][  0]LogConfig: Setting CVar [[r.SkyAtmosphere.AerialPerspectiveLUT.FastApplyOnOpaque:1 ; Always have FastSkyLUT 1 in this case to avoid wrong sky]]
[2021.11.21-19.13.21:084][  0]LogConfig: Setting CVar [[r.SkyAtmosphere.AerialPerspectiveLUT.SampleCountMaxPerSlice:4]]
[2021.11.21-19.13.21:084][  0]LogConfig: Setting CVar [[r.SkyAtmosphere.AerialPerspectiveLUT.DepthResolution:16.0]]
[2021.11.21-19.13.21:084][  0]LogConfig: Setting CVar [[r.SkyAtmosphere.FastSkyLUT:1]]
[2021.11.21-19.13.21:084][  0]LogConfig: Setting CVar [[r.SkyAtmosphere.FastSkyLUT.SampleCountMin:4.0]]
[2021.11.21-19.13.21:084][  0]LogConfig: Setting CVar [[r.SkyAtmosphere.FastSkyLUT.SampleCountMax:128.0]]
[2021.11.21-19.13.21:084][  0]LogConfig: Setting CVar [[r.SkyAtmosphere.SampleCountMin:4.0]]
[2021.11.21-19.13.21:084][  0]LogConfig: Setting CVar [[r.SkyAtmosphere.SampleCountMax:128.0]]
[2021.11.21-19.13.21:084][  0]LogConfig: Setting CVar [[r.SkyAtmosphere.TransmittanceLUT.UseSmallFormat:0]]
[2021.11.21-19.13.21:084][  0]LogConfig: Setting CVar [[r.SkyAtmosphere.TransmittanceLUT.SampleCount:10.0]]
[2021.11.21-19.13.21:084][  0]LogConfig: Setting CVar [[r.SkyAtmosphere.MultiScatteringLUT.SampleCount:15.0]]
[2021.11.21-19.13.21:084][  0]LogConfig: Setting CVar [[r.SkyLight.RealTimeReflectionCapture:1]]
[2021.11.21-19.13.21:084][  0]LogConfig: Applying CVar settings from Section [FoliageQuality@3] File [C:/Users/NV/Documents/Unreal Projects/IHW/Saved/Config/Windows/Scalability.ini]
[2021.11.21-19.13.21:084][  0]LogConfig: Setting CVar [[foliage.DensityScale:1.0]]
[2021.11.21-19.13.21:084][  0]LogConfig: Setting CVar [[grass.DensityScale:1.0]]
[2021.11.21-19.13.21:084][  0]LogConfig: Applying CVar settings from Section [ShadingQuality@3] File [C:/Users/NV/Documents/Unreal Projects/IHW/Saved/Config/Windows/Scalability.ini]
[2021.11.21-19.13.21:084][  0]LogConfig: Setting CVar [[r.HairStrands.SkyLighting.IntegrationType:2]]
[2021.11.21-19.13.21:084][  0]LogConfig: Setting CVar [[r.HairStrands.SkyAO.SampleCount:4]]
[2021.11.21-19.13.21:084][  0]LogConfig: Setting CVar [[r.HairStrands.Visibility.MSAA.SamplePerPixel:4]]
[2021.11.21-19.13.21:084][  0]LogConfig: Applying CVar settings from Section [Startup] File [../../../Engine/Config/ConsoleVariables.ini]
[2021.11.21-19.13.21:084][  0]LogConfig: Setting CVar [[net.UseAdaptiveNetUpdateFrequency:0]]
[2021.11.21-19.13.21:084][  0]LogConfig: Setting CVar [[p.chaos.AllowCreatePhysxBodies:1]]
[2021.11.21-19.13.21:084][  0]LogConfig: Setting CVar [[fx.SkipVectorVMBackendOptimizations:1]]
[2021.11.21-19.13.21:084][  0]LogConfig: Applying CVar settings from Section [ConsoleVariables] File [C:/Users/NV/Documents/Unreal Projects/IHW/Saved/Config/Windows/Engine.ini]
[2021.11.21-19.13.21:084][  0]LogConfig: Applying CVar settings from Section [ConsoleVariables] File [C:/Users/NV/Documents/Unreal Projects/IHW/Saved/Config/Windows/Editor.ini]
[2021.11.21-19.13.21:084][  0]LogInit: Computer: NV-PC
[2021.11.21-19.13.21:084][  0]LogInit: User: NV
[2021.11.21-19.13.21:084][  0]LogInit: CPU Page size=4096, Cores=8
[2021.11.21-19.13.21:084][  0]LogInit: High frequency timer resolution =10.000000 MHz
[2021.11.21-19.13.21:085][  0]LogMemory: Memory total: Physical=15.9GB (16GB approx)
[2021.11.21-19.13.21:085][  0]LogMemory: Platform Memory Stats for Windows
[2021.11.21-19.13.21:085][  0]LogMemory: Process Physical Memory: 146.09 MB used, 146.09 MB peak
[2021.11.21-19.13.21:085][  0]LogMemory: Process Virtual Memory: 129.05 MB used, 129.05 MB peak
[2021.11.21-19.13.21:085][  0]LogMemory: Physical Memory: 10897.29 MB used,  5395.95 MB free, 16293.23 MB total
[2021.11.21-19.13.21:085][  0]LogMemory: Virtual Memory: 134213328.00 MB used,  4402.35 MB free, 134217728.00 MB total
[2021.11.21-19.13.21:089][  0]LogWindows: WindowsPlatformFeatures enabled
[2021.11.21-19.13.21:114][  0]LogInit: Physics initialised using underlying interface: PhysX
[2021.11.21-19.13.21:114][  0]LogInit: Using OS detected language (ru-RU).
[2021.11.21-19.13.21:114][  0]LogInit: Using OS detected locale (ru-RU).
[2021.11.21-19.13.21:118][  0]LogTextLocalizationManager: No specific localization for 'ru-RU' exists, so the 'ru' localization will be used.
[2021.11.21-19.13.21:120][  0]LogTextLocalizationResource: LocRes '../../../Engine/Content/Localization/Editor/ru/Editor.locres' could not be opened for reading!
[2021.11.21-19.13.21:120][  0]LogTextLocalizationResource: LocRes '../../../Engine/Content/Localization/EditorTutorials/ru/EditorTutorials.locres' could not be opened for reading!
[2021.11.21-19.13.21:120][  0]LogTextLocalizationResource: LocRes '../../../Engine/Content/Localization/Keywords/ru/Keywords.locres' could not be opened for reading!
[2021.11.21-19.13.21:120][  0]LogTextLocalizationResource: LocRes '../../../Engine/Content/Localization/Category/ru/Category.locres' could not be opened for reading!
[2021.11.21-19.13.21:120][  0]LogTextLocalizationResource: LocRes '../../../Engine/Content/Localization/ToolTips/ru/ToolTips.locres' could not be opened for reading!
[2021.11.21-19.13.21:120][  0]LogTextLocalizationResource: LocRes '../../../Engine/Content/Localization/PropertyNames/ru/PropertyNames.locres' could not be opened for reading!
[2021.11.21-19.13.21:120][  0]LogTextLocalizationResource: LocRes '../../../Engine/Content/Localization/Engine/ru/Engine.locres' could not be opened for reading!
[2021.11.21-19.13.21:128][  0]LogWindowsTextInputMethodSystem: Display: IME system deactivated.
[2021.11.21-19.13.21:170][  0]LogSlate: New Slate User Created.  User Index 0, Is Virtual User: 0
[2021.11.21-19.13.21:170][  0]LogSlate: Slate User Registered.  User Index 0, Is Virtual User: 0
[2021.11.21-19.13.21:197][  0]LogD3D11RHI: Loaded GFSDK_Aftermath_Lib.x64.dll
[2021.11.21-19.13.21:199][  0]LogHMD: Failed to initialize OpenVR with code 110
[2021.11.21-19.13.21:199][  0]LogD3D11RHI: D3D11 min allowed feature level: 11_0
[2021.11.21-19.13.21:199][  0]LogD3D11RHI: D3D11 max allowed feature level: 11_0
[2021.11.21-19.13.21:199][  0]LogD3D11RHI: D3D11 adapters:
[2021.11.21-19.13.21:278][  0]LogD3D11RHI:    0. 'NVIDIA GeForce GTX 1050 Ti' (Feature Level 11_0)
[2021.11.21-19.13.21:278][  0]LogD3D11RHI:       4018/0/8146 MB DedicatedVideo/DedicatedSystem/SharedSystem, Outputs:2, VendorId:0x10de
[2021.11.21-19.13.21:279][  0]LogD3D11RHI:    1. 'Microsoft Basic Render Driver' (Feature Level 11_0)
[2021.11.21-19.13.21:279][  0]LogD3D11RHI:       0/0/8146 MB DedicatedVideo/DedicatedSystem/SharedSystem, Outputs:0, VendorId:0x1414
[2021.11.21-19.13.21:279][  0]LogD3D11RHI: Chosen D3D11 Adapter:
[2021.11.21-19.13.21:279][  0]LogD3D11RHI:     Description : NVIDIA GeForce GTX 1050 Ti
[2021.11.21-19.13.21:279][  0]LogD3D11RHI:     VendorId    : 10de
[2021.11.21-19.13.21:279][  0]LogD3D11RHI:     DeviceId    : 1c82
[2021.11.21-19.13.21:279][  0]LogD3D11RHI:     SubSysId    : 372a1458
[2021.11.21-19.13.21:279][  0]LogD3D11RHI:     Revision    : 00a1
[2021.11.21-19.13.21:279][  0]LogD3D11RHI:     DedicatedVideoMemory : 4213178368 bytes
[2021.11.21-19.13.21:279][  0]LogD3D11RHI:     DedicatedSystemMemory : 0 bytes
[2021.11.21-19.13.21:279][  0]LogD3D11RHI:     SharedSystemMemory : 8542347264 bytes
[2021.11.21-19.13.21:279][  0]LogD3D11RHI:     AdapterLuid : 0 61664
[2021.11.21-19.13.21:288][  0]LogD3D11RHI: Creating new Direct3DDevice
[2021.11.21-19.13.21:288][  0]LogD3D11RHI:     GPU DeviceId: 0x1c82 (for the marketing name, search the web for "GPU Device Id")
[2021.11.21-19.13.21:288][  0]LogWindows: EnumDisplayDevices:
[2021.11.21-19.13.21:288][  0]LogWindows:    0. 'NVIDIA GeForce GTX 1050 Ti' (P:1 D:1)
[2021.11.21-19.13.21:288][  0]LogWindows:    1. 'NVIDIA GeForce GTX 1050 Ti' (P:0 D:1)
[2021.11.21-19.13.21:288][  0]LogWindows:    2. 'NVIDIA GeForce GTX 1050 Ti' (P:0 D:0)
[2021.11.21-19.13.21:289][  0]LogWindows:    3. 'NVIDIA GeForce GTX 1050 Ti' (P:0 D:0)
[2021.11.21-19.13.21:289][  0]LogWindows: DebugString: FoundDriverCount:4 
[2021.11.21-19.13.21:289][  0]LogD3D11RHI:     Adapter Name: NVIDIA GeForce GTX 1050 Ti
[2021.11.21-19.13.21:289][  0]LogD3D11RHI:   Driver Version: 460.89 (internal:27.21.14.6089, unified:460.89)
[2021.11.21-19.13.21:289][  0]LogD3D11RHI:      Driver Date: 12-11-2020
[2021.11.21-19.13.21:289][  0]LogRHI: Texture pool is 2812 MB (70% of 4018 MB)
[2021.11.21-19.13.21:289][  0]LogD3D11RHI: Creating D3DDevice using adapter:
[2021.11.21-19.13.21:289][  0]LogD3D11RHI:     Description : NVIDIA GeForce GTX 1050 Ti
[2021.11.21-19.13.21:289][  0]LogD3D11RHI:     VendorId    : 10de
[2021.11.21-19.13.21:289][  0]LogD3D11RHI:     DeviceId    : 1c82
[2021.11.21-19.13.21:289][  0]LogD3D11RHI:     SubSysId    : 372a1458
[2021.11.21-19.13.21:289][  0]LogD3D11RHI:     Revision    : 00a1
[2021.11.21-19.13.21:289][  0]LogD3D11RHI:     DedicatedVideoMemory : 4213178368 bytes
[2021.11.21-19.13.21:289][  0]LogD3D11RHI:     DedicatedSystemMemory : 0 bytes
[2021.11.21-19.13.21:289][  0]LogD3D11RHI:     SharedSystemMemory : 8542347264 bytes
[2021.11.21-19.13.21:289][  0]LogD3D11RHI:     AdapterLuid : 0 61664
[2021.11.21-19.13.21:353][  0]LogD3D11RHI: RHI has support for 64 bit atomics
[2021.11.21-19.13.21:353][  0]LogD3D11RHI: Async texture creation enabled
[2021.11.21-19.13.21:353][  0]LogD3D11RHI: Array index from any shader is supported
[2021.11.21-19.13.21:354][  0]LogD3D11RHI: HDR output is supported on display 0 (NvId: 0x80061081).
[2021.11.21-19.13.21:370][  0]LogD3D11RHI: GPU Timing Frequency: 1000.000000 (Debug: 2 1)
[2021.11.21-19.13.21:387][  0]LogRHI: GeForceNow SDK initialized: 1
[2021.11.21-19.13.21:581][  0]LogTargetPlatformManager: Display: Loaded TargetPlatform 'WindowsNoEditor'
[2021.11.21-19.13.21:583][  0]LogTargetPlatformManager: Display: Loaded TargetPlatform 'Windows'
[2021.11.21-19.13.21:586][  0]LogTargetPlatformManager: Display: Loaded TargetPlatform 'WindowsClient'
[2021.11.21-19.13.21:589][  0]LogTargetPlatformManager: Display: Loaded TargetPlatform 'WindowsServer'
[2021.11.21-19.13.21:589][  0]LogTargetPlatformManager: Display: Building Assets For Windows
[2021.11.21-19.13.21:593][  0]LogAudioDebug: Display: Lib vorbis DLL was dynamically loaded.
[2021.11.21-19.13.21:613][  0]LogTextureFormatOodle: Display: Oodle Texture 2.9.0 init RDO Off
[2021.11.21-19.13.21:633][  0]LogRendererCore: Ray tracing is disabled. Reason: r.RayTracing=0.
[2021.11.21-19.13.21:633][  0]LogShaderCompilers: Guid format shader working directory is 2 characters bigger than the processId version (C:/Users/NV/Documents/Unreal Projects/IHW/Intermediate/Shaders/WorkingDirectory/9452/).
[2021.11.21-19.13.21:633][  0]LogShaderCompilers: Cleaned the shader compiler working directory 'C:/Users/NV/AppData/Local/Temp/UnrealShaderWorkingDir/10AC72804EB98C86B0D5E9BB32165482/'.
[2021.11.21-19.13.21:633][  0]LogXGEController: Cannot use XGE Controller as Incredibuild is not installed on this machine.
[2021.11.21-19.13.21:633][  0]LogShaderCompilers: Cannot use XGE Shader Compiler as Incredibuild is not installed on this machine.
[2021.11.21-19.13.21:633][  0]LogShaderCompilers: Display: Using Local Shader Compiler.
[2021.11.21-19.13.22:161][  0]LogDerivedDataCache: Display: Max Cache Size: 512 MB
[2021.11.21-19.13.22:204][  0]LogDerivedDataCache: Loaded boot cache 0.04s 94MB C:/Users/NV/AppData/Local/UnrealEngine/4.27/DerivedDataCache/Boot.ddc.
[2021.11.21-19.13.22:205][  0]LogDerivedDataCache: Display: Loaded Boot cache: C:/Users/NV/AppData/Local/UnrealEngine/4.27/DerivedDataCache/Boot.ddc
[2021.11.21-19.13.22:205][  0]LogDerivedDataCache: FDerivedDataBackendGraph:  Pak pak cache file C:/Users/NV/Documents/Unreal Projects/IHW/DerivedDataCache/DDC.ddp not found, will not use a pak cache.
[2021.11.21-19.13.22:205][  0]LogDerivedDataCache: Unable to find inner node Pak for hierarchical cache Hierarchy.
[2021.11.21-19.13.22:205][  0]LogDerivedDataCache: FDerivedDataBackendGraph:  CompressedPak pak cache file C:/Users/NV/Documents/Unreal Projects/IHW/DerivedDataCache/Compressed.ddp not found, will not use a pak cache.
[2021.11.21-19.13.22:205][  0]LogDerivedDataCache: Unable to find inner node CompressedPak for hierarchical cache Hierarchy.
[2021.11.21-19.13.22:218][  0]LogDerivedDataCache: Display: Pak cache opened for reading ../../../Engine/DerivedDataCache/Compressed.ddp.
[2021.11.21-19.13.22:218][  0]LogDerivedDataCache: FDerivedDataBackendGraph:  EnterprisePak pak cache file ../../../Enterprise/DerivedDataCache/Compressed.ddp not found, will not use a pak cache.
[2021.11.21-19.13.22:218][  0]LogDerivedDataCache: Unable to find inner node EnterprisePak for hierarchical cache Hierarchy.
[2021.11.21-19.13.22:222][  0]LogDerivedDataCache: Speed tests for C:/Users/NV/AppData/Local/UnrealEngine/Common/DerivedDataCache took 0.00 seconds
[2021.11.21-19.13.22:222][  0]LogDerivedDataCache: Display: Performance to C:/Users/NV/AppData/Local/UnrealEngine/Common/DerivedDataCache: Latency=0.02ms. RandomReadSpeed=2245.08MBs, RandomWriteSpeed=252.98MBs. Assigned SpeedClass 'Local'
[2021.11.21-19.13.22:223][  0]LogDerivedDataCache: Using Local data cache path C:/Users/NV/AppData/Local/UnrealEngine/Common/DerivedDataCache: Writable
[2021.11.21-19.13.22:223][  0]LogDerivedDataCache: Shared data cache path not found in *engine.ini, will not use an Shared cache.
[2021.11.21-19.13.22:223][  0]LogDerivedDataCache: Unable to find inner node Shared for hierarchical cache Hierarchy.
[2021.11.21-19.13.22:297][  0]LogSlate: Using FreeType 2.10.0
[2021.11.21-19.13.22:297][  0]LogSlate: SlateFontServices - WITH_FREETYPE: 1, WITH_HARFBUZZ: 1
[2021.11.21-19.13.22:582][  0]LogInit: Using OS detected language (ru-RU).
[2021.11.21-19.13.22:582][  0]LogInit: Using OS detected locale (ru-RU).
[2021.11.21-19.13.22:582][  0]LogTextLocalizationManager: No localization for 'ru-RU' exists, so 'en' will be used for the language.
[2021.11.21-19.13.22:582][  0]LogTextLocalizationManager: No localization for 'ru-RU' exists, so 'en' will be used for the locale.
[2021.11.21-19.13.22:582][  0]LogSlate: FontCache flush requested. Reason: Culture for localization was changed
[2021.11.21-19.13.22:582][  0]LogSlate: FontCache flush requested. Reason: Culture for localization was changed
[2021.11.21-19.13.22:592][  0]LogAssetRegistry: FAssetRegistry took 0.0020 seconds to start up
[2021.11.21-19.13.22:747][  0]LogTextLocalizationManager: Compacting localization data took   0.00ms
[2021.11.21-19.13.22:747][  0]LogPackageLocalizationCache: Processed 27 localized package path(s) for 1 prioritized culture(s) in 0.034975 seconds
[2021.11.21-19.13.22:790][  0]LogInit: Selected Device Profile: [Windows]
[2021.11.21-19.13.22:790][  0]LogInit: Active device profile: [0000016DAC0E8F00][0000016D9E3C9900 49] Windows
[2021.11.21-19.13.22:790][  0]LogInit: Profiles: [0000016DAC0E8F00][0000016D9E3C9900 49] Windows, [0000016DAC0A6400][0000016DA38A9A80 49] WindowsNoEditor, [0000016DAC0E9F00][0000016DA49F1C00 49] WindowsServer, [0000016DAC0A5800][0000016DA49F4200 49] WindowsClient, [0000016DAC0E9200][0000016DA49F8380 49] IOS, [0000016DAC0A7A00][0000016DA49FC500 49] iPadAir, [0000016DAC0EB300][0000016DA4A00680 49] iPadAir2, [0000016DAC051300][0000016DA4A08940 49] IPadPro, [0000016DAC051400][0000016DA4A04980 49] iPadAir3, [0000016DAC0A4B00][0000016DA4A0CB00 49] iPadAir4, [0000016DAC052100][0000016DA4A10C80 49] iPadMini2, [0000016DAC0A7400][0000016DA4A14E00 49] iPadMini3, [0000016DAC052C00][0000016DA4A18F80 49] iPadMini4, [0000016DAC0A6600][0000016DA4A1D100 49] iPadMini5, [0000016DAC058E00][0000016DA4A253C0 49] iPhone6, [0000016DAC058F00][0000016DA4A21400 49] iPodTouch6, [0000016DAC0EB700][0000016DA4D01640 49] iPhone7, [0000016DAC0EA800][0000016DA38A5680 49] iPodTouch7, [0000016DAC050C00][0000016DA4D057C0 49] iPhone5S, [0000016DAC0E9700][0000016DA4D09900 49] iPhone6Plus, [0000016DAC052A00][0000016DA4D11A80 49] iPhone6S, [0000016DAC0E9A00][0000016DA4D15C00 49] iPhone6SPlus, [0000016DAC058100][0000016DA4D18200 49] iPhone7Plus, [0000016DAC051D00][0000016DA4D1C380 49] iPhoneSE, [0000016DAC058C00][0000016DA4D20500 49] iPhone8, [0000016DAC050400][0000016DA4D24680 49] iPhone8Plus, [0000016DAC05AA00][0000016DA4D28800 49] iPhoneX, [0000016DAC053C00][0000016DA4D2C980 49] iPhoneXS, [0000016DAC05A900][0000016DA4D30B00 49] iPhoneXSMax, [0000016DAC050B00][0000016DA4D34C80 49] iPhoneXR, [0000016DAC0EB800][0000016DA4D38E00 49] iPhone11, [0000016DAC053D00][0000016DA4D3CF80 49] iPhone11Pro, [0000016DAC0E9B00][0000016DA4D41100 49] iPhone11ProMax, [0000016DAC052300][0000016DA4D45280 49] iPhoneSE2, [0000016DAC0E9E00][0000016DA4D49400 49] iPhone12Mini, [0000016DAC053000][0000016DA375B580 49] iPhone12, [0000016DAC0EB400][0000016DA4D0D6C0 49] iPhone12Pro, [0000016DAC050D00][0000016DA375F800 49] iPhone12ProMax, [0000016DAC0EBC00][0000016DA3763940 49] iPadPro105, [0000016DAC053700][0000016DA3767A80 49] iPadPro129, [0000016DAC0E9800][0000016DA376FC00 49] iPadPro97, [0000016DAC050900][0000016DA3772200 49] iPadPro2_129, [0000016DAC0E8800][0000016DA3776380 49] iPad5, [0000016DAC051000][0000016DA377A500 49] iPad6, [0000016DAC0EBD00][0000016DA377E680 49] iPad7, [0000016DAC052B00][0000016DA3782800 49] iPad8, [0000016DAC0E9300][0000016DA3786980 49] iPadPro11, [0000016DAC051900][0000016DA378AB00 49] iPadPro2_11, [0000016DAC0E8900][0000016DA378EC80 49] iPadPro3_129, [0000016DAC052800][0000016DA3792E00 49] iPadPro4_129, [0000016DAC0EAE00][0000016DA3796F80 49] AppleTV, [0000016DAC051A00][0000016DA379B100 49] AppleTV4K, [0000016DAC0E8500][0000016DA379F280 49] TVOS, [0000016DAC053A00][0000016DA37A3400 49] Mac, [0000016DAC0EB500][0000016DA37A7580 49] MacClient, [0000016DAC051100][0000016DA37AB700 49] MacNoEditor, [0000016DAC0E9600][0000016DA37AF880 49] MacServer, [0000016DAC052700][0000016DA376B9C0 49] Linux, [0000016DAC0EB200][0000016DA37B3B00 49] LinuxAArch64, [0000016DAC052D00][0000016DA37B60C0 49] LinuxNoEditor, [0000016DAC0EB100][0000016DA4956240 49] LinuxAArch64NoEditor, [0000016DAC052F00][0000016DA495A3C0 49] LinuxClient, [0000016DAC0E9000][0000016DA495E540 49] LinuxAArch64Client, [0000016DAC052200][0000016DA49626C0 49] LinuxServer, [0000016DAC0E9400][0000016DA4966840 49] LinuxAArch64Server, [0000016DAC052500][0000016DA496A9C0 49] Android, [0000016DAC0EBA00][0000016DA496EB40 49] Android_Low, [0000016DAC053200][0000016DA4972CC0 49] Android_Mid, [0000016DAC0E9100][0000016DA4976E40 49] Android_High, [0000016DAC052000][0000016DA497AFC0 49] Android_Default, [0000016DAC0EAB00][0000016DA497F140 49] Android_Adreno4xx, [0000016DAC050600][0000016DA49832C0 49] Android_Adreno5xx_Low, [0000016DAC0EBB00][0000016DA4987440 49] Android_Adreno5xx, [0000016DAC051C00][0000016DA498B5C0 49] Android_Adreno6xx, [0000016DAC0E8100][0000016DA498F740 49] Android_Adreno6xx_Vulkan, [0000016DAC051600][0000016DA49938C0 49] Android_Mali_T6xx, [0000016DAC0EAD00][0000016DA4997A40 49] Android_Mali_T7xx, [0000016DAC0A5400][0000016DA4953B80 49] Android_Mali_T8xx, [0000016DAC058300][0000016DA499A140 49] Android_Mali_G71, [0000016DAC0A4600][0000016DA499E280 49] Android_Mali_G72, [0000016DAC058600][0000016DA49A23C0 49] Android_Mali_G72_Vulkan, [0000016DAC0A5000][0000016DA49AA540 49] Android_Mali_G76, [0000016DAC058700][0000016DA49AE6C0 49] Android_Mali_G76_Vulkan, [0000016DAC0A6000][0000016DA49B2840 49] Android_Mali_G77, [0000016DAC05AF00][0000016DA49B69C0 49] Android_Mali_G77_Vulkan, [0000016DAC0A4E00][0000016DA49BAB40 49] Android_Mali_G78, [0000016DAC05B100][0000016DA49BECC0 49] Android_Mali_G78_Vulkan, [0000016DAC0A5900][0000016DA49C2E40 49] Android_Mali_G710, [0000016DAC059B00][0000016DA49C6FC0 49] Android_Mali_G710_Vulkan, [0000016DAC0A7600][0000016DA49CB140 49] Android_Vulkan_SM5, [0000016DAC05B500][0000016DA49CF2C0 49] Android_PowerVR_G6xxx, [0000016DAC0A5A00][0000016DA49D3440 49] Android_PowerVR_GT7xxx, [0000016DAC059D00][0000016DA49D75C0 49] Android_PowerVR_GE8xxx, [0000016DAC0A6D00][0000016DA49DB740 49] Android_PowerVR_GM9xxx, [0000016DAC058800][0000016DABAAD8C0 49] Android_PowerVR_GM9xxx_Vulkan, [0000016DAC0A7100][0000016DABAB1A40 49] Android_TegraK1, [0000016DAC059400][0000016DABAB5BC0 49] Android_Unknown_Vulkan, [0000016DAC0A6300][0000016DA49A6180 49] Lumin, [0000016DAC05BC00][0000016DABAB82C0 49] Lumin_Desktop, [0000016DAC0A6B00][0000016DABABC400 49] HoloLens, 
[2021.11.21-19.13.22:816][  0]LogMeshReduction: Using QuadricMeshReduction for automatic static mesh reduction
[2021.11.21-19.13.22:816][  0]LogMeshReduction: Using SimplygonMeshReduction for automatic skeletal mesh reduction
[2021.11.21-19.13.22:816][  0]LogMeshReduction: Using ProxyLODMeshReduction for automatic mesh merging
[2021.11.21-19.13.22:816][  0]LogMeshReduction: No distributed automatic mesh merging module available
[2021.11.21-19.13.22:816][  0]LogMeshMerging: No distributed automatic mesh merging module available
[2021.11.21-19.13.22:901][  0]LogNetVersion: IHW 1.0.0, NetCL: 17155196, EngineNetVer: 17, GameNetVer: 0 (Checksum: 85387044)
[2021.11.21-19.13.23:055][  0]LogTexture: Default maximum texture size for cubemaps generated from long-lat sources has been changed from 512 to unlimited. In order to preserve old behaiour for '/Engine/MapTemplates/Sky/DaylightAmbientCubemap.DaylightAmbientCubemap', its maximum texture size has been explicitly set to 512.
[2021.11.21-19.13.23:096][  0]LogHMD: PokeAHoleMaterial loaded successfully
[2021.11.21-19.13.23:164][  0]LogMoviePlayer: Initializing movie player
[2021.11.21-19.13.23:237][  0]LogNiagaraDebuggerClient: Niagara Debugger Client Initialized | Session: D4923AEA4B6C49241A4B78B0BD291013 | Instance: 98FF49C14DF0EBA5EB5880B556757293 (NV-PC-9452).
[2021.11.21-19.13.23:250][  0]LogCollectionManager: Loaded 0 collections in 0.000474 seconds
[2021.11.21-19.13.23:251][  0]LogFileCache: Scanning file cache for directory 'C:/Users/NV/Documents/Unreal Projects/IHW/Saved/Collections/' took 0.00s
[2021.11.21-19.13.23:251][  0]LogFileCache: Scanning file cache for directory 'C:/Users/NV/Documents/Unreal Projects/IHW/Content/Developers/NV/Collections/' took 0.00s
[2021.11.21-19.13.23:251][  0]LogFileCache: Scanning file cache for directory 'C:/Users/NV/Documents/Unreal Projects/IHW/Content/Collections/' took 0.00s
[2021.11.21-19.13.23:251][  0]LogCollectionManager: Fixed up redirectors for 0 collections in 0.000001 seconds (updated 0 objects)
[2021.11.21-19.13.23:318][  0]LogImageWrapper: Warning: PNG Warning: Duplicate iCCP chunk
[2021.11.21-19.13.23:318][  0]LogImageWrapper: Warning: PNG Warning: Duplicate iCCP chunk
[2021.11.21-19.13.23:318][  0]LogPython: Using Python 3.7.7
[2021.11.21-19.13.23:622][  0]LogTcpMessaging: Initializing TcpMessaging bridge
[2021.11.21-19.13.23:625][  0]LogUdpMessaging: Initializing bridge on interface 0.0.0.0:0 to multicast group 230.0.0.1:6666.
[2021.11.21-19.13.23:737][  0]LogOpenImageDenoise: OIDN starting up
[2021.11.21-19.13.23:753][  0]LogAndroidPermission: UAndroidPermissionCallbackProxy::GetInstance
[2021.11.21-19.13.23:765][  0]LogAudioCaptureCore: Display: No Audio Capture implementations found. Audio input will be silent.
[2021.11.21-19.13.23:765][  0]LogAudioCaptureCore: Display: No Audio Capture implementations found. Audio input will be silent.
[2021.11.21-19.13.23:807][  0]SourceControl: Source control is disabled
[2021.11.21-19.13.23:807][  0]SourceControl: Source control is disabled
[2021.11.21-19.13.23:809][  0]SourceControl: Source control is disabled
[2021.11.21-19.13.23:814][  0]LogUProjectInfo: Found projects:
[2021.11.21-19.13.23:832][  0]LogOcInput: OculusInput pre-init called
[2021.11.21-19.13.23:840][  0]LogUObjectArray: 22121 objects as part of root set at end of initial load.
[2021.11.21-19.13.23:840][  0]LogUObjectAllocator: 5975440 out of 0 bytes used by permanent object pool.
[2021.11.21-19.13.23:840][  0]LogUObjectArray: CloseDisregardForGC: 0/0 objects in disregard for GC pool
[2021.11.21-19.13.23:875][  0]LogEngine: Initializing Engine...
[2021.11.21-19.13.23:877][  0]LogHMD: Failed to enumerate extensions. Please check that you have a valid OpenXR runtime installed.
[2021.11.21-19.13.23:877][  0]LogHMD: Failed to initialize OpenVR with code 110
[2021.11.21-19.13.23:877][  0]LogMagicLeap: Warning: VR disabled because ZI is not enabled.  To enable, in the editor, Edit -> Project Settings -> Plugins -> Magic Leap Plugin -> Enable Zero Iteration
[2021.11.21-19.13.23:878][  0]LogStats: UGameplayTagsManager::InitializeManager -  0.000 s
[2021.11.21-19.13.23:941][  0]LogInit: Initializing FReadOnlyCVARCache
[2021.11.21-19.13.23:941][  0]LogAudio: Display: Initializing Audio Device Manager...
[2021.11.21-19.13.23:944][  0]LogAudio: Display: Loading Default Audio Settings Objects...
[2021.11.21-19.13.23:944][  0]LogAudio: Display: No default SoundConcurrencyObject specified (or failed to load).
[2021.11.21-19.13.23:944][  0]LogAudio: Display: Audio Device Manager Initialized
[2021.11.21-19.13.23:944][  0]LogAudio: Display: Creating Audio Device:                 Id: 1, Scope: Shared, Realtime: True
[2021.11.21-19.13.23:944][  0]LogAudioMixer: Display: Audio Mixer Platform Settings:
[2021.11.21-19.13.23:944][  0]LogAudioMixer: Display: 	Sample Rate:						  48000
[2021.11.21-19.13.23:944][  0]LogAudioMixer: Display: 	Callback Buffer Frame Size Requested: 1024
[2021.11.21-19.13.23:944][  0]LogAudioMixer: Display: 	Callback Buffer Frame Size To Use:	  1024
[2021.11.21-19.13.23:944][  0]LogAudioMixer: Display: 	Number of buffers to queue:			  2
[2021.11.21-19.13.23:944][  0]LogAudioMixer: Display: 	Max Channels (voices):				  32
[2021.11.21-19.13.23:944][  0]LogAudioMixer: Display: 	Number of Async Source Workers:		  0
[2021.11.21-19.13.23:945][  0]LogAudio: Display: AudioDevice MaxSources: 32
[2021.11.21-19.13.23:945][  0]LogAudio: Display: Audio Spatialization Plugin: None (built-in).
[2021.11.21-19.13.23:945][  0]LogAudio: Display: Audio Reverb Plugin: None (built-in).
[2021.11.21-19.13.23:945][  0]LogAudio: Display: Audio Occlusion Plugin: None (built-in).
[2021.11.21-19.13.23:945][  0]LogAudioMixer: Display: Initializing audio mixer.
[2021.11.21-19.13.23:956][  0]LogAudioMixer: Display: 0: FrontLeft
[2021.11.21-19.13.23:956][  0]LogAudioMixer: Display: 1: FrontRight
[2021.11.21-19.13.23:971][  0]LogAudioMixer: Display: Using Audio Device Динамики (3- Realtek(R) Audio)
[2021.11.21-19.13.23:976][  0]LogAudioMixer: Display: Initializing Sound Submixes...
[2021.11.21-19.13.23:977][  0]LogAudioMixer: Display: Creating Master Submix 'MasterSubmixDefault'
[2021.11.21-19.13.23:977][  0]LogAudioMixer: Display: Creating Master Submix 'MasterReverbSubmixDefault'
[2021.11.21-19.13.23:978][  0]LogAudioMixer: Display: Creating Master Submix 'MasterEQSubmixDefault'
[2021.11.21-19.13.23:978][  0]LogAudioMixer: FMixerPlatformXAudio2::StartAudioStream() called
[2021.11.21-19.13.23:978][  0]LogAudioMixer: Display: Output buffers initialized: Frames=1024, Channels=2, Samples=2048
[2021.11.21-19.13.23:978][  0]LogAudioMixer: Display: Starting AudioMixerPlatformInterface::RunInternal()
[2021.11.21-19.13.23:978][  0]LogAudioMixer: Display: FMixerPlatformXAudio2::SubmitBuffer() called for the first time
[2021.11.21-19.13.23:978][  0]LogInit: FAudioDevice initialized.
[2021.11.21-19.13.24:010][  0]LogNetVersion: Set ProjectVersion to 1.0.0.0. Version Checksum will be recalculated on next use.
[2021.11.21-19.13.24:010][  0]LogInit: Texture streaming: Enabled
[2021.11.21-19.13.24:376][  0]LogAudio: Display: Audio Device (ID: 1) registered with world 'Untitled'.
[2021.11.21-19.13.24:376][  0]LogSlate: Updating window title bar state: overlay mode, drag disabled, window buttons hidden, title bar hidden
[2021.11.21-19.13.24:377][  0]LogInit: Display: Game Engine Initialized.
[2021.11.21-19.13.24:377][  0]LogNiagaraEditor: GEditor isn't valid! Particle reset commands will not work for Niagara components!
[2021.11.21-19.13.24:455][  0]LogImageWrapper: Warning: PNG Warning: Duplicate iCCP chunk
[2021.11.21-19.13.24:455][  0]LogImageWrapper: Warning: PNG Warning: Duplicate iCCP chunk
[2021.11.21-19.13.24:455][  0]LogInit: Display: Starting Game.
[2021.11.21-19.13.24:473][  0]LogNet: Browse: /Game/Procedural/ProceduralLevel?Name=Player
[2021.11.21-19.13.24:473][  0]LogLoad: LoadMap: /Game/Procedural/ProceduralLevel?Name=Player
[2021.11.21-19.13.24:473][  0]LogWorld: BeginTearingDown for /Temp/Untitled_0
[2021.11.21-19.13.24:474][  0]LogWorld: UWorld::CleanupWorld for Untitled, bSessionEnded=true, bCleanupResources=true
[2021.11.21-19.13.24:474][  0]LogSlate: InvalidateAllWidgets triggered.  All widgets were invalidated
[2021.11.21-19.13.24:477][  0]LogAudio: Display: Audio Device unregistered from world 'None'.
[2021.11.21-19.13.24:479][  0]LogUObjectHash: Compacting FUObjectHashTables data took   0.58ms
[2021.11.21-19.13.24:502][  0]LogAudio: Display: Audio Device (ID: 1) registered with world 'ProceduralLevel'.
[2021.11.21-19.13.24:508][  0]LogAIModule: Creating AISystem for world ProceduralLevel
[2021.11.21-19.13.24:632][  0]LogLoad: Game class is 'ThirdPersonGameMode_C'
[2021.11.21-19.13.24:656][  0]LogWorld: Bringing World /Game/Procedural/ProceduralLevel.ProceduralLevel up for play (max tick rate 0) at 2021.11.21-22.13.24
[2021.11.21-19.13.24:656][  0]LogWorld: Bringing up level for play took: 0.000818
[2021.11.21-19.13.24:658][  0]LogLoad: Took 0.185093 seconds to LoadMap(/Game/Procedural/ProceduralLevel)
[2021.11.21-19.13.24:781][  0]LogSlate: Took 0.000090 seconds to synchronously load lazily loaded font '../../../Engine/Content/Slate/Fonts/Roboto-Regular.ttf' (155K)
[2021.11.21-19.13.24:837][  0]LogRenderer: Reallocating scene render targets to support 1280x720 Format 10 NumSamples 1 (Frame:1).
[2021.11.21-19.13.24:837][  0]LogUObjectGlobals: BeginLoad(/Engine/EditorResources/SequenceRecorder/Countdown) is flushing async loading
[2021.11.21-19.13.24:837][  0]LogStreaming: Display: FlushAsyncLoading: 10 QueuedPackages, 0 AsyncPackages
[2021.11.21-19.13.24:884][  0]LogOutputDevice: Warning: 

Script Stack (0 frames):

[2021.11.21-19.13.24:884][  0]LogWindows: Windows GetLastError: Операция успешно завершена. (0)
[2021.11.21-19.13.25:689][  0]LogWindows: Error: === Critical error: ===
[2021.11.21-19.13.25:689][  0]LogWindows: Error: 
[2021.11.21-19.13.25:689][  0]LogWindows: Error: Assertion failed: !FUObjectThreadContext::Get().IsRoutingPostLoad [File:D:/Build/++UE4/Sync/Engine/Source/Runtime/CoreUObject/Private/UObject/ScriptCore.cpp] [Line: 1851] 
[2021.11.21-19.13.25:689][  0]LogWindows: Error: Cannot call UnrealScript (MovingFloor_C /Game/Procedural/1.MovingFloor:PersistentLevel.MovingFloor_C_0 - Function /Game/Procedural/1.MovingFloor_C:ReceiveBeginPlay) while PostLoading objects
[2021.11.21-19.13.25:689][  0]LogWindows: Error: 
[2021.11.21-19.13.25:689][  0]LogWindows: Error: 
[2021.11.21-19.13.25:689][  0]LogWindows: Error: [Callstack] 0x00007ffdd9624f69 KERNELBASE.dll!UnknownFunction []
[2021.11.21-19.13.25:689][  0]LogWindows: Error: [Callstack] 0x00007ffd389a0346 UE4Editor-Core.dll!UnknownFunction []
[2021.11.21-19.13.25:689][  0]LogWindows: Error: [Callstack] 0x00007ffd389a4348 UE4Editor-Core.dll!UnknownFunction []
[2021.11.21-19.13.25:689][  0]LogWindows: Error: [Callstack] 0x00007ffd386c255d UE4Editor-Core.dll!UnknownFunction []
[2021.11.21-19.13.25:689][  0]LogWindows: Error: [Callstack] 0x00007ffd38616b75 UE4Editor-Core.dll!UnknownFunction []
[2021.11.21-19.13.25:689][  0]LogWindows: Error: [Callstack] 0x00007ffd386181d0 UE4Editor-Core.dll!UnknownFunction []
[2021.11.21-19.13.25:689][  0]LogWindows: Error: [Callstack] 0x00007ffd3813fa0e UE4Editor-CoreUObject.dll!UnknownFunction []
[2021.11.21-19.13.25:689][  0]LogWindows: Error: [Callstack] 0x00007ffd38022d28 UE4Editor-CoreUObject.dll!UnknownFunction []
[2021.11.21-19.13.25:689][  0]LogWindows: Error: [Callstack] 0x00007ffd34cd93ea UE4Editor-Engine.dll!UnknownFunction []
[2021.11.21-19.13.25:689][  0]LogWindows: Error: [Callstack] 0x00007ffd34ca73f5 UE4Editor-Engine.dll!UnknownFunction []
[2021.11.21-19.13.25:689][  0]LogWindows: Error: [Callstack] 0x00007ffd34cb0bdf UE4Editor-Engine.dll!UnknownFunction []
[2021.11.21-19.13.25:689][  0]LogWindows: Error: [Callstack] 0x00007ffd34cd517b UE4Editor-Engine.dll!UnknownFunction []
[2021.11.21-19.13.25:689][  0]LogWindows: Error: [Callstack] 0x00007ffd34cbe870 UE4Editor-Engine.dll!UnknownFunction []
[2021.11.21-19.13.25:689][  0]LogWindows: Error: [Callstack] 0x00007ffd34cd875b UE4Editor-Engine.dll!UnknownFunction []
[2021.11.21-19.13.25:690][  0]LogWindows: Error: [Callstack] 0x00007ffd355ea236 UE4Editor-Engine.dll!UnknownFunction []
[2021.11.21-19.13.25:690][  0]LogWindows: Error: [Callstack] 0x00007ffd355d8e40 UE4Editor-Engine.dll!UnknownFunction []
[2021.11.21-19.13.25:690][  0]LogWindows: Error: [Callstack] 0x00007ffd355cf4fd UE4Editor-Engine.dll!UnknownFunction []
[2021.11.21-19.13.25:690][  0]LogWindows: Error: [Callstack] 0x00007ffd37edd1c2 UE4Editor-CoreUObject.dll!UnknownFunction []
[2021.11.21-19.13.25:690][  0]LogWindows: Error: [Callstack] 0x00007ffd37ce1e1a UE4Editor-CoreUObject.dll!UnknownFunction []
[2021.11.21-19.13.25:690][  0]LogWindows: Error: [Callstack] 0x00007ffd37cf64a7 UE4Editor-CoreUObject.dll!UnknownFunction []
[2021.11.21-19.13.25:690][  0]LogWindows: Error: [Callstack] 0x00007ffd37ce4cf0 UE4Editor-CoreUObject.dll!UnknownFunction []
[2021.11.21-19.13.25:690][  0]LogWindows: Error: [Callstack] 0x00007ffd37cf6a41 UE4Editor-CoreUObject.dll!UnknownFunction []
[2021.11.21-19.13.25:690][  0]LogWindows: Error: [Callstack] 0x00007ffd37cf5127 UE4Editor-CoreUObject.dll!UnknownFunction []
[2021.11.21-19.13.25:690][  0]LogWindows: Error: [Callstack] 0x00007ffd37cd6ccb UE4Editor-CoreUObject.dll!UnknownFunction []
[2021.11.21-19.13.25:690][  0]LogWindows: Error: [Callstack] 0x00007ffd37d32d15 UE4Editor-CoreUObject.dll!UnknownFunction []
[2021.11.21-19.13.25:690][  0]LogWindows: Error: [Callstack] 0x00007ffd37ffdc11 UE4Editor-CoreUObject.dll!UnknownFunction []
[2021.11.21-19.13.25:690][  0]LogWindows: Error: [Callstack] 0x00007ffd3801c695 UE4Editor-CoreUObject.dll!UnknownFunction []
[2021.11.21-19.13.25:690][  0]LogWindows: Error: [Callstack] 0x00007ffd3801ba80 UE4Editor-CoreUObject.dll!UnknownFunction []
[2021.11.21-19.13.25:690][  0]LogWindows: Error: [Callstack] 0x00007ffd38031cdf UE4Editor-CoreUObject.dll!UnknownFunction []
[2021.11.21-19.13.25:690][  0]LogWindows: Error: [Callstack] 0x00007ffd380448b5 UE4Editor-CoreUObject.dll!UnknownFunction []
[2021.11.21-19.13.25:690][  0]LogWindows: Error: [Callstack] 0x00007ffd38043f48 UE4Editor-CoreUObject.dll!UnknownFunction []
[2021.11.21-19.13.25:690][  0]LogWindows: Error: [Callstack] 0x00007ffd276b6868 UE4Editor-SequenceRecorder.dll!UnknownFunction []
[2021.11.21-19.13.25:690][  0]LogWindows: Error: [Callstack] 0x00007ffd276d9cf1 UE4Editor-SequenceRecorder.dll!UnknownFunction []
[2021.11.21-19.13.25:690][  0]LogWindows: Error: [Callstack] 0x00007ffd3872174d UE4Editor-Core.dll!UnknownFunction []
[2021.11.21-19.13.25:690][  0]LogWindows: Error: [Callstack] 0x00007ffd38720748 UE4Editor-Core.dll!UnknownFunction []
[2021.11.21-19.13.25:690][  0]LogWindows: Error: [Callstack] 0x00007ff7079e373d UE4Editor.exe!UnknownFunction []
[2021.11.21-19.13.25:690][  0]LogWindows: Error: [Callstack] 0x00007ff707a00e32 UE4Editor.exe!UnknownFunction []
[2021.11.21-19.13.25:690][  0]LogWindows: Error: [Callstack] 0x00007ff707a010aa UE4Editor.exe!UnknownFunction []
[2021.11.21-19.13.25:690][  0]LogWindows: Error: [Callstack] 0x00007ff707a040cd UE4Editor.exe!UnknownFunction []
[2021.11.21-19.13.25:690][  0]LogWindows: Error: [Callstack] 0x00007ff707a15984 UE4Editor.exe!UnknownFunction []
[2021.11.21-19.13.25:690][  0]LogWindows: Error: [Callstack] 0x00007ff707a1853a UE4Editor.exe!UnknownFunction []
[2021.11.21-19.13.25:690][  0]LogWindows: Error: [Callstack] 0x00007ffdda767034 KERNEL32.DLL!UnknownFunction []
[2021.11.21-19.13.25:690][  0]LogWindows: Error: [Callstack] 0x00007ffddbb82651 ntdll.dll!UnknownFunction []
[2021.11.21-19.13.25:690][  0]LogWindows: Error: 
[2021.11.21-19.13.25:700][  0]LogExit: Executing StaticShutdownAfterError
[2021.11.21-19.13.25:701][  0]LogWindows: FPlatformMisc::RequestExit(1)
[2021.11.21-19.13.25:701][  0]LogWindows: FPlatformMisc::RequestExitWithStatus(1, 3)
[2021.11.21-19.13.25:701][  0]LogCore: Engine exit requested (reason: Win RequestExit)
[2021.11.21-19.13.25:709][  0]Log file closed, 11/21/21 22:13:25
